<?xml version="1.0" encoding="UTF-8"?>
<!-- Generated by org.testng.reporters.JUnitReportReporter -->
<testsuite hostname="DESKTOP-7SBKKJ1" failures="14" tests="107" name="merge_SMR_Central_Zone.SmartEyeOverAllPerformance" time="195.214" errors="0" timestamp="2024-09-13T10:59:02 IST" skipped="0">
  <testcase classname="merge_SMR_Central_Zone.SmartEyeOverAllPerformance" name="Click_On_Report" time="7.373"/>
  <system-out/>
  <testcase classname="merge_SMR_Central_Zone.SmartEyeOverAllPerformance" name="Click_On_SmartEyeOverAllPerformance_REPORT" time="8.274"/>
  <system-out/>
  <testcase classname="merge_SMR_Central_Zone.SmartEyeOverAllPerformance" name="Zone_And_Region_Wise_Tab" time="38.335"/>
  <system-out/>
  <testcase classname="merge_SMR_Central_Zone.SmartEyeOverAllPerformance" name="Dealer_Parent_Group_Wise_Tab" time="34.748"/>
  <system-out/>
  <testcase classname="merge_SMR_Central_Zone.SmartEyeOverAllPerformance" name="Workshop_Wise_Tab" time="34.890"/>
  <system-out/>
  <testcase classname="merge_SMR_Central_Zone.SmartEyeOverAllPerformance" name="Day_Wise_Tab" time="32.746"/>
  <system-out/>
  <testcase classname="merge_SMR_Central_Zone.SmartEyeOverAllPerformance" name="Service_Type_Wise_Tab" time="34.834"/>
  <system-out/>
  <testcase classname="merge_SMR_Central_Zone.SmartEyeOverAllPerformance" name="Compare_TotalJCOpen_A_Column_ZoneRegionWise_With_DealerParentWise" time="0.000"/>
  <system-out/>
  <testcase classname="merge_SMR_Central_Zone.SmartEyeOverAllPerformance" name="Compare_JCOpenUsingSmartEye_B_Column_ZoneRegionWise_With_DealerParentWise" time="0.000"/>
  <system-out/>
  <testcase classname="merge_SMR_Central_Zone.SmartEyeOverAllPerformance" name="Compare_VehicleConvertedInBodyShop_OwnWorkshop_C_Column_ZoneRegionWise_With_DealerParentWise" time="0.000"/>
  <system-out/>
  <testcase classname="merge_SMR_Central_Zone.SmartEyeOverAllPerformance" name="Compare_VehicleConvertedInBodyShop_RegionParent_D_Column_ZoneRegionWise_With_DealerParentWise" time="0.000"/>
  <system-out/>
  <testcase classname="merge_SMR_Central_Zone.SmartEyeOverAllPerformance" name="Compare_VehicleConvertedInBodyShop_E_Column_ZoneRegionWise_With_DealerParentWise" time="0.000"/>
  <system-out/>
  <testcase classname="merge_SMR_Central_Zone.SmartEyeOverAllPerformance" name="Compare_Percent_JCOpen_UsingSmartEye_Column_ZoneRegionWise_With_DealerParentWise" time="0.000">
    <failure message="expected [25.40%] but found [25.40 %]" type="java.lang.AssertionError">
      <![CDATA[java.lang.AssertionError: expected [25.40%] but found [25.40 %]
at org.testng.Assert.fail(Assert.java:99)
at org.testng.Assert.failNotEquals(Assert.java:1037)
at org.testng.Assert.assertEqualsImpl(Assert.java:140)
at org.testng.Assert.assertEquals(Assert.java:122)
at org.testng.Assert.assertEquals(Assert.java:629)
at org.testng.Assert.assertEquals(Assert.java:639)
at merge_SMR_Central_Zone.SmartEyeOverAllPerformance.Compare_Percent_JCOpen_UsingSmartEye_Column_ZoneRegionWise_With_DealerParentWise(SmartEyeOverAllPerformance.java:476)
at java.base/jdk.internal.reflect.DirectMethodHandleAccessor.invoke(DirectMethodHandleAccessor.java:103)
at java.base/java.lang.reflect.Method.invoke(Method.java:580)
at org.testng.internal.MethodInvocationHelper.invokeMethod(MethodInvocationHelper.java:133)
at org.testng.internal.TestInvoker.invokeMethod(TestInvoker.java:598)
at org.testng.internal.TestInvoker.invokeTestMethod(TestInvoker.java:173)
at org.testng.internal.MethodRunner.runInSequence(MethodRunner.java:46)
at org.testng.internal.TestInvoker$MethodInvocationAgent.invoke(TestInvoker.java:824)
at org.testng.internal.TestInvoker.invokeTestMethods(TestInvoker.java:146)
at org.testng.internal.TestMethodWorker.invokeTestMethods(TestMethodWorker.java:146)
at org.testng.internal.TestMethodWorker.run(TestMethodWorker.java:128)
at java.base/java.util.ArrayList.forEach(ArrayList.java:1597)
at org.testng.TestRunner.privateRun(TestRunner.java:794)
at org.testng.TestRunner.run(TestRunner.java:596)
at org.testng.SuiteRunner.runTest(SuiteRunner.java:377)
at org.testng.SuiteRunner.runSequentially(SuiteRunner.java:371)
at org.testng.SuiteRunner.privateRun(SuiteRunner.java:332)
at org.testng.SuiteRunner.run(SuiteRunner.java:276)
at org.testng.SuiteRunnerWorker.runSuite(SuiteRunnerWorker.java:53)
at org.testng.SuiteRunnerWorker.run(SuiteRunnerWorker.java:96)
at org.testng.TestNG.runSuitesSequentially(TestNG.java:1212)
at org.testng.TestNG.runSuitesLocally(TestNG.java:1134)
at org.testng.TestNG.runSuites(TestNG.java:1063)
at org.testng.TestNG.run(TestNG.java:1031)
at org.testng.remote.AbstractRemoteTestNG.run(AbstractRemoteTestNG.java:115)
at org.testng.remote.RemoteTestNG.initAndRun(RemoteTestNG.java:293)
at org.testng.remote.RemoteTestNG.main(RemoteTestNG.java:91)
]]>
    </failure>
  </testcase> <!-- Compare_Percent_JCOpen_UsingSmartEye_Column_ZoneRegionWise_With_DealerParentWise -->
  <system-out/>
  <testcase classname="merge_SMR_Central_Zone.SmartEyeOverAllPerformance" name="Compare_PercentConverted_Vs_Total_JCOpen_Column_ZoneRegionWise_With_DealerParentWise" time="0.000"/>
  <system-out/>
  <testcase classname="merge_SMR_Central_Zone.SmartEyeOverAllPerformance" name="Compare_Percent_Converted_Vs_OpenedUsing_SmartEye_Column_ZoneRegionWise_With_DealerParentWise" time="0.000"/>
  <system-out/>
  <testcase classname="merge_SMR_Central_Zone.SmartEyeOverAllPerformance" name="Compare_Revenue_Earned_Column_ZoneRegionWise_With_DealerParentWise" time="0.000">
    <failure message="expected [4445684
3719332] but found [4445654
3719292]" type="java.lang.AssertionError">
      <![CDATA[java.lang.AssertionError: expected [4445684
3719332] but found [4445654
3719292]
at org.testng.Assert.fail(Assert.java:99)
at org.testng.Assert.failNotEquals(Assert.java:1037)
at org.testng.Assert.assertEqualsImpl(Assert.java:140)
at org.testng.Assert.assertEquals(Assert.java:122)
at org.testng.Assert.assertEquals(Assert.java:629)
at org.testng.Assert.assertEquals(Assert.java:639)
at merge_SMR_Central_Zone.SmartEyeOverAllPerformance.Compare_Revenue_Earned_Column_ZoneRegionWise_With_DealerParentWise(SmartEyeOverAllPerformance.java:494)
at java.base/jdk.internal.reflect.DirectMethodHandleAccessor.invoke(DirectMethodHandleAccessor.java:103)
at java.base/java.lang.reflect.Method.invoke(Method.java:580)
at org.testng.internal.MethodInvocationHelper.invokeMethod(MethodInvocationHelper.java:133)
at org.testng.internal.TestInvoker.invokeMethod(TestInvoker.java:598)
at org.testng.internal.TestInvoker.invokeTestMethod(TestInvoker.java:173)
at org.testng.internal.MethodRunner.runInSequence(MethodRunner.java:46)
at org.testng.internal.TestInvoker$MethodInvocationAgent.invoke(TestInvoker.java:824)
at org.testng.internal.TestInvoker.invokeTestMethods(TestInvoker.java:146)
at org.testng.internal.TestMethodWorker.invokeTestMethods(TestMethodWorker.java:146)
at org.testng.internal.TestMethodWorker.run(TestMethodWorker.java:128)
at java.base/java.util.ArrayList.forEach(ArrayList.java:1597)
at org.testng.TestRunner.privateRun(TestRunner.java:794)
at org.testng.TestRunner.run(TestRunner.java:596)
at org.testng.SuiteRunner.runTest(SuiteRunner.java:377)
at org.testng.SuiteRunner.runSequentially(SuiteRunner.java:371)
at org.testng.SuiteRunner.privateRun(SuiteRunner.java:332)
at org.testng.SuiteRunner.run(SuiteRunner.java:276)
at org.testng.SuiteRunnerWorker.runSuite(SuiteRunnerWorker.java:53)
at org.testng.SuiteRunnerWorker.run(SuiteRunnerWorker.java:96)
at org.testng.TestNG.runSuitesSequentially(TestNG.java:1212)
at org.testng.TestNG.runSuitesLocally(TestNG.java:1134)
at org.testng.TestNG.runSuites(TestNG.java:1063)
at org.testng.TestNG.run(TestNG.java:1031)
at org.testng.remote.AbstractRemoteTestNG.run(AbstractRemoteTestNG.java:115)
at org.testng.remote.RemoteTestNG.initAndRun(RemoteTestNG.java:293)
at org.testng.remote.RemoteTestNG.main(RemoteTestNG.java:91)
]]>
    </failure>
  </testcase> <!-- Compare_Revenue_Earned_Column_ZoneRegionWise_With_DealerParentWise -->
  <system-out/>
  <testcase classname="merge_SMR_Central_Zone.SmartEyeOverAllPerformance" name="Compare_Converted_At_OtherDealer_F_Column_ZoneRegionWise_With_DealerParentWise" time="0.000"/>
  <system-out/>
  <testcase classname="merge_SMR_Central_Zone.SmartEyeOverAllPerformance" name="Compare_TotalJCOpen_A_Column_ZoneRegionWise_With_WorkshopWise" time="0.000"/>
  <system-out/>
  <testcase classname="merge_SMR_Central_Zone.SmartEyeOverAllPerformance" name="Compare_JCOpenUsing_SmartEye_B_Column_ZoneRegionWise_With_WorkshopWise" time="0.000"/>
  <system-out/>
  <testcase classname="merge_SMR_Central_Zone.SmartEyeOverAllPerformance" name="Compare_VehicleConvertedInBodyShop_OwnWorkshop_C_Column_ZoneRegionWise_With_WorkshopWise" time="0.000"/>
  <system-out/>
  <testcase classname="merge_SMR_Central_Zone.SmartEyeOverAllPerformance" name="Compare_VehicleConvertedInBodyShop_RegionParent_D_Column_ZoneRegionWise_With_WorkshopWise" time="0.000"/>
  <system-out/>
  <testcase classname="merge_SMR_Central_Zone.SmartEyeOverAllPerformance" name="Compare_VehicleConvertedInBodyShop_E_Column_ZoneRegionWise_With_WorkshopWise" time="0.000"/>
  <system-out/>
  <testcase classname="merge_SMR_Central_Zone.SmartEyeOverAllPerformance" name="Compare_Percent_JCOpen_UsingSmartEye_Column_ZoneRegionWise_With_WorkshopWise" time="0.000">
    <failure message="expected [25.40%] but found [25.40 %]" type="java.lang.AssertionError">
      <![CDATA[java.lang.AssertionError: expected [25.40%] but found [25.40 %]
at org.testng.Assert.fail(Assert.java:99)
at org.testng.Assert.failNotEquals(Assert.java:1037)
at org.testng.Assert.assertEqualsImpl(Assert.java:140)
at org.testng.Assert.assertEquals(Assert.java:122)
at org.testng.Assert.assertEquals(Assert.java:629)
at org.testng.Assert.assertEquals(Assert.java:639)
at merge_SMR_Central_Zone.SmartEyeOverAllPerformance.Compare_Percent_JCOpen_UsingSmartEye_Column_ZoneRegionWise_With_WorkshopWise(SmartEyeOverAllPerformance.java:536)
at java.base/jdk.internal.reflect.DirectMethodHandleAccessor.invoke(DirectMethodHandleAccessor.java:103)
at java.base/java.lang.reflect.Method.invoke(Method.java:580)
at org.testng.internal.MethodInvocationHelper.invokeMethod(MethodInvocationHelper.java:133)
at org.testng.internal.TestInvoker.invokeMethod(TestInvoker.java:598)
at org.testng.internal.TestInvoker.invokeTestMethod(TestInvoker.java:173)
at org.testng.internal.MethodRunner.runInSequence(MethodRunner.java:46)
at org.testng.internal.TestInvoker$MethodInvocationAgent.invoke(TestInvoker.java:824)
at org.testng.internal.TestInvoker.invokeTestMethods(TestInvoker.java:146)
at org.testng.internal.TestMethodWorker.invokeTestMethods(TestMethodWorker.java:146)
at org.testng.internal.TestMethodWorker.run(TestMethodWorker.java:128)
at java.base/java.util.ArrayList.forEach(ArrayList.java:1597)
at org.testng.TestRunner.privateRun(TestRunner.java:794)
at org.testng.TestRunner.run(TestRunner.java:596)
at org.testng.SuiteRunner.runTest(SuiteRunner.java:377)
at org.testng.SuiteRunner.runSequentially(SuiteRunner.java:371)
at org.testng.SuiteRunner.privateRun(SuiteRunner.java:332)
at org.testng.SuiteRunner.run(SuiteRunner.java:276)
at org.testng.SuiteRunnerWorker.runSuite(SuiteRunnerWorker.java:53)
at org.testng.SuiteRunnerWorker.run(SuiteRunnerWorker.java:96)
at org.testng.TestNG.runSuitesSequentially(TestNG.java:1212)
at org.testng.TestNG.runSuitesLocally(TestNG.java:1134)
at org.testng.TestNG.runSuites(TestNG.java:1063)
at org.testng.TestNG.run(TestNG.java:1031)
at org.testng.remote.AbstractRemoteTestNG.run(AbstractRemoteTestNG.java:115)
at org.testng.remote.RemoteTestNG.initAndRun(RemoteTestNG.java:293)
at org.testng.remote.RemoteTestNG.main(RemoteTestNG.java:91)
]]>
    </failure>
  </testcase> <!-- Compare_Percent_JCOpen_UsingSmartEye_Column_ZoneRegionWise_With_WorkshopWise -->
  <system-out/>
  <testcase classname="merge_SMR_Central_Zone.SmartEyeOverAllPerformance" name="Compare_Percent_Converted_Vs_TotalJCOpen_Column_ZoneRegionWise_With_WorkshopWise" time="0.000"/>
  <system-out/>
  <testcase classname="merge_SMR_Central_Zone.SmartEyeOverAllPerformance" name="Compare_Percent_Converted_Vs_OpenedUsing_SmartEye_Column_ZoneRegionWise_With_WorkshopWise" time="0.000"/>
  <system-out/>
  <testcase classname="merge_SMR_Central_Zone.SmartEyeOverAllPerformance" name="Compare_Revenue_Earned_Column_ZoneRegionWise_With_WorkshopWise" time="0.000">
    <failure message="expected [4445684
3719332] but found [4445623
3719241]" type="java.lang.AssertionError">
      <![CDATA[java.lang.AssertionError: expected [4445684
3719332] but found [4445623
3719241]
at org.testng.Assert.fail(Assert.java:99)
at org.testng.Assert.failNotEquals(Assert.java:1037)
at org.testng.Assert.assertEqualsImpl(Assert.java:140)
at org.testng.Assert.assertEquals(Assert.java:122)
at org.testng.Assert.assertEquals(Assert.java:629)
at org.testng.Assert.assertEquals(Assert.java:639)
at merge_SMR_Central_Zone.SmartEyeOverAllPerformance.Compare_Revenue_Earned_Column_ZoneRegionWise_With_WorkshopWise(SmartEyeOverAllPerformance.java:554)
at java.base/jdk.internal.reflect.DirectMethodHandleAccessor.invoke(DirectMethodHandleAccessor.java:103)
at java.base/java.lang.reflect.Method.invoke(Method.java:580)
at org.testng.internal.MethodInvocationHelper.invokeMethod(MethodInvocationHelper.java:133)
at org.testng.internal.TestInvoker.invokeMethod(TestInvoker.java:598)
at org.testng.internal.TestInvoker.invokeTestMethod(TestInvoker.java:173)
at org.testng.internal.MethodRunner.runInSequence(MethodRunner.java:46)
at org.testng.internal.TestInvoker$MethodInvocationAgent.invoke(TestInvoker.java:824)
at org.testng.internal.TestInvoker.invokeTestMethods(TestInvoker.java:146)
at org.testng.internal.TestMethodWorker.invokeTestMethods(TestMethodWorker.java:146)
at org.testng.internal.TestMethodWorker.run(TestMethodWorker.java:128)
at java.base/java.util.ArrayList.forEach(ArrayList.java:1597)
at org.testng.TestRunner.privateRun(TestRunner.java:794)
at org.testng.TestRunner.run(TestRunner.java:596)
at org.testng.SuiteRunner.runTest(SuiteRunner.java:377)
at org.testng.SuiteRunner.runSequentially(SuiteRunner.java:371)
at org.testng.SuiteRunner.privateRun(SuiteRunner.java:332)
at org.testng.SuiteRunner.run(SuiteRunner.java:276)
at org.testng.SuiteRunnerWorker.runSuite(SuiteRunnerWorker.java:53)
at org.testng.SuiteRunnerWorker.run(SuiteRunnerWorker.java:96)
at org.testng.TestNG.runSuitesSequentially(TestNG.java:1212)
at org.testng.TestNG.runSuitesLocally(TestNG.java:1134)
at org.testng.TestNG.runSuites(TestNG.java:1063)
at org.testng.TestNG.run(TestNG.java:1031)
at org.testng.remote.AbstractRemoteTestNG.run(AbstractRemoteTestNG.java:115)
at org.testng.remote.RemoteTestNG.initAndRun(RemoteTestNG.java:293)
at org.testng.remote.RemoteTestNG.main(RemoteTestNG.java:91)
]]>
    </failure>
  </testcase> <!-- Compare_Revenue_Earned_Column_ZoneRegionWise_With_WorkshopWise -->
  <system-out/>
  <testcase classname="merge_SMR_Central_Zone.SmartEyeOverAllPerformance" name="Compare_ConvertedAt_OtherDealer_F_Column_ZoneRegionWise_With_WorkshopWise" time="0.000"/>
  <system-out/>
  <testcase classname="merge_SMR_Central_Zone.SmartEyeOverAllPerformance" name="Compare_TotalJCOpen_A_Column_ZoneRegionWise_With_DayWise" time="0.000"/>
  <system-out/>
  <testcase classname="merge_SMR_Central_Zone.SmartEyeOverAllPerformance" name="Compare_JCOpenUsing_SmartEye_B_Column_ZoneRegionWise_With_DayWise" time="0.000"/>
  <system-out/>
  <testcase classname="merge_SMR_Central_Zone.SmartEyeOverAllPerformance" name="Compare_VehicleConvertedInBodyShop_OwnWorkshop_C_Column_ZoneRegionWise_With_DayWise" time="0.000"/>
  <system-out/>
  <testcase classname="merge_SMR_Central_Zone.SmartEyeOverAllPerformance" name="Compare_VehicleConvertedInBodyShop_RegionParent_D_Column_ZoneRegionWise_With_DayWise" time="0.000"/>
  <system-out/>
  <testcase classname="merge_SMR_Central_Zone.SmartEyeOverAllPerformance" name="Compare_VehicleConvertedInBodyShop_E_Column_ZoneRegionWise_With_DayWise" time="0.000"/>
  <system-out/>
  <testcase classname="merge_SMR_Central_Zone.SmartEyeOverAllPerformance" name="Compare_Percent_JCOpen_UsingSmartEye_Column_ZoneRegionWise_With_DayWise" time="0.000">
    <failure message="expected [25.40%] but found [25.40 %]" type="java.lang.AssertionError">
      <![CDATA[java.lang.AssertionError: expected [25.40%] but found [25.40 %]
at org.testng.Assert.fail(Assert.java:99)
at org.testng.Assert.failNotEquals(Assert.java:1037)
at org.testng.Assert.assertEqualsImpl(Assert.java:140)
at org.testng.Assert.assertEquals(Assert.java:122)
at org.testng.Assert.assertEquals(Assert.java:629)
at org.testng.Assert.assertEquals(Assert.java:639)
at merge_SMR_Central_Zone.SmartEyeOverAllPerformance.Compare_Percent_JCOpen_UsingSmartEye_Column_ZoneRegionWise_With_DayWise(SmartEyeOverAllPerformance.java:596)
at java.base/jdk.internal.reflect.DirectMethodHandleAccessor.invoke(DirectMethodHandleAccessor.java:103)
at java.base/java.lang.reflect.Method.invoke(Method.java:580)
at org.testng.internal.MethodInvocationHelper.invokeMethod(MethodInvocationHelper.java:133)
at org.testng.internal.TestInvoker.invokeMethod(TestInvoker.java:598)
at org.testng.internal.TestInvoker.invokeTestMethod(TestInvoker.java:173)
at org.testng.internal.MethodRunner.runInSequence(MethodRunner.java:46)
at org.testng.internal.TestInvoker$MethodInvocationAgent.invoke(TestInvoker.java:824)
at org.testng.internal.TestInvoker.invokeTestMethods(TestInvoker.java:146)
at org.testng.internal.TestMethodWorker.invokeTestMethods(TestMethodWorker.java:146)
at org.testng.internal.TestMethodWorker.run(TestMethodWorker.java:128)
at java.base/java.util.ArrayList.forEach(ArrayList.java:1597)
at org.testng.TestRunner.privateRun(TestRunner.java:794)
at org.testng.TestRunner.run(TestRunner.java:596)
at org.testng.SuiteRunner.runTest(SuiteRunner.java:377)
at org.testng.SuiteRunner.runSequentially(SuiteRunner.java:371)
at org.testng.SuiteRunner.privateRun(SuiteRunner.java:332)
at org.testng.SuiteRunner.run(SuiteRunner.java:276)
at org.testng.SuiteRunnerWorker.runSuite(SuiteRunnerWorker.java:53)
at org.testng.SuiteRunnerWorker.run(SuiteRunnerWorker.java:96)
at org.testng.TestNG.runSuitesSequentially(TestNG.java:1212)
at org.testng.TestNG.runSuitesLocally(TestNG.java:1134)
at org.testng.TestNG.runSuites(TestNG.java:1063)
at org.testng.TestNG.run(TestNG.java:1031)
at org.testng.remote.AbstractRemoteTestNG.run(AbstractRemoteTestNG.java:115)
at org.testng.remote.RemoteTestNG.initAndRun(RemoteTestNG.java:293)
at org.testng.remote.RemoteTestNG.main(RemoteTestNG.java:91)
]]>
    </failure>
  </testcase> <!-- Compare_Percent_JCOpen_UsingSmartEye_Column_ZoneRegionWise_With_DayWise -->
  <system-out/>
  <testcase classname="merge_SMR_Central_Zone.SmartEyeOverAllPerformance" name="Compare_Percent_Converted_Vs_TotalJCOpen_Column_ZoneRegionWise_With_DayWise" time="0.000"/>
  <system-out/>
  <testcase classname="merge_SMR_Central_Zone.SmartEyeOverAllPerformance" name="Compare_Percent_Converted_Vs_OpenedUsing_SmartEye_Column_ZoneRegionWise_With_DayWise" time="0.000"/>
  <system-out/>
  <testcase classname="merge_SMR_Central_Zone.SmartEyeOverAllPerformance" name="Compare_Revenue_Earned_Column_ZoneRegionWise_With_DayWise" time="0.000">
    <failure message="expected [4445684
3719332] but found [4445681
3719331]" type="java.lang.AssertionError">
      <![CDATA[java.lang.AssertionError: expected [4445684
3719332] but found [4445681
3719331]
at org.testng.Assert.fail(Assert.java:99)
at org.testng.Assert.failNotEquals(Assert.java:1037)
at org.testng.Assert.assertEqualsImpl(Assert.java:140)
at org.testng.Assert.assertEquals(Assert.java:122)
at org.testng.Assert.assertEquals(Assert.java:629)
at org.testng.Assert.assertEquals(Assert.java:639)
at merge_SMR_Central_Zone.SmartEyeOverAllPerformance.Compare_Revenue_Earned_Column_ZoneRegionWise_With_DayWise(SmartEyeOverAllPerformance.java:614)
at java.base/jdk.internal.reflect.DirectMethodHandleAccessor.invoke(DirectMethodHandleAccessor.java:103)
at java.base/java.lang.reflect.Method.invoke(Method.java:580)
at org.testng.internal.MethodInvocationHelper.invokeMethod(MethodInvocationHelper.java:133)
at org.testng.internal.TestInvoker.invokeMethod(TestInvoker.java:598)
at org.testng.internal.TestInvoker.invokeTestMethod(TestInvoker.java:173)
at org.testng.internal.MethodRunner.runInSequence(MethodRunner.java:46)
at org.testng.internal.TestInvoker$MethodInvocationAgent.invoke(TestInvoker.java:824)
at org.testng.internal.TestInvoker.invokeTestMethods(TestInvoker.java:146)
at org.testng.internal.TestMethodWorker.invokeTestMethods(TestMethodWorker.java:146)
at org.testng.internal.TestMethodWorker.run(TestMethodWorker.java:128)
at java.base/java.util.ArrayList.forEach(ArrayList.java:1597)
at org.testng.TestRunner.privateRun(TestRunner.java:794)
at org.testng.TestRunner.run(TestRunner.java:596)
at org.testng.SuiteRunner.runTest(SuiteRunner.java:377)
at org.testng.SuiteRunner.runSequentially(SuiteRunner.java:371)
at org.testng.SuiteRunner.privateRun(SuiteRunner.java:332)
at org.testng.SuiteRunner.run(SuiteRunner.java:276)
at org.testng.SuiteRunnerWorker.runSuite(SuiteRunnerWorker.java:53)
at org.testng.SuiteRunnerWorker.run(SuiteRunnerWorker.java:96)
at org.testng.TestNG.runSuitesSequentially(TestNG.java:1212)
at org.testng.TestNG.runSuitesLocally(TestNG.java:1134)
at org.testng.TestNG.runSuites(TestNG.java:1063)
at org.testng.TestNG.run(TestNG.java:1031)
at org.testng.remote.AbstractRemoteTestNG.run(AbstractRemoteTestNG.java:115)
at org.testng.remote.RemoteTestNG.initAndRun(RemoteTestNG.java:293)
at org.testng.remote.RemoteTestNG.main(RemoteTestNG.java:91)
]]>
    </failure>
  </testcase> <!-- Compare_Revenue_Earned_Column_ZoneRegionWise_With_DayWise -->
  <system-out/>
  <testcase classname="merge_SMR_Central_Zone.SmartEyeOverAllPerformance" name="Compare_ConvertedAt_OtherDealer_F_Column_ZoneRegionWise_With_DayWise" time="0.000"/>
  <system-out/>
  <testcase classname="merge_SMR_Central_Zone.SmartEyeOverAllPerformance" name="Compare_TotalJCOpen_A_Column_ZoneRegionWise_With_ServiceTypeWise" time="0.000"/>
  <system-out/>
  <testcase classname="merge_SMR_Central_Zone.SmartEyeOverAllPerformance" name="Compare_JCOpenUsing_SmartEye_B_Column_ZoneRegionWise_With_ServiceTypeWise" time="0.000"/>
  <system-out/>
  <testcase classname="merge_SMR_Central_Zone.SmartEyeOverAllPerformance" name="Compare_VehicleConvertedInBodyShop_OwnWorkshop_C_Column_ZoneRegionWise_With_ServiceTypeWise" time="0.000"/>
  <system-out/>
  <testcase classname="merge_SMR_Central_Zone.SmartEyeOverAllPerformance" name="Compare_VehicleConvertedInBodyShop_RegionParent_D_Column_ZoneRegionWise_With_ServiceTypeWise" time="0.000"/>
  <system-out/>
  <testcase classname="merge_SMR_Central_Zone.SmartEyeOverAllPerformance" name="Compare_VehicleConvertedInBodyShop_E_Column_ZoneRegionWise_With_ServiceTypeWise" time="0.000"/>
  <system-out/>
  <testcase classname="merge_SMR_Central_Zone.SmartEyeOverAllPerformance" name="Compare_Percent_JCOpen_UsingSmartEye_Column_ZoneRegionWise_With_ServiceTypeWise" time="0.000">
    <failure message="expected [25.40%] but found [25.40 %]" type="java.lang.AssertionError">
      <![CDATA[java.lang.AssertionError: expected [25.40%] but found [25.40 %]
at org.testng.Assert.fail(Assert.java:99)
at org.testng.Assert.failNotEquals(Assert.java:1037)
at org.testng.Assert.assertEqualsImpl(Assert.java:140)
at org.testng.Assert.assertEquals(Assert.java:122)
at org.testng.Assert.assertEquals(Assert.java:629)
at org.testng.Assert.assertEquals(Assert.java:639)
at merge_SMR_Central_Zone.SmartEyeOverAllPerformance.Compare_Percent_JCOpen_UsingSmartEye_Column_ZoneRegionWise_With_ServiceTypeWise(SmartEyeOverAllPerformance.java:657)
at java.base/jdk.internal.reflect.DirectMethodHandleAccessor.invoke(DirectMethodHandleAccessor.java:103)
at java.base/java.lang.reflect.Method.invoke(Method.java:580)
at org.testng.internal.MethodInvocationHelper.invokeMethod(MethodInvocationHelper.java:133)
at org.testng.internal.TestInvoker.invokeMethod(TestInvoker.java:598)
at org.testng.internal.TestInvoker.invokeTestMethod(TestInvoker.java:173)
at org.testng.internal.MethodRunner.runInSequence(MethodRunner.java:46)
at org.testng.internal.TestInvoker$MethodInvocationAgent.invoke(TestInvoker.java:824)
at org.testng.internal.TestInvoker.invokeTestMethods(TestInvoker.java:146)
at org.testng.internal.TestMethodWorker.invokeTestMethods(TestMethodWorker.java:146)
at org.testng.internal.TestMethodWorker.run(TestMethodWorker.java:128)
at java.base/java.util.ArrayList.forEach(ArrayList.java:1597)
at org.testng.TestRunner.privateRun(TestRunner.java:794)
at org.testng.TestRunner.run(TestRunner.java:596)
at org.testng.SuiteRunner.runTest(SuiteRunner.java:377)
at org.testng.SuiteRunner.runSequentially(SuiteRunner.java:371)
at org.testng.SuiteRunner.privateRun(SuiteRunner.java:332)
at org.testng.SuiteRunner.run(SuiteRunner.java:276)
at org.testng.SuiteRunnerWorker.runSuite(SuiteRunnerWorker.java:53)
at org.testng.SuiteRunnerWorker.run(SuiteRunnerWorker.java:96)
at org.testng.TestNG.runSuitesSequentially(TestNG.java:1212)
at org.testng.TestNG.runSuitesLocally(TestNG.java:1134)
at org.testng.TestNG.runSuites(TestNG.java:1063)
at org.testng.TestNG.run(TestNG.java:1031)
at org.testng.remote.AbstractRemoteTestNG.run(AbstractRemoteTestNG.java:115)
at org.testng.remote.RemoteTestNG.initAndRun(RemoteTestNG.java:293)
at org.testng.remote.RemoteTestNG.main(RemoteTestNG.java:91)
]]>
    </failure>
  </testcase> <!-- Compare_Percent_JCOpen_UsingSmartEye_Column_ZoneRegionWise_With_ServiceTypeWise -->
  <system-out/>
  <testcase classname="merge_SMR_Central_Zone.SmartEyeOverAllPerformance" name="Compare_Percent_Converted_Vs_TotalJCOpen_Column_ZoneRegionWise_With_ServiceTypeWise" time="0.000"/>
  <system-out/>
  <testcase classname="merge_SMR_Central_Zone.SmartEyeOverAllPerformance" name="Compare_Percent_Converted_Vs_OpenedUsing_SmartEye_Column_ZoneRegionWise_With_ServiceTypeWise" time="0.000"/>
  <system-out/>
  <testcase classname="merge_SMR_Central_Zone.SmartEyeOverAllPerformance" name="Compare_Revenue_Earned_Column_ZoneRegionWise_With_ServiceTypeWise" time="0.000">
    <failure message="expected [4445684
3719332] but found [4445684
3719333]" type="java.lang.AssertionError">
      <![CDATA[java.lang.AssertionError: expected [4445684
3719332] but found [4445684
3719333]
at org.testng.Assert.fail(Assert.java:99)
at org.testng.Assert.failNotEquals(Assert.java:1037)
at org.testng.Assert.assertEqualsImpl(Assert.java:140)
at org.testng.Assert.assertEquals(Assert.java:122)
at org.testng.Assert.assertEquals(Assert.java:629)
at org.testng.Assert.assertEquals(Assert.java:639)
at merge_SMR_Central_Zone.SmartEyeOverAllPerformance.Compare_Revenue_Earned_Column_ZoneRegionWise_With_ServiceTypeWise(SmartEyeOverAllPerformance.java:675)
at java.base/jdk.internal.reflect.DirectMethodHandleAccessor.invoke(DirectMethodHandleAccessor.java:103)
at java.base/java.lang.reflect.Method.invoke(Method.java:580)
at org.testng.internal.MethodInvocationHelper.invokeMethod(MethodInvocationHelper.java:133)
at org.testng.internal.TestInvoker.invokeMethod(TestInvoker.java:598)
at org.testng.internal.TestInvoker.invokeTestMethod(TestInvoker.java:173)
at org.testng.internal.MethodRunner.runInSequence(MethodRunner.java:46)
at org.testng.internal.TestInvoker$MethodInvocationAgent.invoke(TestInvoker.java:824)
at org.testng.internal.TestInvoker.invokeTestMethods(TestInvoker.java:146)
at org.testng.internal.TestMethodWorker.invokeTestMethods(TestMethodWorker.java:146)
at org.testng.internal.TestMethodWorker.run(TestMethodWorker.java:128)
at java.base/java.util.ArrayList.forEach(ArrayList.java:1597)
at org.testng.TestRunner.privateRun(TestRunner.java:794)
at org.testng.TestRunner.run(TestRunner.java:596)
at org.testng.SuiteRunner.runTest(SuiteRunner.java:377)
at org.testng.SuiteRunner.runSequentially(SuiteRunner.java:371)
at org.testng.SuiteRunner.privateRun(SuiteRunner.java:332)
at org.testng.SuiteRunner.run(SuiteRunner.java:276)
at org.testng.SuiteRunnerWorker.runSuite(SuiteRunnerWorker.java:53)
at org.testng.SuiteRunnerWorker.run(SuiteRunnerWorker.java:96)
at org.testng.TestNG.runSuitesSequentially(TestNG.java:1212)
at org.testng.TestNG.runSuitesLocally(TestNG.java:1134)
at org.testng.TestNG.runSuites(TestNG.java:1063)
at org.testng.TestNG.run(TestNG.java:1031)
at org.testng.remote.AbstractRemoteTestNG.run(AbstractRemoteTestNG.java:115)
at org.testng.remote.RemoteTestNG.initAndRun(RemoteTestNG.java:293)
at org.testng.remote.RemoteTestNG.main(RemoteTestNG.java:91)
]]>
    </failure>
  </testcase> <!-- Compare_Revenue_Earned_Column_ZoneRegionWise_With_ServiceTypeWise -->
  <system-out/>
  <testcase classname="merge_SMR_Central_Zone.SmartEyeOverAllPerformance" name="Compare_ConvertedAt_OtherDealer_F_Column_ZoneRegionWise_With_ServiceTypeWise" time="0.000"/>
  <system-out/>
  <testcase classname="merge_SMR_Central_Zone.SmartEyeOverAllPerformance" name="Compare_TotalJCOpen_A_Column_DealerParentWise_With_WorkshopWise" time="0.000"/>
  <system-out/>
  <testcase classname="merge_SMR_Central_Zone.SmartEyeOverAllPerformance" name="Compare_JCOpenUsing_SmartEye_B_Column_DealerParentWise_With_WorkshopWise" time="0.000"/>
  <system-out/>
  <testcase classname="merge_SMR_Central_Zone.SmartEyeOverAllPerformance" name="Compare_VehicleConvertedInBodyShop_OwnWorkshop_C_Column_DealerParentWise_With_WorkshopWise" time="0.000"/>
  <system-out/>
  <testcase classname="merge_SMR_Central_Zone.SmartEyeOverAllPerformance" name="Compare_VehicleConvertedInBodyShop_RegionParent_D_Column_DealerParentWise_With_WorkshopWise" time="0.000"/>
  <system-out/>
  <testcase classname="merge_SMR_Central_Zone.SmartEyeOverAllPerformance" name="Compare_VehicleConvertedInBodyShop_E_Column_DealerParentWise_With_WorkshopWise" time="0.000"/>
  <system-out/>
  <testcase classname="merge_SMR_Central_Zone.SmartEyeOverAllPerformance" name="Compare_Percent_JCOpen_UsingSmartEye_Column_DealerParentWise_With_WorkshopWise" time="0.000"/>
  <system-out/>
  <testcase classname="merge_SMR_Central_Zone.SmartEyeOverAllPerformance" name="Compare_Percent_Converted_Vs_TotalJCOpen_Column_DealerParentWise_With_WorkshopWise" time="0.000"/>
  <system-out/>
  <testcase classname="merge_SMR_Central_Zone.SmartEyeOverAllPerformance" name="Compare_Percent_Converted_Vs_OpenedUsing_SmartEye_Column_DealerParentWise_With_WorkshopWise" time="0.000"/>
  <system-out/>
  <testcase classname="merge_SMR_Central_Zone.SmartEyeOverAllPerformance" name="Compare_Revenue_Earned_Column_DealerParentWise_With_WorkshopWise" time="0.000">
    <failure message="expected [4445654
3719292] but found [4445623
3719241]" type="java.lang.AssertionError">
      <![CDATA[java.lang.AssertionError: expected [4445654
3719292] but found [4445623
3719241]
at org.testng.Assert.fail(Assert.java:99)
at org.testng.Assert.failNotEquals(Assert.java:1037)
at org.testng.Assert.assertEqualsImpl(Assert.java:140)
at org.testng.Assert.assertEquals(Assert.java:122)
at org.testng.Assert.assertEquals(Assert.java:629)
at org.testng.Assert.assertEquals(Assert.java:639)
at merge_SMR_Central_Zone.SmartEyeOverAllPerformance.Compare_Revenue_Earned_Column_DealerParentWise_With_WorkshopWise(SmartEyeOverAllPerformance.java:735)
at java.base/jdk.internal.reflect.DirectMethodHandleAccessor.invoke(DirectMethodHandleAccessor.java:103)
at java.base/java.lang.reflect.Method.invoke(Method.java:580)
at org.testng.internal.MethodInvocationHelper.invokeMethod(MethodInvocationHelper.java:133)
at org.testng.internal.TestInvoker.invokeMethod(TestInvoker.java:598)
at org.testng.internal.TestInvoker.invokeTestMethod(TestInvoker.java:173)
at org.testng.internal.MethodRunner.runInSequence(MethodRunner.java:46)
at org.testng.internal.TestInvoker$MethodInvocationAgent.invoke(TestInvoker.java:824)
at org.testng.internal.TestInvoker.invokeTestMethods(TestInvoker.java:146)
at org.testng.internal.TestMethodWorker.invokeTestMethods(TestMethodWorker.java:146)
at org.testng.internal.TestMethodWorker.run(TestMethodWorker.java:128)
at java.base/java.util.ArrayList.forEach(ArrayList.java:1597)
at org.testng.TestRunner.privateRun(TestRunner.java:794)
at org.testng.TestRunner.run(TestRunner.java:596)
at org.testng.SuiteRunner.runTest(SuiteRunner.java:377)
at org.testng.SuiteRunner.runSequentially(SuiteRunner.java:371)
at org.testng.SuiteRunner.privateRun(SuiteRunner.java:332)
at org.testng.SuiteRunner.run(SuiteRunner.java:276)
at org.testng.SuiteRunnerWorker.runSuite(SuiteRunnerWorker.java:53)
at org.testng.SuiteRunnerWorker.run(SuiteRunnerWorker.java:96)
at org.testng.TestNG.runSuitesSequentially(TestNG.java:1212)
at org.testng.TestNG.runSuitesLocally(TestNG.java:1134)
at org.testng.TestNG.runSuites(TestNG.java:1063)
at org.testng.TestNG.run(TestNG.java:1031)
at org.testng.remote.AbstractRemoteTestNG.run(AbstractRemoteTestNG.java:115)
at org.testng.remote.RemoteTestNG.initAndRun(RemoteTestNG.java:293)
at org.testng.remote.RemoteTestNG.main(RemoteTestNG.java:91)
]]>
    </failure>
  </testcase> <!-- Compare_Revenue_Earned_Column_DealerParentWise_With_WorkshopWise -->
  <system-out/>
  <testcase classname="merge_SMR_Central_Zone.SmartEyeOverAllPerformance" name="Compare_ConvertedAt_OtherDealer_F_Column_DealerParentWise_With_WorkshopWise" time="0.000"/>
  <system-out/>
  <testcase classname="merge_SMR_Central_Zone.SmartEyeOverAllPerformance" name="Compare_TotalJCOpen_A_Column_DealerParentWise_With_DayWise" time="0.000"/>
  <system-out/>
  <testcase classname="merge_SMR_Central_Zone.SmartEyeOverAllPerformance" name="Compare_JCOpenUsing_SmartEye_B_Column_DealerParentWise_With_DayWise" time="0.000"/>
  <system-out/>
  <testcase classname="merge_SMR_Central_Zone.SmartEyeOverAllPerformance" name="Compare_VehicleConvertedInBodyShop_OwnWorkshop_C_Column_DealerParentWise_With_DayWise" time="0.000"/>
  <system-out/>
  <testcase classname="merge_SMR_Central_Zone.SmartEyeOverAllPerformance" name="Compare_VehicleConvertedInBodyShop_RegionParent_D_Column_DealerParentWise_With_DayWise" time="0.000"/>
  <system-out/>
  <testcase classname="merge_SMR_Central_Zone.SmartEyeOverAllPerformance" name="Compare_VehicleConvertedInBodyShop_E_Column_DealerParentWise_With_DayWise" time="0.000"/>
  <system-out/>
  <testcase classname="merge_SMR_Central_Zone.SmartEyeOverAllPerformance" name="Compare_Percent_JCOpen_UsingSmartEye_Column_DealerParentWise_With_DayWise" time="0.000"/>
  <system-out/>
  <testcase classname="merge_SMR_Central_Zone.SmartEyeOverAllPerformance" name="Compare_Percent_Converted_Vs_TotalJCOpen_Column_DealerParentWise_With_DayWise" time="0.000"/>
  <system-out/>
  <testcase classname="merge_SMR_Central_Zone.SmartEyeOverAllPerformance" name="Compare_Percent_Converted_Vs_OpenedUsing_SmartEye_Column_DealerParentWise_With_DayWise" time="0.000"/>
  <system-out/>
  <testcase classname="merge_SMR_Central_Zone.SmartEyeOverAllPerformance" name="Compare_Revenue_Earned_Column_DealerParentWise_With_DayWise" time="0.000">
    <failure message="expected [4445654
3719292] but found [4445681
3719331]" type="java.lang.AssertionError">
      <![CDATA[java.lang.AssertionError: expected [4445654
3719292] but found [4445681
3719331]
at org.testng.Assert.fail(Assert.java:99)
at org.testng.Assert.failNotEquals(Assert.java:1037)
at org.testng.Assert.assertEqualsImpl(Assert.java:140)
at org.testng.Assert.assertEquals(Assert.java:122)
at org.testng.Assert.assertEquals(Assert.java:629)
at org.testng.Assert.assertEquals(Assert.java:639)
at merge_SMR_Central_Zone.SmartEyeOverAllPerformance.Compare_Revenue_Earned_Column_DealerParentWise_With_DayWise(SmartEyeOverAllPerformance.java:795)
at java.base/jdk.internal.reflect.DirectMethodHandleAccessor.invoke(DirectMethodHandleAccessor.java:103)
at java.base/java.lang.reflect.Method.invoke(Method.java:580)
at org.testng.internal.MethodInvocationHelper.invokeMethod(MethodInvocationHelper.java:133)
at org.testng.internal.TestInvoker.invokeMethod(TestInvoker.java:598)
at org.testng.internal.TestInvoker.invokeTestMethod(TestInvoker.java:173)
at org.testng.internal.MethodRunner.runInSequence(MethodRunner.java:46)
at org.testng.internal.TestInvoker$MethodInvocationAgent.invoke(TestInvoker.java:824)
at org.testng.internal.TestInvoker.invokeTestMethods(TestInvoker.java:146)
at org.testng.internal.TestMethodWorker.invokeTestMethods(TestMethodWorker.java:146)
at org.testng.internal.TestMethodWorker.run(TestMethodWorker.java:128)
at java.base/java.util.ArrayList.forEach(ArrayList.java:1597)
at org.testng.TestRunner.privateRun(TestRunner.java:794)
at org.testng.TestRunner.run(TestRunner.java:596)
at org.testng.SuiteRunner.runTest(SuiteRunner.java:377)
at org.testng.SuiteRunner.runSequentially(SuiteRunner.java:371)
at org.testng.SuiteRunner.privateRun(SuiteRunner.java:332)
at org.testng.SuiteRunner.run(SuiteRunner.java:276)
at org.testng.SuiteRunnerWorker.runSuite(SuiteRunnerWorker.java:53)
at org.testng.SuiteRunnerWorker.run(SuiteRunnerWorker.java:96)
at org.testng.TestNG.runSuitesSequentially(TestNG.java:1212)
at org.testng.TestNG.runSuitesLocally(TestNG.java:1134)
at org.testng.TestNG.runSuites(TestNG.java:1063)
at org.testng.TestNG.run(TestNG.java:1031)
at org.testng.remote.AbstractRemoteTestNG.run(AbstractRemoteTestNG.java:115)
at org.testng.remote.RemoteTestNG.initAndRun(RemoteTestNG.java:293)
at org.testng.remote.RemoteTestNG.main(RemoteTestNG.java:91)
]]>
    </failure>
  </testcase> <!-- Compare_Revenue_Earned_Column_DealerParentWise_With_DayWise -->
  <system-out/>
  <testcase classname="merge_SMR_Central_Zone.SmartEyeOverAllPerformance" name="Compare_ConvertedAt_OtherDealer_F_Column_DealerParentWise_With_DayWise" time="0.000"/>
  <system-out/>
  <testcase classname="merge_SMR_Central_Zone.SmartEyeOverAllPerformance" name="Compare_TotalJCOpen_A_Column_DealerParentWise_With_ServiceTypeWise" time="0.000"/>
  <system-out/>
  <testcase classname="merge_SMR_Central_Zone.SmartEyeOverAllPerformance" name="Compare_JCOpenUsing_SmartEye_B_Column_DealerParentWise_With_ServiceTypeWise" time="0.000"/>
  <system-out/>
  <testcase classname="merge_SMR_Central_Zone.SmartEyeOverAllPerformance" name="Compare_VehicleConvertedInBodyShop_OwnWorkshop_C_Column_DealerParentWise_With_ServiceTypeWise" time="0.000"/>
  <system-out/>
  <testcase classname="merge_SMR_Central_Zone.SmartEyeOverAllPerformance" name="Compare_VehicleConvertedInBodyShop_RegionParent_D_Column_DealerParentWise_With_ServiceTypeWise" time="0.000"/>
  <system-out/>
  <testcase classname="merge_SMR_Central_Zone.SmartEyeOverAllPerformance" name="Compare_VehicleConvertedInBodyShop_E_Column_DealerParentWise_With_ServiceTypeWise" time="0.000"/>
  <system-out/>
  <testcase classname="merge_SMR_Central_Zone.SmartEyeOverAllPerformance" name="Compare_Percent_JCOpen_UsingSmartEye_Column_DealerParentWise_With_ServiceTypeWise" time="0.000"/>
  <system-out/>
  <testcase classname="merge_SMR_Central_Zone.SmartEyeOverAllPerformance" name="Compare_Percent_Converted_Vs_TotalJCOpen_Column_DealerParentWise_With_ServiceTypeWise" time="0.000"/>
  <system-out/>
  <testcase classname="merge_SMR_Central_Zone.SmartEyeOverAllPerformance" name="Compare_Percent_Converted_Vs_OpenedUsing_SmartEye_Column_DealerParentWise_With_ServiceTypeWise" time="0.000"/>
  <system-out/>
  <testcase classname="merge_SMR_Central_Zone.SmartEyeOverAllPerformance" name="Compare_Revenue_Earned_Column_DealerParentWise_With_ServiceTypeWise" time="0.000">
    <failure message="expected [4445654
3719292] but found [4445684
3719333]" type="java.lang.AssertionError">
      <![CDATA[java.lang.AssertionError: expected [4445654
3719292] but found [4445684
3719333]
at org.testng.Assert.fail(Assert.java:99)
at org.testng.Assert.failNotEquals(Assert.java:1037)
at org.testng.Assert.assertEqualsImpl(Assert.java:140)
at org.testng.Assert.assertEquals(Assert.java:122)
at org.testng.Assert.assertEquals(Assert.java:629)
at org.testng.Assert.assertEquals(Assert.java:639)
at merge_SMR_Central_Zone.SmartEyeOverAllPerformance.Compare_Revenue_Earned_Column_DealerParentWise_With_ServiceTypeWise(SmartEyeOverAllPerformance.java:855)
at java.base/jdk.internal.reflect.DirectMethodHandleAccessor.invoke(DirectMethodHandleAccessor.java:103)
at java.base/java.lang.reflect.Method.invoke(Method.java:580)
at org.testng.internal.MethodInvocationHelper.invokeMethod(MethodInvocationHelper.java:133)
at org.testng.internal.TestInvoker.invokeMethod(TestInvoker.java:598)
at org.testng.internal.TestInvoker.invokeTestMethod(TestInvoker.java:173)
at org.testng.internal.MethodRunner.runInSequence(MethodRunner.java:46)
at org.testng.internal.TestInvoker$MethodInvocationAgent.invoke(TestInvoker.java:824)
at org.testng.internal.TestInvoker.invokeTestMethods(TestInvoker.java:146)
at org.testng.internal.TestMethodWorker.invokeTestMethods(TestMethodWorker.java:146)
at org.testng.internal.TestMethodWorker.run(TestMethodWorker.java:128)
at java.base/java.util.ArrayList.forEach(ArrayList.java:1597)
at org.testng.TestRunner.privateRun(TestRunner.java:794)
at org.testng.TestRunner.run(TestRunner.java:596)
at org.testng.SuiteRunner.runTest(SuiteRunner.java:377)
at org.testng.SuiteRunner.runSequentially(SuiteRunner.java:371)
at org.testng.SuiteRunner.privateRun(SuiteRunner.java:332)
at org.testng.SuiteRunner.run(SuiteRunner.java:276)
at org.testng.SuiteRunnerWorker.runSuite(SuiteRunnerWorker.java:53)
at org.testng.SuiteRunnerWorker.run(SuiteRunnerWorker.java:96)
at org.testng.TestNG.runSuitesSequentially(TestNG.java:1212)
at org.testng.TestNG.runSuitesLocally(TestNG.java:1134)
at org.testng.TestNG.runSuites(TestNG.java:1063)
at org.testng.TestNG.run(TestNG.java:1031)
at org.testng.remote.AbstractRemoteTestNG.run(AbstractRemoteTestNG.java:115)
at org.testng.remote.RemoteTestNG.initAndRun(RemoteTestNG.java:293)
at org.testng.remote.RemoteTestNG.main(RemoteTestNG.java:91)
]]>
    </failure>
  </testcase> <!-- Compare_Revenue_Earned_Column_DealerParentWise_With_ServiceTypeWise -->
  <system-out/>
  <testcase classname="merge_SMR_Central_Zone.SmartEyeOverAllPerformance" name="Compare_ConvertedAt_OtherDealer_F_Column_DealerParentWise_With_ServiceTypeWise" time="0.000"/>
  <system-out/>
  <testcase classname="merge_SMR_Central_Zone.SmartEyeOverAllPerformance" name="Compare_TotalJCOpen_A_Column_WorkshopWise_With_DayWise" time="0.000"/>
  <system-out/>
  <testcase classname="merge_SMR_Central_Zone.SmartEyeOverAllPerformance" name="Compare_JCOpenUsing_SmartEye_B_Column_WorkshopWise_With_DayWise" time="0.000"/>
  <system-out/>
  <testcase classname="merge_SMR_Central_Zone.SmartEyeOverAllPerformance" name="Compare_VehicleConvertedInBodyShop_OwnWorkshop_C_Column_WorkshopWise_With_DayWise" time="0.000"/>
  <system-out/>
  <testcase classname="merge_SMR_Central_Zone.SmartEyeOverAllPerformance" name="Compare_VehicleConvertedInBodyShop_RegionParent_D_Column_WorkshopWise_With_DayWise" time="0.000"/>
  <system-out/>
  <testcase classname="merge_SMR_Central_Zone.SmartEyeOverAllPerformance" name="Compare_VehicleConvertedInBodyShop_E_Column_WorkshopWise_With_DayWise" time="0.000"/>
  <system-out/>
  <testcase classname="merge_SMR_Central_Zone.SmartEyeOverAllPerformance" name="Compare_Percent_JCOpen_UsingSmartEye_Column_WorkshopWise_With_DayWise" time="0.000"/>
  <system-out/>
  <testcase classname="merge_SMR_Central_Zone.SmartEyeOverAllPerformance" name="Compare_Percent_Converted_Vs_TotalJCOpen_Column_WorkshopWise_With_DayWise" time="0.000"/>
  <system-out/>
  <testcase classname="merge_SMR_Central_Zone.SmartEyeOverAllPerformance" name="Compare_Percent_Converted_Vs_OpenedUsing_SmartEye_Column_WorkshopWise_With_DayWise" time="0.000"/>
  <system-out/>
  <testcase classname="merge_SMR_Central_Zone.SmartEyeOverAllPerformance" name="Compare_Revenue_Earned_Column_WorkshopWise_With_DayWise" time="0.000">
    <failure message="expected [4445623
3719241] but found [4445681
3719331]" type="java.lang.AssertionError">
      <![CDATA[java.lang.AssertionError: expected [4445623
3719241] but found [4445681
3719331]
at org.testng.Assert.fail(Assert.java:99)
at org.testng.Assert.failNotEquals(Assert.java:1037)
at org.testng.Assert.assertEqualsImpl(Assert.java:140)
at org.testng.Assert.assertEquals(Assert.java:122)
at org.testng.Assert.assertEquals(Assert.java:629)
at org.testng.Assert.assertEquals(Assert.java:639)
at merge_SMR_Central_Zone.SmartEyeOverAllPerformance.Compare_Revenue_Earned_Column_WorkshopWise_With_DayWise(SmartEyeOverAllPerformance.java:916)
at java.base/jdk.internal.reflect.DirectMethodHandleAccessor.invoke(DirectMethodHandleAccessor.java:103)
at java.base/java.lang.reflect.Method.invoke(Method.java:580)
at org.testng.internal.MethodInvocationHelper.invokeMethod(MethodInvocationHelper.java:133)
at org.testng.internal.TestInvoker.invokeMethod(TestInvoker.java:598)
at org.testng.internal.TestInvoker.invokeTestMethod(TestInvoker.java:173)
at org.testng.internal.MethodRunner.runInSequence(MethodRunner.java:46)
at org.testng.internal.TestInvoker$MethodInvocationAgent.invoke(TestInvoker.java:824)
at org.testng.internal.TestInvoker.invokeTestMethods(TestInvoker.java:146)
at org.testng.internal.TestMethodWorker.invokeTestMethods(TestMethodWorker.java:146)
at org.testng.internal.TestMethodWorker.run(TestMethodWorker.java:128)
at java.base/java.util.ArrayList.forEach(ArrayList.java:1597)
at org.testng.TestRunner.privateRun(TestRunner.java:794)
at org.testng.TestRunner.run(TestRunner.java:596)
at org.testng.SuiteRunner.runTest(SuiteRunner.java:377)
at org.testng.SuiteRunner.runSequentially(SuiteRunner.java:371)
at org.testng.SuiteRunner.privateRun(SuiteRunner.java:332)
at org.testng.SuiteRunner.run(SuiteRunner.java:276)
at org.testng.SuiteRunnerWorker.runSuite(SuiteRunnerWorker.java:53)
at org.testng.SuiteRunnerWorker.run(SuiteRunnerWorker.java:96)
at org.testng.TestNG.runSuitesSequentially(TestNG.java:1212)
at org.testng.TestNG.runSuitesLocally(TestNG.java:1134)
at org.testng.TestNG.runSuites(TestNG.java:1063)
at org.testng.TestNG.run(TestNG.java:1031)
at org.testng.remote.AbstractRemoteTestNG.run(AbstractRemoteTestNG.java:115)
at org.testng.remote.RemoteTestNG.initAndRun(RemoteTestNG.java:293)
at org.testng.remote.RemoteTestNG.main(RemoteTestNG.java:91)
]]>
    </failure>
  </testcase> <!-- Compare_Revenue_Earned_Column_WorkshopWise_With_DayWise -->
  <system-out/>
  <testcase classname="merge_SMR_Central_Zone.SmartEyeOverAllPerformance" name="Compare_ConvertedAt_OtherDealer_F_Column_WorkshopWise_With_DayWise" time="0.000"/>
  <system-out/>
  <testcase classname="merge_SMR_Central_Zone.SmartEyeOverAllPerformance" name="Compare_TotalJCOpen_A_Column_WorkshopWise_With_ServiceTypeWise" time="0.002"/>
  <system-out/>
  <testcase classname="merge_SMR_Central_Zone.SmartEyeOverAllPerformance" name="Compare_JCOpenUsing_SmartEye_B_Column_WorkshopWise_With_ServiceTypeWise" time="0.000"/>
  <system-out/>
  <testcase classname="merge_SMR_Central_Zone.SmartEyeOverAllPerformance" name="Compare_VehicleConvertedInBodyShop_OwnWorkshop_C_Column_WorkshopWise_With_ServiceTypeWise" time="0.000"/>
  <system-out/>
  <testcase classname="merge_SMR_Central_Zone.SmartEyeOverAllPerformance" name="Compare_VehicleConvertedInBodyShop_RegionParent_D_Column_WorkshopWise_With_ServiceTypeWise" time="0.000"/>
  <system-out/>
  <testcase classname="merge_SMR_Central_Zone.SmartEyeOverAllPerformance" name="Compare_VehicleConvertedInBodyShop_E_Column_WorkshopWise_With_ServiceTypeWise" time="0.000"/>
  <system-out/>
  <testcase classname="merge_SMR_Central_Zone.SmartEyeOverAllPerformance" name="Compare_Percent_JCOpen_UsingSmartEye_Column_WorkshopWise_With_ServiceTypeWise" time="0.000"/>
  <system-out/>
  <testcase classname="merge_SMR_Central_Zone.SmartEyeOverAllPerformance" name="Compare_Percent_Converted_Vs_TotalJCOpen_Column_WorkshopWise_With_ServiceTypeWise" time="0.000"/>
  <system-out/>
  <testcase classname="merge_SMR_Central_Zone.SmartEyeOverAllPerformance" name="Compare_Percent_Converted_Vs_OpenedUsing_SmartEye_Column_WorkshopWise_With_ServiceTypeWise" time="0.000"/>
  <system-out/>
  <testcase classname="merge_SMR_Central_Zone.SmartEyeOverAllPerformance" name="Compare_Revenue_Earned_Column_WorkshopWise_With_ServiceTypeWise" time="0.000">
    <failure message="expected [4445623
3719241] but found [4445684
3719333]" type="java.lang.AssertionError">
      <![CDATA[java.lang.AssertionError: expected [4445623
3719241] but found [4445684
3719333]
at org.testng.Assert.fail(Assert.java:99)
at org.testng.Assert.failNotEquals(Assert.java:1037)
at org.testng.Assert.assertEqualsImpl(Assert.java:140)
at org.testng.Assert.assertEquals(Assert.java:122)
at org.testng.Assert.assertEquals(Assert.java:629)
at org.testng.Assert.assertEquals(Assert.java:639)
at merge_SMR_Central_Zone.SmartEyeOverAllPerformance.Compare_Revenue_Earned_Column_WorkshopWise_With_ServiceTypeWise(SmartEyeOverAllPerformance.java:976)
at java.base/jdk.internal.reflect.DirectMethodHandleAccessor.invoke(DirectMethodHandleAccessor.java:103)
at java.base/java.lang.reflect.Method.invoke(Method.java:580)
at org.testng.internal.MethodInvocationHelper.invokeMethod(MethodInvocationHelper.java:133)
at org.testng.internal.TestInvoker.invokeMethod(TestInvoker.java:598)
at org.testng.internal.TestInvoker.invokeTestMethod(TestInvoker.java:173)
at org.testng.internal.MethodRunner.runInSequence(MethodRunner.java:46)
at org.testng.internal.TestInvoker$MethodInvocationAgent.invoke(TestInvoker.java:824)
at org.testng.internal.TestInvoker.invokeTestMethods(TestInvoker.java:146)
at org.testng.internal.TestMethodWorker.invokeTestMethods(TestMethodWorker.java:146)
at org.testng.internal.TestMethodWorker.run(TestMethodWorker.java:128)
at java.base/java.util.ArrayList.forEach(ArrayList.java:1597)
at org.testng.TestRunner.privateRun(TestRunner.java:794)
at org.testng.TestRunner.run(TestRunner.java:596)
at org.testng.SuiteRunner.runTest(SuiteRunner.java:377)
at org.testng.SuiteRunner.runSequentially(SuiteRunner.java:371)
at org.testng.SuiteRunner.privateRun(SuiteRunner.java:332)
at org.testng.SuiteRunner.run(SuiteRunner.java:276)
at org.testng.SuiteRunnerWorker.runSuite(SuiteRunnerWorker.java:53)
at org.testng.SuiteRunnerWorker.run(SuiteRunnerWorker.java:96)
at org.testng.TestNG.runSuitesSequentially(TestNG.java:1212)
at org.testng.TestNG.runSuitesLocally(TestNG.java:1134)
at org.testng.TestNG.runSuites(TestNG.java:1063)
at org.testng.TestNG.run(TestNG.java:1031)
at org.testng.remote.AbstractRemoteTestNG.run(AbstractRemoteTestNG.java:115)
at org.testng.remote.RemoteTestNG.initAndRun(RemoteTestNG.java:293)
at org.testng.remote.RemoteTestNG.main(RemoteTestNG.java:91)
]]>
    </failure>
  </testcase> <!-- Compare_Revenue_Earned_Column_WorkshopWise_With_ServiceTypeWise -->
  <system-out/>
  <testcase classname="merge_SMR_Central_Zone.SmartEyeOverAllPerformance" name="Compare_ConvertedAt_OtherDealer_F_Column_WorkshopWise_With_ServiceTypeWise" time="0.000"/>
  <system-out/>
  <testcase classname="merge_SMR_Central_Zone.SmartEyeOverAllPerformance" name="Compare_TotalJCOpen_A_Column_DayWise_With_ServiceTypeWise" time="0.000"/>
  <system-out/>
  <testcase classname="merge_SMR_Central_Zone.SmartEyeOverAllPerformance" name="Compare_JCOpenUsing_SmartEye_B_Column_DayWise_With_ServiceTypeWise" time="0.000"/>
  <system-out/>
  <testcase classname="merge_SMR_Central_Zone.SmartEyeOverAllPerformance" name="Compare_VehicleConvertedInBodyShop_OwnWorkshop_C_Column_DayWise_With_ServiceTypeWise" time="0.000"/>
  <system-out/>
  <testcase classname="merge_SMR_Central_Zone.SmartEyeOverAllPerformance" name="Compare_VehicleConvertedInBodyShop_RegionParent_D_Column_DayWise_With_ServiceTypeWise" time="0.000"/>
  <system-out/>
  <testcase classname="merge_SMR_Central_Zone.SmartEyeOverAllPerformance" name="Compare_VehicleConvertedInBodyShop_E_Column_DayWise_With_ServiceTypeWise" time="0.000"/>
  <system-out/>
  <testcase classname="merge_SMR_Central_Zone.SmartEyeOverAllPerformance" name="Compare_Percent_JCOpen_UsingSmartEye_Column_DayWise_With_ServiceTypeWise" time="0.000"/>
  <system-out/>
  <testcase classname="merge_SMR_Central_Zone.SmartEyeOverAllPerformance" name="Compare_Percent_Converted_Vs_TotalJCOpen_Column_DayWise_With_ServiceTypeWise" time="0.000"/>
  <system-out/>
  <testcase classname="merge_SMR_Central_Zone.SmartEyeOverAllPerformance" name="Compare_Percent_Converted_Vs_OpenedUsing_SmartEye_Column_DayWise_With_ServiceTypeWise" time="0.000"/>
  <system-out/>
  <testcase classname="merge_SMR_Central_Zone.SmartEyeOverAllPerformance" name="Compare_Revenue_Earned_Column_DayWise_With_ServiceTypeWise" time="0.000">
    <failure message="expected [4445681
3719331] but found [4445684
3719333]" type="java.lang.AssertionError">
      <![CDATA[java.lang.AssertionError: expected [4445681
3719331] but found [4445684
3719333]
at org.testng.Assert.fail(Assert.java:99)
at org.testng.Assert.failNotEquals(Assert.java:1037)
at org.testng.Assert.assertEqualsImpl(Assert.java:140)
at org.testng.Assert.assertEquals(Assert.java:122)
at org.testng.Assert.assertEquals(Assert.java:629)
at org.testng.Assert.assertEquals(Assert.java:639)
at merge_SMR_Central_Zone.SmartEyeOverAllPerformance.Compare_Revenue_Earned_Column_DayWise_With_ServiceTypeWise(SmartEyeOverAllPerformance.java:1036)
at java.base/jdk.internal.reflect.DirectMethodHandleAccessor.invoke(DirectMethodHandleAccessor.java:103)
at java.base/java.lang.reflect.Method.invoke(Method.java:580)
at org.testng.internal.MethodInvocationHelper.invokeMethod(MethodInvocationHelper.java:133)
at org.testng.internal.TestInvoker.invokeMethod(TestInvoker.java:598)
at org.testng.internal.TestInvoker.invokeTestMethod(TestInvoker.java:173)
at org.testng.internal.MethodRunner.runInSequence(MethodRunner.java:46)
at org.testng.internal.TestInvoker$MethodInvocationAgent.invoke(TestInvoker.java:824)
at org.testng.internal.TestInvoker.invokeTestMethods(TestInvoker.java:146)
at org.testng.internal.TestMethodWorker.invokeTestMethods(TestMethodWorker.java:146)
at org.testng.internal.TestMethodWorker.run(TestMethodWorker.java:128)
at java.base/java.util.ArrayList.forEach(ArrayList.java:1597)
at org.testng.TestRunner.privateRun(TestRunner.java:794)
at org.testng.TestRunner.run(TestRunner.java:596)
at org.testng.SuiteRunner.runTest(SuiteRunner.java:377)
at org.testng.SuiteRunner.runSequentially(SuiteRunner.java:371)
at org.testng.SuiteRunner.privateRun(SuiteRunner.java:332)
at org.testng.SuiteRunner.run(SuiteRunner.java:276)
at org.testng.SuiteRunnerWorker.runSuite(SuiteRunnerWorker.java:53)
at org.testng.SuiteRunnerWorker.run(SuiteRunnerWorker.java:96)
at org.testng.TestNG.runSuitesSequentially(TestNG.java:1212)
at org.testng.TestNG.runSuitesLocally(TestNG.java:1134)
at org.testng.TestNG.runSuites(TestNG.java:1063)
at org.testng.TestNG.run(TestNG.java:1031)
at org.testng.remote.AbstractRemoteTestNG.run(AbstractRemoteTestNG.java:115)
at org.testng.remote.RemoteTestNG.initAndRun(RemoteTestNG.java:293)
at org.testng.remote.RemoteTestNG.main(RemoteTestNG.java:91)
]]>
    </failure>
  </testcase> <!-- Compare_Revenue_Earned_Column_DayWise_With_ServiceTypeWise -->
  <system-out/>
  <testcase classname="merge_SMR_Central_Zone.SmartEyeOverAllPerformance" name="Compare_ConvertedAt_OtherDealer_F_Column_DayWise_With_ServiceTypeWise" time="4.012"/>
  <system-out/>
</testsuite> <!-- merge_SMR_Central_Zone.SmartEyeOverAllPerformance -->
