<?xml version="1.0" encoding="UTF-8"?>
<!-- Generated by org.testng.reporters.JUnitReportReporter -->
<testsuite hostname="DESKTOP-7SBKKJ1" failures="0" tests="6" name="My_Leads_Data.REFUSE_FOR_SERVICE_Vehicle_Scraped" time="100.923" errors="1" timestamp="2024-09-23T10:20:58 IST" skipped="0">
  <testcase classname="My_Leads_Data.REFUSE_FOR_SERVICE_Vehicle_Scraped" name="Username" time="2.292"/>
  <system-out/>
  <testcase classname="My_Leads_Data.REFUSE_FOR_SERVICE_Vehicle_Scraped" name="Password" time="3.430"/>
  <system-out/>
  <testcase classname="My_Leads_Data.REFUSE_FOR_SERVICE_Vehicle_Scraped" name="Captcha" time="3.199"/>
  <system-out/>
  <testcase classname="My_Leads_Data.REFUSE_FOR_SERVICE_Vehicle_Scraped" name="SUBMIT_Button" time="20.152"/>
  <system-out/>
  <testcase classname="My_Leads_Data.REFUSE_FOR_SERVICE_Vehicle_Scraped" name="Click_On_MY_Leads" time="15.142"/>
  <system-out/>
  <testcase classname="My_Leads_Data.REFUSE_FOR_SERVICE_Vehicle_Scraped" name="click_On_first_Customer" time="56.708">
    <error message="element click intercepted: Element &lt;div class=&quot;mat-tab-label-content&quot;&gt;...&lt;/div&gt; is not clickable at point (995, 304). Other element would receive the click: &lt;mat-card _ngcontent-jah-c309=&quot;&quot; class=&quot;mat-card mat-focus-indicator ng-star-inserted&quot; style=&quot;display: flex; justify-content: center; align-items: center; width: 100%; ;background: #ffffffd6; position: fixed; top: 0; height: 100%; left: 0;&quot;&gt;...&lt;/mat-card&gt;
  (Session info: chrome=128.0.6613.138)
Build info: version: &#039;4.21.0&#039;, revision: &#039;79ed462ef4&#039;
System info: os.name: &#039;Windows 11&#039;, os.arch: &#039;amd64&#039;, os.version: &#039;10.0&#039;, java.version: &#039;22.0.1&#039;
Driver info: org.openqa.selenium.chrome.ChromeDriver
Command: [934098c3920dc702fac3f87fb3eef7da, clickElement {id=f.53C2A8EDD89E703F837E87EF0B826777.d.0480646AB8CD4A7C235DD289A3C0CE06.e.795}]
Capabilities {acceptInsecureCerts: false, browserName: chrome, browserVersion: 128.0.6613.138, chrome: {chromedriverVersion: 128.0.6613.137 (fe621c5aa2d..., userDataDir: C:\WINDOWS\TEMP\scoped_dir6...}, fedcm:accounts: true, goog:chromeOptions: {debuggerAddress: localhost:62533}, networkConnectionEnabled: false, pageLoadStrategy: normal, platformName: windows, proxy: Proxy(), se:cdp: ws://localhost:62533/devtoo..., se:cdpVersion: 128.0.6613.138, setWindowRect: true, strictFileInteractability: false, timeouts: {implicit: 0, pageLoad: 300000, script: 30000}, unhandledPromptBehavior: dismiss and notify, webauthn:extension:credBlob: true, webauthn:extension:largeBlob: true, webauthn:extension:minPinLength: true, webauthn:extension:prf: true, webauthn:virtualAuthenticators: true}
Element: [[ChromeDriver: chrome on windows (934098c3920dc702fac3f87fb3eef7da)] -&gt; xpath: //*[contains(text(),&quot;Lost Calls&quot;)]]
Session ID: 934098c3920dc702fac3f87fb3eef7da" type="org.openqa.selenium.ElementClickInterceptedException">
      <![CDATA[org.openqa.selenium.ElementClickInterceptedException: element click intercepted: Element <div class="mat-tab-label-content">...</div> is not clickable at point (995, 304). Other element would receive the click: <mat-card _ngcontent-jah-c309="" class="mat-card mat-focus-indicator ng-star-inserted" style="display: flex; justify-content: center; align-items: center; width: 100%; ;background: #ffffffd6; position: fixed; top: 0; height: 100%; left: 0;">...</mat-card>
  (Session info: chrome=128.0.6613.138)
Build info: version: '4.21.0', revision: '79ed462ef4'
System info: os.name: 'Windows 11', os.arch: 'amd64', os.version: '10.0', java.version: '22.0.1'
Driver info: org.openqa.selenium.chrome.ChromeDriver
Command: [934098c3920dc702fac3f87fb3eef7da, clickElement {id=f.53C2A8EDD89E703F837E87EF0B826777.d.0480646AB8CD4A7C235DD289A3C0CE06.e.795}]
Capabilities {acceptInsecureCerts: false, browserName: chrome, browserVersion: 128.0.6613.138, chrome: {chromedriverVersion: 128.0.6613.137 (fe621c5aa2d..., userDataDir: C:\WINDOWS\TEMP\scoped_dir6...}, fedcm:accounts: true, goog:chromeOptions: {debuggerAddress: localhost:62533}, networkConnectionEnabled: false, pageLoadStrategy: normal, platformName: windows, proxy: Proxy(), se:cdp: ws://localhost:62533/devtoo..., se:cdpVersion: 128.0.6613.138, setWindowRect: true, strictFileInteractability: false, timeouts: {implicit: 0, pageLoad: 300000, script: 30000}, unhandledPromptBehavior: dismiss and notify, webauthn:extension:credBlob: true, webauthn:extension:largeBlob: true, webauthn:extension:minPinLength: true, webauthn:extension:prf: true, webauthn:virtualAuthenticators: true}
Element: [[ChromeDriver: chrome on windows (934098c3920dc702fac3f87fb3eef7da)] -> xpath: //*[contains(text(),"Lost Calls")]]
Session ID: 934098c3920dc702fac3f87fb3eef7da
at java.base/jdk.internal.reflect.DirectConstructorHandleAccessor.newInstance(DirectConstructorHandleAccessor.java:62)
at java.base/java.lang.reflect.Constructor.newInstanceWithCaller(Constructor.java:502)
at java.base/java.lang.reflect.Constructor.newInstance(Constructor.java:486)
at org.openqa.selenium.remote.ErrorCodec.decode(ErrorCodec.java:167)
at org.openqa.selenium.remote.codec.w3c.W3CHttpResponseCodec.decode(W3CHttpResponseCodec.java:138)
at org.openqa.selenium.remote.codec.w3c.W3CHttpResponseCodec.decode(W3CHttpResponseCodec.java:50)
at org.openqa.selenium.remote.HttpCommandExecutor.execute(HttpCommandExecutor.java:190)
at org.openqa.selenium.remote.service.DriverCommandExecutor.invokeExecute(DriverCommandExecutor.java:216)
at org.openqa.selenium.remote.service.DriverCommandExecutor.execute(DriverCommandExecutor.java:174)
at org.openqa.selenium.remote.RemoteWebDriver.execute(RemoteWebDriver.java:518)
at org.openqa.selenium.remote.RemoteWebElement.execute(RemoteWebElement.java:223)
at org.openqa.selenium.remote.RemoteWebElement.click(RemoteWebElement.java:76)
at My_Leads_Data.REFUSE_FOR_SERVICE_Vehicle_Scraped.click_On_first_Customer(REFUSE_FOR_SERVICE_Vehicle_Scraped.java:181)
at java.base/jdk.internal.reflect.DirectMethodHandleAccessor.invoke(DirectMethodHandleAccessor.java:103)
at java.base/java.lang.reflect.Method.invoke(Method.java:580)
at org.testng.internal.MethodInvocationHelper.invokeMethod(MethodInvocationHelper.java:133)
at org.testng.internal.TestInvoker.invokeMethod(TestInvoker.java:598)
at org.testng.internal.TestInvoker.invokeTestMethod(TestInvoker.java:173)
at org.testng.internal.MethodRunner.runInSequence(MethodRunner.java:46)
at org.testng.internal.TestInvoker$MethodInvocationAgent.invoke(TestInvoker.java:824)
at org.testng.internal.TestInvoker.invokeTestMethods(TestInvoker.java:146)
at org.testng.internal.TestMethodWorker.invokeTestMethods(TestMethodWorker.java:146)
at org.testng.internal.TestMethodWorker.run(TestMethodWorker.java:128)
at java.base/java.util.ArrayList.forEach(ArrayList.java:1597)
at org.testng.TestRunner.privateRun(TestRunner.java:794)
at org.testng.TestRunner.run(TestRunner.java:596)
at org.testng.SuiteRunner.runTest(SuiteRunner.java:377)
at org.testng.SuiteRunner.runSequentially(SuiteRunner.java:371)
at org.testng.SuiteRunner.privateRun(SuiteRunner.java:332)
at org.testng.SuiteRunner.run(SuiteRunner.java:276)
at org.testng.SuiteRunnerWorker.runSuite(SuiteRunnerWorker.java:53)
at org.testng.SuiteRunnerWorker.run(SuiteRunnerWorker.java:96)
at org.testng.TestNG.runSuitesSequentially(TestNG.java:1212)
at org.testng.TestNG.runSuitesLocally(TestNG.java:1134)
at org.testng.TestNG.runSuites(TestNG.java:1063)
at org.testng.TestNG.run(TestNG.java:1031)
at org.testng.remote.AbstractRemoteTestNG.run(AbstractRemoteTestNG.java:115)
at org.testng.remote.RemoteTestNG.initAndRun(RemoteTestNG.java:293)
at org.testng.remote.RemoteTestNG.main(RemoteTestNG.java:91)
]]>
    </error>
  </testcase> <!-- click_On_first_Customer -->
  <system-out/>
</testsuite> <!-- My_Leads_Data.REFUSE_FOR_SERVICE_Vehicle_Scraped -->
