<?xml version="1.0" encoding="UTF-8"?>
<!-- Generated by org.testng.reporters.JUnitReportReporter -->
<testsuite hostname="DESKTOP-7SBKKJ1" failures="0" tests="107" name="mergeSMR_North_Zone.SmartEyeOverAllPerformance" time="106.563" errors="6" timestamp="2024-09-26T14:13:13 IST" skipped="0">
  <testcase classname="mergeSMR_North_Zone.SmartEyeOverAllPerformance" name="Click_On_Report" time="3.190"/>
  <system-out/>
  <testcase classname="mergeSMR_North_Zone.SmartEyeOverAllPerformance" name="Click_On_SmartEyeOverAllPerformance_REPORT" time="16.070">
    <error message="Expected condition failed: waiting for presence of element located by: By.xpath: //*[text()=&quot;Smart Eye Overall Performance &quot;] (tried for 10 second(s) with 500 milliseconds interval)" type="org.openqa.selenium.TimeoutException">
      <![CDATA[org.openqa.selenium.TimeoutException: Expected condition failed: waiting for presence of element located by: By.xpath: //*[text()="Smart Eye Overall Performance "] (tried for 10 second(s) with 500 milliseconds interval)
at org.openqa.selenium.support.ui.WebDriverWait.timeoutException(WebDriverWait.java:84)
at org.openqa.selenium.support.ui.FluentWait.until(FluentWait.java:228)
at mergeSMR_North_Zone.SmartEyeOverAllPerformance.Click_On_SmartEyeOverAllPerformance_REPORT(SmartEyeOverAllPerformance.java:105)
at java.base/jdk.internal.reflect.DirectMethodHandleAccessor.invoke(DirectMethodHandleAccessor.java:103)
at java.base/java.lang.reflect.Method.invoke(Method.java:580)
at org.testng.internal.MethodInvocationHelper.invokeMethod(MethodInvocationHelper.java:133)
at org.testng.internal.TestInvoker.invokeMethod(TestInvoker.java:598)
at org.testng.internal.TestInvoker.invokeTestMethod(TestInvoker.java:173)
at org.testng.internal.MethodRunner.runInSequence(MethodRunner.java:46)
at org.testng.internal.TestInvoker$MethodInvocationAgent.invoke(TestInvoker.java:824)
at org.testng.internal.TestInvoker.invokeTestMethods(TestInvoker.java:146)
at org.testng.internal.TestMethodWorker.invokeTestMethods(TestMethodWorker.java:146)
at org.testng.internal.TestMethodWorker.run(TestMethodWorker.java:128)
at java.base/java.util.ArrayList.forEach(ArrayList.java:1597)
at org.testng.TestRunner.privateRun(TestRunner.java:794)
at org.testng.TestRunner.run(TestRunner.java:596)
at org.testng.SuiteRunner.runTest(SuiteRunner.java:377)
at org.testng.SuiteRunner.runSequentially(SuiteRunner.java:371)
at org.testng.SuiteRunner.privateRun(SuiteRunner.java:332)
at org.testng.SuiteRunner.run(SuiteRunner.java:276)
at org.testng.SuiteRunnerWorker.runSuite(SuiteRunnerWorker.java:53)
at org.testng.SuiteRunnerWorker.run(SuiteRunnerWorker.java:96)
at org.testng.TestNG.runSuitesSequentially(TestNG.java:1212)
at org.testng.TestNG.runSuitesLocally(TestNG.java:1134)
at org.testng.TestNG.runSuites(TestNG.java:1063)
at org.testng.TestNG.run(TestNG.java:1031)
at org.testng.remote.AbstractRemoteTestNG.run(AbstractRemoteTestNG.java:115)
at org.testng.remote.RemoteTestNG.initAndRun(RemoteTestNG.java:293)
at org.testng.remote.RemoteTestNG.main(RemoteTestNG.java:91)
Caused by: org.openqa.selenium.NoSuchElementException: no such element: Unable to locate element: {"method":"xpath","selector":"//*[text()="Smart Eye Overall Performance "]"}
  (Session info: chrome=129.0.6668.70)
For documentation on this error, please visit: https://www.selenium.dev/documentation/webdriver/troubleshooting/errors#no-such-element-exception
Build info: version: '4.21.0', revision: '79ed462ef4'
System info: os.name: 'Windows 11', os.arch: 'amd64', os.version: '10.0', java.version: '22.0.1'
Driver info: org.openqa.selenium.chrome.ChromeDriver
Command: [f0e4368a9ca901c6e97e98931be5bd04, findElement {using=xpath, value=//*[text()="Smart Eye Overall Performance "]}]
Capabilities {acceptInsecureCerts: false, browserName: chrome, browserVersion: 129.0.6668.70, chrome: {chromedriverVersion: 129.0.6668.70 (df87d5cf12b1..., userDataDir: C:\WINDOWS\TEMP\scoped_dir2...}, fedcm:accounts: true, goog:chromeOptions: {debuggerAddress: localhost:57142}, networkConnectionEnabled: false, pageLoadStrategy: normal, platformName: windows, proxy: Proxy(), se:cdp: ws://localhost:57142/devtoo..., se:cdpVersion: 129.0.6668.70, setWindowRect: true, strictFileInteractability: false, timeouts: {implicit: 0, pageLoad: 300000, script: 30000}, unhandledPromptBehavior: dismiss and notify, webauthn:extension:credBlob: true, webauthn:extension:largeBlob: true, webauthn:extension:minPinLength: true, webauthn:extension:prf: true, webauthn:virtualAuthenticators: true}
Session ID: f0e4368a9ca901c6e97e98931be5bd04
at java.base/jdk.internal.reflect.DirectConstructorHandleAccessor.newInstance(DirectConstructorHandleAccessor.java:62)
at java.base/java.lang.reflect.Constructor.newInstanceWithCaller(Constructor.java:502)
at java.base/java.lang.reflect.Constructor.newInstance(Constructor.java:486)
at org.openqa.selenium.remote.ErrorCodec.decode(ErrorCodec.java:167)
at org.openqa.selenium.remote.codec.w3c.W3CHttpResponseCodec.decode(W3CHttpResponseCodec.java:138)
at org.openqa.selenium.remote.codec.w3c.W3CHttpResponseCodec.decode(W3CHttpResponseCodec.java:50)
at org.openqa.selenium.remote.HttpCommandExecutor.execute(HttpCommandExecutor.java:190)
at org.openqa.selenium.remote.service.DriverCommandExecutor.invokeExecute(DriverCommandExecutor.java:216)
at org.openqa.selenium.remote.service.DriverCommandExecutor.execute(DriverCommandExecutor.java:174)
at org.openqa.selenium.remote.RemoteWebDriver.execute(RemoteWebDriver.java:518)
at org.openqa.selenium.remote.ElementLocation$ElementFinder$2.findElement(ElementLocation.java:165)
at org.openqa.selenium.remote.ElementLocation.findElement(ElementLocation.java:59)
at org.openqa.selenium.remote.RemoteWebDriver.findElement(RemoteWebDriver.java:355)
at org.openqa.selenium.remote.RemoteWebDriver.findElement(RemoteWebDriver.java:349)
at org.openqa.selenium.support.ui.ExpectedConditions$6.apply(ExpectedConditions.java:171)
at org.openqa.selenium.support.ui.ExpectedConditions$6.apply(ExpectedConditions.java:168)
at org.openqa.selenium.support.ui.FluentWait.until(FluentWait.java:203)
... 27 more
]]>
    </error>
  </testcase> <!-- Click_On_SmartEyeOverAllPerformance_REPORT -->
  <system-out/>
  <testcase classname="mergeSMR_North_Zone.SmartEyeOverAllPerformance" name="Zone_And_Region_Wise_Tab" time="16.011">
    <error message="Expected condition failed: waiting for presence of element located by: By.cssSelector: [alt=&quot;calendar&quot;] (tried for 10 second(s) with 500 milliseconds interval)" type="org.openqa.selenium.TimeoutException">
      <![CDATA[org.openqa.selenium.TimeoutException: Expected condition failed: waiting for presence of element located by: By.cssSelector: [alt="calendar"] (tried for 10 second(s) with 500 milliseconds interval)
at org.openqa.selenium.support.ui.WebDriverWait.timeoutException(WebDriverWait.java:84)
at org.openqa.selenium.support.ui.FluentWait.until(FluentWait.java:228)
at mergeSMR_North_Zone.SmartEyeOverAllPerformance.Zone_And_Region_Wise_Tab(SmartEyeOverAllPerformance.java:117)
at java.base/jdk.internal.reflect.DirectMethodHandleAccessor.invoke(DirectMethodHandleAccessor.java:103)
at java.base/java.lang.reflect.Method.invoke(Method.java:580)
at org.testng.internal.MethodInvocationHelper.invokeMethod(MethodInvocationHelper.java:133)
at org.testng.internal.TestInvoker.invokeMethod(TestInvoker.java:598)
at org.testng.internal.TestInvoker.invokeTestMethod(TestInvoker.java:173)
at org.testng.internal.MethodRunner.runInSequence(MethodRunner.java:46)
at org.testng.internal.TestInvoker$MethodInvocationAgent.invoke(TestInvoker.java:824)
at org.testng.internal.TestInvoker.invokeTestMethods(TestInvoker.java:146)
at org.testng.internal.TestMethodWorker.invokeTestMethods(TestMethodWorker.java:146)
at org.testng.internal.TestMethodWorker.run(TestMethodWorker.java:128)
at java.base/java.util.ArrayList.forEach(ArrayList.java:1597)
at org.testng.TestRunner.privateRun(TestRunner.java:794)
at org.testng.TestRunner.run(TestRunner.java:596)
at org.testng.SuiteRunner.runTest(SuiteRunner.java:377)
at org.testng.SuiteRunner.runSequentially(SuiteRunner.java:371)
at org.testng.SuiteRunner.privateRun(SuiteRunner.java:332)
at org.testng.SuiteRunner.run(SuiteRunner.java:276)
at org.testng.SuiteRunnerWorker.runSuite(SuiteRunnerWorker.java:53)
at org.testng.SuiteRunnerWorker.run(SuiteRunnerWorker.java:96)
at org.testng.TestNG.runSuitesSequentially(TestNG.java:1212)
at org.testng.TestNG.runSuitesLocally(TestNG.java:1134)
at org.testng.TestNG.runSuites(TestNG.java:1063)
at org.testng.TestNG.run(TestNG.java:1031)
at org.testng.remote.AbstractRemoteTestNG.run(AbstractRemoteTestNG.java:115)
at org.testng.remote.RemoteTestNG.initAndRun(RemoteTestNG.java:293)
at org.testng.remote.RemoteTestNG.main(RemoteTestNG.java:91)
Caused by: org.openqa.selenium.NoSuchElementException: no such element: Unable to locate element: {"method":"css selector","selector":"[alt="calendar"]"}
  (Session info: chrome=129.0.6668.70)
For documentation on this error, please visit: https://www.selenium.dev/documentation/webdriver/troubleshooting/errors#no-such-element-exception
Build info: version: '4.21.0', revision: '79ed462ef4'
System info: os.name: 'Windows 11', os.arch: 'amd64', os.version: '10.0', java.version: '22.0.1'
Driver info: org.openqa.selenium.chrome.ChromeDriver
Command: [f0e4368a9ca901c6e97e98931be5bd04, findElement {using=css selector, value=[alt="calendar"]}]
Capabilities {acceptInsecureCerts: false, browserName: chrome, browserVersion: 129.0.6668.70, chrome: {chromedriverVersion: 129.0.6668.70 (df87d5cf12b1..., userDataDir: C:\WINDOWS\TEMP\scoped_dir2...}, fedcm:accounts: true, goog:chromeOptions: {debuggerAddress: localhost:57142}, networkConnectionEnabled: false, pageLoadStrategy: normal, platformName: windows, proxy: Proxy(), se:cdp: ws://localhost:57142/devtoo..., se:cdpVersion: 129.0.6668.70, setWindowRect: true, strictFileInteractability: false, timeouts: {implicit: 0, pageLoad: 300000, script: 30000}, unhandledPromptBehavior: dismiss and notify, webauthn:extension:credBlob: true, webauthn:extension:largeBlob: true, webauthn:extension:minPinLength: true, webauthn:extension:prf: true, webauthn:virtualAuthenticators: true}
Session ID: f0e4368a9ca901c6e97e98931be5bd04
at java.base/jdk.internal.reflect.DirectConstructorHandleAccessor.newInstance(DirectConstructorHandleAccessor.java:62)
at java.base/java.lang.reflect.Constructor.newInstanceWithCaller(Constructor.java:502)
at java.base/java.lang.reflect.Constructor.newInstance(Constructor.java:486)
at org.openqa.selenium.remote.ErrorCodec.decode(ErrorCodec.java:167)
at org.openqa.selenium.remote.codec.w3c.W3CHttpResponseCodec.decode(W3CHttpResponseCodec.java:138)
at org.openqa.selenium.remote.codec.w3c.W3CHttpResponseCodec.decode(W3CHttpResponseCodec.java:50)
at org.openqa.selenium.remote.HttpCommandExecutor.execute(HttpCommandExecutor.java:190)
at org.openqa.selenium.remote.service.DriverCommandExecutor.invokeExecute(DriverCommandExecutor.java:216)
at org.openqa.selenium.remote.service.DriverCommandExecutor.execute(DriverCommandExecutor.java:174)
at org.openqa.selenium.remote.RemoteWebDriver.execute(RemoteWebDriver.java:518)
at org.openqa.selenium.remote.ElementLocation$ElementFinder$2.findElement(ElementLocation.java:165)
at org.openqa.selenium.remote.ElementLocation.findElement(ElementLocation.java:59)
at org.openqa.selenium.remote.RemoteWebDriver.findElement(RemoteWebDriver.java:355)
at org.openqa.selenium.remote.RemoteWebDriver.findElement(RemoteWebDriver.java:349)
at org.openqa.selenium.support.ui.ExpectedConditions$6.apply(ExpectedConditions.java:171)
at org.openqa.selenium.support.ui.ExpectedConditions$6.apply(ExpectedConditions.java:168)
at org.openqa.selenium.support.ui.FluentWait.until(FluentWait.java:203)
... 27 more
]]>
    </error>
  </testcase> <!-- Zone_And_Region_Wise_Tab -->
  <system-out/>
  <testcase classname="mergeSMR_North_Zone.SmartEyeOverAllPerformance" name="Dealer_Parent_Group_Wise_Tab" time="16.081">
    <error message="Expected condition failed: waiting for presence of element located by: By.xpath: //*[text()=&quot; Dealer Parent Group Wise &quot;] (tried for 10 second(s) with 500 milliseconds interval)" type="org.openqa.selenium.TimeoutException">
      <![CDATA[org.openqa.selenium.TimeoutException: Expected condition failed: waiting for presence of element located by: By.xpath: //*[text()=" Dealer Parent Group Wise "] (tried for 10 second(s) with 500 milliseconds interval)
at org.openqa.selenium.support.ui.WebDriverWait.timeoutException(WebDriverWait.java:84)
at org.openqa.selenium.support.ui.FluentWait.until(FluentWait.java:228)
at mergeSMR_North_Zone.SmartEyeOverAllPerformance.Dealer_Parent_Group_Wise_Tab(SmartEyeOverAllPerformance.java:195)
at java.base/jdk.internal.reflect.DirectMethodHandleAccessor.invoke(DirectMethodHandleAccessor.java:103)
at java.base/java.lang.reflect.Method.invoke(Method.java:580)
at org.testng.internal.MethodInvocationHelper.invokeMethod(MethodInvocationHelper.java:133)
at org.testng.internal.TestInvoker.invokeMethod(TestInvoker.java:598)
at org.testng.internal.TestInvoker.invokeTestMethod(TestInvoker.java:173)
at org.testng.internal.MethodRunner.runInSequence(MethodRunner.java:46)
at org.testng.internal.TestInvoker$MethodInvocationAgent.invoke(TestInvoker.java:824)
at org.testng.internal.TestInvoker.invokeTestMethods(TestInvoker.java:146)
at org.testng.internal.TestMethodWorker.invokeTestMethods(TestMethodWorker.java:146)
at org.testng.internal.TestMethodWorker.run(TestMethodWorker.java:128)
at java.base/java.util.ArrayList.forEach(ArrayList.java:1597)
at org.testng.TestRunner.privateRun(TestRunner.java:794)
at org.testng.TestRunner.run(TestRunner.java:596)
at org.testng.SuiteRunner.runTest(SuiteRunner.java:377)
at org.testng.SuiteRunner.runSequentially(SuiteRunner.java:371)
at org.testng.SuiteRunner.privateRun(SuiteRunner.java:332)
at org.testng.SuiteRunner.run(SuiteRunner.java:276)
at org.testng.SuiteRunnerWorker.runSuite(SuiteRunnerWorker.java:53)
at org.testng.SuiteRunnerWorker.run(SuiteRunnerWorker.java:96)
at org.testng.TestNG.runSuitesSequentially(TestNG.java:1212)
at org.testng.TestNG.runSuitesLocally(TestNG.java:1134)
at org.testng.TestNG.runSuites(TestNG.java:1063)
at org.testng.TestNG.run(TestNG.java:1031)
at org.testng.remote.AbstractRemoteTestNG.run(AbstractRemoteTestNG.java:115)
at org.testng.remote.RemoteTestNG.initAndRun(RemoteTestNG.java:293)
at org.testng.remote.RemoteTestNG.main(RemoteTestNG.java:91)
Caused by: org.openqa.selenium.NoSuchElementException: no such element: Unable to locate element: {"method":"xpath","selector":"//*[text()=" Dealer Parent Group Wise "]"}
  (Session info: chrome=129.0.6668.70)
For documentation on this error, please visit: https://www.selenium.dev/documentation/webdriver/troubleshooting/errors#no-such-element-exception
Build info: version: '4.21.0', revision: '79ed462ef4'
System info: os.name: 'Windows 11', os.arch: 'amd64', os.version: '10.0', java.version: '22.0.1'
Driver info: org.openqa.selenium.chrome.ChromeDriver
Command: [f0e4368a9ca901c6e97e98931be5bd04, findElement {using=xpath, value=//*[text()=" Dealer Parent Group Wise "]}]
Capabilities {acceptInsecureCerts: false, browserName: chrome, browserVersion: 129.0.6668.70, chrome: {chromedriverVersion: 129.0.6668.70 (df87d5cf12b1..., userDataDir: C:\WINDOWS\TEMP\scoped_dir2...}, fedcm:accounts: true, goog:chromeOptions: {debuggerAddress: localhost:57142}, networkConnectionEnabled: false, pageLoadStrategy: normal, platformName: windows, proxy: Proxy(), se:cdp: ws://localhost:57142/devtoo..., se:cdpVersion: 129.0.6668.70, setWindowRect: true, strictFileInteractability: false, timeouts: {implicit: 0, pageLoad: 300000, script: 30000}, unhandledPromptBehavior: dismiss and notify, webauthn:extension:credBlob: true, webauthn:extension:largeBlob: true, webauthn:extension:minPinLength: true, webauthn:extension:prf: true, webauthn:virtualAuthenticators: true}
Session ID: f0e4368a9ca901c6e97e98931be5bd04
at java.base/jdk.internal.reflect.DirectConstructorHandleAccessor.newInstance(DirectConstructorHandleAccessor.java:62)
at java.base/java.lang.reflect.Constructor.newInstanceWithCaller(Constructor.java:502)
at java.base/java.lang.reflect.Constructor.newInstance(Constructor.java:486)
at org.openqa.selenium.remote.ErrorCodec.decode(ErrorCodec.java:167)
at org.openqa.selenium.remote.codec.w3c.W3CHttpResponseCodec.decode(W3CHttpResponseCodec.java:138)
at org.openqa.selenium.remote.codec.w3c.W3CHttpResponseCodec.decode(W3CHttpResponseCodec.java:50)
at org.openqa.selenium.remote.HttpCommandExecutor.execute(HttpCommandExecutor.java:190)
at org.openqa.selenium.remote.service.DriverCommandExecutor.invokeExecute(DriverCommandExecutor.java:216)
at org.openqa.selenium.remote.service.DriverCommandExecutor.execute(DriverCommandExecutor.java:174)
at org.openqa.selenium.remote.RemoteWebDriver.execute(RemoteWebDriver.java:518)
at org.openqa.selenium.remote.ElementLocation$ElementFinder$2.findElement(ElementLocation.java:165)
at org.openqa.selenium.remote.ElementLocation.findElement(ElementLocation.java:59)
at org.openqa.selenium.remote.RemoteWebDriver.findElement(RemoteWebDriver.java:355)
at org.openqa.selenium.remote.RemoteWebDriver.findElement(RemoteWebDriver.java:349)
at org.openqa.selenium.support.ui.ExpectedConditions$6.apply(ExpectedConditions.java:171)
at org.openqa.selenium.support.ui.ExpectedConditions$6.apply(ExpectedConditions.java:168)
at org.openqa.selenium.support.ui.FluentWait.until(FluentWait.java:203)
... 27 more
]]>
    </error>
  </testcase> <!-- Dealer_Parent_Group_Wise_Tab -->
  <system-out/>
  <testcase classname="mergeSMR_North_Zone.SmartEyeOverAllPerformance" name="Workshop_Wise_Tab" time="16.047">
    <error message="Expected condition failed: waiting for presence of element located by: By.xpath: //*[text()=&quot; Workshop Wise &quot;] (tried for 10 second(s) with 500 milliseconds interval)" type="org.openqa.selenium.TimeoutException">
      <![CDATA[org.openqa.selenium.TimeoutException: Expected condition failed: waiting for presence of element located by: By.xpath: //*[text()=" Workshop Wise "] (tried for 10 second(s) with 500 milliseconds interval)
at org.openqa.selenium.support.ui.WebDriverWait.timeoutException(WebDriverWait.java:84)
at org.openqa.selenium.support.ui.FluentWait.until(FluentWait.java:228)
at mergeSMR_North_Zone.SmartEyeOverAllPerformance.Workshop_Wise_Tab(SmartEyeOverAllPerformance.java:259)
at java.base/jdk.internal.reflect.DirectMethodHandleAccessor.invoke(DirectMethodHandleAccessor.java:103)
at java.base/java.lang.reflect.Method.invoke(Method.java:580)
at org.testng.internal.MethodInvocationHelper.invokeMethod(MethodInvocationHelper.java:133)
at org.testng.internal.TestInvoker.invokeMethod(TestInvoker.java:598)
at org.testng.internal.TestInvoker.invokeTestMethod(TestInvoker.java:173)
at org.testng.internal.MethodRunner.runInSequence(MethodRunner.java:46)
at org.testng.internal.TestInvoker$MethodInvocationAgent.invoke(TestInvoker.java:824)
at org.testng.internal.TestInvoker.invokeTestMethods(TestInvoker.java:146)
at org.testng.internal.TestMethodWorker.invokeTestMethods(TestMethodWorker.java:146)
at org.testng.internal.TestMethodWorker.run(TestMethodWorker.java:128)
at java.base/java.util.ArrayList.forEach(ArrayList.java:1597)
at org.testng.TestRunner.privateRun(TestRunner.java:794)
at org.testng.TestRunner.run(TestRunner.java:596)
at org.testng.SuiteRunner.runTest(SuiteRunner.java:377)
at org.testng.SuiteRunner.runSequentially(SuiteRunner.java:371)
at org.testng.SuiteRunner.privateRun(SuiteRunner.java:332)
at org.testng.SuiteRunner.run(SuiteRunner.java:276)
at org.testng.SuiteRunnerWorker.runSuite(SuiteRunnerWorker.java:53)
at org.testng.SuiteRunnerWorker.run(SuiteRunnerWorker.java:96)
at org.testng.TestNG.runSuitesSequentially(TestNG.java:1212)
at org.testng.TestNG.runSuitesLocally(TestNG.java:1134)
at org.testng.TestNG.runSuites(TestNG.java:1063)
at org.testng.TestNG.run(TestNG.java:1031)
at org.testng.remote.AbstractRemoteTestNG.run(AbstractRemoteTestNG.java:115)
at org.testng.remote.RemoteTestNG.initAndRun(RemoteTestNG.java:293)
at org.testng.remote.RemoteTestNG.main(RemoteTestNG.java:91)
Caused by: org.openqa.selenium.NoSuchElementException: no such element: Unable to locate element: {"method":"xpath","selector":"//*[text()=" Workshop Wise "]"}
  (Session info: chrome=129.0.6668.70)
For documentation on this error, please visit: https://www.selenium.dev/documentation/webdriver/troubleshooting/errors#no-such-element-exception
Build info: version: '4.21.0', revision: '79ed462ef4'
System info: os.name: 'Windows 11', os.arch: 'amd64', os.version: '10.0', java.version: '22.0.1'
Driver info: org.openqa.selenium.chrome.ChromeDriver
Command: [f0e4368a9ca901c6e97e98931be5bd04, findElement {using=xpath, value=//*[text()=" Workshop Wise "]}]
Capabilities {acceptInsecureCerts: false, browserName: chrome, browserVersion: 129.0.6668.70, chrome: {chromedriverVersion: 129.0.6668.70 (df87d5cf12b1..., userDataDir: C:\WINDOWS\TEMP\scoped_dir2...}, fedcm:accounts: true, goog:chromeOptions: {debuggerAddress: localhost:57142}, networkConnectionEnabled: false, pageLoadStrategy: normal, platformName: windows, proxy: Proxy(), se:cdp: ws://localhost:57142/devtoo..., se:cdpVersion: 129.0.6668.70, setWindowRect: true, strictFileInteractability: false, timeouts: {implicit: 0, pageLoad: 300000, script: 30000}, unhandledPromptBehavior: dismiss and notify, webauthn:extension:credBlob: true, webauthn:extension:largeBlob: true, webauthn:extension:minPinLength: true, webauthn:extension:prf: true, webauthn:virtualAuthenticators: true}
Session ID: f0e4368a9ca901c6e97e98931be5bd04
at java.base/jdk.internal.reflect.DirectConstructorHandleAccessor.newInstance(DirectConstructorHandleAccessor.java:62)
at java.base/java.lang.reflect.Constructor.newInstanceWithCaller(Constructor.java:502)
at java.base/java.lang.reflect.Constructor.newInstance(Constructor.java:486)
at org.openqa.selenium.remote.ErrorCodec.decode(ErrorCodec.java:167)
at org.openqa.selenium.remote.codec.w3c.W3CHttpResponseCodec.decode(W3CHttpResponseCodec.java:138)
at org.openqa.selenium.remote.codec.w3c.W3CHttpResponseCodec.decode(W3CHttpResponseCodec.java:50)
at org.openqa.selenium.remote.HttpCommandExecutor.execute(HttpCommandExecutor.java:190)
at org.openqa.selenium.remote.service.DriverCommandExecutor.invokeExecute(DriverCommandExecutor.java:216)
at org.openqa.selenium.remote.service.DriverCommandExecutor.execute(DriverCommandExecutor.java:174)
at org.openqa.selenium.remote.RemoteWebDriver.execute(RemoteWebDriver.java:518)
at org.openqa.selenium.remote.ElementLocation$ElementFinder$2.findElement(ElementLocation.java:165)
at org.openqa.selenium.remote.ElementLocation.findElement(ElementLocation.java:59)
at org.openqa.selenium.remote.RemoteWebDriver.findElement(RemoteWebDriver.java:355)
at org.openqa.selenium.remote.RemoteWebDriver.findElement(RemoteWebDriver.java:349)
at org.openqa.selenium.support.ui.ExpectedConditions$6.apply(ExpectedConditions.java:171)
at org.openqa.selenium.support.ui.ExpectedConditions$6.apply(ExpectedConditions.java:168)
at org.openqa.selenium.support.ui.FluentWait.until(FluentWait.java:203)
... 27 more
]]>
    </error>
  </testcase> <!-- Workshop_Wise_Tab -->
  <system-out/>
  <testcase classname="mergeSMR_North_Zone.SmartEyeOverAllPerformance" name="Day_Wise_Tab" time="16.053">
    <error message="Expected condition failed: waiting for presence of element located by: By.xpath: //*[text()=&quot; Day Wise &quot;] (tried for 10 second(s) with 500 milliseconds interval)" type="org.openqa.selenium.TimeoutException">
      <![CDATA[org.openqa.selenium.TimeoutException: Expected condition failed: waiting for presence of element located by: By.xpath: //*[text()=" Day Wise "] (tried for 10 second(s) with 500 milliseconds interval)
at org.openqa.selenium.support.ui.WebDriverWait.timeoutException(WebDriverWait.java:84)
at org.openqa.selenium.support.ui.FluentWait.until(FluentWait.java:228)
at mergeSMR_North_Zone.SmartEyeOverAllPerformance.Day_Wise_Tab(SmartEyeOverAllPerformance.java:323)
at java.base/jdk.internal.reflect.DirectMethodHandleAccessor.invoke(DirectMethodHandleAccessor.java:103)
at java.base/java.lang.reflect.Method.invoke(Method.java:580)
at org.testng.internal.MethodInvocationHelper.invokeMethod(MethodInvocationHelper.java:133)
at org.testng.internal.TestInvoker.invokeMethod(TestInvoker.java:598)
at org.testng.internal.TestInvoker.invokeTestMethod(TestInvoker.java:173)
at org.testng.internal.MethodRunner.runInSequence(MethodRunner.java:46)
at org.testng.internal.TestInvoker$MethodInvocationAgent.invoke(TestInvoker.java:824)
at org.testng.internal.TestInvoker.invokeTestMethods(TestInvoker.java:146)
at org.testng.internal.TestMethodWorker.invokeTestMethods(TestMethodWorker.java:146)
at org.testng.internal.TestMethodWorker.run(TestMethodWorker.java:128)
at java.base/java.util.ArrayList.forEach(ArrayList.java:1597)
at org.testng.TestRunner.privateRun(TestRunner.java:794)
at org.testng.TestRunner.run(TestRunner.java:596)
at org.testng.SuiteRunner.runTest(SuiteRunner.java:377)
at org.testng.SuiteRunner.runSequentially(SuiteRunner.java:371)
at org.testng.SuiteRunner.privateRun(SuiteRunner.java:332)
at org.testng.SuiteRunner.run(SuiteRunner.java:276)
at org.testng.SuiteRunnerWorker.runSuite(SuiteRunnerWorker.java:53)
at org.testng.SuiteRunnerWorker.run(SuiteRunnerWorker.java:96)
at org.testng.TestNG.runSuitesSequentially(TestNG.java:1212)
at org.testng.TestNG.runSuitesLocally(TestNG.java:1134)
at org.testng.TestNG.runSuites(TestNG.java:1063)
at org.testng.TestNG.run(TestNG.java:1031)
at org.testng.remote.AbstractRemoteTestNG.run(AbstractRemoteTestNG.java:115)
at org.testng.remote.RemoteTestNG.initAndRun(RemoteTestNG.java:293)
at org.testng.remote.RemoteTestNG.main(RemoteTestNG.java:91)
Caused by: org.openqa.selenium.NoSuchElementException: no such element: Unable to locate element: {"method":"xpath","selector":"//*[text()=" Day Wise "]"}
  (Session info: chrome=129.0.6668.70)
For documentation on this error, please visit: https://www.selenium.dev/documentation/webdriver/troubleshooting/errors#no-such-element-exception
Build info: version: '4.21.0', revision: '79ed462ef4'
System info: os.name: 'Windows 11', os.arch: 'amd64', os.version: '10.0', java.version: '22.0.1'
Driver info: org.openqa.selenium.chrome.ChromeDriver
Command: [f0e4368a9ca901c6e97e98931be5bd04, findElement {using=xpath, value=//*[text()=" Day Wise "]}]
Capabilities {acceptInsecureCerts: false, browserName: chrome, browserVersion: 129.0.6668.70, chrome: {chromedriverVersion: 129.0.6668.70 (df87d5cf12b1..., userDataDir: C:\WINDOWS\TEMP\scoped_dir2...}, fedcm:accounts: true, goog:chromeOptions: {debuggerAddress: localhost:57142}, networkConnectionEnabled: false, pageLoadStrategy: normal, platformName: windows, proxy: Proxy(), se:cdp: ws://localhost:57142/devtoo..., se:cdpVersion: 129.0.6668.70, setWindowRect: true, strictFileInteractability: false, timeouts: {implicit: 0, pageLoad: 300000, script: 30000}, unhandledPromptBehavior: dismiss and notify, webauthn:extension:credBlob: true, webauthn:extension:largeBlob: true, webauthn:extension:minPinLength: true, webauthn:extension:prf: true, webauthn:virtualAuthenticators: true}
Session ID: f0e4368a9ca901c6e97e98931be5bd04
at java.base/jdk.internal.reflect.DirectConstructorHandleAccessor.newInstance(DirectConstructorHandleAccessor.java:62)
at java.base/java.lang.reflect.Constructor.newInstanceWithCaller(Constructor.java:502)
at java.base/java.lang.reflect.Constructor.newInstance(Constructor.java:486)
at org.openqa.selenium.remote.ErrorCodec.decode(ErrorCodec.java:167)
at org.openqa.selenium.remote.codec.w3c.W3CHttpResponseCodec.decode(W3CHttpResponseCodec.java:138)
at org.openqa.selenium.remote.codec.w3c.W3CHttpResponseCodec.decode(W3CHttpResponseCodec.java:50)
at org.openqa.selenium.remote.HttpCommandExecutor.execute(HttpCommandExecutor.java:190)
at org.openqa.selenium.remote.service.DriverCommandExecutor.invokeExecute(DriverCommandExecutor.java:216)
at org.openqa.selenium.remote.service.DriverCommandExecutor.execute(DriverCommandExecutor.java:174)
at org.openqa.selenium.remote.RemoteWebDriver.execute(RemoteWebDriver.java:518)
at org.openqa.selenium.remote.ElementLocation$ElementFinder$2.findElement(ElementLocation.java:165)
at org.openqa.selenium.remote.ElementLocation.findElement(ElementLocation.java:59)
at org.openqa.selenium.remote.RemoteWebDriver.findElement(RemoteWebDriver.java:355)
at org.openqa.selenium.remote.RemoteWebDriver.findElement(RemoteWebDriver.java:349)
at org.openqa.selenium.support.ui.ExpectedConditions$6.apply(ExpectedConditions.java:171)
at org.openqa.selenium.support.ui.ExpectedConditions$6.apply(ExpectedConditions.java:168)
at org.openqa.selenium.support.ui.FluentWait.until(FluentWait.java:203)
... 27 more
]]>
    </error>
  </testcase> <!-- Day_Wise_Tab -->
  <system-out/>
  <testcase classname="mergeSMR_North_Zone.SmartEyeOverAllPerformance" name="Service_Type_Wise_Tab" time="16.075">
    <error message="Expected condition failed: waiting for presence of element located by: By.xpath: //*[text()=&quot; Service Type Wise &quot;] (tried for 10 second(s) with 500 milliseconds interval)" type="org.openqa.selenium.TimeoutException">
      <![CDATA[org.openqa.selenium.TimeoutException: Expected condition failed: waiting for presence of element located by: By.xpath: //*[text()=" Service Type Wise "] (tried for 10 second(s) with 500 milliseconds interval)
at org.openqa.selenium.support.ui.WebDriverWait.timeoutException(WebDriverWait.java:84)
at org.openqa.selenium.support.ui.FluentWait.until(FluentWait.java:228)
at mergeSMR_North_Zone.SmartEyeOverAllPerformance.Service_Type_Wise_Tab(SmartEyeOverAllPerformance.java:387)
at java.base/jdk.internal.reflect.DirectMethodHandleAccessor.invoke(DirectMethodHandleAccessor.java:103)
at java.base/java.lang.reflect.Method.invoke(Method.java:580)
at org.testng.internal.MethodInvocationHelper.invokeMethod(MethodInvocationHelper.java:133)
at org.testng.internal.TestInvoker.invokeMethod(TestInvoker.java:598)
at org.testng.internal.TestInvoker.invokeTestMethod(TestInvoker.java:173)
at org.testng.internal.MethodRunner.runInSequence(MethodRunner.java:46)
at org.testng.internal.TestInvoker$MethodInvocationAgent.invoke(TestInvoker.java:824)
at org.testng.internal.TestInvoker.invokeTestMethods(TestInvoker.java:146)
at org.testng.internal.TestMethodWorker.invokeTestMethods(TestMethodWorker.java:146)
at org.testng.internal.TestMethodWorker.run(TestMethodWorker.java:128)
at java.base/java.util.ArrayList.forEach(ArrayList.java:1597)
at org.testng.TestRunner.privateRun(TestRunner.java:794)
at org.testng.TestRunner.run(TestRunner.java:596)
at org.testng.SuiteRunner.runTest(SuiteRunner.java:377)
at org.testng.SuiteRunner.runSequentially(SuiteRunner.java:371)
at org.testng.SuiteRunner.privateRun(SuiteRunner.java:332)
at org.testng.SuiteRunner.run(SuiteRunner.java:276)
at org.testng.SuiteRunnerWorker.runSuite(SuiteRunnerWorker.java:53)
at org.testng.SuiteRunnerWorker.run(SuiteRunnerWorker.java:96)
at org.testng.TestNG.runSuitesSequentially(TestNG.java:1212)
at org.testng.TestNG.runSuitesLocally(TestNG.java:1134)
at org.testng.TestNG.runSuites(TestNG.java:1063)
at org.testng.TestNG.run(TestNG.java:1031)
at org.testng.remote.AbstractRemoteTestNG.run(AbstractRemoteTestNG.java:115)
at org.testng.remote.RemoteTestNG.initAndRun(RemoteTestNG.java:293)
at org.testng.remote.RemoteTestNG.main(RemoteTestNG.java:91)
Caused by: org.openqa.selenium.NoSuchElementException: no such element: Unable to locate element: {"method":"xpath","selector":"//*[text()=" Service Type Wise "]"}
  (Session info: chrome=129.0.6668.70)
For documentation on this error, please visit: https://www.selenium.dev/documentation/webdriver/troubleshooting/errors#no-such-element-exception
Build info: version: '4.21.0', revision: '79ed462ef4'
System info: os.name: 'Windows 11', os.arch: 'amd64', os.version: '10.0', java.version: '22.0.1'
Driver info: org.openqa.selenium.chrome.ChromeDriver
Command: [f0e4368a9ca901c6e97e98931be5bd04, findElement {using=xpath, value=//*[text()=" Service Type Wise "]}]
Capabilities {acceptInsecureCerts: false, browserName: chrome, browserVersion: 129.0.6668.70, chrome: {chromedriverVersion: 129.0.6668.70 (df87d5cf12b1..., userDataDir: C:\WINDOWS\TEMP\scoped_dir2...}, fedcm:accounts: true, goog:chromeOptions: {debuggerAddress: localhost:57142}, networkConnectionEnabled: false, pageLoadStrategy: normal, platformName: windows, proxy: Proxy(), se:cdp: ws://localhost:57142/devtoo..., se:cdpVersion: 129.0.6668.70, setWindowRect: true, strictFileInteractability: false, timeouts: {implicit: 0, pageLoad: 300000, script: 30000}, unhandledPromptBehavior: dismiss and notify, webauthn:extension:credBlob: true, webauthn:extension:largeBlob: true, webauthn:extension:minPinLength: true, webauthn:extension:prf: true, webauthn:virtualAuthenticators: true}
Session ID: f0e4368a9ca901c6e97e98931be5bd04
at java.base/jdk.internal.reflect.DirectConstructorHandleAccessor.newInstance(DirectConstructorHandleAccessor.java:62)
at java.base/java.lang.reflect.Constructor.newInstanceWithCaller(Constructor.java:502)
at java.base/java.lang.reflect.Constructor.newInstance(Constructor.java:486)
at org.openqa.selenium.remote.ErrorCodec.decode(ErrorCodec.java:167)
at org.openqa.selenium.remote.codec.w3c.W3CHttpResponseCodec.decode(W3CHttpResponseCodec.java:138)
at org.openqa.selenium.remote.codec.w3c.W3CHttpResponseCodec.decode(W3CHttpResponseCodec.java:50)
at org.openqa.selenium.remote.HttpCommandExecutor.execute(HttpCommandExecutor.java:190)
at org.openqa.selenium.remote.service.DriverCommandExecutor.invokeExecute(DriverCommandExecutor.java:216)
at org.openqa.selenium.remote.service.DriverCommandExecutor.execute(DriverCommandExecutor.java:174)
at org.openqa.selenium.remote.RemoteWebDriver.execute(RemoteWebDriver.java:518)
at org.openqa.selenium.remote.ElementLocation$ElementFinder$2.findElement(ElementLocation.java:165)
at org.openqa.selenium.remote.ElementLocation.findElement(ElementLocation.java:59)
at org.openqa.selenium.remote.RemoteWebDriver.findElement(RemoteWebDriver.java:355)
at org.openqa.selenium.remote.RemoteWebDriver.findElement(RemoteWebDriver.java:349)
at org.openqa.selenium.support.ui.ExpectedConditions$6.apply(ExpectedConditions.java:171)
at org.openqa.selenium.support.ui.ExpectedConditions$6.apply(ExpectedConditions.java:168)
at org.openqa.selenium.support.ui.FluentWait.until(FluentWait.java:203)
... 27 more
]]>
    </error>
  </testcase> <!-- Service_Type_Wise_Tab -->
  <system-out/>
  <testcase classname="mergeSMR_North_Zone.SmartEyeOverAllPerformance" name="Compare_TotalJCOpen_A_Column_ZoneRegionWise_With_DealerParentWise" time="0.000"/>
  <system-out/>
  <testcase classname="mergeSMR_North_Zone.SmartEyeOverAllPerformance" name="Compare_JCOpenUsingSmartEye_B_Column_ZoneRegionWise_With_DealerParentWise" time="0.000"/>
  <system-out/>
  <testcase classname="mergeSMR_North_Zone.SmartEyeOverAllPerformance" name="Compare_VehicleConvertedInBodyShop_OwnWorkshop_C_Column_ZoneRegionWise_With_DealerParentWise" time="0.000"/>
  <system-out/>
  <testcase classname="mergeSMR_North_Zone.SmartEyeOverAllPerformance" name="Compare_VehicleConvertedInBodyShop_RegionParent_D_Column_ZoneRegionWise_With_DealerParentWise" time="0.000"/>
  <system-out/>
  <testcase classname="mergeSMR_North_Zone.SmartEyeOverAllPerformance" name="Compare_VehicleConvertedInBodyShop_E_Column_ZoneRegionWise_With_DealerParentWise" time="0.000"/>
  <system-out/>
  <testcase classname="mergeSMR_North_Zone.SmartEyeOverAllPerformance" name="Compare_Percent_JCOpen_UsingSmartEye_Column_ZoneRegionWise_With_DealerParentWise" time="0.000"/>
  <system-out/>
  <testcase classname="mergeSMR_North_Zone.SmartEyeOverAllPerformance" name="Compare_PercentConverted_Vs_Total_JCOpen_Column_ZoneRegionWise_With_DealerParentWise" time="0.012"/>
  <system-out/>
  <testcase classname="mergeSMR_North_Zone.SmartEyeOverAllPerformance" name="Compare_Percent_Converted_Vs_OpenedUsing_SmartEye_Column_ZoneRegionWise_With_DealerParentWise" time="0.000"/>
  <system-out/>
  <testcase classname="mergeSMR_North_Zone.SmartEyeOverAllPerformance" name="Compare_Revenue_Earned_Column_ZoneRegionWise_With_DealerParentWise" time="0.000"/>
  <system-out/>
  <testcase classname="mergeSMR_North_Zone.SmartEyeOverAllPerformance" name="Compare_Converted_At_OtherDealer_F_Column_ZoneRegionWise_With_DealerParentWise" time="0.000"/>
  <system-out/>
  <testcase classname="mergeSMR_North_Zone.SmartEyeOverAllPerformance" name="Compare_TotalJCOpen_A_Column_ZoneRegionWise_With_WorkshopWise" time="0.000"/>
  <system-out/>
  <testcase classname="mergeSMR_North_Zone.SmartEyeOverAllPerformance" name="Compare_JCOpenUsing_SmartEye_B_Column_ZoneRegionWise_With_WorkshopWise" time="0.000"/>
  <system-out/>
  <testcase classname="mergeSMR_North_Zone.SmartEyeOverAllPerformance" name="Compare_VehicleConvertedInBodyShop_OwnWorkshop_C_Column_ZoneRegionWise_With_WorkshopWise" time="0.000"/>
  <system-out/>
  <testcase classname="mergeSMR_North_Zone.SmartEyeOverAllPerformance" name="Compare_VehicleConvertedInBodyShop_RegionParent_D_Column_ZoneRegionWise_With_WorkshopWise" time="0.000"/>
  <system-out/>
  <testcase classname="mergeSMR_North_Zone.SmartEyeOverAllPerformance" name="Compare_VehicleConvertedInBodyShop_E_Column_ZoneRegionWise_With_WorkshopWise" time="0.000"/>
  <system-out/>
  <testcase classname="mergeSMR_North_Zone.SmartEyeOverAllPerformance" name="Compare_Percent_JCOpen_UsingSmartEye_Column_ZoneRegionWise_With_WorkshopWise" time="0.000"/>
  <system-out/>
  <testcase classname="mergeSMR_North_Zone.SmartEyeOverAllPerformance" name="Compare_Percent_Converted_Vs_TotalJCOpen_Column_ZoneRegionWise_With_WorkshopWise" time="0.000"/>
  <system-out/>
  <testcase classname="mergeSMR_North_Zone.SmartEyeOverAllPerformance" name="Compare_Percent_Converted_Vs_OpenedUsing_SmartEye_Column_ZoneRegionWise_With_WorkshopWise" time="0.000"/>
  <system-out/>
  <testcase classname="mergeSMR_North_Zone.SmartEyeOverAllPerformance" name="Compare_Revenue_Earned_Column_ZoneRegionWise_With_WorkshopWise" time="0.000"/>
  <system-out/>
  <testcase classname="mergeSMR_North_Zone.SmartEyeOverAllPerformance" name="Compare_ConvertedAt_OtherDealer_F_Column_ZoneRegionWise_With_WorkshopWise" time="0.000"/>
  <system-out/>
  <testcase classname="mergeSMR_North_Zone.SmartEyeOverAllPerformance" name="Compare_TotalJCOpen_A_Column_ZoneRegionWise_With_DayWise" time="0.000"/>
  <system-out/>
  <testcase classname="mergeSMR_North_Zone.SmartEyeOverAllPerformance" name="Compare_JCOpenUsing_SmartEye_B_Column_ZoneRegionWise_With_DayWise" time="0.000"/>
  <system-out/>
  <testcase classname="mergeSMR_North_Zone.SmartEyeOverAllPerformance" name="Compare_VehicleConvertedInBodyShop_OwnWorkshop_C_Column_ZoneRegionWise_With_DayWise" time="0.000"/>
  <system-out/>
  <testcase classname="mergeSMR_North_Zone.SmartEyeOverAllPerformance" name="Compare_VehicleConvertedInBodyShop_RegionParent_D_Column_ZoneRegionWise_With_DayWise" time="0.000"/>
  <system-out/>
  <testcase classname="mergeSMR_North_Zone.SmartEyeOverAllPerformance" name="Compare_VehicleConvertedInBodyShop_E_Column_ZoneRegionWise_With_DayWise" time="0.000"/>
  <system-out/>
  <testcase classname="mergeSMR_North_Zone.SmartEyeOverAllPerformance" name="Compare_Percent_JCOpen_UsingSmartEye_Column_ZoneRegionWise_With_DayWise" time="0.000"/>
  <system-out/>
  <testcase classname="mergeSMR_North_Zone.SmartEyeOverAllPerformance" name="Compare_Percent_Converted_Vs_TotalJCOpen_Column_ZoneRegionWise_With_DayWise" time="0.000"/>
  <system-out/>
  <testcase classname="mergeSMR_North_Zone.SmartEyeOverAllPerformance" name="Compare_Percent_Converted_Vs_OpenedUsing_SmartEye_Column_ZoneRegionWise_With_DayWise" time="0.000"/>
  <system-out/>
  <testcase classname="mergeSMR_North_Zone.SmartEyeOverAllPerformance" name="Compare_Revenue_Earned_Column_ZoneRegionWise_With_DayWise" time="0.000"/>
  <system-out/>
  <testcase classname="mergeSMR_North_Zone.SmartEyeOverAllPerformance" name="Compare_ConvertedAt_OtherDealer_F_Column_ZoneRegionWise_With_DayWise" time="0.016"/>
  <system-out/>
  <testcase classname="mergeSMR_North_Zone.SmartEyeOverAllPerformance" name="Compare_TotalJCOpen_A_Column_ZoneRegionWise_With_ServiceTypeWise" time="0.000"/>
  <system-out/>
  <testcase classname="mergeSMR_North_Zone.SmartEyeOverAllPerformance" name="Compare_JCOpenUsing_SmartEye_B_Column_ZoneRegionWise_With_ServiceTypeWise" time="0.000"/>
  <system-out/>
  <testcase classname="mergeSMR_North_Zone.SmartEyeOverAllPerformance" name="Compare_VehicleConvertedInBodyShop_OwnWorkshop_C_Column_ZoneRegionWise_With_ServiceTypeWise" time="0.000"/>
  <system-out/>
  <testcase classname="mergeSMR_North_Zone.SmartEyeOverAllPerformance" name="Compare_VehicleConvertedInBodyShop_RegionParent_D_Column_ZoneRegionWise_With_ServiceTypeWise" time="0.000"/>
  <system-out/>
  <testcase classname="mergeSMR_North_Zone.SmartEyeOverAllPerformance" name="Compare_VehicleConvertedInBodyShop_E_Column_ZoneRegionWise_With_ServiceTypeWise" time="0.000"/>
  <system-out/>
  <testcase classname="mergeSMR_North_Zone.SmartEyeOverAllPerformance" name="Compare_Percent_JCOpen_UsingSmartEye_Column_ZoneRegionWise_With_ServiceTypeWise" time="0.000"/>
  <system-out/>
  <testcase classname="mergeSMR_North_Zone.SmartEyeOverAllPerformance" name="Compare_Percent_Converted_Vs_TotalJCOpen_Column_ZoneRegionWise_With_ServiceTypeWise" time="0.000"/>
  <system-out/>
  <testcase classname="mergeSMR_North_Zone.SmartEyeOverAllPerformance" name="Compare_Percent_Converted_Vs_OpenedUsing_SmartEye_Column_ZoneRegionWise_With_ServiceTypeWise" time="0.000"/>
  <system-out/>
  <testcase classname="mergeSMR_North_Zone.SmartEyeOverAllPerformance" name="Compare_Revenue_Earned_Column_ZoneRegionWise_With_ServiceTypeWise" time="0.000"/>
  <system-out/>
  <testcase classname="mergeSMR_North_Zone.SmartEyeOverAllPerformance" name="Compare_ConvertedAt_OtherDealer_F_Column_ZoneRegionWise_With_ServiceTypeWise" time="0.000"/>
  <system-out/>
  <testcase classname="mergeSMR_North_Zone.SmartEyeOverAllPerformance" name="Compare_TotalJCOpen_A_Column_DealerParentWise_With_WorkshopWise" time="0.000"/>
  <system-out/>
  <testcase classname="mergeSMR_North_Zone.SmartEyeOverAllPerformance" name="Compare_JCOpenUsing_SmartEye_B_Column_DealerParentWise_With_WorkshopWise" time="0.000"/>
  <system-out/>
  <testcase classname="mergeSMR_North_Zone.SmartEyeOverAllPerformance" name="Compare_VehicleConvertedInBodyShop_OwnWorkshop_C_Column_DealerParentWise_With_WorkshopWise" time="0.000"/>
  <system-out/>
  <testcase classname="mergeSMR_North_Zone.SmartEyeOverAllPerformance" name="Compare_VehicleConvertedInBodyShop_RegionParent_D_Column_DealerParentWise_With_WorkshopWise" time="0.000"/>
  <system-out/>
  <testcase classname="mergeSMR_North_Zone.SmartEyeOverAllPerformance" name="Compare_VehicleConvertedInBodyShop_E_Column_DealerParentWise_With_WorkshopWise" time="0.000"/>
  <system-out/>
  <testcase classname="mergeSMR_North_Zone.SmartEyeOverAllPerformance" name="Compare_Percent_JCOpen_UsingSmartEye_Column_DealerParentWise_With_WorkshopWise" time="0.000"/>
  <system-out/>
  <testcase classname="mergeSMR_North_Zone.SmartEyeOverAllPerformance" name="Compare_Percent_Converted_Vs_TotalJCOpen_Column_DealerParentWise_With_WorkshopWise" time="0.000"/>
  <system-out/>
  <testcase classname="mergeSMR_North_Zone.SmartEyeOverAllPerformance" name="Compare_Percent_Converted_Vs_OpenedUsing_SmartEye_Column_DealerParentWise_With_WorkshopWise" time="0.000"/>
  <system-out/>
  <testcase classname="mergeSMR_North_Zone.SmartEyeOverAllPerformance" name="Compare_Revenue_Earned_Column_DealerParentWise_With_WorkshopWise" time="0.000"/>
  <system-out/>
  <testcase classname="mergeSMR_North_Zone.SmartEyeOverAllPerformance" name="Compare_ConvertedAt_OtherDealer_F_Column_DealerParentWise_With_WorkshopWise" time="0.000"/>
  <system-out/>
  <testcase classname="mergeSMR_North_Zone.SmartEyeOverAllPerformance" name="Compare_TotalJCOpen_A_Column_DealerParentWise_With_DayWise" time="0.000"/>
  <system-out/>
  <testcase classname="mergeSMR_North_Zone.SmartEyeOverAllPerformance" name="Compare_JCOpenUsing_SmartEye_B_Column_DealerParentWise_With_DayWise" time="0.000"/>
  <system-out/>
  <testcase classname="mergeSMR_North_Zone.SmartEyeOverAllPerformance" name="Compare_VehicleConvertedInBodyShop_OwnWorkshop_C_Column_DealerParentWise_With_DayWise" time="0.000"/>
  <system-out/>
  <testcase classname="mergeSMR_North_Zone.SmartEyeOverAllPerformance" name="Compare_VehicleConvertedInBodyShop_RegionParent_D_Column_DealerParentWise_With_DayWise" time="0.000"/>
  <system-out/>
  <testcase classname="mergeSMR_North_Zone.SmartEyeOverAllPerformance" name="Compare_VehicleConvertedInBodyShop_E_Column_DealerParentWise_With_DayWise" time="0.000"/>
  <system-out/>
  <testcase classname="mergeSMR_North_Zone.SmartEyeOverAllPerformance" name="Compare_Percent_JCOpen_UsingSmartEye_Column_DealerParentWise_With_DayWise" time="0.000"/>
  <system-out/>
  <testcase classname="mergeSMR_North_Zone.SmartEyeOverAllPerformance" name="Compare_Percent_Converted_Vs_TotalJCOpen_Column_DealerParentWise_With_DayWise" time="0.000"/>
  <system-out/>
  <testcase classname="mergeSMR_North_Zone.SmartEyeOverAllPerformance" name="Compare_Percent_Converted_Vs_OpenedUsing_SmartEye_Column_DealerParentWise_With_DayWise" time="0.000"/>
  <system-out/>
  <testcase classname="mergeSMR_North_Zone.SmartEyeOverAllPerformance" name="Compare_Revenue_Earned_Column_DealerParentWise_With_DayWise" time="0.000"/>
  <system-out/>
  <testcase classname="mergeSMR_North_Zone.SmartEyeOverAllPerformance" name="Compare_ConvertedAt_OtherDealer_F_Column_DealerParentWise_With_DayWise" time="0.000"/>
  <system-out/>
  <testcase classname="mergeSMR_North_Zone.SmartEyeOverAllPerformance" name="Compare_TotalJCOpen_A_Column_DealerParentWise_With_ServiceTypeWise" time="0.000"/>
  <system-out/>
  <testcase classname="mergeSMR_North_Zone.SmartEyeOverAllPerformance" name="Compare_JCOpenUsing_SmartEye_B_Column_DealerParentWise_With_ServiceTypeWise" time="0.000"/>
  <system-out/>
  <testcase classname="mergeSMR_North_Zone.SmartEyeOverAllPerformance" name="Compare_VehicleConvertedInBodyShop_OwnWorkshop_C_Column_DealerParentWise_With_ServiceTypeWise" time="0.000"/>
  <system-out/>
  <testcase classname="mergeSMR_North_Zone.SmartEyeOverAllPerformance" name="Compare_VehicleConvertedInBodyShop_RegionParent_D_Column_DealerParentWise_With_ServiceTypeWise" time="0.000"/>
  <system-out/>
  <testcase classname="mergeSMR_North_Zone.SmartEyeOverAllPerformance" name="Compare_VehicleConvertedInBodyShop_E_Column_DealerParentWise_With_ServiceTypeWise" time="0.000"/>
  <system-out/>
  <testcase classname="mergeSMR_North_Zone.SmartEyeOverAllPerformance" name="Compare_Percent_JCOpen_UsingSmartEye_Column_DealerParentWise_With_ServiceTypeWise" time="0.000"/>
  <system-out/>
  <testcase classname="mergeSMR_North_Zone.SmartEyeOverAllPerformance" name="Compare_Percent_Converted_Vs_TotalJCOpen_Column_DealerParentWise_With_ServiceTypeWise" time="0.000"/>
  <system-out/>
  <testcase classname="mergeSMR_North_Zone.SmartEyeOverAllPerformance" name="Compare_Percent_Converted_Vs_OpenedUsing_SmartEye_Column_DealerParentWise_With_ServiceTypeWise" time="0.000"/>
  <system-out/>
  <testcase classname="mergeSMR_North_Zone.SmartEyeOverAllPerformance" name="Compare_Revenue_Earned_Column_DealerParentWise_With_ServiceTypeWise" time="0.000"/>
  <system-out/>
  <testcase classname="mergeSMR_North_Zone.SmartEyeOverAllPerformance" name="Compare_ConvertedAt_OtherDealer_F_Column_DealerParentWise_With_ServiceTypeWise" time="0.000"/>
  <system-out/>
  <testcase classname="mergeSMR_North_Zone.SmartEyeOverAllPerformance" name="Compare_TotalJCOpen_A_Column_WorkshopWise_With_DayWise" time="0.000"/>
  <system-out/>
  <testcase classname="mergeSMR_North_Zone.SmartEyeOverAllPerformance" name="Compare_JCOpenUsing_SmartEye_B_Column_WorkshopWise_With_DayWise" time="0.000"/>
  <system-out/>
  <testcase classname="mergeSMR_North_Zone.SmartEyeOverAllPerformance" name="Compare_VehicleConvertedInBodyShop_OwnWorkshop_C_Column_WorkshopWise_With_DayWise" time="0.000"/>
  <system-out/>
  <testcase classname="mergeSMR_North_Zone.SmartEyeOverAllPerformance" name="Compare_VehicleConvertedInBodyShop_RegionParent_D_Column_WorkshopWise_With_DayWise" time="0.000"/>
  <system-out/>
  <testcase classname="mergeSMR_North_Zone.SmartEyeOverAllPerformance" name="Compare_VehicleConvertedInBodyShop_E_Column_WorkshopWise_With_DayWise" time="0.000"/>
  <system-out/>
  <testcase classname="mergeSMR_North_Zone.SmartEyeOverAllPerformance" name="Compare_Percent_JCOpen_UsingSmartEye_Column_WorkshopWise_With_DayWise" time="0.000"/>
  <system-out/>
  <testcase classname="mergeSMR_North_Zone.SmartEyeOverAllPerformance" name="Compare_Percent_Converted_Vs_TotalJCOpen_Column_WorkshopWise_With_DayWise" time="0.000"/>
  <system-out/>
  <testcase classname="mergeSMR_North_Zone.SmartEyeOverAllPerformance" name="Compare_Percent_Converted_Vs_OpenedUsing_SmartEye_Column_WorkshopWise_With_DayWise" time="0.000"/>
  <system-out/>
  <testcase classname="mergeSMR_North_Zone.SmartEyeOverAllPerformance" name="Compare_Revenue_Earned_Column_WorkshopWise_With_DayWise" time="0.000"/>
  <system-out/>
  <testcase classname="mergeSMR_North_Zone.SmartEyeOverAllPerformance" name="Compare_ConvertedAt_OtherDealer_F_Column_WorkshopWise_With_DayWise" time="0.000"/>
  <system-out/>
  <testcase classname="mergeSMR_North_Zone.SmartEyeOverAllPerformance" name="Compare_TotalJCOpen_A_Column_WorkshopWise_With_ServiceTypeWise" time="0.000"/>
  <system-out/>
  <testcase classname="mergeSMR_North_Zone.SmartEyeOverAllPerformance" name="Compare_JCOpenUsing_SmartEye_B_Column_WorkshopWise_With_ServiceTypeWise" time="0.000"/>
  <system-out/>
  <testcase classname="mergeSMR_North_Zone.SmartEyeOverAllPerformance" name="Compare_VehicleConvertedInBodyShop_OwnWorkshop_C_Column_WorkshopWise_With_ServiceTypeWise" time="0.000"/>
  <system-out/>
  <testcase classname="mergeSMR_North_Zone.SmartEyeOverAllPerformance" name="Compare_VehicleConvertedInBodyShop_RegionParent_D_Column_WorkshopWise_With_ServiceTypeWise" time="0.000"/>
  <system-out/>
  <testcase classname="mergeSMR_North_Zone.SmartEyeOverAllPerformance" name="Compare_VehicleConvertedInBodyShop_E_Column_WorkshopWise_With_ServiceTypeWise" time="0.000"/>
  <system-out/>
  <testcase classname="mergeSMR_North_Zone.SmartEyeOverAllPerformance" name="Compare_Percent_JCOpen_UsingSmartEye_Column_WorkshopWise_With_ServiceTypeWise" time="0.000"/>
  <system-out/>
  <testcase classname="mergeSMR_North_Zone.SmartEyeOverAllPerformance" name="Compare_Percent_Converted_Vs_TotalJCOpen_Column_WorkshopWise_With_ServiceTypeWise" time="0.000"/>
  <system-out/>
  <testcase classname="mergeSMR_North_Zone.SmartEyeOverAllPerformance" name="Compare_Percent_Converted_Vs_OpenedUsing_SmartEye_Column_WorkshopWise_With_ServiceTypeWise" time="0.000"/>
  <system-out/>
  <testcase classname="mergeSMR_North_Zone.SmartEyeOverAllPerformance" name="Compare_Revenue_Earned_Column_WorkshopWise_With_ServiceTypeWise" time="0.000"/>
  <system-out/>
  <testcase classname="mergeSMR_North_Zone.SmartEyeOverAllPerformance" name="Compare_ConvertedAt_OtherDealer_F_Column_WorkshopWise_With_ServiceTypeWise" time="0.000"/>
  <system-out/>
  <testcase classname="mergeSMR_North_Zone.SmartEyeOverAllPerformance" name="Compare_TotalJCOpen_A_Column_DayWise_With_ServiceTypeWise" time="0.000"/>
  <system-out/>
  <testcase classname="mergeSMR_North_Zone.SmartEyeOverAllPerformance" name="Compare_JCOpenUsing_SmartEye_B_Column_DayWise_With_ServiceTypeWise" time="0.000"/>
  <system-out/>
  <testcase classname="mergeSMR_North_Zone.SmartEyeOverAllPerformance" name="Compare_VehicleConvertedInBodyShop_OwnWorkshop_C_Column_DayWise_With_ServiceTypeWise" time="0.000"/>
  <system-out/>
  <testcase classname="mergeSMR_North_Zone.SmartEyeOverAllPerformance" name="Compare_VehicleConvertedInBodyShop_RegionParent_D_Column_DayWise_With_ServiceTypeWise" time="0.000"/>
  <system-out/>
  <testcase classname="mergeSMR_North_Zone.SmartEyeOverAllPerformance" name="Compare_VehicleConvertedInBodyShop_E_Column_DayWise_With_ServiceTypeWise" time="0.000"/>
  <system-out/>
  <testcase classname="mergeSMR_North_Zone.SmartEyeOverAllPerformance" name="Compare_Percent_JCOpen_UsingSmartEye_Column_DayWise_With_ServiceTypeWise" time="0.000"/>
  <system-out/>
  <testcase classname="mergeSMR_North_Zone.SmartEyeOverAllPerformance" name="Compare_Percent_Converted_Vs_TotalJCOpen_Column_DayWise_With_ServiceTypeWise" time="0.000"/>
  <system-out/>
  <testcase classname="mergeSMR_North_Zone.SmartEyeOverAllPerformance" name="Compare_Percent_Converted_Vs_OpenedUsing_SmartEye_Column_DayWise_With_ServiceTypeWise" time="0.000"/>
  <system-out/>
  <testcase classname="mergeSMR_North_Zone.SmartEyeOverAllPerformance" name="Compare_Revenue_Earned_Column_DayWise_With_ServiceTypeWise" time="0.000"/>
  <system-out/>
  <testcase classname="mergeSMR_North_Zone.SmartEyeOverAllPerformance" name="Compare_ConvertedAt_OtherDealer_F_Column_DayWise_With_ServiceTypeWise" time="7.008"/>
  <system-out/>
</testsuite> <!-- mergeSMR_North_Zone.SmartEyeOverAllPerformance -->
