<?xml version="1.0" encoding="UTF-8"?>
<!-- Generated by org.testng.reporters.JUnitReportReporter -->
<testsuite hostname="DESKTOP-7SBKKJ1" failures="1" tests="11" name="My_Leads_Data.All_Tab_Data_Check" time="156.597" errors="0" timestamp="2024-09-25T10:11:21 IST" skipped="0">
  <testcase classname="My_Leads_Data.All_Tab_Data_Check" name="Username" time="2.413"/>
  <system-out/>
  <testcase classname="My_Leads_Data.All_Tab_Data_Check" name="Password" time="3.352"/>
  <system-out/>
  <testcase classname="My_Leads_Data.All_Tab_Data_Check" name="Captcha" time="3.228"/>
  <system-out/>
  <testcase classname="My_Leads_Data.All_Tab_Data_Check" name="SUBMIT_Button" time="15.160"/>
  <system-out/>
  <testcase classname="My_Leads_Data.All_Tab_Data_Check" name="Click_On_MY_Leads" time="24.983"/>
  <system-out/>
  <testcase classname="My_Leads_Data.All_Tab_Data_Check" name="Click_On_Fresh_Calls" time="15.411"/>
  <system-out/>
  <testcase classname="My_Leads_Data.All_Tab_Data_Check" name="Click_On_Pending_Calls" time="18.379"/>
  <system-out/>
  <testcase classname="My_Leads_Data.All_Tab_Data_Check" name="Click_On_Follup" time="18.394">
    <failure message="FollowUp&#039; does not contain any data." type="java.lang.AssertionError">
      <![CDATA[java.lang.AssertionError: FollowUp' does not contain any data.
at org.testng.Assert.fail(Assert.java:99)
at My_Leads_Data.All_Tab_Data_Check.Click_On_Follup(All_Tab_Data_Check.java:164)
at java.base/jdk.internal.reflect.DirectMethodHandleAccessor.invoke(DirectMethodHandleAccessor.java:103)
at java.base/java.lang.reflect.Method.invoke(Method.java:580)
at org.testng.internal.MethodInvocationHelper.invokeMethod(MethodInvocationHelper.java:133)
at org.testng.internal.TestInvoker.invokeMethod(TestInvoker.java:598)
at org.testng.internal.TestInvoker.invokeTestMethod(TestInvoker.java:173)
at org.testng.internal.MethodRunner.runInSequence(MethodRunner.java:46)
at org.testng.internal.TestInvoker$MethodInvocationAgent.invoke(TestInvoker.java:824)
at org.testng.internal.TestInvoker.invokeTestMethods(TestInvoker.java:146)
at org.testng.internal.TestMethodWorker.invokeTestMethods(TestMethodWorker.java:146)
at org.testng.internal.TestMethodWorker.run(TestMethodWorker.java:128)
at java.base/java.util.ArrayList.forEach(ArrayList.java:1597)
at org.testng.TestRunner.privateRun(TestRunner.java:794)
at org.testng.TestRunner.run(TestRunner.java:596)
at org.testng.SuiteRunner.runTest(SuiteRunner.java:377)
at org.testng.SuiteRunner.runSequentially(SuiteRunner.java:371)
at org.testng.SuiteRunner.privateRun(SuiteRunner.java:332)
at org.testng.SuiteRunner.run(SuiteRunner.java:276)
at org.testng.SuiteRunnerWorker.runSuite(SuiteRunnerWorker.java:53)
at org.testng.SuiteRunnerWorker.run(SuiteRunnerWorker.java:96)
at org.testng.TestNG.runSuitesSequentially(TestNG.java:1212)
at org.testng.TestNG.runSuitesLocally(TestNG.java:1134)
at org.testng.TestNG.runSuites(TestNG.java:1063)
at org.testng.TestNG.run(TestNG.java:1031)
at org.testng.remote.AbstractRemoteTestNG.run(AbstractRemoteTestNG.java:115)
at org.testng.remote.RemoteTestNG.initAndRun(RemoteTestNG.java:293)
at org.testng.remote.RemoteTestNG.main(RemoteTestNG.java:91)
]]>
    </failure>
  </testcase> <!-- Click_On_Follup -->
  <system-out/>
  <testcase classname="My_Leads_Data.All_Tab_Data_Check" name="Click_On_Today_Booking" time="18.410"/>
  <system-out/>
  <testcase classname="My_Leads_Data.All_Tab_Data_Check" name="Click_On_future_Booking" time="18.451"/>
  <system-out/>
  <testcase classname="My_Leads_Data.All_Tab_Data_Check" name="Click_On_Pending_Booking" time="18.416"/>
  <system-out/>
</testsuite> <!-- My_Leads_Data.All_Tab_Data_Check -->
