<?xml version="1.0" encoding="UTF-8"?>
<!-- Generated by org.testng.reporters.JUnitReportReporter -->
<testsuite hostname="DESKTOP-7SBKKJ1" failures="2" tests="19" name="mergeSMR_North_Zone.SMRE_Performance_Report_SMR" time="216.033" errors="0" timestamp="2024-09-26T14:13:13 IST" skipped="0">
  <testcase classname="mergeSMR_North_Zone.SMRE_Performance_Report_SMR" name="Click_On_Report" time="3.260"/>
  <system-out/>
  <testcase classname="mergeSMR_North_Zone.SMRE_Performance_Report_SMR" name="Click_On_SMRE_PERFORMANCE_REPORT" time="7.328"/>
  <system-out/>
  <testcase classname="mergeSMR_North_Zone.SMRE_Performance_Report_SMR" name="Select_Parameter_VehicleChannel_SMRE_PERFORMANCE_REPORT" time="6.428"/>
  <system-out/>
  <testcase classname="mergeSMR_North_Zone.SMRE_Performance_Report_SMR" name="Select_Parameter_DelaerChannel_SMRE_PERFORMANCE_REPORT" time="6.381"/>
  <system-out/>
  <testcase classname="mergeSMR_North_Zone.SMRE_Performance_Report_SMR" name="Select_Parameter_ZONE_SMRE_PERFORMANCE_REPORT" time="6.388"/>
  <system-out/>
  <testcase classname="mergeSMR_North_Zone.SMRE_Performance_Report_SMR" name="Select_Parameter_REGION_SMRE_PERFORMANCE_REPORT" time="6.401"/>
  <system-out/>
  <testcase classname="mergeSMR_North_Zone.SMRE_Performance_Report_SMR" name="Select_Parameter_DEALER_NAME_SMRE_PERFORMANCE_REPORT" time="6.884"/>
  <system-out/>
  <testcase classname="mergeSMR_North_Zone.SMRE_Performance_Report_SMR" name="Select_Parameter_WORKSHOP_NAME_SMRE_PERFORMANCE_REPORT" time="6.621"/>
  <system-out/>
  <testcase classname="mergeSMR_North_Zone.SMRE_Performance_Report_SMR" name="Select_Parameter_REPORT_TYPE_SMRE_PERFORMANCE_REPORT" time="6.471"/>
  <system-out/>
  <testcase classname="mergeSMR_North_Zone.SMRE_Performance_Report_SMR" name="Select_Parameter_SERVICE_TYPE_SMRE_PERFORMANCE_REPORT" time="6.265"/>
  <system-out/>
  <testcase classname="mergeSMR_North_Zone.SMRE_Performance_Report_SMR" name="Select_Date_Range_SMRE_Performance_REPORT" time="8.771"/>
  <system-out/>
  <testcase classname="mergeSMR_North_Zone.SMRE_Performance_Report_SMR" name="Click_On_GENERATE_Zone_And_Region_Wise" time="35.215"/>
  <system-out/>
  <testcase classname="mergeSMR_North_Zone.SMRE_Performance_Report_SMR" name="Data_Verification_ZoneAndRegionWise" time="0.034">
    <failure message="The report does not contain any data. expected [true] but found [false]" type="java.lang.AssertionError">
      <![CDATA[java.lang.AssertionError: The report does not contain any data. expected [true] but found [false]
at org.testng.Assert.fail(Assert.java:99)
at org.testng.Assert.failNotEquals(Assert.java:1037)
at org.testng.Assert.assertTrue(Assert.java:45)
at mergeSMR_North_Zone.SMRE_Performance_Report_SMR.Data_Verification_ZoneAndRegionWise(SMRE_Performance_Report_SMR.java:276)
at java.base/jdk.internal.reflect.DirectMethodHandleAccessor.invoke(DirectMethodHandleAccessor.java:103)
at java.base/java.lang.reflect.Method.invoke(Method.java:580)
at org.testng.internal.MethodInvocationHelper.invokeMethod(MethodInvocationHelper.java:133)
at org.testng.internal.TestInvoker.invokeMethod(TestInvoker.java:598)
at org.testng.internal.TestInvoker.invokeTestMethod(TestInvoker.java:173)
at org.testng.internal.MethodRunner.runInSequence(MethodRunner.java:46)
at org.testng.internal.TestInvoker$MethodInvocationAgent.invoke(TestInvoker.java:824)
at org.testng.internal.TestInvoker.invokeTestMethods(TestInvoker.java:146)
at org.testng.internal.TestMethodWorker.invokeTestMethods(TestMethodWorker.java:146)
at org.testng.internal.TestMethodWorker.run(TestMethodWorker.java:128)
at java.base/java.util.ArrayList.forEach(ArrayList.java:1597)
at org.testng.TestRunner.privateRun(TestRunner.java:794)
at org.testng.TestRunner.run(TestRunner.java:596)
at org.testng.SuiteRunner.runTest(SuiteRunner.java:377)
at org.testng.SuiteRunner.runSequentially(SuiteRunner.java:371)
at org.testng.SuiteRunner.privateRun(SuiteRunner.java:332)
at org.testng.SuiteRunner.run(SuiteRunner.java:276)
at org.testng.SuiteRunnerWorker.runSuite(SuiteRunnerWorker.java:53)
at org.testng.SuiteRunnerWorker.run(SuiteRunnerWorker.java:96)
at org.testng.TestNG.runSuitesSequentially(TestNG.java:1212)
at org.testng.TestNG.runSuitesLocally(TestNG.java:1134)
at org.testng.TestNG.runSuites(TestNG.java:1063)
at org.testng.TestNG.run(TestNG.java:1031)
at org.testng.remote.AbstractRemoteTestNG.run(AbstractRemoteTestNG.java:115)
at org.testng.remote.RemoteTestNG.initAndRun(RemoteTestNG.java:293)
at org.testng.remote.RemoteTestNG.main(RemoteTestNG.java:91)
]]>
    </failure>
  </testcase> <!-- Data_Verification_ZoneAndRegionWise -->
  <system-out/>
  <testcase classname="mergeSMR_North_Zone.SMRE_Performance_Report_SMR" name="ClickOn_Edit_And_Select_ReportType_WorkshopWise" time="9.006"/>
  <system-out/>
  <testcase classname="mergeSMR_North_Zone.SMRE_Performance_Report_SMR" name="Generate_WorkshopWise_Report" time="35.276"/>
  <system-out/>
  <testcase classname="mergeSMR_North_Zone.SMRE_Performance_Report_SMR" name="Data_Verification_WorkshopWise" time="16.021">
    <failure message="The report does not contain any data. No data validation can be done expected [true] but found [false]" type="java.lang.AssertionError">
      <![CDATA[java.lang.AssertionError: The report does not contain any data. No data validation can be done expected [true] but found [false]
at org.testng.Assert.fail(Assert.java:99)
at org.testng.Assert.failNotEquals(Assert.java:1037)
at org.testng.Assert.assertTrue(Assert.java:45)
at mergeSMR_North_Zone.SMRE_Performance_Report_SMR.Data_Verification_WorkshopWise(SMRE_Performance_Report_SMR.java:316)
at java.base/jdk.internal.reflect.DirectMethodHandleAccessor.invoke(DirectMethodHandleAccessor.java:103)
at java.base/java.lang.reflect.Method.invoke(Method.java:580)
at org.testng.internal.MethodInvocationHelper.invokeMethod(MethodInvocationHelper.java:133)
at org.testng.internal.TestInvoker.invokeMethod(TestInvoker.java:598)
at org.testng.internal.TestInvoker.invokeTestMethod(TestInvoker.java:173)
at org.testng.internal.MethodRunner.runInSequence(MethodRunner.java:46)
at org.testng.internal.TestInvoker$MethodInvocationAgent.invoke(TestInvoker.java:824)
at org.testng.internal.TestInvoker.invokeTestMethods(TestInvoker.java:146)
at org.testng.internal.TestMethodWorker.invokeTestMethods(TestMethodWorker.java:146)
at org.testng.internal.TestMethodWorker.run(TestMethodWorker.java:128)
at java.base/java.util.ArrayList.forEach(ArrayList.java:1597)
at org.testng.TestRunner.privateRun(TestRunner.java:794)
at org.testng.TestRunner.run(TestRunner.java:596)
at org.testng.SuiteRunner.runTest(SuiteRunner.java:377)
at org.testng.SuiteRunner.runSequentially(SuiteRunner.java:371)
at org.testng.SuiteRunner.privateRun(SuiteRunner.java:332)
at org.testng.SuiteRunner.run(SuiteRunner.java:276)
at org.testng.SuiteRunnerWorker.runSuite(SuiteRunnerWorker.java:53)
at org.testng.SuiteRunnerWorker.run(SuiteRunnerWorker.java:96)
at org.testng.TestNG.runSuitesSequentially(TestNG.java:1212)
at org.testng.TestNG.runSuitesLocally(TestNG.java:1134)
at org.testng.TestNG.runSuites(TestNG.java:1063)
at org.testng.TestNG.run(TestNG.java:1031)
at org.testng.remote.AbstractRemoteTestNG.run(AbstractRemoteTestNG.java:115)
at org.testng.remote.RemoteTestNG.initAndRun(RemoteTestNG.java:293)
at org.testng.remote.RemoteTestNG.main(RemoteTestNG.java:91)
]]>
    </failure>
  </testcase> <!-- Data_Verification_WorkshopWise -->
  <system-out/>
  <testcase classname="mergeSMR_North_Zone.SMRE_Performance_Report_SMR" name="ClickOn_Edit_And_Select_ReportType_SMREWise" time="9.045"/>
  <system-out/>
  <testcase classname="mergeSMR_North_Zone.SMRE_Performance_Report_SMR" name="Generate_SMREWise_Report" time="35.209"/>
  <system-out/>
  <testcase classname="mergeSMR_North_Zone.SMRE_Performance_Report_SMR" name="Data_Verification_SMREWise" time="5.029"/>
  <system-out/>
</testsuite> <!-- mergeSMR_North_Zone.SMRE_Performance_Report_SMR -->
