<?xml version="1.0" encoding="UTF-8"?>
<!-- Generated by org.testng.reporters.JUnitReportReporter -->
<testsuite hostname="DESKTOP-7SBKKJ1" failures="1" tests="18" name="SMR_Central_Zone.AutoDialer_SMR_Report" time="290.465" errors="0" timestamp="2024-09-11T16:15:43 IST" skipped="0">
  <testcase classname="SMR_Central_Zone.AutoDialer_SMR_Report" name="Username" time="2.435"/>
  <system-out/>
  <testcase classname="SMR_Central_Zone.AutoDialer_SMR_Report" name="Password" time="3.319"/>
  <system-out/>
  <testcase classname="SMR_Central_Zone.AutoDialer_SMR_Report" name="Captcha" time="3.213"/>
  <system-out/>
  <testcase classname="SMR_Central_Zone.AutoDialer_SMR_Report" name="SUBMIT_Button" time="20.142"/>
  <system-out/>
  <testcase classname="SMR_Central_Zone.AutoDialer_SMR_Report" name="Click_On_Report" time="10.398"/>
  <system-out/>
  <testcase classname="SMR_Central_Zone.AutoDialer_SMR_Report" name="Click_On_AutoDialer_REPORT" time="7.196"/>
  <system-out/>
  <testcase classname="SMR_Central_Zone.AutoDialer_SMR_Report" name="Zone_And_Region_Wise_Tab" time="29.362"/>
  <system-out/>
  <testcase classname="SMR_Central_Zone.AutoDialer_SMR_Report" name="Data_Verification_Zone_And_Region_Wise" time="0.101"/>
  <system-out/>
  <testcase classname="SMR_Central_Zone.AutoDialer_SMR_Report" name="Dealer_Parent_Group_Wise_Tab" time="40.479"/>
  <system-out/>
  <testcase classname="SMR_Central_Zone.AutoDialer_SMR_Report" name="Data_Verification_Dealer_Parent_Group_Wise_Tab" time="0.031"/>
  <system-out/>
  <testcase classname="SMR_Central_Zone.AutoDialer_SMR_Report" name="Workshop_Wise_Tab" time="40.305"/>
  <system-out/>
  <testcase classname="SMR_Central_Zone.AutoDialer_SMR_Report" name="Data_Verification_Workshop_Wise_Tab" time="0.067">
    <failure message="The Workshop Wise report does not contain any data In Auto Dialer Report.In Auto Dialer Report.. expected [true] but found [false]" type="java.lang.AssertionError">
      <![CDATA[java.lang.AssertionError: The Workshop Wise report does not contain any data In Auto Dialer Report.In Auto Dialer Report.. expected [true] but found [false]
at org.testng.Assert.fail(Assert.java:99)
at org.testng.Assert.failNotEquals(Assert.java:1037)
at org.testng.Assert.assertTrue(Assert.java:45)
at SMR_Central_Zone.AutoDialer_SMR_Report.Data_Verification_Workshop_Wise_Tab(AutoDialer_SMR_Report.java:229)
at java.base/jdk.internal.reflect.DirectMethodHandleAccessor.invoke(DirectMethodHandleAccessor.java:103)
at java.base/java.lang.reflect.Method.invoke(Method.java:580)
at org.testng.internal.MethodInvocationHelper.invokeMethod(MethodInvocationHelper.java:133)
at org.testng.internal.TestInvoker.invokeMethod(TestInvoker.java:598)
at org.testng.internal.TestInvoker.invokeTestMethod(TestInvoker.java:173)
at org.testng.internal.MethodRunner.runInSequence(MethodRunner.java:46)
at org.testng.internal.TestInvoker$MethodInvocationAgent.invoke(TestInvoker.java:824)
at org.testng.internal.TestInvoker.invokeTestMethods(TestInvoker.java:146)
at org.testng.internal.TestMethodWorker.invokeTestMethods(TestMethodWorker.java:146)
at org.testng.internal.TestMethodWorker.run(TestMethodWorker.java:128)
at java.base/java.util.ArrayList.forEach(ArrayList.java:1597)
at org.testng.TestRunner.privateRun(TestRunner.java:794)
at org.testng.TestRunner.run(TestRunner.java:596)
at org.testng.SuiteRunner.runTest(SuiteRunner.java:377)
at org.testng.SuiteRunner.runSequentially(SuiteRunner.java:371)
at org.testng.SuiteRunner.privateRun(SuiteRunner.java:332)
at org.testng.SuiteRunner.run(SuiteRunner.java:276)
at org.testng.SuiteRunnerWorker.runSuite(SuiteRunnerWorker.java:53)
at org.testng.SuiteRunnerWorker.run(SuiteRunnerWorker.java:96)
at org.testng.TestNG.runSuitesSequentially(TestNG.java:1212)
at org.testng.TestNG.runSuitesLocally(TestNG.java:1134)
at org.testng.TestNG.runSuites(TestNG.java:1063)
at org.testng.TestNG.run(TestNG.java:1031)
at org.testng.remote.AbstractRemoteTestNG.run(AbstractRemoteTestNG.java:115)
at org.testng.remote.RemoteTestNG.initAndRun(RemoteTestNG.java:293)
at org.testng.remote.RemoteTestNG.main(RemoteTestNG.java:91)
]]>
    </failure>
  </testcase> <!-- Data_Verification_Workshop_Wise_Tab -->
  <system-out/>
  <testcase classname="SMR_Central_Zone.AutoDialer_SMR_Report" name="Day_Wise_Tab" time="40.333"/>
  <system-out/>
  <testcase classname="SMR_Central_Zone.AutoDialer_SMR_Report" name="Data_Verification_Day_Wise_Tab" time="0.032"/>
  <system-out/>
  <testcase classname="SMR_Central_Zone.AutoDialer_SMR_Report" name="SMRE_Wise_Tab" time="40.420"/>
  <system-out/>
  <testcase classname="SMR_Central_Zone.AutoDialer_SMR_Report" name="Data_Verification_SMRE_Wise_Tab" time="0.032"/>
  <system-out/>
  <testcase classname="SMR_Central_Zone.AutoDialer_SMR_Report" name="Dump_Wise_Tab" time="52.553"/>
  <system-out/>
  <testcase classname="SMR_Central_Zone.AutoDialer_SMR_Report" name="Data_Verification_Dump_Wise_Tab" time="0.047"/>
  <system-out/>
</testsuite> <!-- SMR_Central_Zone.AutoDialer_SMR_Report -->
