<html>
<head>
<title>TestNG:  Default test</title>
<link href="../testng.css" rel="stylesheet" type="text/css" />
<link href="../my-testng.css" rel="stylesheet" type="text/css" />

<style type="text/css">
.log { display: none;} 
.stack-trace { display: none;} 
</style>
<script type="text/javascript">
<!--
function flip(e) {
  current = e.style.display;
  if (current == 'block') {
    e.style.display = 'none';
    return 0;
  }
  else {
    e.style.display = 'block';
    return 1;
  }
}

function toggleBox(szDivId, elem, msg1, msg2)
{
  var res = -1;  if (document.getElementById) {
    res = flip(document.getElementById(szDivId));
  }
  else if (document.all) {
    // this is the way old msie versions work
    res = flip(document.all[szDivId]);
  }
  if(elem) {
    if(res == 0) elem.innerHTML = msg1; else elem.innerHTML = msg2;
  }

}

function toggleAllBoxes() {
  if (document.getElementsByTagName) {
    d = document.getElementsByTagName('div');
    for (i = 0; i < d.length; i++) {
      if (d[i].className == 'log') {
        flip(d[i]);
      }
    }
  }
}

// -->
</script>

</head>
<body>
<h2 align='center'>Default test</h2><table border='1' align="center">
<tr>
<td>Tests passed/Failed/Skipped:</td><td>21/3/0</td>
</tr><tr>
<td>Started on:</td><td>Mon Sep 30 16:49:54 IST 2024</td>
</tr>
<tr><td>Total time:</td><td>226 seconds (226939 ms)</td>
</tr><tr>
<td>Included groups:</td><td></td>
</tr><tr>
<td>Excluded groups:</td><td></td>
</tr>
</table><p/>
<small><i>(Hover the method name to see the test class name)</i></small><p/>
<table width='100%' border='1' class='invocation-failed'>
<tr><td colspan='4' align='center'><b>FAILED TESTS</b></td></tr>
<tr><td><b>Test method</b></td>
<td width="30%"><b>Exception</b></td>
<td width="10%"><b>Time (seconds)</b></td>
<td><b>Instance</b></td>
</tr>
<tr>
<td title='My_Leads_Data.All_Fillters_To_Check.Customer_tag_Fillters()'><b>Customer_tag_Fillters</b><br>Test class: My_Leads_Data.All_Fillters_To_Check</td>
<td><div><pre>java.lang.AssertionError: Selecting  ( Customer Tag )  additional fillter  does not contain any data.
	at org.testng.Assert.fail(Assert.java:99)
	at My_Leads_Data.All_Fillters_To_Check.Customer_tag_Fillters(All_Fillters_To_Check.java:519)
	at java.base/jdk.internal.reflect.DirectMethodHandleAccessor.invoke(DirectMethodHandleAccessor.java:103)
	at java.base/java.lang.reflect.Method.invoke(Method.java:580)
	at org.testng.internal.MethodInvocationHelper.invokeMethod(MethodInvocationHelper.java:133)
	at org.testng.internal.TestInvoker.invokeMethod(TestInvoker.java:598)
	at org.testng.internal.TestInvoker.invokeTestMethod(TestInvoker.java:173)
	at org.testng.internal.MethodRunner.runInSequence(MethodRunner.java:46)
	at org.testng.internal.TestInvoker$MethodInvocationAgent.invoke(TestInvoker.java:824)
	at org.testng.internal.TestInvoker.invokeTestMethods(TestInvoker.java:146)
	at org.testng.internal.TestMethodWorker.invokeTestMethods(TestMethodWorker.java:146)
	at org.testng.internal.TestMethodWorker.run(TestMethodWorker.java:128)
	at java.base/java.util.ArrayList.forEach(ArrayList.java:1597)
	at org.testng.TestRunner.privateRun(TestRunner.java:794)
	at org.testng.TestRunner.run(TestRunner.java:596)
	at org.testng.SuiteRunner.runTest(SuiteRunner.java:377)
	at org.testng.SuiteRunner.runSequentially(SuiteRunner.java:371)
	at org.testng.SuiteRunner.privateRun(SuiteRunner.java:332)
	at org.testng.SuiteRunner.run(SuiteRunner.java:276)
	at org.testng.SuiteRunnerWorker.runSuite(SuiteRunnerWorker.java:53)
	at org.testng.SuiteRunnerWorker.run(SuiteRunnerWorker.java:96)
	at org.testng.TestNG.runSuitesSequentially(TestNG.java:1212)
	at org.testng.TestNG.runSuitesLocally(TestNG.java:1134)
	at org.testng.TestNG.runSuites(TestNG.java:1063)
	at org.testng.TestNG.run(TestNG.java:1031)
	at org.testng.remote.AbstractRemoteTestNG.run(AbstractRemoteTestNG.java:115)
	at org.testng.remote.RemoteTestNG.initAndRun(RemoteTestNG.java:293)
	at org.testng.remote.RemoteTestNG.main(RemoteTestNG.java:91)
</pre></div><a href='#' onClick='toggleBox("stack-trace613630562", this, "Click to show all stack frames", "Click to hide stack frames")'>Click to show all stack frames</a>
<div class='stack-trace' id='stack-trace613630562'><pre>java.lang.AssertionError: Selecting  ( Customer Tag )  additional fillter  does not contain any data.
	at org.testng.Assert.fail(Assert.java:99)
	at My_Leads_Data.All_Fillters_To_Check.Customer_tag_Fillters(All_Fillters_To_Check.java:519)
	at java.base/jdk.internal.reflect.DirectMethodHandleAccessor.invoke(DirectMethodHandleAccessor.java:103)
	at java.base/java.lang.reflect.Method.invoke(Method.java:580)
	at org.testng.internal.MethodInvocationHelper.invokeMethod(MethodInvocationHelper.java:133)
	at org.testng.internal.TestInvoker.invokeMethod(TestInvoker.java:598)
	at org.testng.internal.TestInvoker.invokeTestMethod(TestInvoker.java:173)
	at org.testng.internal.MethodRunner.runInSequence(MethodRunner.java:46)
	at org.testng.internal.TestInvoker$MethodInvocationAgent.invoke(TestInvoker.java:824)
	at org.testng.internal.TestInvoker.invokeTestMethods(TestInvoker.java:146)
	at org.testng.internal.TestMethodWorker.invokeTestMethods(TestMethodWorker.java:146)
	at org.testng.internal.TestMethodWorker.run(TestMethodWorker.java:128)
	at java.base/java.util.ArrayList.forEach(ArrayList.java:1597)
	at org.testng.TestRunner.privateRun(TestRunner.java:794)
	at org.testng.TestRunner.run(TestRunner.java:596)
	at org.testng.SuiteRunner.runTest(SuiteRunner.java:377)
	at org.testng.SuiteRunner.runSequentially(SuiteRunner.java:371)
	at org.testng.SuiteRunner.privateRun(SuiteRunner.java:332)
	at org.testng.SuiteRunner.run(SuiteRunner.java:276)
	at org.testng.SuiteRunnerWorker.runSuite(SuiteRunnerWorker.java:53)
	at org.testng.SuiteRunnerWorker.run(SuiteRunnerWorker.java:96)
	at org.testng.TestNG.runSuitesSequentially(TestNG.java:1212)
	at org.testng.TestNG.runSuitesLocally(TestNG.java:1134)
	at org.testng.TestNG.runSuites(TestNG.java:1063)
	at org.testng.TestNG.run(TestNG.java:1031)
	at org.testng.remote.AbstractRemoteTestNG.run(AbstractRemoteTestNG.java:115)
	at org.testng.remote.RemoteTestNG.initAndRun(RemoteTestNG.java:293)
	at org.testng.remote.RemoteTestNG.main(RemoteTestNG.java:91)
</pre></div></td>
<td>9</td>
<td>My_Leads_Data.All_Fillters_To_Check@4550bb58</td></tr>
<tr>
<td title='My_Leads_Data.All_Fillters_To_Check.Service_due_Workshop_Filters()'><b>Service_due_Workshop_Filters</b><br>Test class: My_Leads_Data.All_Fillters_To_Check</td>
<td><div><pre>java.lang.AssertionError: Selecting (Service_due_Workshop) additional filter does not contain any data.
	at org.testng.Assert.fail(Assert.java:99)
	at My_Leads_Data.All_Fillters_To_Check.Service_due_Workshop_Filters(All_Fillters_To_Check.java:634)
	at java.base/jdk.internal.reflect.DirectMethodHandleAccessor.invoke(DirectMethodHandleAccessor.java:103)
	at java.base/java.lang.reflect.Method.invoke(Method.java:580)
	at org.testng.internal.MethodInvocationHelper.invokeMethod(MethodInvocationHelper.java:133)
	at org.testng.internal.TestInvoker.invokeMethod(TestInvoker.java:598)
	at org.testng.internal.TestInvoker.invokeTestMethod(TestInvoker.java:173)
	at org.testng.internal.MethodRunner.runInSequence(MethodRunner.java:46)
	at org.testng.internal.TestInvoker$MethodInvocationAgent.invoke(TestInvoker.java:824)
	at org.testng.internal.TestInvoker.invokeTestMethods(TestInvoker.java:146)
	at org.testng.internal.TestMethodWorker.invokeTestMethods(TestMethodWorker.java:146)
	at org.testng.internal.TestMethodWorker.run(TestMethodWorker.java:128)
	at java.base/java.util.ArrayList.forEach(ArrayList.java:1597)
	at org.testng.TestRunner.privateRun(TestRunner.java:794)
	at org.testng.TestRunner.run(TestRunner.java:596)
	at org.testng.SuiteRunner.runTest(SuiteRunner.java:377)
	at org.testng.SuiteRunner.runSequentially(SuiteRunner.java:371)
	at org.testng.SuiteRunner.privateRun(SuiteRunner.java:332)
	at org.testng.SuiteRunner.run(SuiteRunner.java:276)
	at org.testng.SuiteRunnerWorker.runSuite(SuiteRunnerWorker.java:53)
	at org.testng.SuiteRunnerWorker.run(SuiteRunnerWorker.java:96)
	at org.testng.TestNG.runSuitesSequentially(TestNG.java:1212)
	at org.testng.TestNG.runSuitesLocally(TestNG.java:1134)
	at org.testng.TestNG.runSuites(TestNG.java:1063)
	at org.testng.TestNG.run(TestNG.java:1031)
	at org.testng.remote.AbstractRemoteTestNG.run(AbstractRemoteTestNG.java:115)
	at org.testng.remote.RemoteTestNG.initAndRun(RemoteTestNG.java:293)
	at org.testng.remote.RemoteTestNG.main(RemoteTestNG.java:91)
</pre></div><a href='#' onClick='toggleBox("stack-trace1183701566", this, "Click to show all stack frames", "Click to hide stack frames")'>Click to show all stack frames</a>
<div class='stack-trace' id='stack-trace1183701566'><pre>java.lang.AssertionError: Selecting (Service_due_Workshop) additional filter does not contain any data.
	at org.testng.Assert.fail(Assert.java:99)
	at My_Leads_Data.All_Fillters_To_Check.Service_due_Workshop_Filters(All_Fillters_To_Check.java:634)
	at java.base/jdk.internal.reflect.DirectMethodHandleAccessor.invoke(DirectMethodHandleAccessor.java:103)
	at java.base/java.lang.reflect.Method.invoke(Method.java:580)
	at org.testng.internal.MethodInvocationHelper.invokeMethod(MethodInvocationHelper.java:133)
	at org.testng.internal.TestInvoker.invokeMethod(TestInvoker.java:598)
	at org.testng.internal.TestInvoker.invokeTestMethod(TestInvoker.java:173)
	at org.testng.internal.MethodRunner.runInSequence(MethodRunner.java:46)
	at org.testng.internal.TestInvoker$MethodInvocationAgent.invoke(TestInvoker.java:824)
	at org.testng.internal.TestInvoker.invokeTestMethods(TestInvoker.java:146)
	at org.testng.internal.TestMethodWorker.invokeTestMethods(TestMethodWorker.java:146)
	at org.testng.internal.TestMethodWorker.run(TestMethodWorker.java:128)
	at java.base/java.util.ArrayList.forEach(ArrayList.java:1597)
	at org.testng.TestRunner.privateRun(TestRunner.java:794)
	at org.testng.TestRunner.run(TestRunner.java:596)
	at org.testng.SuiteRunner.runTest(SuiteRunner.java:377)
	at org.testng.SuiteRunner.runSequentially(SuiteRunner.java:371)
	at org.testng.SuiteRunner.privateRun(SuiteRunner.java:332)
	at org.testng.SuiteRunner.run(SuiteRunner.java:276)
	at org.testng.SuiteRunnerWorker.runSuite(SuiteRunnerWorker.java:53)
	at org.testng.SuiteRunnerWorker.run(SuiteRunnerWorker.java:96)
	at org.testng.TestNG.runSuitesSequentially(TestNG.java:1212)
	at org.testng.TestNG.runSuitesLocally(TestNG.java:1134)
	at org.testng.TestNG.runSuites(TestNG.java:1063)
	at org.testng.TestNG.run(TestNG.java:1031)
	at org.testng.remote.AbstractRemoteTestNG.run(AbstractRemoteTestNG.java:115)
	at org.testng.remote.RemoteTestNG.initAndRun(RemoteTestNG.java:293)
	at org.testng.remote.RemoteTestNG.main(RemoteTestNG.java:91)
</pre></div></td>
<td>8</td>
<td>My_Leads_Data.All_Fillters_To_Check@4550bb58</td></tr>
<tr>
<td title='My_Leads_Data.All_Fillters_To_Check.CCP_Fillters_check()'><b>CCP_Fillters_check</b><br>Test class: My_Leads_Data.All_Fillters_To_Check</td>
<td><div><pre>java.lang.AssertionError: Selecting  ( CCP Tie  fillter ) does not contain any data.
	at org.testng.Assert.fail(Assert.java:99)
	at My_Leads_Data.All_Fillters_To_Check.CCP_Fillters_check(All_Fillters_To_Check.java:194)
	at java.base/jdk.internal.reflect.DirectMethodHandleAccessor.invoke(DirectMethodHandleAccessor.java:103)
	at java.base/java.lang.reflect.Method.invoke(Method.java:580)
	at org.testng.internal.MethodInvocationHelper.invokeMethod(MethodInvocationHelper.java:133)
	at org.testng.internal.TestInvoker.invokeMethod(TestInvoker.java:598)
	at org.testng.internal.TestInvoker.invokeTestMethod(TestInvoker.java:173)
	at org.testng.internal.MethodRunner.runInSequence(MethodRunner.java:46)
	at org.testng.internal.TestInvoker$MethodInvocationAgent.invoke(TestInvoker.java:824)
	at org.testng.internal.TestInvoker.invokeTestMethods(TestInvoker.java:146)
	at org.testng.internal.TestMethodWorker.invokeTestMethods(TestMethodWorker.java:146)
	at org.testng.internal.TestMethodWorker.run(TestMethodWorker.java:128)
	at java.base/java.util.ArrayList.forEach(ArrayList.java:1597)
	at org.testng.TestRunner.privateRun(TestRunner.java:794)
	at org.testng.TestRunner.run(TestRunner.java:596)
	at org.testng.SuiteRunner.runTest(SuiteRunner.java:377)
	at org.testng.SuiteRunner.runSequentially(SuiteRunner.java:371)
	at org.testng.SuiteRunner.privateRun(SuiteRunner.java:332)
	at org.testng.SuiteRunner.run(SuiteRunner.java:276)
	at org.testng.SuiteRunnerWorker.runSuite(SuiteRunnerWorker.java:53)
	at org.testng.SuiteRunnerWorker.run(SuiteRunnerWorker.java:96)
	at org.testng.TestNG.runSuitesSequentially(TestNG.java:1212)
	at org.testng.TestNG.runSuitesLocally(TestNG.java:1134)
	at org.testng.TestNG.runSuites(TestNG.java:1063)
	at org.testng.TestNG.run(TestNG.java:1031)
	at org.testng.remote.AbstractRemoteTestNG.run(AbstractRemoteTestNG.java:115)
	at org.testng.remote.RemoteTestNG.initAndRun(RemoteTestNG.java:293)
	at org.testng.remote.RemoteTestNG.main(RemoteTestNG.java:91)
</pre></div><a href='#' onClick='toggleBox("stack-trace2003961164", this, "Click to show all stack frames", "Click to hide stack frames")'>Click to show all stack frames</a>
<div class='stack-trace' id='stack-trace2003961164'><pre>java.lang.AssertionError: Selecting  ( CCP Tie  fillter ) does not contain any data.
	at org.testng.Assert.fail(Assert.java:99)
	at My_Leads_Data.All_Fillters_To_Check.CCP_Fillters_check(All_Fillters_To_Check.java:194)
	at java.base/jdk.internal.reflect.DirectMethodHandleAccessor.invoke(DirectMethodHandleAccessor.java:103)
	at java.base/java.lang.reflect.Method.invoke(Method.java:580)
	at org.testng.internal.MethodInvocationHelper.invokeMethod(MethodInvocationHelper.java:133)
	at org.testng.internal.TestInvoker.invokeMethod(TestInvoker.java:598)
	at org.testng.internal.TestInvoker.invokeTestMethod(TestInvoker.java:173)
	at org.testng.internal.MethodRunner.runInSequence(MethodRunner.java:46)
	at org.testng.internal.TestInvoker$MethodInvocationAgent.invoke(TestInvoker.java:824)
	at org.testng.internal.TestInvoker.invokeTestMethods(TestInvoker.java:146)
	at org.testng.internal.TestMethodWorker.invokeTestMethods(TestMethodWorker.java:146)
	at org.testng.internal.TestMethodWorker.run(TestMethodWorker.java:128)
	at java.base/java.util.ArrayList.forEach(ArrayList.java:1597)
	at org.testng.TestRunner.privateRun(TestRunner.java:794)
	at org.testng.TestRunner.run(TestRunner.java:596)
	at org.testng.SuiteRunner.runTest(SuiteRunner.java:377)
	at org.testng.SuiteRunner.runSequentially(SuiteRunner.java:371)
	at org.testng.SuiteRunner.privateRun(SuiteRunner.java:332)
	at org.testng.SuiteRunner.run(SuiteRunner.java:276)
	at org.testng.SuiteRunnerWorker.runSuite(SuiteRunnerWorker.java:53)
	at org.testng.SuiteRunnerWorker.run(SuiteRunnerWorker.java:96)
	at org.testng.TestNG.runSuitesSequentially(TestNG.java:1212)
	at org.testng.TestNG.runSuitesLocally(TestNG.java:1134)
	at org.testng.TestNG.runSuites(TestNG.java:1063)
	at org.testng.TestNG.run(TestNG.java:1031)
	at org.testng.remote.AbstractRemoteTestNG.run(AbstractRemoteTestNG.java:115)
	at org.testng.remote.RemoteTestNG.initAndRun(RemoteTestNG.java:293)
	at org.testng.remote.RemoteTestNG.main(RemoteTestNG.java:91)
</pre></div></td>
<td>16</td>
<td>My_Leads_Data.All_Fillters_To_Check@4550bb58</td></tr>
</table><p>
<table width='100%' border='1' class='invocation-passed'>
<tr><td colspan='4' align='center'><b>PASSED TESTS</b></td></tr>
<tr><td><b>Test method</b></td>
<td width="30%"><b>Exception</b></td>
<td width="10%"><b>Time (seconds)</b></td>
<td><b>Instance</b></td>
</tr>
<tr>
<td title='My_Leads_Data.All_Fillters_To_Check.Remove_check6()'><b>Remove_check6</b><br>Test class: My_Leads_Data.All_Fillters_To_Check</td>
<td></td>
<td>7</td>
<td>My_Leads_Data.All_Fillters_To_Check@4550bb58</td></tr>
<tr>
<td title='My_Leads_Data.All_Fillters_To_Check.Remove_check8()'><b>Remove_check8</b><br>Test class: My_Leads_Data.All_Fillters_To_Check</td>
<td></td>
<td>7</td>
<td>My_Leads_Data.All_Fillters_To_Check@4550bb58</td></tr>
<tr>
<td title='My_Leads_Data.All_Fillters_To_Check.Remove_check()'><b>Remove_check</b><br>Test class: My_Leads_Data.All_Fillters_To_Check</td>
<td></td>
<td>7</td>
<td>My_Leads_Data.All_Fillters_To_Check@4550bb58</td></tr>
<tr>
<td title='My_Leads_Data.All_Fillters_To_Check.Password()'><b>Password</b><br>Test class: My_Leads_Data.All_Fillters_To_Check</td>
<td></td>
<td>3</td>
<td>My_Leads_Data.All_Fillters_To_Check@4550bb58</td></tr>
<tr>
<td title='My_Leads_Data.All_Fillters_To_Check.Captcha()'><b>Captcha</b><br>Test class: My_Leads_Data.All_Fillters_To_Check</td>
<td></td>
<td>3</td>
<td>My_Leads_Data.All_Fillters_To_Check@4550bb58</td></tr>
<tr>
<td title='My_Leads_Data.All_Fillters_To_Check.Remove_check7()'><b>Remove_check7</b><br>Test class: My_Leads_Data.All_Fillters_To_Check</td>
<td></td>
<td>7</td>
<td>My_Leads_Data.All_Fillters_To_Check@4550bb58</td></tr>
<tr>
<td title='My_Leads_Data.All_Fillters_To_Check.Remove_check4()'><b>Remove_check4</b><br>Test class: My_Leads_Data.All_Fillters_To_Check</td>
<td></td>
<td>7</td>
<td>My_Leads_Data.All_Fillters_To_Check@4550bb58</td></tr>
<tr>
<td title='My_Leads_Data.All_Fillters_To_Check.CCP_New_Sale_Eligible_Fillters()'><b>CCP_New_Sale_Eligible_Fillters</b><br>Test class: My_Leads_Data.All_Fillters_To_Check</td>
<td></td>
<td>9</td>
<td>My_Leads_Data.All_Fillters_To_Check@4550bb58</td></tr>
<tr>
<td title='My_Leads_Data.All_Fillters_To_Check.Remove_check5()'><b>Remove_check5</b><br>Test class: My_Leads_Data.All_Fillters_To_Check</td>
<td></td>
<td>7</td>
<td>My_Leads_Data.All_Fillters_To_Check@4550bb58</td></tr>
<tr>
<td title='My_Leads_Data.All_Fillters_To_Check.Loyality_Fillters()'><b>Loyality_Fillters</b><br>Test class: My_Leads_Data.All_Fillters_To_Check</td>
<td></td>
<td>16</td>
<td>My_Leads_Data.All_Fillters_To_Check@4550bb58</td></tr>
<tr>
<td title='My_Leads_Data.All_Fillters_To_Check.Remove_check2()'><b>Remove_check2</b><br>Test class: My_Leads_Data.All_Fillters_To_Check</td>
<td></td>
<td>7</td>
<td>My_Leads_Data.All_Fillters_To_Check@4550bb58</td></tr>
<tr>
<td title='My_Leads_Data.All_Fillters_To_Check.All_Fillters_check()'><b>All_Fillters_check</b><br>Test class: My_Leads_Data.All_Fillters_To_Check</td>
<td></td>
<td>13</td>
<td>My_Leads_Data.All_Fillters_To_Check@4550bb58</td></tr>
<tr>
<td title='My_Leads_Data.All_Fillters_To_Check.Remove_check9()'><b>Remove_check9</b><br>Test class: My_Leads_Data.All_Fillters_To_Check</td>
<td></td>
<td>7</td>
<td>My_Leads_Data.All_Fillters_To_Check@4550bb58</td></tr>
<tr>
<td title='My_Leads_Data.All_Fillters_To_Check.lastService_Workshop_Fillters()'><b>lastService_Workshop_Fillters</b><br>Test class: My_Leads_Data.All_Fillters_To_Check</td>
<td></td>
<td>12</td>
<td>My_Leads_Data.All_Fillters_To_Check@4550bb58</td></tr>
<tr>
<td title='My_Leads_Data.All_Fillters_To_Check.CCP_Renewal_Fillters()'><b>CCP_Renewal_Fillters</b><br>Test class: My_Leads_Data.All_Fillters_To_Check</td>
<td></td>
<td>6</td>
<td>My_Leads_Data.All_Fillters_To_Check@4550bb58</td></tr>
<tr>
<td title='My_Leads_Data.All_Fillters_To_Check.Username()'><b>Username</b><br>Test class: My_Leads_Data.All_Fillters_To_Check</td>
<td></td>
<td>2</td>
<td>My_Leads_Data.All_Fillters_To_Check@4550bb58</td></tr>
<tr>
<td title='My_Leads_Data.All_Fillters_To_Check.Ew_Fillter()'><b>Ew_Fillter</b><br>Test class: My_Leads_Data.All_Fillters_To_Check</td>
<td></td>
<td>7</td>
<td>My_Leads_Data.All_Fillters_To_Check@4550bb58</td></tr>
<tr>
<td title='My_Leads_Data.All_Fillters_To_Check.EW_Fillters()'><b>EW_Fillters</b><br>Test class: My_Leads_Data.All_Fillters_To_Check</td>
<td></td>
<td>11</td>
<td>My_Leads_Data.All_Fillters_To_Check@4550bb58</td></tr>
<tr>
<td title='My_Leads_Data.All_Fillters_To_Check.Remove_check3()'><b>Remove_check3</b><br>Test class: My_Leads_Data.All_Fillters_To_Check</td>
<td></td>
<td>7</td>
<td>My_Leads_Data.All_Fillters_To_Check@4550bb58</td></tr>
<tr>
<td title='My_Leads_Data.All_Fillters_To_Check.SUBMIT_Button()'><b>SUBMIT_Button</b><br>Test class: My_Leads_Data.All_Fillters_To_Check</td>
<td></td>
<td>15</td>
<td>My_Leads_Data.All_Fillters_To_Check@4550bb58</td></tr>
<tr>
<td title='My_Leads_Data.All_Fillters_To_Check.Click_On_MY_Leads()'><b>Click_On_MY_Leads</b><br>Test class: My_Leads_Data.All_Fillters_To_Check</td>
<td></td>
<td>15</td>
<td>My_Leads_Data.All_Fillters_To_Check@4550bb58</td></tr>
</table><p>
</body>
</html>