<?xml version="1.0" encoding="UTF-8"?>
<testng-results ignored="0" total="24" passed="21" failed="3" skipped="0">
  <reporter-output>
  </reporter-output>
  <suite started-at="2024-09-30T16:49:54 IST" name="Default suite" finished-at="2024-09-30T16:53:41 IST" duration-ms="226939">
    <groups>
    </groups>
    <test started-at="2024-09-30T16:49:54 IST" name="Default test" finished-at="2024-09-30T16:53:41 IST" duration-ms="226939">
      <class name="My_Leads_Data.All_Fillters_To_Check">
        <test-method is-config="true" signature="setup()[pri:0, instance:My_Leads_Data.All_Fillters_To_Check@4550bb58]" started-at="2024-09-30T16:49:54 IST" name="setup" finished-at="2024-09-30T16:50:02 IST" duration-ms="7606" status="PASS">
          <reporter-output>
          </reporter-output>
        </test-method> <!-- setup -->
        <test-method signature="Username()[pri:1, instance:My_Leads_Data.All_Fillters_To_Check@4550bb58]" started-at="2024-09-30T16:50:02 IST" name="Username" finished-at="2024-09-30T16:50:04 IST" duration-ms="2713" status="PASS">
          <reporter-output>
          </reporter-output>
        </test-method> <!-- Username -->
        <test-method signature="Password()[pri:2, instance:My_Leads_Data.All_Fillters_To_Check@4550bb58]" started-at="2024-09-30T16:50:04 IST" name="Password" finished-at="2024-09-30T16:50:08 IST" duration-ms="3593" status="PASS">
          <reporter-output>
          </reporter-output>
        </test-method> <!-- Password -->
        <test-method signature="Captcha()[pri:3, instance:My_Leads_Data.All_Fillters_To_Check@4550bb58]" started-at="2024-09-30T16:50:08 IST" name="Captcha" finished-at="2024-09-30T16:50:11 IST" duration-ms="3202" status="PASS">
          <reporter-output>
          </reporter-output>
        </test-method> <!-- Captcha -->
        <test-method signature="SUBMIT_Button()[pri:4, instance:My_Leads_Data.All_Fillters_To_Check@4550bb58]" started-at="2024-09-30T16:50:11 IST" name="SUBMIT_Button" finished-at="2024-09-30T16:50:26 IST" duration-ms="15213" status="PASS">
          <reporter-output>
          </reporter-output>
        </test-method> <!-- SUBMIT_Button -->
        <test-method signature="Click_On_MY_Leads()[pri:5, instance:My_Leads_Data.All_Fillters_To_Check@4550bb58]" started-at="2024-09-30T16:50:26 IST" name="Click_On_MY_Leads" finished-at="2024-09-30T16:50:42 IST" duration-ms="15250" status="PASS">
          <reporter-output>
          </reporter-output>
        </test-method> <!-- Click_On_MY_Leads -->
        <test-method signature="All_Fillters_check()[pri:6, instance:My_Leads_Data.All_Fillters_To_Check@4550bb58]" started-at="2024-09-30T16:50:42 IST" name="All_Fillters_check" finished-at="2024-09-30T16:50:55 IST" duration-ms="13285" status="PASS">
          <reporter-output>
          </reporter-output>
        </test-method> <!-- All_Fillters_check -->
        <test-method signature="CCP_Fillters_check()[pri:7, instance:My_Leads_Data.All_Fillters_To_Check@4550bb58]" started-at="2024-09-30T16:50:55 IST" name="CCP_Fillters_check" finished-at="2024-09-30T16:51:12 IST" duration-ms="16876" status="FAIL">
          <exception class="java.lang.AssertionError">
            <message>
              <![CDATA[Selecting  ( CCP Tie  fillter ) does not contain any data.]]>
            </message>
            <full-stacktrace>
              <![CDATA[java.lang.AssertionError: Selecting  ( CCP Tie  fillter ) does not contain any data.
at org.testng.Assert.fail(Assert.java:99)
at My_Leads_Data.All_Fillters_To_Check.CCP_Fillters_check(All_Fillters_To_Check.java:194)
at java.base/jdk.internal.reflect.DirectMethodHandleAccessor.invoke(DirectMethodHandleAccessor.java:103)
at java.base/java.lang.reflect.Method.invoke(Method.java:580)
at org.testng.internal.MethodInvocationHelper.invokeMethod(MethodInvocationHelper.java:133)
at org.testng.internal.TestInvoker.invokeMethod(TestInvoker.java:598)
at org.testng.internal.TestInvoker.invokeTestMethod(TestInvoker.java:173)
at org.testng.internal.MethodRunner.runInSequence(MethodRunner.java:46)
at org.testng.internal.TestInvoker$MethodInvocationAgent.invoke(TestInvoker.java:824)
at org.testng.internal.TestInvoker.invokeTestMethods(TestInvoker.java:146)
at org.testng.internal.TestMethodWorker.invokeTestMethods(TestMethodWorker.java:146)
at org.testng.internal.TestMethodWorker.run(TestMethodWorker.java:128)
at java.base/java.util.ArrayList.forEach(ArrayList.java:1597)
at org.testng.TestRunner.privateRun(TestRunner.java:794)
at org.testng.TestRunner.run(TestRunner.java:596)
at org.testng.SuiteRunner.runTest(SuiteRunner.java:377)
at org.testng.SuiteRunner.runSequentially(SuiteRunner.java:371)
at org.testng.SuiteRunner.privateRun(SuiteRunner.java:332)
at org.testng.SuiteRunner.run(SuiteRunner.java:276)
at org.testng.SuiteRunnerWorker.runSuite(SuiteRunnerWorker.java:53)
at org.testng.SuiteRunnerWorker.run(SuiteRunnerWorker.java:96)
at org.testng.TestNG.runSuitesSequentially(TestNG.java:1212)
at org.testng.TestNG.runSuitesLocally(TestNG.java:1134)
at org.testng.TestNG.runSuites(TestNG.java:1063)
at org.testng.TestNG.run(TestNG.java:1031)
at org.testng.remote.AbstractRemoteTestNG.run(AbstractRemoteTestNG.java:115)
at org.testng.remote.RemoteTestNG.initAndRun(RemoteTestNG.java:293)
at org.testng.remote.RemoteTestNG.main(RemoteTestNG.java:91)
]]>
            </full-stacktrace>
          </exception> <!-- java.lang.AssertionError -->
          <reporter-output>
          </reporter-output>
        </test-method> <!-- CCP_Fillters_check -->
        <test-method signature="Remove_check()[pri:8, instance:My_Leads_Data.All_Fillters_To_Check@4550bb58]" started-at="2024-09-30T16:51:12 IST" name="Remove_check" finished-at="2024-09-30T16:51:19 IST" duration-ms="7437" status="PASS">
          <reporter-output>
          </reporter-output>
        </test-method> <!-- Remove_check -->
        <test-method signature="CCP_New_Sale_Eligible_Fillters()[pri:9, instance:My_Leads_Data.All_Fillters_To_Check@4550bb58]" started-at="2024-09-30T16:51:19 IST" name="CCP_New_Sale_Eligible_Fillters" finished-at="2024-09-30T16:51:29 IST" duration-ms="9688" status="PASS">
          <reporter-output>
          </reporter-output>
        </test-method> <!-- CCP_New_Sale_Eligible_Fillters -->
        <test-method signature="Remove_check2()[pri:11, instance:My_Leads_Data.All_Fillters_To_Check@4550bb58]" started-at="2024-09-30T16:51:29 IST" name="Remove_check2" finished-at="2024-09-30T16:51:36 IST" duration-ms="7416" status="PASS">
          <reporter-output>
          </reporter-output>
        </test-method> <!-- Remove_check2 -->
        <test-method signature="CCP_Renewal_Fillters()[pri:12, instance:My_Leads_Data.All_Fillters_To_Check@4550bb58]" started-at="2024-09-30T16:51:36 IST" name="CCP_Renewal_Fillters" finished-at="2024-09-30T16:51:43 IST" duration-ms="6383" status="PASS">
          <reporter-output>
          </reporter-output>
        </test-method> <!-- CCP_Renewal_Fillters -->
        <test-method signature="Remove_check3()[pri:13, instance:My_Leads_Data.All_Fillters_To_Check@4550bb58]" started-at="2024-09-30T16:51:43 IST" name="Remove_check3" finished-at="2024-09-30T16:51:50 IST" duration-ms="7391" status="PASS">
          <reporter-output>
          </reporter-output>
        </test-method> <!-- Remove_check3 -->
        <test-method signature="EW_Fillters()[pri:14, instance:My_Leads_Data.All_Fillters_To_Check@4550bb58]" started-at="2024-09-30T16:51:50 IST" name="EW_Fillters" finished-at="2024-09-30T16:52:02 IST" duration-ms="11806" status="PASS">
          <reporter-output>
          </reporter-output>
        </test-method> <!-- EW_Fillters -->
        <test-method signature="Remove_check4()[pri:15, instance:My_Leads_Data.All_Fillters_To_Check@4550bb58]" started-at="2024-09-30T16:52:02 IST" name="Remove_check4" finished-at="2024-09-30T16:52:09 IST" duration-ms="7389" status="PASS">
          <reporter-output>
          </reporter-output>
        </test-method> <!-- Remove_check4 -->
        <test-method signature="Ew_Fillter()[pri:16, instance:My_Leads_Data.All_Fillters_To_Check@4550bb58]" started-at="2024-09-30T16:52:09 IST" name="Ew_Fillter" finished-at="2024-09-30T16:52:17 IST" duration-ms="7420" status="PASS">
          <reporter-output>
          </reporter-output>
        </test-method> <!-- Ew_Fillter -->
        <test-method signature="Remove_check5()[pri:17, instance:My_Leads_Data.All_Fillters_To_Check@4550bb58]" started-at="2024-09-30T16:52:17 IST" name="Remove_check5" finished-at="2024-09-30T16:52:24 IST" duration-ms="7514" status="PASS">
          <reporter-output>
          </reporter-output>
        </test-method> <!-- Remove_check5 -->
        <test-method signature="Loyality_Fillters()[pri:18, instance:My_Leads_Data.All_Fillters_To_Check@4550bb58]" started-at="2024-09-30T16:52:24 IST" name="Loyality_Fillters" finished-at="2024-09-30T16:52:40 IST" duration-ms="16178" status="PASS">
          <reporter-output>
          </reporter-output>
        </test-method> <!-- Loyality_Fillters -->
        <test-method signature="Remove_check6()[pri:19, instance:My_Leads_Data.All_Fillters_To_Check@4550bb58]" started-at="2024-09-30T16:52:40 IST" name="Remove_check6" finished-at="2024-09-30T16:52:48 IST" duration-ms="7400" status="PASS">
          <reporter-output>
          </reporter-output>
        </test-method> <!-- Remove_check6 -->
        <test-method signature="Customer_tag_Fillters()[pri:20, instance:My_Leads_Data.All_Fillters_To_Check@4550bb58]" started-at="2024-09-30T16:52:48 IST" name="Customer_tag_Fillters" finished-at="2024-09-30T16:52:57 IST" duration-ms="9452" status="FAIL">
          <exception class="java.lang.AssertionError">
            <message>
              <![CDATA[Selecting  ( Customer Tag )  additional fillter  does not contain any data.]]>
            </message>
            <full-stacktrace>
              <![CDATA[java.lang.AssertionError: Selecting  ( Customer Tag )  additional fillter  does not contain any data.
at org.testng.Assert.fail(Assert.java:99)
at My_Leads_Data.All_Fillters_To_Check.Customer_tag_Fillters(All_Fillters_To_Check.java:519)
at java.base/jdk.internal.reflect.DirectMethodHandleAccessor.invoke(DirectMethodHandleAccessor.java:103)
at java.base/java.lang.reflect.Method.invoke(Method.java:580)
at org.testng.internal.MethodInvocationHelper.invokeMethod(MethodInvocationHelper.java:133)
at org.testng.internal.TestInvoker.invokeMethod(TestInvoker.java:598)
at org.testng.internal.TestInvoker.invokeTestMethod(TestInvoker.java:173)
at org.testng.internal.MethodRunner.runInSequence(MethodRunner.java:46)
at org.testng.internal.TestInvoker$MethodInvocationAgent.invoke(TestInvoker.java:824)
at org.testng.internal.TestInvoker.invokeTestMethods(TestInvoker.java:146)
at org.testng.internal.TestMethodWorker.invokeTestMethods(TestMethodWorker.java:146)
at org.testng.internal.TestMethodWorker.run(TestMethodWorker.java:128)
at java.base/java.util.ArrayList.forEach(ArrayList.java:1597)
at org.testng.TestRunner.privateRun(TestRunner.java:794)
at org.testng.TestRunner.run(TestRunner.java:596)
at org.testng.SuiteRunner.runTest(SuiteRunner.java:377)
at org.testng.SuiteRunner.runSequentially(SuiteRunner.java:371)
at org.testng.SuiteRunner.privateRun(SuiteRunner.java:332)
at org.testng.SuiteRunner.run(SuiteRunner.java:276)
at org.testng.SuiteRunnerWorker.runSuite(SuiteRunnerWorker.java:53)
at org.testng.SuiteRunnerWorker.run(SuiteRunnerWorker.java:96)
at org.testng.TestNG.runSuitesSequentially(TestNG.java:1212)
at org.testng.TestNG.runSuitesLocally(TestNG.java:1134)
at org.testng.TestNG.runSuites(TestNG.java:1063)
at org.testng.TestNG.run(TestNG.java:1031)
at org.testng.remote.AbstractRemoteTestNG.run(AbstractRemoteTestNG.java:115)
at org.testng.remote.RemoteTestNG.initAndRun(RemoteTestNG.java:293)
at org.testng.remote.RemoteTestNG.main(RemoteTestNG.java:91)
]]>
            </full-stacktrace>
          </exception> <!-- java.lang.AssertionError -->
          <reporter-output>
          </reporter-output>
        </test-method> <!-- Customer_tag_Fillters -->
        <test-method signature="Remove_check7()[pri:21, instance:My_Leads_Data.All_Fillters_To_Check@4550bb58]" started-at="2024-09-30T16:52:57 IST" name="Remove_check7" finished-at="2024-09-30T16:53:05 IST" duration-ms="7371" status="PASS">
          <reporter-output>
          </reporter-output>
        </test-method> <!-- Remove_check7 -->
        <test-method signature="lastService_Workshop_Fillters()[pri:22, instance:My_Leads_Data.All_Fillters_To_Check@4550bb58]" started-at="2024-09-30T16:53:05 IST" name="lastService_Workshop_Fillters" finished-at="2024-09-30T16:53:17 IST" duration-ms="12817" status="PASS">
          <reporter-output>
          </reporter-output>
        </test-method> <!-- lastService_Workshop_Fillters -->
        <test-method signature="Remove_check8()[pri:23, instance:My_Leads_Data.All_Fillters_To_Check@4550bb58]" started-at="2024-09-30T16:53:17 IST" name="Remove_check8" finished-at="2024-09-30T16:53:25 IST" duration-ms="7509" status="PASS">
          <reporter-output>
          </reporter-output>
        </test-method> <!-- Remove_check8 -->
        <test-method signature="Service_due_Workshop_Filters()[pri:24, instance:My_Leads_Data.All_Fillters_To_Check@4550bb58]" started-at="2024-09-30T16:53:25 IST" name="Service_due_Workshop_Filters" finished-at="2024-09-30T16:53:33 IST" duration-ms="8461" status="FAIL">
          <exception class="java.lang.AssertionError">
            <message>
              <![CDATA[Selecting (Service_due_Workshop) additional filter does not contain any data.]]>
            </message>
            <full-stacktrace>
              <![CDATA[java.lang.AssertionError: Selecting (Service_due_Workshop) additional filter does not contain any data.
at org.testng.Assert.fail(Assert.java:99)
at My_Leads_Data.All_Fillters_To_Check.Service_due_Workshop_Filters(All_Fillters_To_Check.java:634)
at java.base/jdk.internal.reflect.DirectMethodHandleAccessor.invoke(DirectMethodHandleAccessor.java:103)
at java.base/java.lang.reflect.Method.invoke(Method.java:580)
at org.testng.internal.MethodInvocationHelper.invokeMethod(MethodInvocationHelper.java:133)
at org.testng.internal.TestInvoker.invokeMethod(TestInvoker.java:598)
at org.testng.internal.TestInvoker.invokeTestMethod(TestInvoker.java:173)
at org.testng.internal.MethodRunner.runInSequence(MethodRunner.java:46)
at org.testng.internal.TestInvoker$MethodInvocationAgent.invoke(TestInvoker.java:824)
at org.testng.internal.TestInvoker.invokeTestMethods(TestInvoker.java:146)
at org.testng.internal.TestMethodWorker.invokeTestMethods(TestMethodWorker.java:146)
at org.testng.internal.TestMethodWorker.run(TestMethodWorker.java:128)
at java.base/java.util.ArrayList.forEach(ArrayList.java:1597)
at org.testng.TestRunner.privateRun(TestRunner.java:794)
at org.testng.TestRunner.run(TestRunner.java:596)
at org.testng.SuiteRunner.runTest(SuiteRunner.java:377)
at org.testng.SuiteRunner.runSequentially(SuiteRunner.java:371)
at org.testng.SuiteRunner.privateRun(SuiteRunner.java:332)
at org.testng.SuiteRunner.run(SuiteRunner.java:276)
at org.testng.SuiteRunnerWorker.runSuite(SuiteRunnerWorker.java:53)
at org.testng.SuiteRunnerWorker.run(SuiteRunnerWorker.java:96)
at org.testng.TestNG.runSuitesSequentially(TestNG.java:1212)
at org.testng.TestNG.runSuitesLocally(TestNG.java:1134)
at org.testng.TestNG.runSuites(TestNG.java:1063)
at org.testng.TestNG.run(TestNG.java:1031)
at org.testng.remote.AbstractRemoteTestNG.run(AbstractRemoteTestNG.java:115)
at org.testng.remote.RemoteTestNG.initAndRun(RemoteTestNG.java:293)
at org.testng.remote.RemoteTestNG.main(RemoteTestNG.java:91)
]]>
            </full-stacktrace>
          </exception> <!-- java.lang.AssertionError -->
          <reporter-output>
          </reporter-output>
        </test-method> <!-- Service_due_Workshop_Filters -->
        <test-method signature="Remove_check9()[pri:25, instance:My_Leads_Data.All_Fillters_To_Check@4550bb58]" started-at="2024-09-30T16:53:33 IST" name="Remove_check9" finished-at="2024-09-30T16:53:41 IST" duration-ms="7442" status="PASS">
          <reporter-output>
          </reporter-output>
        </test-method> <!-- Remove_check9 -->
      </class> <!-- My_Leads_Data.All_Fillters_To_Check -->
    </test> <!-- Default test -->
  </suite> <!-- Default suite -->
</testng-results>
