<?xml version="1.0" encoding="UTF-8"?>
<testng-results ignored="0" total="124" passed="89" failed="35" skipped="0">
  <reporter-output>
  </reporter-output>
  <suite started-at="2024-09-27T11:02:36 IST" name="Default suite" finished-at="2024-09-27T11:05:07 IST" duration-ms="150551">
    <groups>
    </groups>
    <test started-at="2024-09-27T11:02:36 IST" name="Default test" finished-at="2024-09-27T11:05:07 IST" duration-ms="150551">
      <class name="SMR.MarketingCampaign_Report_SMR">
        <test-method is-config="true" signature="setup()[pri:0, instance:SMR.MarketingCampaign_Report_SMR@5b7a5baa]" started-at="2024-09-27T11:02:36 IST" name="setup" finished-at="2024-09-27T11:02:42 IST" duration-ms="5345" status="PASS">
          <reporter-output>
          </reporter-output>
        </test-method> <!-- setup -->
        <test-method signature="Username()[pri:1, instance:SMR.MarketingCampaign_Report_SMR@5b7a5baa]" started-at="2024-09-27T11:02:42 IST" name="Username" finished-at="2024-09-27T11:02:44 IST" duration-ms="2480" status="PASS">
          <reporter-output>
          </reporter-output>
        </test-method> <!-- Username -->
        <test-method signature="Password()[pri:2, instance:SMR.MarketingCampaign_Report_SMR@5b7a5baa]" started-at="2024-09-27T11:02:44 IST" name="Password" finished-at="2024-09-27T11:02:48 IST" duration-ms="3387" status="PASS">
          <reporter-output>
          </reporter-output>
        </test-method> <!-- Password -->
        <test-method signature="Captcha()[pri:3, instance:SMR.MarketingCampaign_Report_SMR@5b7a5baa]" started-at="2024-09-27T11:02:48 IST" name="Captcha" finished-at="2024-09-27T11:02:51 IST" duration-ms="3260" status="PASS">
          <reporter-output>
          </reporter-output>
        </test-method> <!-- Captcha -->
        <test-method signature="SUBMIT_Button()[pri:4, instance:SMR.MarketingCampaign_Report_SMR@5b7a5baa]" started-at="2024-09-27T11:02:51 IST" name="SUBMIT_Button" finished-at="2024-09-27T11:03:01 IST" duration-ms="10195" status="PASS">
          <reporter-output>
          </reporter-output>
        </test-method> <!-- SUBMIT_Button -->
        <test-method signature="Click_On_Report()[pri:5, instance:SMR.MarketingCampaign_Report_SMR@5b7a5baa]" started-at="2024-09-27T11:03:01 IST" name="Click_On_Report" finished-at="2024-09-27T11:03:21 IST" duration-ms="19824" status="PASS">
          <reporter-output>
          </reporter-output>
        </test-method> <!-- Click_On_Report -->
        <test-method signature="Click_On_MARKETING_CAMPAIGN_REPORT()[pri:6, instance:SMR.MarketingCampaign_Report_SMR@5b7a5baa]" started-at="2024-09-27T11:03:21 IST" name="Click_On_MARKETING_CAMPAIGN_REPORT" finished-at="2024-09-27T11:03:37 IST" duration-ms="16051" status="FAIL">
          <exception class="org.openqa.selenium.TimeoutException">
            <message>
              <![CDATA[Expected condition failed: waiting for presence of element located by: By.xpath: //*[text()='Marketing Campaign'] (tried for 10 second(s) with 500 milliseconds interval)]]>
            </message>
            <full-stacktrace>
              <![CDATA[org.openqa.selenium.TimeoutException: Expected condition failed: waiting for presence of element located by: By.xpath: //*[text()='Marketing Campaign'] (tried for 10 second(s) with 500 milliseconds interval)
at org.openqa.selenium.support.ui.WebDriverWait.timeoutException(WebDriverWait.java:84)
at org.openqa.selenium.support.ui.FluentWait.until(FluentWait.java:228)
at SMR.MarketingCampaign_Report_SMR.Click_On_MARKETING_CAMPAIGN_REPORT(MarketingCampaign_Report_SMR.java:209)
at java.base/jdk.internal.reflect.DirectMethodHandleAccessor.invoke(DirectMethodHandleAccessor.java:103)
at java.base/java.lang.reflect.Method.invoke(Method.java:580)
at org.testng.internal.MethodInvocationHelper.invokeMethod(MethodInvocationHelper.java:133)
at org.testng.internal.TestInvoker.invokeMethod(TestInvoker.java:598)
at org.testng.internal.TestInvoker.invokeTestMethod(TestInvoker.java:173)
at org.testng.internal.MethodRunner.runInSequence(MethodRunner.java:46)
at org.testng.internal.TestInvoker$MethodInvocationAgent.invoke(TestInvoker.java:824)
at org.testng.internal.TestInvoker.invokeTestMethods(TestInvoker.java:146)
at org.testng.internal.TestMethodWorker.invokeTestMethods(TestMethodWorker.java:146)
at org.testng.internal.TestMethodWorker.run(TestMethodWorker.java:128)
at java.base/java.util.ArrayList.forEach(ArrayList.java:1597)
at org.testng.TestRunner.privateRun(TestRunner.java:794)
at org.testng.TestRunner.run(TestRunner.java:596)
at org.testng.SuiteRunner.runTest(SuiteRunner.java:377)
at org.testng.SuiteRunner.runSequentially(SuiteRunner.java:371)
at org.testng.SuiteRunner.privateRun(SuiteRunner.java:332)
at org.testng.SuiteRunner.run(SuiteRunner.java:276)
at org.testng.SuiteRunnerWorker.runSuite(SuiteRunnerWorker.java:53)
at org.testng.SuiteRunnerWorker.run(SuiteRunnerWorker.java:96)
at org.testng.TestNG.runSuitesSequentially(TestNG.java:1212)
at org.testng.TestNG.runSuitesLocally(TestNG.java:1134)
at org.testng.TestNG.runSuites(TestNG.java:1063)
at org.testng.TestNG.run(TestNG.java:1031)
at org.testng.remote.AbstractRemoteTestNG.run(AbstractRemoteTestNG.java:115)
at org.testng.remote.RemoteTestNG.initAndRun(RemoteTestNG.java:293)
at org.testng.remote.RemoteTestNG.main(RemoteTestNG.java:91)
Caused by: org.openqa.selenium.NoSuchElementException: no such element: Unable to locate element: {"method":"xpath","selector":"//*[text()='Marketing Campaign']"}
  (Session info: chrome=129.0.6668.70)
For documentation on this error, please visit: https://www.selenium.dev/documentation/webdriver/troubleshooting/errors#no-such-element-exception
Build info: version: '4.21.0', revision: '79ed462ef4'
System info: os.name: 'Windows 11', os.arch: 'amd64', os.version: '10.0', java.version: '22.0.1'
Driver info: org.openqa.selenium.chrome.ChromeDriver
Command: [9ac841df3be5d2e4a690a9540742e01e, findElement {using=xpath, value=//*[text()='Marketing Campaign']}]
Capabilities {acceptInsecureCerts: false, browserName: chrome, browserVersion: 129.0.6668.70, chrome: {chromedriverVersion: 129.0.6668.70 (df87d5cf12b1..., userDataDir: C:\WINDOWS\TEMP\scoped_dir1...}, fedcm:accounts: true, goog:chromeOptions: {debuggerAddress: localhost:63768}, networkConnectionEnabled: false, pageLoadStrategy: normal, platformName: windows, proxy: Proxy(), se:cdp: ws://localhost:63768/devtoo..., se:cdpVersion: 129.0.6668.70, setWindowRect: true, strictFileInteractability: false, timeouts: {implicit: 0, pageLoad: 300000, script: 30000}, unhandledPromptBehavior: dismiss and notify, webauthn:extension:credBlob: true, webauthn:extension:largeBlob: true, webauthn:extension:minPinLength: true, webauthn:extension:prf: true, webauthn:virtualAuthenticators: true}
Session ID: 9ac841df3be5d2e4a690a9540742e01e
at java.base/jdk.internal.reflect.DirectConstructorHandleAccessor.newInstance(DirectConstructorHandleAccessor.java:62)
at java.base/java.lang.reflect.Constructor.newInstanceWithCaller(Constructor.java:502)
at java.base/java.lang.reflect.Constructor.newInstance(Constructor.java:486)
at org.openqa.selenium.remote.ErrorCodec.decode(ErrorCodec.java:167)
at org.openqa.selenium.remote.codec.w3c.W3CHttpResponseCodec.decode(W3CHttpResponseCodec.java:138)
at org.openqa.selenium.remote.codec.w3c.W3CHttpResponseCodec.decode(W3CHttpResponseCodec.java:50)
at org.openqa.selenium.remote.HttpCommandExecutor.execute(HttpCommandExecutor.java:190)
at org.openqa.selenium.remote.service.DriverCommandExecutor.invokeExecute(DriverCommandExecutor.java:216)
at org.openqa.selenium.remote.service.DriverCommandExecutor.execute(DriverCommandExecutor.java:174)
at org.openqa.selenium.remote.RemoteWebDriver.execute(RemoteWebDriver.java:518)
at org.openqa.selenium.remote.ElementLocation$ElementFinder$2.findElement(ElementLocation.java:165)
at org.openqa.selenium.remote.ElementLocation.findElement(ElementLocation.java:59)
at org.openqa.selenium.remote.RemoteWebDriver.findElement(RemoteWebDriver.java:355)
at org.openqa.selenium.remote.RemoteWebDriver.findElement(RemoteWebDriver.java:349)
at org.openqa.selenium.support.ui.ExpectedConditions$6.apply(ExpectedConditions.java:171)
at org.openqa.selenium.support.ui.ExpectedConditions$6.apply(ExpectedConditions.java:168)
at org.openqa.selenium.support.ui.FluentWait.until(FluentWait.java:203)
... 27 more
]]>
            </full-stacktrace>
          </exception> <!-- org.openqa.selenium.TimeoutException -->
          <reporter-output>
          </reporter-output>
        </test-method> <!-- Click_On_MARKETING_CAMPAIGN_REPORT -->
        <test-method signature="Zone_And_Region_Wise_Tab()[pri:7, instance:SMR.MarketingCampaign_Report_SMR@5b7a5baa]" started-at="2024-09-27T11:03:37 IST" name="Zone_And_Region_Wise_Tab" finished-at="2024-09-27T11:03:53 IST" duration-ms="16093" status="FAIL">
          <exception class="org.openqa.selenium.NoSuchElementException">
            <message>
              <![CDATA[no such element: Unable to locate element: {"method":"xpath","selector":"(//*[@role="combobox"])"}
  (Session info: chrome=129.0.6668.70)
For documentation on this error, please visit: https://www.selenium.dev/documentation/webdriver/troubleshooting/errors#no-such-element-exception
Build info: version: '4.21.0', revision: '79ed462ef4'
System info: os.name: 'Windows 11', os.arch: 'amd64', os.version: '10.0', java.version: '22.0.1'
Driver info: org.openqa.selenium.chrome.ChromeDriver
Command: [9ac841df3be5d2e4a690a9540742e01e, findElement {using=xpath, value=(//*[@role="combobox"])}]
Capabilities {acceptInsecureCerts: false, browserName: chrome, browserVersion: 129.0.6668.70, chrome: {chromedriverVersion: 129.0.6668.70 (df87d5cf12b1..., userDataDir: C:\WINDOWS\TEMP\scoped_dir1...}, fedcm:accounts: true, goog:chromeOptions: {debuggerAddress: localhost:63768}, networkConnectionEnabled: false, pageLoadStrategy: normal, platformName: windows, proxy: Proxy(), se:cdp: ws://localhost:63768/devtoo..., se:cdpVersion: 129.0.6668.70, setWindowRect: true, strictFileInteractability: false, timeouts: {implicit: 0, pageLoad: 300000, script: 30000}, unhandledPromptBehavior: dismiss and notify, webauthn:extension:credBlob: true, webauthn:extension:largeBlob: true, webauthn:extension:minPinLength: true, webauthn:extension:prf: true, webauthn:virtualAuthenticators: true}
Session ID: 9ac841df3be5d2e4a690a9540742e01e]]>
            </message>
            <full-stacktrace>
              <![CDATA[org.openqa.selenium.NoSuchElementException: no such element: Unable to locate element: {"method":"xpath","selector":"(//*[@role="combobox"])"}
  (Session info: chrome=129.0.6668.70)
For documentation on this error, please visit: https://www.selenium.dev/documentation/webdriver/troubleshooting/errors#no-such-element-exception
Build info: version: '4.21.0', revision: '79ed462ef4'
System info: os.name: 'Windows 11', os.arch: 'amd64', os.version: '10.0', java.version: '22.0.1'
Driver info: org.openqa.selenium.chrome.ChromeDriver
Command: [9ac841df3be5d2e4a690a9540742e01e, findElement {using=xpath, value=(//*[@role="combobox"])}]
Capabilities {acceptInsecureCerts: false, browserName: chrome, browserVersion: 129.0.6668.70, chrome: {chromedriverVersion: 129.0.6668.70 (df87d5cf12b1..., userDataDir: C:\WINDOWS\TEMP\scoped_dir1...}, fedcm:accounts: true, goog:chromeOptions: {debuggerAddress: localhost:63768}, networkConnectionEnabled: false, pageLoadStrategy: normal, platformName: windows, proxy: Proxy(), se:cdp: ws://localhost:63768/devtoo..., se:cdpVersion: 129.0.6668.70, setWindowRect: true, strictFileInteractability: false, timeouts: {implicit: 0, pageLoad: 300000, script: 30000}, unhandledPromptBehavior: dismiss and notify, webauthn:extension:credBlob: true, webauthn:extension:largeBlob: true, webauthn:extension:minPinLength: true, webauthn:extension:prf: true, webauthn:virtualAuthenticators: true}
Session ID: 9ac841df3be5d2e4a690a9540742e01e
at java.base/jdk.internal.reflect.DirectConstructorHandleAccessor.newInstance(DirectConstructorHandleAccessor.java:62)
at java.base/java.lang.reflect.Constructor.newInstanceWithCaller(Constructor.java:502)
at java.base/java.lang.reflect.Constructor.newInstance(Constructor.java:486)
at org.openqa.selenium.remote.ErrorCodec.decode(ErrorCodec.java:167)
at org.openqa.selenium.remote.codec.w3c.W3CHttpResponseCodec.decode(W3CHttpResponseCodec.java:138)
at org.openqa.selenium.remote.codec.w3c.W3CHttpResponseCodec.decode(W3CHttpResponseCodec.java:50)
at org.openqa.selenium.remote.HttpCommandExecutor.execute(HttpCommandExecutor.java:190)
at org.openqa.selenium.remote.service.DriverCommandExecutor.invokeExecute(DriverCommandExecutor.java:216)
at org.openqa.selenium.remote.service.DriverCommandExecutor.execute(DriverCommandExecutor.java:174)
at org.openqa.selenium.remote.RemoteWebDriver.execute(RemoteWebDriver.java:518)
at org.openqa.selenium.remote.ElementLocation$ElementFinder$2.findElement(ElementLocation.java:165)
at org.openqa.selenium.remote.ElementLocation.findElement(ElementLocation.java:59)
at org.openqa.selenium.remote.RemoteWebDriver.findElement(RemoteWebDriver.java:355)
at org.openqa.selenium.remote.RemoteWebDriver.findElement(RemoteWebDriver.java:349)
at SMR.MarketingCampaign_Report_SMR.Zone_And_Region_Wise_Tab(MarketingCampaign_Report_SMR.java:224)
at java.base/jdk.internal.reflect.DirectMethodHandleAccessor.invoke(DirectMethodHandleAccessor.java:103)
at java.base/java.lang.reflect.Method.invoke(Method.java:580)
at org.testng.internal.MethodInvocationHelper.invokeMethod(MethodInvocationHelper.java:133)
at org.testng.internal.TestInvoker.invokeMethod(TestInvoker.java:598)
at org.testng.internal.TestInvoker.invokeTestMethod(TestInvoker.java:173)
at org.testng.internal.MethodRunner.runInSequence(MethodRunner.java:46)
at org.testng.internal.TestInvoker$MethodInvocationAgent.invoke(TestInvoker.java:824)
at org.testng.internal.TestInvoker.invokeTestMethods(TestInvoker.java:146)
at org.testng.internal.TestMethodWorker.invokeTestMethods(TestMethodWorker.java:146)
at org.testng.internal.TestMethodWorker.run(TestMethodWorker.java:128)
at java.base/java.util.ArrayList.forEach(ArrayList.java:1597)
at org.testng.TestRunner.privateRun(TestRunner.java:794)
at org.testng.TestRunner.run(TestRunner.java:596)
at org.testng.SuiteRunner.runTest(SuiteRunner.java:377)
at org.testng.SuiteRunner.runSequentially(SuiteRunner.java:371)
at org.testng.SuiteRunner.privateRun(SuiteRunner.java:332)
at org.testng.SuiteRunner.run(SuiteRunner.java:276)
at org.testng.SuiteRunnerWorker.runSuite(SuiteRunnerWorker.java:53)
at org.testng.SuiteRunnerWorker.run(SuiteRunnerWorker.java:96)
at org.testng.TestNG.runSuitesSequentially(TestNG.java:1212)
at org.testng.TestNG.runSuitesLocally(TestNG.java:1134)
at org.testng.TestNG.runSuites(TestNG.java:1063)
at org.testng.TestNG.run(TestNG.java:1031)
at org.testng.remote.AbstractRemoteTestNG.run(AbstractRemoteTestNG.java:115)
at org.testng.remote.RemoteTestNG.initAndRun(RemoteTestNG.java:293)
at org.testng.remote.RemoteTestNG.main(RemoteTestNG.java:91)
]]>
            </full-stacktrace>
          </exception> <!-- org.openqa.selenium.NoSuchElementException -->
          <reporter-output>
          </reporter-output>
        </test-method> <!-- Zone_And_Region_Wise_Tab -->
        <test-method signature="Dealer_Parent_Group_Wise_Tab()[pri:8, instance:SMR.MarketingCampaign_Report_SMR@5b7a5baa]" started-at="2024-09-27T11:03:53 IST" name="Dealer_Parent_Group_Wise_Tab" finished-at="2024-09-27T11:04:16 IST" duration-ms="23120" status="FAIL">
          <exception class="org.openqa.selenium.TimeoutException">
            <message>
              <![CDATA[Expected condition failed: waiting for presence of element located by: By.xpath: //*[text()=" Dealer Parent Group Wise "] (tried for 10 second(s) with 500 milliseconds interval)]]>
            </message>
            <full-stacktrace>
              <![CDATA[org.openqa.selenium.TimeoutException: Expected condition failed: waiting for presence of element located by: By.xpath: //*[text()=" Dealer Parent Group Wise "] (tried for 10 second(s) with 500 milliseconds interval)
at org.openqa.selenium.support.ui.WebDriverWait.timeoutException(WebDriverWait.java:84)
at org.openqa.selenium.support.ui.FluentWait.until(FluentWait.java:228)
at SMR.MarketingCampaign_Report_SMR.Dealer_Parent_Group_Wise_Tab(MarketingCampaign_Report_SMR.java:354)
at java.base/jdk.internal.reflect.DirectMethodHandleAccessor.invoke(DirectMethodHandleAccessor.java:103)
at java.base/java.lang.reflect.Method.invoke(Method.java:580)
at org.testng.internal.MethodInvocationHelper.invokeMethod(MethodInvocationHelper.java:133)
at org.testng.internal.TestInvoker.invokeMethod(TestInvoker.java:598)
at org.testng.internal.TestInvoker.invokeTestMethod(TestInvoker.java:173)
at org.testng.internal.MethodRunner.runInSequence(MethodRunner.java:46)
at org.testng.internal.TestInvoker$MethodInvocationAgent.invoke(TestInvoker.java:824)
at org.testng.internal.TestInvoker.invokeTestMethods(TestInvoker.java:146)
at org.testng.internal.TestMethodWorker.invokeTestMethods(TestMethodWorker.java:146)
at org.testng.internal.TestMethodWorker.run(TestMethodWorker.java:128)
at java.base/java.util.ArrayList.forEach(ArrayList.java:1597)
at org.testng.TestRunner.privateRun(TestRunner.java:794)
at org.testng.TestRunner.run(TestRunner.java:596)
at org.testng.SuiteRunner.runTest(SuiteRunner.java:377)
at org.testng.SuiteRunner.runSequentially(SuiteRunner.java:371)
at org.testng.SuiteRunner.privateRun(SuiteRunner.java:332)
at org.testng.SuiteRunner.run(SuiteRunner.java:276)
at org.testng.SuiteRunnerWorker.runSuite(SuiteRunnerWorker.java:53)
at org.testng.SuiteRunnerWorker.run(SuiteRunnerWorker.java:96)
at org.testng.TestNG.runSuitesSequentially(TestNG.java:1212)
at org.testng.TestNG.runSuitesLocally(TestNG.java:1134)
at org.testng.TestNG.runSuites(TestNG.java:1063)
at org.testng.TestNG.run(TestNG.java:1031)
at org.testng.remote.AbstractRemoteTestNG.run(AbstractRemoteTestNG.java:115)
at org.testng.remote.RemoteTestNG.initAndRun(RemoteTestNG.java:293)
at org.testng.remote.RemoteTestNG.main(RemoteTestNG.java:91)
Caused by: org.openqa.selenium.NoSuchElementException: no such element: Unable to locate element: {"method":"xpath","selector":"//*[text()=" Dealer Parent Group Wise "]"}
  (Session info: chrome=129.0.6668.70)
For documentation on this error, please visit: https://www.selenium.dev/documentation/webdriver/troubleshooting/errors#no-such-element-exception
Build info: version: '4.21.0', revision: '79ed462ef4'
System info: os.name: 'Windows 11', os.arch: 'amd64', os.version: '10.0', java.version: '22.0.1'
Driver info: org.openqa.selenium.chrome.ChromeDriver
Command: [9ac841df3be5d2e4a690a9540742e01e, findElement {using=xpath, value=//*[text()=" Dealer Parent Group Wise "]}]
Capabilities {acceptInsecureCerts: false, browserName: chrome, browserVersion: 129.0.6668.70, chrome: {chromedriverVersion: 129.0.6668.70 (df87d5cf12b1..., userDataDir: C:\WINDOWS\TEMP\scoped_dir1...}, fedcm:accounts: true, goog:chromeOptions: {debuggerAddress: localhost:63768}, networkConnectionEnabled: false, pageLoadStrategy: normal, platformName: windows, proxy: Proxy(), se:cdp: ws://localhost:63768/devtoo..., se:cdpVersion: 129.0.6668.70, setWindowRect: true, strictFileInteractability: false, timeouts: {implicit: 0, pageLoad: 300000, script: 30000}, unhandledPromptBehavior: dismiss and notify, webauthn:extension:credBlob: true, webauthn:extension:largeBlob: true, webauthn:extension:minPinLength: true, webauthn:extension:prf: true, webauthn:virtualAuthenticators: true}
Session ID: 9ac841df3be5d2e4a690a9540742e01e
at java.base/jdk.internal.reflect.DirectConstructorHandleAccessor.newInstance(DirectConstructorHandleAccessor.java:62)
at java.base/java.lang.reflect.Constructor.newInstanceWithCaller(Constructor.java:502)
at java.base/java.lang.reflect.Constructor.newInstance(Constructor.java:486)
at org.openqa.selenium.remote.ErrorCodec.decode(ErrorCodec.java:167)
at org.openqa.selenium.remote.codec.w3c.W3CHttpResponseCodec.decode(W3CHttpResponseCodec.java:138)
at org.openqa.selenium.remote.codec.w3c.W3CHttpResponseCodec.decode(W3CHttpResponseCodec.java:50)
at org.openqa.selenium.remote.HttpCommandExecutor.execute(HttpCommandExecutor.java:190)
at org.openqa.selenium.remote.service.DriverCommandExecutor.invokeExecute(DriverCommandExecutor.java:216)
at org.openqa.selenium.remote.service.DriverCommandExecutor.execute(DriverCommandExecutor.java:174)
at org.openqa.selenium.remote.RemoteWebDriver.execute(RemoteWebDriver.java:518)
at org.openqa.selenium.remote.ElementLocation$ElementFinder$2.findElement(ElementLocation.java:165)
at org.openqa.selenium.remote.ElementLocation.findElement(ElementLocation.java:59)
at org.openqa.selenium.remote.RemoteWebDriver.findElement(RemoteWebDriver.java:355)
at org.openqa.selenium.remote.RemoteWebDriver.findElement(RemoteWebDriver.java:349)
at org.openqa.selenium.support.ui.ExpectedConditions$6.apply(ExpectedConditions.java:171)
at org.openqa.selenium.support.ui.ExpectedConditions$6.apply(ExpectedConditions.java:168)
at org.openqa.selenium.support.ui.FluentWait.until(FluentWait.java:203)
... 27 more
]]>
            </full-stacktrace>
          </exception> <!-- org.openqa.selenium.TimeoutException -->
          <reporter-output>
          </reporter-output>
        </test-method> <!-- Dealer_Parent_Group_Wise_Tab -->
        <test-method signature="WorkShop_Wise_Tab()[pri:9, instance:SMR.MarketingCampaign_Report_SMR@5b7a5baa]" started-at="2024-09-27T11:04:16 IST" name="WorkShop_Wise_Tab" finished-at="2024-09-27T11:04:39 IST" duration-ms="23115" status="FAIL">
          <exception class="org.openqa.selenium.TimeoutException">
            <message>
              <![CDATA[Expected condition failed: waiting for presence of element located by: By.xpath: //*[text()=" Workshop Wise "] (tried for 10 second(s) with 500 milliseconds interval)]]>
            </message>
            <full-stacktrace>
              <![CDATA[org.openqa.selenium.TimeoutException: Expected condition failed: waiting for presence of element located by: By.xpath: //*[text()=" Workshop Wise "] (tried for 10 second(s) with 500 milliseconds interval)
at org.openqa.selenium.support.ui.WebDriverWait.timeoutException(WebDriverWait.java:84)
at org.openqa.selenium.support.ui.FluentWait.until(FluentWait.java:228)
at SMR.MarketingCampaign_Report_SMR.WorkShop_Wise_Tab(MarketingCampaign_Report_SMR.java:498)
at java.base/jdk.internal.reflect.DirectMethodHandleAccessor.invoke(DirectMethodHandleAccessor.java:103)
at java.base/java.lang.reflect.Method.invoke(Method.java:580)
at org.testng.internal.MethodInvocationHelper.invokeMethod(MethodInvocationHelper.java:133)
at org.testng.internal.TestInvoker.invokeMethod(TestInvoker.java:598)
at org.testng.internal.TestInvoker.invokeTestMethod(TestInvoker.java:173)
at org.testng.internal.MethodRunner.runInSequence(MethodRunner.java:46)
at org.testng.internal.TestInvoker$MethodInvocationAgent.invoke(TestInvoker.java:824)
at org.testng.internal.TestInvoker.invokeTestMethods(TestInvoker.java:146)
at org.testng.internal.TestMethodWorker.invokeTestMethods(TestMethodWorker.java:146)
at org.testng.internal.TestMethodWorker.run(TestMethodWorker.java:128)
at java.base/java.util.ArrayList.forEach(ArrayList.java:1597)
at org.testng.TestRunner.privateRun(TestRunner.java:794)
at org.testng.TestRunner.run(TestRunner.java:596)
at org.testng.SuiteRunner.runTest(SuiteRunner.java:377)
at org.testng.SuiteRunner.runSequentially(SuiteRunner.java:371)
at org.testng.SuiteRunner.privateRun(SuiteRunner.java:332)
at org.testng.SuiteRunner.run(SuiteRunner.java:276)
at org.testng.SuiteRunnerWorker.runSuite(SuiteRunnerWorker.java:53)
at org.testng.SuiteRunnerWorker.run(SuiteRunnerWorker.java:96)
at org.testng.TestNG.runSuitesSequentially(TestNG.java:1212)
at org.testng.TestNG.runSuitesLocally(TestNG.java:1134)
at org.testng.TestNG.runSuites(TestNG.java:1063)
at org.testng.TestNG.run(TestNG.java:1031)
at org.testng.remote.AbstractRemoteTestNG.run(AbstractRemoteTestNG.java:115)
at org.testng.remote.RemoteTestNG.initAndRun(RemoteTestNG.java:293)
at org.testng.remote.RemoteTestNG.main(RemoteTestNG.java:91)
Caused by: org.openqa.selenium.NoSuchElementException: no such element: Unable to locate element: {"method":"xpath","selector":"//*[text()=" Workshop Wise "]"}
  (Session info: chrome=129.0.6668.70)
For documentation on this error, please visit: https://www.selenium.dev/documentation/webdriver/troubleshooting/errors#no-such-element-exception
Build info: version: '4.21.0', revision: '79ed462ef4'
System info: os.name: 'Windows 11', os.arch: 'amd64', os.version: '10.0', java.version: '22.0.1'
Driver info: org.openqa.selenium.chrome.ChromeDriver
Command: [9ac841df3be5d2e4a690a9540742e01e, findElement {using=xpath, value=//*[text()=" Workshop Wise "]}]
Capabilities {acceptInsecureCerts: false, browserName: chrome, browserVersion: 129.0.6668.70, chrome: {chromedriverVersion: 129.0.6668.70 (df87d5cf12b1..., userDataDir: C:\WINDOWS\TEMP\scoped_dir1...}, fedcm:accounts: true, goog:chromeOptions: {debuggerAddress: localhost:63768}, networkConnectionEnabled: false, pageLoadStrategy: normal, platformName: windows, proxy: Proxy(), se:cdp: ws://localhost:63768/devtoo..., se:cdpVersion: 129.0.6668.70, setWindowRect: true, strictFileInteractability: false, timeouts: {implicit: 0, pageLoad: 300000, script: 30000}, unhandledPromptBehavior: dismiss and notify, webauthn:extension:credBlob: true, webauthn:extension:largeBlob: true, webauthn:extension:minPinLength: true, webauthn:extension:prf: true, webauthn:virtualAuthenticators: true}
Session ID: 9ac841df3be5d2e4a690a9540742e01e
at java.base/jdk.internal.reflect.DirectConstructorHandleAccessor.newInstance(DirectConstructorHandleAccessor.java:62)
at java.base/java.lang.reflect.Constructor.newInstanceWithCaller(Constructor.java:502)
at java.base/java.lang.reflect.Constructor.newInstance(Constructor.java:486)
at org.openqa.selenium.remote.ErrorCodec.decode(ErrorCodec.java:167)
at org.openqa.selenium.remote.codec.w3c.W3CHttpResponseCodec.decode(W3CHttpResponseCodec.java:138)
at org.openqa.selenium.remote.codec.w3c.W3CHttpResponseCodec.decode(W3CHttpResponseCodec.java:50)
at org.openqa.selenium.remote.HttpCommandExecutor.execute(HttpCommandExecutor.java:190)
at org.openqa.selenium.remote.service.DriverCommandExecutor.invokeExecute(DriverCommandExecutor.java:216)
at org.openqa.selenium.remote.service.DriverCommandExecutor.execute(DriverCommandExecutor.java:174)
at org.openqa.selenium.remote.RemoteWebDriver.execute(RemoteWebDriver.java:518)
at org.openqa.selenium.remote.ElementLocation$ElementFinder$2.findElement(ElementLocation.java:165)
at org.openqa.selenium.remote.ElementLocation.findElement(ElementLocation.java:59)
at org.openqa.selenium.remote.RemoteWebDriver.findElement(RemoteWebDriver.java:355)
at org.openqa.selenium.remote.RemoteWebDriver.findElement(RemoteWebDriver.java:349)
at org.openqa.selenium.support.ui.ExpectedConditions$6.apply(ExpectedConditions.java:171)
at org.openqa.selenium.support.ui.ExpectedConditions$6.apply(ExpectedConditions.java:168)
at org.openqa.selenium.support.ui.FluentWait.until(FluentWait.java:203)
... 27 more
]]>
            </full-stacktrace>
          </exception> <!-- org.openqa.selenium.TimeoutException -->
          <reporter-output>
          </reporter-output>
        </test-method> <!-- WorkShop_Wise_Tab -->
        <test-method signature="Day_Wise_Tab()[pri:10, instance:SMR.MarketingCampaign_Report_SMR@5b7a5baa]" started-at="2024-09-27T11:04:39 IST" name="Day_Wise_Tab" finished-at="2024-09-27T11:05:02 IST" duration-ms="23125" status="FAIL">
          <exception class="org.openqa.selenium.TimeoutException">
            <message>
              <![CDATA[Expected condition failed: waiting for presence of element located by: By.xpath: //*[text()=" Day Wise "] (tried for 10 second(s) with 500 milliseconds interval)]]>
            </message>
            <full-stacktrace>
              <![CDATA[org.openqa.selenium.TimeoutException: Expected condition failed: waiting for presence of element located by: By.xpath: //*[text()=" Day Wise "] (tried for 10 second(s) with 500 milliseconds interval)
at org.openqa.selenium.support.ui.WebDriverWait.timeoutException(WebDriverWait.java:84)
at org.openqa.selenium.support.ui.FluentWait.until(FluentWait.java:228)
at SMR.MarketingCampaign_Report_SMR.Day_Wise_Tab(MarketingCampaign_Report_SMR.java:617)
at java.base/jdk.internal.reflect.DirectMethodHandleAccessor.invoke(DirectMethodHandleAccessor.java:103)
at java.base/java.lang.reflect.Method.invoke(Method.java:580)
at org.testng.internal.MethodInvocationHelper.invokeMethod(MethodInvocationHelper.java:133)
at org.testng.internal.TestInvoker.invokeMethod(TestInvoker.java:598)
at org.testng.internal.TestInvoker.invokeTestMethod(TestInvoker.java:173)
at org.testng.internal.MethodRunner.runInSequence(MethodRunner.java:46)
at org.testng.internal.TestInvoker$MethodInvocationAgent.invoke(TestInvoker.java:824)
at org.testng.internal.TestInvoker.invokeTestMethods(TestInvoker.java:146)
at org.testng.internal.TestMethodWorker.invokeTestMethods(TestMethodWorker.java:146)
at org.testng.internal.TestMethodWorker.run(TestMethodWorker.java:128)
at java.base/java.util.ArrayList.forEach(ArrayList.java:1597)
at org.testng.TestRunner.privateRun(TestRunner.java:794)
at org.testng.TestRunner.run(TestRunner.java:596)
at org.testng.SuiteRunner.runTest(SuiteRunner.java:377)
at org.testng.SuiteRunner.runSequentially(SuiteRunner.java:371)
at org.testng.SuiteRunner.privateRun(SuiteRunner.java:332)
at org.testng.SuiteRunner.run(SuiteRunner.java:276)
at org.testng.SuiteRunnerWorker.runSuite(SuiteRunnerWorker.java:53)
at org.testng.SuiteRunnerWorker.run(SuiteRunnerWorker.java:96)
at org.testng.TestNG.runSuitesSequentially(TestNG.java:1212)
at org.testng.TestNG.runSuitesLocally(TestNG.java:1134)
at org.testng.TestNG.runSuites(TestNG.java:1063)
at org.testng.TestNG.run(TestNG.java:1031)
at org.testng.remote.AbstractRemoteTestNG.run(AbstractRemoteTestNG.java:115)
at org.testng.remote.RemoteTestNG.initAndRun(RemoteTestNG.java:293)
at org.testng.remote.RemoteTestNG.main(RemoteTestNG.java:91)
Caused by: org.openqa.selenium.NoSuchElementException: no such element: Unable to locate element: {"method":"xpath","selector":"//*[text()=" Day Wise "]"}
  (Session info: chrome=129.0.6668.70)
For documentation on this error, please visit: https://www.selenium.dev/documentation/webdriver/troubleshooting/errors#no-such-element-exception
Build info: version: '4.21.0', revision: '79ed462ef4'
System info: os.name: 'Windows 11', os.arch: 'amd64', os.version: '10.0', java.version: '22.0.1'
Driver info: org.openqa.selenium.chrome.ChromeDriver
Command: [9ac841df3be5d2e4a690a9540742e01e, findElement {using=xpath, value=//*[text()=" Day Wise "]}]
Capabilities {acceptInsecureCerts: false, browserName: chrome, browserVersion: 129.0.6668.70, chrome: {chromedriverVersion: 129.0.6668.70 (df87d5cf12b1..., userDataDir: C:\WINDOWS\TEMP\scoped_dir1...}, fedcm:accounts: true, goog:chromeOptions: {debuggerAddress: localhost:63768}, networkConnectionEnabled: false, pageLoadStrategy: normal, platformName: windows, proxy: Proxy(), se:cdp: ws://localhost:63768/devtoo..., se:cdpVersion: 129.0.6668.70, setWindowRect: true, strictFileInteractability: false, timeouts: {implicit: 0, pageLoad: 300000, script: 30000}, unhandledPromptBehavior: dismiss and notify, webauthn:extension:credBlob: true, webauthn:extension:largeBlob: true, webauthn:extension:minPinLength: true, webauthn:extension:prf: true, webauthn:virtualAuthenticators: true}
Session ID: 9ac841df3be5d2e4a690a9540742e01e
at java.base/jdk.internal.reflect.DirectConstructorHandleAccessor.newInstance(DirectConstructorHandleAccessor.java:62)
at java.base/java.lang.reflect.Constructor.newInstanceWithCaller(Constructor.java:502)
at java.base/java.lang.reflect.Constructor.newInstance(Constructor.java:486)
at org.openqa.selenium.remote.ErrorCodec.decode(ErrorCodec.java:167)
at org.openqa.selenium.remote.codec.w3c.W3CHttpResponseCodec.decode(W3CHttpResponseCodec.java:138)
at org.openqa.selenium.remote.codec.w3c.W3CHttpResponseCodec.decode(W3CHttpResponseCodec.java:50)
at org.openqa.selenium.remote.HttpCommandExecutor.execute(HttpCommandExecutor.java:190)
at org.openqa.selenium.remote.service.DriverCommandExecutor.invokeExecute(DriverCommandExecutor.java:216)
at org.openqa.selenium.remote.service.DriverCommandExecutor.execute(DriverCommandExecutor.java:174)
at org.openqa.selenium.remote.RemoteWebDriver.execute(RemoteWebDriver.java:518)
at org.openqa.selenium.remote.ElementLocation$ElementFinder$2.findElement(ElementLocation.java:165)
at org.openqa.selenium.remote.ElementLocation.findElement(ElementLocation.java:59)
at org.openqa.selenium.remote.RemoteWebDriver.findElement(RemoteWebDriver.java:355)
at org.openqa.selenium.remote.RemoteWebDriver.findElement(RemoteWebDriver.java:349)
at org.openqa.selenium.support.ui.ExpectedConditions$6.apply(ExpectedConditions.java:171)
at org.openqa.selenium.support.ui.ExpectedConditions$6.apply(ExpectedConditions.java:168)
at org.openqa.selenium.support.ui.FluentWait.until(FluentWait.java:203)
... 27 more
]]>
            </full-stacktrace>
          </exception> <!-- org.openqa.selenium.TimeoutException -->
          <reporter-output>
          </reporter-output>
        </test-method> <!-- Day_Wise_Tab -->
        <test-method signature="Compare_TotalCampaignLeads_Column_ZoneRegionWise_With_DealerParentWise()[pri:12, instance:SMR.MarketingCampaign_Report_SMR@5b7a5baa]" started-at="2024-09-27T11:05:02 IST" name="Compare_TotalCampaignLeads_Column_ZoneRegionWise_With_DealerParentWise" finished-at="2024-09-27T11:05:02 IST" duration-ms="14" status="PASS">
          <reporter-output>
          </reporter-output>
        </test-method> <!-- Compare_TotalCampaignLeads_Column_ZoneRegionWise_With_DealerParentWise -->
        <test-method signature="Compare_LeadsAttempted_Column_ZoneRegionWise_With_DealerParentWise()[pri:13, instance:SMR.MarketingCampaign_Report_SMR@5b7a5baa]" started-at="2024-09-27T11:05:02 IST" name="Compare_LeadsAttempted_Column_ZoneRegionWise_With_DealerParentWise" finished-at="2024-09-27T11:05:02 IST" duration-ms="0" status="PASS">
          <reporter-output>
          </reporter-output>
        </test-method> <!-- Compare_LeadsAttempted_Column_ZoneRegionWise_With_DealerParentWise -->
        <test-method signature="Compare_FollowUp_Column_ZoneRegionWise_With_DealerParentWise()[pri:14, instance:SMR.MarketingCampaign_Report_SMR@5b7a5baa]" started-at="2024-09-27T11:05:02 IST" name="Compare_FollowUp_Column_ZoneRegionWise_With_DealerParentWise" finished-at="2024-09-27T11:05:02 IST" duration-ms="3" status="PASS">
          <reporter-output>
          </reporter-output>
        </test-method> <!-- Compare_FollowUp_Column_ZoneRegionWise_With_DealerParentWise -->
        <test-method signature="Compare_Connected_Column_ZoneRegionWise_With_DealerParentWise()[pri:15, instance:SMR.MarketingCampaign_Report_SMR@5b7a5baa]" started-at="2024-09-27T11:05:02 IST" name="Compare_Connected_Column_ZoneRegionWise_With_DealerParentWise" finished-at="2024-09-27T11:05:02 IST" duration-ms="0" status="PASS">
          <reporter-output>
          </reporter-output>
        </test-method> <!-- Compare_Connected_Column_ZoneRegionWise_With_DealerParentWise -->
        <test-method signature="Compare_AppointmentBooked_Column_ZoneRegionWise_With_DealerParentWise()[pri:16, instance:SMR.MarketingCampaign_Report_SMR@5b7a5baa]" started-at="2024-09-27T11:05:02 IST" name="Compare_AppointmentBooked_Column_ZoneRegionWise_With_DealerParentWise" finished-at="2024-09-27T11:05:02 IST" duration-ms="0" status="PASS">
          <reporter-output>
          </reporter-output>
        </test-method> <!-- Compare_AppointmentBooked_Column_ZoneRegionWise_With_DealerParentWise -->
        <test-method signature="Compare_PercentAppointmentBooked_Column_ZoneRegionWise_With_DealerParentWise()[pri:17, instance:SMR.MarketingCampaign_Report_SMR@5b7a5baa]" started-at="2024-09-27T11:05:02 IST" name="Compare_PercentAppointmentBooked_Column_ZoneRegionWise_With_DealerParentWise" finished-at="2024-09-27T11:05:02 IST" duration-ms="6" status="FAIL">
          <exception class="java.lang.NullPointerException">
            <message>
              <![CDATA[Cannot invoke "String.trim()" because "this.z6" is null]]>
            </message>
            <full-stacktrace>
              <![CDATA[java.lang.NullPointerException: Cannot invoke "String.trim()" because "this.z6" is null
at SMR.MarketingCampaign_Report_SMR.Compare_PercentAppointmentBooked_Column_ZoneRegionWise_With_DealerParentWise(MarketingCampaign_Report_SMR.java:773)
at java.base/jdk.internal.reflect.DirectMethodHandleAccessor.invoke(DirectMethodHandleAccessor.java:103)
at java.base/java.lang.reflect.Method.invoke(Method.java:580)
at org.testng.internal.MethodInvocationHelper.invokeMethod(MethodInvocationHelper.java:133)
at org.testng.internal.TestInvoker.invokeMethod(TestInvoker.java:598)
at org.testng.internal.TestInvoker.invokeTestMethod(TestInvoker.java:173)
at org.testng.internal.MethodRunner.runInSequence(MethodRunner.java:46)
at org.testng.internal.TestInvoker$MethodInvocationAgent.invoke(TestInvoker.java:824)
at org.testng.internal.TestInvoker.invokeTestMethods(TestInvoker.java:146)
at org.testng.internal.TestMethodWorker.invokeTestMethods(TestMethodWorker.java:146)
at org.testng.internal.TestMethodWorker.run(TestMethodWorker.java:128)
at java.base/java.util.ArrayList.forEach(ArrayList.java:1597)
at org.testng.TestRunner.privateRun(TestRunner.java:794)
at org.testng.TestRunner.run(TestRunner.java:596)
at org.testng.SuiteRunner.runTest(SuiteRunner.java:377)
at org.testng.SuiteRunner.runSequentially(SuiteRunner.java:371)
at org.testng.SuiteRunner.privateRun(SuiteRunner.java:332)
at org.testng.SuiteRunner.run(SuiteRunner.java:276)
at org.testng.SuiteRunnerWorker.runSuite(SuiteRunnerWorker.java:53)
at org.testng.SuiteRunnerWorker.run(SuiteRunnerWorker.java:96)
at org.testng.TestNG.runSuitesSequentially(TestNG.java:1212)
at org.testng.TestNG.runSuitesLocally(TestNG.java:1134)
at org.testng.TestNG.runSuites(TestNG.java:1063)
at org.testng.TestNG.run(TestNG.java:1031)
at org.testng.remote.AbstractRemoteTestNG.run(AbstractRemoteTestNG.java:115)
at org.testng.remote.RemoteTestNG.initAndRun(RemoteTestNG.java:293)
at org.testng.remote.RemoteTestNG.main(RemoteTestNG.java:91)
]]>
            </full-stacktrace>
          </exception> <!-- java.lang.NullPointerException -->
          <reporter-output>
          </reporter-output>
        </test-method> <!-- Compare_PercentAppointmentBooked_Column_ZoneRegionWise_With_DealerParentWise -->
        <test-method signature="Compare_Reported_Column_ZoneRegionWise_With_DealerParentWise()[pri:18, instance:SMR.MarketingCampaign_Report_SMR@5b7a5baa]" started-at="2024-09-27T11:05:02 IST" name="Compare_Reported_Column_ZoneRegionWise_With_DealerParentWise" finished-at="2024-09-27T11:05:02 IST" duration-ms="0" status="PASS">
          <reporter-output>
          </reporter-output>
        </test-method> <!-- Compare_Reported_Column_ZoneRegionWise_With_DealerParentWise -->
        <test-method signature="Compare_PercentReported_Column_ZoneRegionWise_With_DealerParentWise()[pri:19, instance:SMR.MarketingCampaign_Report_SMR@5b7a5baa]" started-at="2024-09-27T11:05:02 IST" name="Compare_PercentReported_Column_ZoneRegionWise_With_DealerParentWise" finished-at="2024-09-27T11:05:02 IST" duration-ms="0" status="FAIL">
          <exception class="java.lang.NullPointerException">
            <message>
              <![CDATA[Cannot invoke "String.trim()" because "this.z8" is null]]>
            </message>
            <full-stacktrace>
              <![CDATA[java.lang.NullPointerException: Cannot invoke "String.trim()" because "this.z8" is null
at SMR.MarketingCampaign_Report_SMR.Compare_PercentReported_Column_ZoneRegionWise_With_DealerParentWise(MarketingCampaign_Report_SMR.java:792)
at java.base/jdk.internal.reflect.DirectMethodHandleAccessor.invoke(DirectMethodHandleAccessor.java:103)
at java.base/java.lang.reflect.Method.invoke(Method.java:580)
at org.testng.internal.MethodInvocationHelper.invokeMethod(MethodInvocationHelper.java:133)
at org.testng.internal.TestInvoker.invokeMethod(TestInvoker.java:598)
at org.testng.internal.TestInvoker.invokeTestMethod(TestInvoker.java:173)
at org.testng.internal.MethodRunner.runInSequence(MethodRunner.java:46)
at org.testng.internal.TestInvoker$MethodInvocationAgent.invoke(TestInvoker.java:824)
at org.testng.internal.TestInvoker.invokeTestMethods(TestInvoker.java:146)
at org.testng.internal.TestMethodWorker.invokeTestMethods(TestMethodWorker.java:146)
at org.testng.internal.TestMethodWorker.run(TestMethodWorker.java:128)
at java.base/java.util.ArrayList.forEach(ArrayList.java:1597)
at org.testng.TestRunner.privateRun(TestRunner.java:794)
at org.testng.TestRunner.run(TestRunner.java:596)
at org.testng.SuiteRunner.runTest(SuiteRunner.java:377)
at org.testng.SuiteRunner.runSequentially(SuiteRunner.java:371)
at org.testng.SuiteRunner.privateRun(SuiteRunner.java:332)
at org.testng.SuiteRunner.run(SuiteRunner.java:276)
at org.testng.SuiteRunnerWorker.runSuite(SuiteRunnerWorker.java:53)
at org.testng.SuiteRunnerWorker.run(SuiteRunnerWorker.java:96)
at org.testng.TestNG.runSuitesSequentially(TestNG.java:1212)
at org.testng.TestNG.runSuitesLocally(TestNG.java:1134)
at org.testng.TestNG.runSuites(TestNG.java:1063)
at org.testng.TestNG.run(TestNG.java:1031)
at org.testng.remote.AbstractRemoteTestNG.run(AbstractRemoteTestNG.java:115)
at org.testng.remote.RemoteTestNG.initAndRun(RemoteTestNG.java:293)
at org.testng.remote.RemoteTestNG.main(RemoteTestNG.java:91)
]]>
            </full-stacktrace>
          </exception> <!-- java.lang.NullPointerException -->
          <reporter-output>
          </reporter-output>
        </test-method> <!-- Compare_PercentReported_Column_ZoneRegionWise_With_DealerParentWise -->
        <test-method signature="Compare_ReportedForFreeService_Column_ZoneRegionWise_With_DealerParentWise()[pri:20, instance:SMR.MarketingCampaign_Report_SMR@5b7a5baa]" started-at="2024-09-27T11:05:02 IST" name="Compare_ReportedForFreeService_Column_ZoneRegionWise_With_DealerParentWise" finished-at="2024-09-27T11:05:02 IST" duration-ms="0" status="PASS">
          <reporter-output>
          </reporter-output>
        </test-method> <!-- Compare_ReportedForFreeService_Column_ZoneRegionWise_With_DealerParentWise -->
        <test-method signature="Compare_NotAttempted_Column_ZoneRegionWise_With_DealerParentWise()[pri:21, instance:SMR.MarketingCampaign_Report_SMR@5b7a5baa]" started-at="2024-09-27T11:05:02 IST" name="Compare_NotAttempted_Column_ZoneRegionWise_With_DealerParentWise" finished-at="2024-09-27T11:05:02 IST" duration-ms="0" status="PASS">
          <reporter-output>
          </reporter-output>
        </test-method> <!-- Compare_NotAttempted_Column_ZoneRegionWise_With_DealerParentWise -->
        <test-method signature="Compare_PercentReportedForPaidService_Column_ZoneRegionWise_With_DealerParentWise()[pri:23, instance:SMR.MarketingCampaign_Report_SMR@5b7a5baa]" started-at="2024-09-27T11:05:02 IST" name="Compare_PercentReportedForPaidService_Column_ZoneRegionWise_With_DealerParentWise" finished-at="2024-09-27T11:05:02 IST" duration-ms="16" status="FAIL">
          <exception class="java.lang.NullPointerException">
            <message>
              <![CDATA[Cannot invoke "String.trim()" because "this.z12" is null]]>
            </message>
            <full-stacktrace>
              <![CDATA[java.lang.NullPointerException: Cannot invoke "String.trim()" because "this.z12" is null
at SMR.MarketingCampaign_Report_SMR.Compare_PercentReportedForPaidService_Column_ZoneRegionWise_With_DealerParentWise(MarketingCampaign_Report_SMR.java:832)
at java.base/jdk.internal.reflect.DirectMethodHandleAccessor.invoke(DirectMethodHandleAccessor.java:103)
at java.base/java.lang.reflect.Method.invoke(Method.java:580)
at org.testng.internal.MethodInvocationHelper.invokeMethod(MethodInvocationHelper.java:133)
at org.testng.internal.TestInvoker.invokeMethod(TestInvoker.java:598)
at org.testng.internal.TestInvoker.invokeTestMethod(TestInvoker.java:173)
at org.testng.internal.MethodRunner.runInSequence(MethodRunner.java:46)
at org.testng.internal.TestInvoker$MethodInvocationAgent.invoke(TestInvoker.java:824)
at org.testng.internal.TestInvoker.invokeTestMethods(TestInvoker.java:146)
at org.testng.internal.TestMethodWorker.invokeTestMethods(TestMethodWorker.java:146)
at org.testng.internal.TestMethodWorker.run(TestMethodWorker.java:128)
at java.base/java.util.ArrayList.forEach(ArrayList.java:1597)
at org.testng.TestRunner.privateRun(TestRunner.java:794)
at org.testng.TestRunner.run(TestRunner.java:596)
at org.testng.SuiteRunner.runTest(SuiteRunner.java:377)
at org.testng.SuiteRunner.runSequentially(SuiteRunner.java:371)
at org.testng.SuiteRunner.privateRun(SuiteRunner.java:332)
at org.testng.SuiteRunner.run(SuiteRunner.java:276)
at org.testng.SuiteRunnerWorker.runSuite(SuiteRunnerWorker.java:53)
at org.testng.SuiteRunnerWorker.run(SuiteRunnerWorker.java:96)
at org.testng.TestNG.runSuitesSequentially(TestNG.java:1212)
at org.testng.TestNG.runSuitesLocally(TestNG.java:1134)
at org.testng.TestNG.runSuites(TestNG.java:1063)
at org.testng.TestNG.run(TestNG.java:1031)
at org.testng.remote.AbstractRemoteTestNG.run(AbstractRemoteTestNG.java:115)
at org.testng.remote.RemoteTestNG.initAndRun(RemoteTestNG.java:293)
at org.testng.remote.RemoteTestNG.main(RemoteTestNG.java:91)
]]>
            </full-stacktrace>
          </exception> <!-- java.lang.NullPointerException -->
          <reporter-output>
          </reporter-output>
        </test-method> <!-- Compare_PercentReportedForPaidService_Column_ZoneRegionWise_With_DealerParentWise -->
        <test-method signature="Compare_PercentReportedForFreeService_Column_ZoneRegionWise_With_DealerParentWise()[pri:21, instance:SMR.MarketingCampaign_Report_SMR@5b7a5baa]" started-at="2024-09-27T11:05:02 IST" name="Compare_PercentReportedForFreeService_Column_ZoneRegionWise_With_DealerParentWise" finished-at="2024-09-27T11:05:02 IST" duration-ms="0" status="FAIL">
          <exception class="java.lang.NullPointerException">
            <message>
              <![CDATA[Cannot invoke "String.trim()" because "this.z10" is null]]>
            </message>
            <full-stacktrace>
              <![CDATA[java.lang.NullPointerException: Cannot invoke "String.trim()" because "this.z10" is null
at SMR.MarketingCampaign_Report_SMR.Compare_PercentReportedForFreeService_Column_ZoneRegionWise_With_DealerParentWise(MarketingCampaign_Report_SMR.java:812)
at java.base/jdk.internal.reflect.DirectMethodHandleAccessor.invoke(DirectMethodHandleAccessor.java:103)
at java.base/java.lang.reflect.Method.invoke(Method.java:580)
at org.testng.internal.MethodInvocationHelper.invokeMethod(MethodInvocationHelper.java:133)
at org.testng.internal.TestInvoker.invokeMethod(TestInvoker.java:598)
at org.testng.internal.TestInvoker.invokeTestMethod(TestInvoker.java:173)
at org.testng.internal.MethodRunner.runInSequence(MethodRunner.java:46)
at org.testng.internal.TestInvoker$MethodInvocationAgent.invoke(TestInvoker.java:824)
at org.testng.internal.TestInvoker.invokeTestMethods(TestInvoker.java:146)
at org.testng.internal.TestMethodWorker.invokeTestMethods(TestMethodWorker.java:146)
at org.testng.internal.TestMethodWorker.run(TestMethodWorker.java:128)
at java.base/java.util.ArrayList.forEach(ArrayList.java:1597)
at org.testng.TestRunner.privateRun(TestRunner.java:794)
at org.testng.TestRunner.run(TestRunner.java:596)
at org.testng.SuiteRunner.runTest(SuiteRunner.java:377)
at org.testng.SuiteRunner.runSequentially(SuiteRunner.java:371)
at org.testng.SuiteRunner.privateRun(SuiteRunner.java:332)
at org.testng.SuiteRunner.run(SuiteRunner.java:276)
at org.testng.SuiteRunnerWorker.runSuite(SuiteRunnerWorker.java:53)
at org.testng.SuiteRunnerWorker.run(SuiteRunnerWorker.java:96)
at org.testng.TestNG.runSuitesSequentially(TestNG.java:1212)
at org.testng.TestNG.runSuitesLocally(TestNG.java:1134)
at org.testng.TestNG.runSuites(TestNG.java:1063)
at org.testng.TestNG.run(TestNG.java:1031)
at org.testng.remote.AbstractRemoteTestNG.run(AbstractRemoteTestNG.java:115)
at org.testng.remote.RemoteTestNG.initAndRun(RemoteTestNG.java:293)
at org.testng.remote.RemoteTestNG.main(RemoteTestNG.java:91)
]]>
            </full-stacktrace>
          </exception> <!-- java.lang.NullPointerException -->
          <reporter-output>
          </reporter-output>
        </test-method> <!-- Compare_PercentReportedForFreeService_Column_ZoneRegionWise_With_DealerParentWise -->
        <test-method signature="Compare_ReportedForPaidService_Column_ZoneRegionWise_With_DealerParentWise()[pri:22, instance:SMR.MarketingCampaign_Report_SMR@5b7a5baa]" started-at="2024-09-27T11:05:02 IST" name="Compare_ReportedForPaidService_Column_ZoneRegionWise_With_DealerParentWise" finished-at="2024-09-27T11:05:02 IST" duration-ms="0" status="PASS">
          <reporter-output>
          </reporter-output>
        </test-method> <!-- Compare_ReportedForPaidService_Column_ZoneRegionWise_With_DealerParentWise -->
        <test-method signature="Compare_NotConnected_Column_ZoneRegionWise_With_DealerParentWise()[pri:22, instance:SMR.MarketingCampaign_Report_SMR@5b7a5baa]" started-at="2024-09-27T11:05:02 IST" name="Compare_NotConnected_Column_ZoneRegionWise_With_DealerParentWise" finished-at="2024-09-27T11:05:02 IST" duration-ms="0" status="PASS">
          <reporter-output>
          </reporter-output>
        </test-method> <!-- Compare_NotConnected_Column_ZoneRegionWise_With_DealerParentWise -->
        <test-method signature="Compare_LabourRevenue_Column_ZoneRegionWise_With_DealerParentWise()[pri:23, instance:SMR.MarketingCampaign_Report_SMR@5b7a5baa]" started-at="2024-09-27T11:05:02 IST" name="Compare_LabourRevenue_Column_ZoneRegionWise_With_DealerParentWise" finished-at="2024-09-27T11:05:02 IST" duration-ms="0" status="PASS">
          <reporter-output>
          </reporter-output>
        </test-method> <!-- Compare_LabourRevenue_Column_ZoneRegionWise_With_DealerParentWise -->
        <test-method signature="Compare_FreeServicePaidServiceReported_Column_ZoneRegionWise_With_DealerParentWise()[pri:24, instance:SMR.MarketingCampaign_Report_SMR@5b7a5baa]" started-at="2024-09-27T11:05:02 IST" name="Compare_FreeServicePaidServiceReported_Column_ZoneRegionWise_With_DealerParentWise" finished-at="2024-09-27T11:05:02 IST" duration-ms="4" status="PASS">
          <reporter-output>
          </reporter-output>
        </test-method> <!-- Compare_FreeServicePaidServiceReported_Column_ZoneRegionWise_With_DealerParentWise -->
        <test-method signature="Compare_PartsRevenue_Column_ZoneRegionWise_With_DealerParentWise()[pri:24, instance:SMR.MarketingCampaign_Report_SMR@5b7a5baa]" started-at="2024-09-27T11:05:02 IST" name="Compare_PartsRevenue_Column_ZoneRegionWise_With_DealerParentWise" finished-at="2024-09-27T11:05:02 IST" duration-ms="0" status="PASS">
          <reporter-output>
          </reporter-output>
        </test-method> <!-- Compare_PartsRevenue_Column_ZoneRegionWise_With_DealerParentWise -->
        <test-method signature="Compare_LabourPartsRevenue_Column_ZoneRegionWise_With_DealerParentWise()[pri:25, instance:SMR.MarketingCampaign_Report_SMR@5b7a5baa]" started-at="2024-09-27T11:05:02 IST" name="Compare_LabourPartsRevenue_Column_ZoneRegionWise_With_DealerParentWise" finished-at="2024-09-27T11:05:02 IST" duration-ms="0" status="PASS">
          <reporter-output>
          </reporter-output>
        </test-method> <!-- Compare_LabourPartsRevenue_Column_ZoneRegionWise_With_DealerParentWise -->
        <test-method signature="Compare_PercentFreeServicePaidServiceReported_Column_ZoneRegionWise_With_DealerParentWise()[pri:25, instance:SMR.MarketingCampaign_Report_SMR@5b7a5baa]" started-at="2024-09-27T11:05:02 IST" name="Compare_PercentFreeServicePaidServiceReported_Column_ZoneRegionWise_With_DealerParentWise" finished-at="2024-09-27T11:05:02 IST" duration-ms="1" status="FAIL">
          <exception class="java.lang.NullPointerException">
            <message>
              <![CDATA[Cannot invoke "String.trim()" because "this.z14" is null]]>
            </message>
            <full-stacktrace>
              <![CDATA[java.lang.NullPointerException: Cannot invoke "String.trim()" because "this.z14" is null
at SMR.MarketingCampaign_Report_SMR.Compare_PercentFreeServicePaidServiceReported_Column_ZoneRegionWise_With_DealerParentWise(MarketingCampaign_Report_SMR.java:851)
at java.base/jdk.internal.reflect.DirectMethodHandleAccessor.invoke(DirectMethodHandleAccessor.java:103)
at java.base/java.lang.reflect.Method.invoke(Method.java:580)
at org.testng.internal.MethodInvocationHelper.invokeMethod(MethodInvocationHelper.java:133)
at org.testng.internal.TestInvoker.invokeMethod(TestInvoker.java:598)
at org.testng.internal.TestInvoker.invokeTestMethod(TestInvoker.java:173)
at org.testng.internal.MethodRunner.runInSequence(MethodRunner.java:46)
at org.testng.internal.TestInvoker$MethodInvocationAgent.invoke(TestInvoker.java:824)
at org.testng.internal.TestInvoker.invokeTestMethods(TestInvoker.java:146)
at org.testng.internal.TestMethodWorker.invokeTestMethods(TestMethodWorker.java:146)
at org.testng.internal.TestMethodWorker.run(TestMethodWorker.java:128)
at java.base/java.util.ArrayList.forEach(ArrayList.java:1597)
at org.testng.TestRunner.privateRun(TestRunner.java:794)
at org.testng.TestRunner.run(TestRunner.java:596)
at org.testng.SuiteRunner.runTest(SuiteRunner.java:377)
at org.testng.SuiteRunner.runSequentially(SuiteRunner.java:371)
at org.testng.SuiteRunner.privateRun(SuiteRunner.java:332)
at org.testng.SuiteRunner.run(SuiteRunner.java:276)
at org.testng.SuiteRunnerWorker.runSuite(SuiteRunnerWorker.java:53)
at org.testng.SuiteRunnerWorker.run(SuiteRunnerWorker.java:96)
at org.testng.TestNG.runSuitesSequentially(TestNG.java:1212)
at org.testng.TestNG.runSuitesLocally(TestNG.java:1134)
at org.testng.TestNG.runSuites(TestNG.java:1063)
at org.testng.TestNG.run(TestNG.java:1031)
at org.testng.remote.AbstractRemoteTestNG.run(AbstractRemoteTestNG.java:115)
at org.testng.remote.RemoteTestNG.initAndRun(RemoteTestNG.java:293)
at org.testng.remote.RemoteTestNG.main(RemoteTestNG.java:91)
]]>
            </full-stacktrace>
          </exception> <!-- java.lang.NullPointerException -->
          <reporter-output>
          </reporter-output>
        </test-method> <!-- Compare_PercentFreeServicePaidServiceReported_Column_ZoneRegionWise_With_DealerParentWise -->
        <test-method signature="Compare_FollowUp_Column_ZoneRegionWise_With_WorkshopWise()[pri:28, instance:SMR.MarketingCampaign_Report_SMR@5b7a5baa]" started-at="2024-09-27T11:05:02 IST" name="Compare_FollowUp_Column_ZoneRegionWise_With_WorkshopWise" finished-at="2024-09-27T11:05:02 IST" duration-ms="0" status="PASS">
          <reporter-output>
          </reporter-output>
        </test-method> <!-- Compare_FollowUp_Column_ZoneRegionWise_With_WorkshopWise -->
        <test-method signature="Compare_LeadsAttempted_Column_ZoneRegionWise_With_WorkshopWise()[pri:27, instance:SMR.MarketingCampaign_Report_SMR@5b7a5baa]" started-at="2024-09-27T11:05:02 IST" name="Compare_LeadsAttempted_Column_ZoneRegionWise_With_WorkshopWise" finished-at="2024-09-27T11:05:02 IST" duration-ms="0" status="PASS">
          <reporter-output>
          </reporter-output>
        </test-method> <!-- Compare_LeadsAttempted_Column_ZoneRegionWise_With_WorkshopWise -->
        <test-method signature="Compare_TotalCampaignLeads_Column_ZoneRegionWise_With_WorkshopWise()[pri:26, instance:SMR.MarketingCampaign_Report_SMR@5b7a5baa]" started-at="2024-09-27T11:05:02 IST" name="Compare_TotalCampaignLeads_Column_ZoneRegionWise_With_WorkshopWise" finished-at="2024-09-27T11:05:02 IST" duration-ms="0" status="PASS">
          <reporter-output>
          </reporter-output>
        </test-method> <!-- Compare_TotalCampaignLeads_Column_ZoneRegionWise_With_WorkshopWise -->
        <test-method signature="Compare_AppointmentBooked_Column_ZoneRegionWise_With_WorkshopWise()[pri:30, instance:SMR.MarketingCampaign_Report_SMR@5b7a5baa]" started-at="2024-09-27T11:05:02 IST" name="Compare_AppointmentBooked_Column_ZoneRegionWise_With_WorkshopWise" finished-at="2024-09-27T11:05:02 IST" duration-ms="0" status="PASS">
          <reporter-output>
          </reporter-output>
        </test-method> <!-- Compare_AppointmentBooked_Column_ZoneRegionWise_With_WorkshopWise -->
        <test-method signature="Compare_Connected_Column_ZoneRegionWise_With_WorkshopWise()[pri:29, instance:SMR.MarketingCampaign_Report_SMR@5b7a5baa]" started-at="2024-09-27T11:05:02 IST" name="Compare_Connected_Column_ZoneRegionWise_With_WorkshopWise" finished-at="2024-09-27T11:05:02 IST" duration-ms="0" status="PASS">
          <reporter-output>
          </reporter-output>
        </test-method> <!-- Compare_Connected_Column_ZoneRegionWise_With_WorkshopWise -->
        <test-method signature="Compare_PercentAppointmentBooked_Column_ZoneRegionWise_With_WorkshopWise()[pri:31, instance:SMR.MarketingCampaign_Report_SMR@5b7a5baa]" started-at="2024-09-27T11:05:02 IST" name="Compare_PercentAppointmentBooked_Column_ZoneRegionWise_With_WorkshopWise" finished-at="2024-09-27T11:05:02 IST" duration-ms="0" status="FAIL">
          <exception class="java.lang.NullPointerException">
            <message>
              <![CDATA[Cannot invoke "String.trim()" because "this.w6" is null]]>
            </message>
            <full-stacktrace>
              <![CDATA[java.lang.NullPointerException: Cannot invoke "String.trim()" because "this.w6" is null
at SMR.MarketingCampaign_Report_SMR.Compare_PercentAppointmentBooked_Column_ZoneRegionWise_With_WorkshopWise(MarketingCampaign_Report_SMR.java:932)
at java.base/jdk.internal.reflect.DirectMethodHandleAccessor.invoke(DirectMethodHandleAccessor.java:103)
at java.base/java.lang.reflect.Method.invoke(Method.java:580)
at org.testng.internal.MethodInvocationHelper.invokeMethod(MethodInvocationHelper.java:133)
at org.testng.internal.TestInvoker.invokeMethod(TestInvoker.java:598)
at org.testng.internal.TestInvoker.invokeTestMethod(TestInvoker.java:173)
at org.testng.internal.MethodRunner.runInSequence(MethodRunner.java:46)
at org.testng.internal.TestInvoker$MethodInvocationAgent.invoke(TestInvoker.java:824)
at org.testng.internal.TestInvoker.invokeTestMethods(TestInvoker.java:146)
at org.testng.internal.TestMethodWorker.invokeTestMethods(TestMethodWorker.java:146)
at org.testng.internal.TestMethodWorker.run(TestMethodWorker.java:128)
at java.base/java.util.ArrayList.forEach(ArrayList.java:1597)
at org.testng.TestRunner.privateRun(TestRunner.java:794)
at org.testng.TestRunner.run(TestRunner.java:596)
at org.testng.SuiteRunner.runTest(SuiteRunner.java:377)
at org.testng.SuiteRunner.runSequentially(SuiteRunner.java:371)
at org.testng.SuiteRunner.privateRun(SuiteRunner.java:332)
at org.testng.SuiteRunner.run(SuiteRunner.java:276)
at org.testng.SuiteRunnerWorker.runSuite(SuiteRunnerWorker.java:53)
at org.testng.SuiteRunnerWorker.run(SuiteRunnerWorker.java:96)
at org.testng.TestNG.runSuitesSequentially(TestNG.java:1212)
at org.testng.TestNG.runSuitesLocally(TestNG.java:1134)
at org.testng.TestNG.runSuites(TestNG.java:1063)
at org.testng.TestNG.run(TestNG.java:1031)
at org.testng.remote.AbstractRemoteTestNG.run(AbstractRemoteTestNG.java:115)
at org.testng.remote.RemoteTestNG.initAndRun(RemoteTestNG.java:293)
at org.testng.remote.RemoteTestNG.main(RemoteTestNG.java:91)
]]>
            </full-stacktrace>
          </exception> <!-- java.lang.NullPointerException -->
          <reporter-output>
          </reporter-output>
        </test-method> <!-- Compare_PercentAppointmentBooked_Column_ZoneRegionWise_With_WorkshopWise -->
        <test-method signature="Compare_Reported_Column_ZoneRegionWise_With_WorkshopWise()[pri:32, instance:SMR.MarketingCampaign_Report_SMR@5b7a5baa]" started-at="2024-09-27T11:05:02 IST" name="Compare_Reported_Column_ZoneRegionWise_With_WorkshopWise" finished-at="2024-09-27T11:05:03 IST" duration-ms="2" status="PASS">
          <reporter-output>
          </reporter-output>
        </test-method> <!-- Compare_Reported_Column_ZoneRegionWise_With_WorkshopWise -->
        <test-method signature="Compare_PercentReported_Column_ZoneRegionWise_With_WorkshopWise()[pri:33, instance:SMR.MarketingCampaign_Report_SMR@5b7a5baa]" started-at="2024-09-27T11:05:03 IST" name="Compare_PercentReported_Column_ZoneRegionWise_With_WorkshopWise" finished-at="2024-09-27T11:05:03 IST" duration-ms="0" status="FAIL">
          <exception class="java.lang.NullPointerException">
            <message>
              <![CDATA[Cannot invoke "String.trim()" because "this.w8" is null]]>
            </message>
            <full-stacktrace>
              <![CDATA[java.lang.NullPointerException: Cannot invoke "String.trim()" because "this.w8" is null
at SMR.MarketingCampaign_Report_SMR.Compare_PercentReported_Column_ZoneRegionWise_With_WorkshopWise(MarketingCampaign_Report_SMR.java:950)
at java.base/jdk.internal.reflect.DirectMethodHandleAccessor.invoke(DirectMethodHandleAccessor.java:103)
at java.base/java.lang.reflect.Method.invoke(Method.java:580)
at org.testng.internal.MethodInvocationHelper.invokeMethod(MethodInvocationHelper.java:133)
at org.testng.internal.TestInvoker.invokeMethod(TestInvoker.java:598)
at org.testng.internal.TestInvoker.invokeTestMethod(TestInvoker.java:173)
at org.testng.internal.MethodRunner.runInSequence(MethodRunner.java:46)
at org.testng.internal.TestInvoker$MethodInvocationAgent.invoke(TestInvoker.java:824)
at org.testng.internal.TestInvoker.invokeTestMethods(TestInvoker.java:146)
at org.testng.internal.TestMethodWorker.invokeTestMethods(TestMethodWorker.java:146)
at org.testng.internal.TestMethodWorker.run(TestMethodWorker.java:128)
at java.base/java.util.ArrayList.forEach(ArrayList.java:1597)
at org.testng.TestRunner.privateRun(TestRunner.java:794)
at org.testng.TestRunner.run(TestRunner.java:596)
at org.testng.SuiteRunner.runTest(SuiteRunner.java:377)
at org.testng.SuiteRunner.runSequentially(SuiteRunner.java:371)
at org.testng.SuiteRunner.privateRun(SuiteRunner.java:332)
at org.testng.SuiteRunner.run(SuiteRunner.java:276)
at org.testng.SuiteRunnerWorker.runSuite(SuiteRunnerWorker.java:53)
at org.testng.SuiteRunnerWorker.run(SuiteRunnerWorker.java:96)
at org.testng.TestNG.runSuitesSequentially(TestNG.java:1212)
at org.testng.TestNG.runSuitesLocally(TestNG.java:1134)
at org.testng.TestNG.runSuites(TestNG.java:1063)
at org.testng.TestNG.run(TestNG.java:1031)
at org.testng.remote.AbstractRemoteTestNG.run(AbstractRemoteTestNG.java:115)
at org.testng.remote.RemoteTestNG.initAndRun(RemoteTestNG.java:293)
at org.testng.remote.RemoteTestNG.main(RemoteTestNG.java:91)
]]>
            </full-stacktrace>
          </exception> <!-- java.lang.NullPointerException -->
          <reporter-output>
          </reporter-output>
        </test-method> <!-- Compare_PercentReported_Column_ZoneRegionWise_With_WorkshopWise -->
        <test-method signature="Compare_ReportedForFreeService_Column_ZoneRegionWise_With_WorkshopWise()[pri:34, instance:SMR.MarketingCampaign_Report_SMR@5b7a5baa]" started-at="2024-09-27T11:05:03 IST" name="Compare_ReportedForFreeService_Column_ZoneRegionWise_With_WorkshopWise" finished-at="2024-09-27T11:05:03 IST" duration-ms="0" status="PASS">
          <reporter-output>
          </reporter-output>
        </test-method> <!-- Compare_ReportedForFreeService_Column_ZoneRegionWise_With_WorkshopWise -->
        <test-method signature="Compare_NotAttempted_Column_ZoneRegionWise_With_WorkshopWise()[pri:35, instance:SMR.MarketingCampaign_Report_SMR@5b7a5baa]" started-at="2024-09-27T11:05:03 IST" name="Compare_NotAttempted_Column_ZoneRegionWise_With_WorkshopWise" finished-at="2024-09-27T11:05:03 IST" duration-ms="0" status="PASS">
          <reporter-output>
          </reporter-output>
        </test-method> <!-- Compare_NotAttempted_Column_ZoneRegionWise_With_WorkshopWise -->
        <test-method signature="Compare_PercentReportedForFreeService_Column_ZoneRegionWise_With_WorkshopWise()[pri:35, instance:SMR.MarketingCampaign_Report_SMR@5b7a5baa]" started-at="2024-09-27T11:05:03 IST" name="Compare_PercentReportedForFreeService_Column_ZoneRegionWise_With_WorkshopWise" finished-at="2024-09-27T11:05:03 IST" duration-ms="1" status="FAIL">
          <exception class="java.lang.NullPointerException">
            <message>
              <![CDATA[Cannot invoke "String.trim()" because "this.w10" is null]]>
            </message>
            <full-stacktrace>
              <![CDATA[java.lang.NullPointerException: Cannot invoke "String.trim()" because "this.w10" is null
at SMR.MarketingCampaign_Report_SMR.Compare_PercentReportedForFreeService_Column_ZoneRegionWise_With_WorkshopWise(MarketingCampaign_Report_SMR.java:969)
at java.base/jdk.internal.reflect.DirectMethodHandleAccessor.invoke(DirectMethodHandleAccessor.java:103)
at java.base/java.lang.reflect.Method.invoke(Method.java:580)
at org.testng.internal.MethodInvocationHelper.invokeMethod(MethodInvocationHelper.java:133)
at org.testng.internal.TestInvoker.invokeMethod(TestInvoker.java:598)
at org.testng.internal.TestInvoker.invokeTestMethod(TestInvoker.java:173)
at org.testng.internal.MethodRunner.runInSequence(MethodRunner.java:46)
at org.testng.internal.TestInvoker$MethodInvocationAgent.invoke(TestInvoker.java:824)
at org.testng.internal.TestInvoker.invokeTestMethods(TestInvoker.java:146)
at org.testng.internal.TestMethodWorker.invokeTestMethods(TestMethodWorker.java:146)
at org.testng.internal.TestMethodWorker.run(TestMethodWorker.java:128)
at java.base/java.util.ArrayList.forEach(ArrayList.java:1597)
at org.testng.TestRunner.privateRun(TestRunner.java:794)
at org.testng.TestRunner.run(TestRunner.java:596)
at org.testng.SuiteRunner.runTest(SuiteRunner.java:377)
at org.testng.SuiteRunner.runSequentially(SuiteRunner.java:371)
at org.testng.SuiteRunner.privateRun(SuiteRunner.java:332)
at org.testng.SuiteRunner.run(SuiteRunner.java:276)
at org.testng.SuiteRunnerWorker.runSuite(SuiteRunnerWorker.java:53)
at org.testng.SuiteRunnerWorker.run(SuiteRunnerWorker.java:96)
at org.testng.TestNG.runSuitesSequentially(TestNG.java:1212)
at org.testng.TestNG.runSuitesLocally(TestNG.java:1134)
at org.testng.TestNG.runSuites(TestNG.java:1063)
at org.testng.TestNG.run(TestNG.java:1031)
at org.testng.remote.AbstractRemoteTestNG.run(AbstractRemoteTestNG.java:115)
at org.testng.remote.RemoteTestNG.initAndRun(RemoteTestNG.java:293)
at org.testng.remote.RemoteTestNG.main(RemoteTestNG.java:91)
]]>
            </full-stacktrace>
          </exception> <!-- java.lang.NullPointerException -->
          <reporter-output>
          </reporter-output>
        </test-method> <!-- Compare_PercentReportedForFreeService_Column_ZoneRegionWise_With_WorkshopWise -->
        <test-method signature="Compare_NotConnected_Column_ZoneRegionWise_With_WorkshopWise()[pri:36, instance:SMR.MarketingCampaign_Report_SMR@5b7a5baa]" started-at="2024-09-27T11:05:03 IST" name="Compare_NotConnected_Column_ZoneRegionWise_With_WorkshopWise" finished-at="2024-09-27T11:05:03 IST" duration-ms="4" status="PASS">
          <reporter-output>
          </reporter-output>
        </test-method> <!-- Compare_NotConnected_Column_ZoneRegionWise_With_WorkshopWise -->
        <test-method signature="Compare_ReportedForPaidService_Column_ZoneRegionWise_With_WorkshopWise()[pri:36, instance:SMR.MarketingCampaign_Report_SMR@5b7a5baa]" started-at="2024-09-27T11:05:03 IST" name="Compare_ReportedForPaidService_Column_ZoneRegionWise_With_WorkshopWise" finished-at="2024-09-27T11:05:03 IST" duration-ms="0" status="PASS">
          <reporter-output>
          </reporter-output>
        </test-method> <!-- Compare_ReportedForPaidService_Column_ZoneRegionWise_With_WorkshopWise -->
        <test-method signature="Compare_LabourRevenue_Column_ZoneRegionWise_With_WorkshopWise()[pri:37, instance:SMR.MarketingCampaign_Report_SMR@5b7a5baa]" started-at="2024-09-27T11:05:03 IST" name="Compare_LabourRevenue_Column_ZoneRegionWise_With_WorkshopWise" finished-at="2024-09-27T11:05:03 IST" duration-ms="0" status="PASS">
          <reporter-output>
          </reporter-output>
        </test-method> <!-- Compare_LabourRevenue_Column_ZoneRegionWise_With_WorkshopWise -->
        <test-method signature="Compare_FreeServicePaidServiceReported_Column_ZoneRegionWise_With_WorkshopWise()[pri:38, instance:SMR.MarketingCampaign_Report_SMR@5b7a5baa]" started-at="2024-09-27T11:05:03 IST" name="Compare_FreeServicePaidServiceReported_Column_ZoneRegionWise_With_WorkshopWise" finished-at="2024-09-27T11:05:03 IST" duration-ms="0" status="PASS">
          <reporter-output>
          </reporter-output>
        </test-method> <!-- Compare_FreeServicePaidServiceReported_Column_ZoneRegionWise_With_WorkshopWise -->
        <test-method signature="Compare_PercentReportedForPaidService_Column_ZoneRegionWise_With_WorkshopWise()[pri:37, instance:SMR.MarketingCampaign_Report_SMR@5b7a5baa]" started-at="2024-09-27T11:05:03 IST" name="Compare_PercentReportedForPaidService_Column_ZoneRegionWise_With_WorkshopWise" finished-at="2024-09-27T11:05:03 IST" duration-ms="0" status="FAIL">
          <exception class="java.lang.NullPointerException">
            <message>
              <![CDATA[Cannot invoke "String.trim()" because "this.w12" is null]]>
            </message>
            <full-stacktrace>
              <![CDATA[java.lang.NullPointerException: Cannot invoke "String.trim()" because "this.w12" is null
at SMR.MarketingCampaign_Report_SMR.Compare_PercentReportedForPaidService_Column_ZoneRegionWise_With_WorkshopWise(MarketingCampaign_Report_SMR.java:990)
at java.base/jdk.internal.reflect.DirectMethodHandleAccessor.invoke(DirectMethodHandleAccessor.java:103)
at java.base/java.lang.reflect.Method.invoke(Method.java:580)
at org.testng.internal.MethodInvocationHelper.invokeMethod(MethodInvocationHelper.java:133)
at org.testng.internal.TestInvoker.invokeMethod(TestInvoker.java:598)
at org.testng.internal.TestInvoker.invokeTestMethod(TestInvoker.java:173)
at org.testng.internal.MethodRunner.runInSequence(MethodRunner.java:46)
at org.testng.internal.TestInvoker$MethodInvocationAgent.invoke(TestInvoker.java:824)
at org.testng.internal.TestInvoker.invokeTestMethods(TestInvoker.java:146)
at org.testng.internal.TestMethodWorker.invokeTestMethods(TestMethodWorker.java:146)
at org.testng.internal.TestMethodWorker.run(TestMethodWorker.java:128)
at java.base/java.util.ArrayList.forEach(ArrayList.java:1597)
at org.testng.TestRunner.privateRun(TestRunner.java:794)
at org.testng.TestRunner.run(TestRunner.java:596)
at org.testng.SuiteRunner.runTest(SuiteRunner.java:377)
at org.testng.SuiteRunner.runSequentially(SuiteRunner.java:371)
at org.testng.SuiteRunner.privateRun(SuiteRunner.java:332)
at org.testng.SuiteRunner.run(SuiteRunner.java:276)
at org.testng.SuiteRunnerWorker.runSuite(SuiteRunnerWorker.java:53)
at org.testng.SuiteRunnerWorker.run(SuiteRunnerWorker.java:96)
at org.testng.TestNG.runSuitesSequentially(TestNG.java:1212)
at org.testng.TestNG.runSuitesLocally(TestNG.java:1134)
at org.testng.TestNG.runSuites(TestNG.java:1063)
at org.testng.TestNG.run(TestNG.java:1031)
at org.testng.remote.AbstractRemoteTestNG.run(AbstractRemoteTestNG.java:115)
at org.testng.remote.RemoteTestNG.initAndRun(RemoteTestNG.java:293)
at org.testng.remote.RemoteTestNG.main(RemoteTestNG.java:91)
]]>
            </full-stacktrace>
          </exception> <!-- java.lang.NullPointerException -->
          <reporter-output>
          </reporter-output>
        </test-method> <!-- Compare_PercentReportedForPaidService_Column_ZoneRegionWise_With_WorkshopWise -->
        <test-method signature="Compare_LabourPartsRevenue_Column_ZoneRegionWise_With_WorkshopWise()[pri:39, instance:SMR.MarketingCampaign_Report_SMR@5b7a5baa]" started-at="2024-09-27T11:05:03 IST" name="Compare_LabourPartsRevenue_Column_ZoneRegionWise_With_WorkshopWise" finished-at="2024-09-27T11:05:03 IST" duration-ms="0" status="PASS">
          <reporter-output>
          </reporter-output>
        </test-method> <!-- Compare_LabourPartsRevenue_Column_ZoneRegionWise_With_WorkshopWise -->
        <test-method signature="Compare_PercentFreeServicePaidServiceReported_Column_ZoneRegionWise_With_WorkshopWise()[pri:39, instance:SMR.MarketingCampaign_Report_SMR@5b7a5baa]" started-at="2024-09-27T11:05:03 IST" name="Compare_PercentFreeServicePaidServiceReported_Column_ZoneRegionWise_With_WorkshopWise" finished-at="2024-09-27T11:05:03 IST" duration-ms="0" status="FAIL">
          <exception class="java.lang.NullPointerException">
            <message>
              <![CDATA[Cannot invoke "String.trim()" because "this.w14" is null]]>
            </message>
            <full-stacktrace>
              <![CDATA[java.lang.NullPointerException: Cannot invoke "String.trim()" because "this.w14" is null
at SMR.MarketingCampaign_Report_SMR.Compare_PercentFreeServicePaidServiceReported_Column_ZoneRegionWise_With_WorkshopWise(MarketingCampaign_Report_SMR.java:1011)
at java.base/jdk.internal.reflect.DirectMethodHandleAccessor.invoke(DirectMethodHandleAccessor.java:103)
at java.base/java.lang.reflect.Method.invoke(Method.java:580)
at org.testng.internal.MethodInvocationHelper.invokeMethod(MethodInvocationHelper.java:133)
at org.testng.internal.TestInvoker.invokeMethod(TestInvoker.java:598)
at org.testng.internal.TestInvoker.invokeTestMethod(TestInvoker.java:173)
at org.testng.internal.MethodRunner.runInSequence(MethodRunner.java:46)
at org.testng.internal.TestInvoker$MethodInvocationAgent.invoke(TestInvoker.java:824)
at org.testng.internal.TestInvoker.invokeTestMethods(TestInvoker.java:146)
at org.testng.internal.TestMethodWorker.invokeTestMethods(TestMethodWorker.java:146)
at org.testng.internal.TestMethodWorker.run(TestMethodWorker.java:128)
at java.base/java.util.ArrayList.forEach(ArrayList.java:1597)
at org.testng.TestRunner.privateRun(TestRunner.java:794)
at org.testng.TestRunner.run(TestRunner.java:596)
at org.testng.SuiteRunner.runTest(SuiteRunner.java:377)
at org.testng.SuiteRunner.runSequentially(SuiteRunner.java:371)
at org.testng.SuiteRunner.privateRun(SuiteRunner.java:332)
at org.testng.SuiteRunner.run(SuiteRunner.java:276)
at org.testng.SuiteRunnerWorker.runSuite(SuiteRunnerWorker.java:53)
at org.testng.SuiteRunnerWorker.run(SuiteRunnerWorker.java:96)
at org.testng.TestNG.runSuitesSequentially(TestNG.java:1212)
at org.testng.TestNG.runSuitesLocally(TestNG.java:1134)
at org.testng.TestNG.runSuites(TestNG.java:1063)
at org.testng.TestNG.run(TestNG.java:1031)
at org.testng.remote.AbstractRemoteTestNG.run(AbstractRemoteTestNG.java:115)
at org.testng.remote.RemoteTestNG.initAndRun(RemoteTestNG.java:293)
at org.testng.remote.RemoteTestNG.main(RemoteTestNG.java:91)
]]>
            </full-stacktrace>
          </exception> <!-- java.lang.NullPointerException -->
          <reporter-output>
          </reporter-output>
        </test-method> <!-- Compare_PercentFreeServicePaidServiceReported_Column_ZoneRegionWise_With_WorkshopWise -->
        <test-method signature="Compare_LeadsAttempted_Column_ZoneRegionWise_With_DayWise()[pri:41, instance:SMR.MarketingCampaign_Report_SMR@5b7a5baa]" started-at="2024-09-27T11:05:03 IST" name="Compare_LeadsAttempted_Column_ZoneRegionWise_With_DayWise" finished-at="2024-09-27T11:05:03 IST" duration-ms="0" status="PASS">
          <reporter-output>
          </reporter-output>
        </test-method> <!-- Compare_LeadsAttempted_Column_ZoneRegionWise_With_DayWise -->
        <test-method signature="Compare_PartsRevenue_Column_ZoneRegionWise_With_WorkshopWise()[pri:38, instance:SMR.MarketingCampaign_Report_SMR@5b7a5baa]" started-at="2024-09-27T11:05:03 IST" name="Compare_PartsRevenue_Column_ZoneRegionWise_With_WorkshopWise" finished-at="2024-09-27T11:05:03 IST" duration-ms="0" status="PASS">
          <reporter-output>
          </reporter-output>
        </test-method> <!-- Compare_PartsRevenue_Column_ZoneRegionWise_With_WorkshopWise -->
        <test-method signature="Compare_TotalCampaignLeads_Column_ZoneRegionWise_With_DayWise()[pri:40, instance:SMR.MarketingCampaign_Report_SMR@5b7a5baa]" started-at="2024-09-27T11:05:03 IST" name="Compare_TotalCampaignLeads_Column_ZoneRegionWise_With_DayWise" finished-at="2024-09-27T11:05:03 IST" duration-ms="0" status="PASS">
          <reporter-output>
          </reporter-output>
        </test-method> <!-- Compare_TotalCampaignLeads_Column_ZoneRegionWise_With_DayWise -->
        <test-method signature="Compare_AppointmentBooked_Column_ZoneRegionWise_With_DayWise()[pri:44, instance:SMR.MarketingCampaign_Report_SMR@5b7a5baa]" started-at="2024-09-27T11:05:03 IST" name="Compare_AppointmentBooked_Column_ZoneRegionWise_With_DayWise" finished-at="2024-09-27T11:05:03 IST" duration-ms="0" status="PASS">
          <reporter-output>
          </reporter-output>
        </test-method> <!-- Compare_AppointmentBooked_Column_ZoneRegionWise_With_DayWise -->
        <test-method signature="Compare_FollowUp_Column_ZoneRegionWise_With_DayWise()[pri:42, instance:SMR.MarketingCampaign_Report_SMR@5b7a5baa]" started-at="2024-09-27T11:05:03 IST" name="Compare_FollowUp_Column_ZoneRegionWise_With_DayWise" finished-at="2024-09-27T11:05:03 IST" duration-ms="0" status="PASS">
          <reporter-output>
          </reporter-output>
        </test-method> <!-- Compare_FollowUp_Column_ZoneRegionWise_With_DayWise -->
        <test-method signature="Compare_Connected_Column_ZoneRegionWise_With_DayWise()[pri:43, instance:SMR.MarketingCampaign_Report_SMR@5b7a5baa]" started-at="2024-09-27T11:05:03 IST" name="Compare_Connected_Column_ZoneRegionWise_With_DayWise" finished-at="2024-09-27T11:05:03 IST" duration-ms="0" status="PASS">
          <reporter-output>
          </reporter-output>
        </test-method> <!-- Compare_Connected_Column_ZoneRegionWise_With_DayWise -->
        <test-method signature="Compare_Reported_Column_ZoneRegionWise_With_DayWise()[pri:46, instance:SMR.MarketingCampaign_Report_SMR@5b7a5baa]" started-at="2024-09-27T11:05:03 IST" name="Compare_Reported_Column_ZoneRegionWise_With_DayWise" finished-at="2024-09-27T11:05:03 IST" duration-ms="0" status="PASS">
          <reporter-output>
          </reporter-output>
        </test-method> <!-- Compare_Reported_Column_ZoneRegionWise_With_DayWise -->
        <test-method signature="Compare_PercentAppointmentBooked_Column_ZoneRegionWise_With_DayWise()[pri:45, instance:SMR.MarketingCampaign_Report_SMR@5b7a5baa]" started-at="2024-09-27T11:05:03 IST" name="Compare_PercentAppointmentBooked_Column_ZoneRegionWise_With_DayWise" finished-at="2024-09-27T11:05:03 IST" duration-ms="0" status="FAIL">
          <exception class="java.lang.NullPointerException">
            <message>
              <![CDATA[Cannot invoke "String.trim()" because "this.z6" is null]]>
            </message>
            <full-stacktrace>
              <![CDATA[java.lang.NullPointerException: Cannot invoke "String.trim()" because "this.z6" is null
at SMR.MarketingCampaign_Report_SMR.Compare_PercentAppointmentBooked_Column_ZoneRegionWise_With_DayWise(MarketingCampaign_Report_SMR.java:1091)
at java.base/jdk.internal.reflect.DirectMethodHandleAccessor.invoke(DirectMethodHandleAccessor.java:103)
at java.base/java.lang.reflect.Method.invoke(Method.java:580)
at org.testng.internal.MethodInvocationHelper.invokeMethod(MethodInvocationHelper.java:133)
at org.testng.internal.TestInvoker.invokeMethod(TestInvoker.java:598)
at org.testng.internal.TestInvoker.invokeTestMethod(TestInvoker.java:173)
at org.testng.internal.MethodRunner.runInSequence(MethodRunner.java:46)
at org.testng.internal.TestInvoker$MethodInvocationAgent.invoke(TestInvoker.java:824)
at org.testng.internal.TestInvoker.invokeTestMethods(TestInvoker.java:146)
at org.testng.internal.TestMethodWorker.invokeTestMethods(TestMethodWorker.java:146)
at org.testng.internal.TestMethodWorker.run(TestMethodWorker.java:128)
at java.base/java.util.ArrayList.forEach(ArrayList.java:1597)
at org.testng.TestRunner.privateRun(TestRunner.java:794)
at org.testng.TestRunner.run(TestRunner.java:596)
at org.testng.SuiteRunner.runTest(SuiteRunner.java:377)
at org.testng.SuiteRunner.runSequentially(SuiteRunner.java:371)
at org.testng.SuiteRunner.privateRun(SuiteRunner.java:332)
at org.testng.SuiteRunner.run(SuiteRunner.java:276)
at org.testng.SuiteRunnerWorker.runSuite(SuiteRunnerWorker.java:53)
at org.testng.SuiteRunnerWorker.run(SuiteRunnerWorker.java:96)
at org.testng.TestNG.runSuitesSequentially(TestNG.java:1212)
at org.testng.TestNG.runSuitesLocally(TestNG.java:1134)
at org.testng.TestNG.runSuites(TestNG.java:1063)
at org.testng.TestNG.run(TestNG.java:1031)
at org.testng.remote.AbstractRemoteTestNG.run(AbstractRemoteTestNG.java:115)
at org.testng.remote.RemoteTestNG.initAndRun(RemoteTestNG.java:293)
at org.testng.remote.RemoteTestNG.main(RemoteTestNG.java:91)
]]>
            </full-stacktrace>
          </exception> <!-- java.lang.NullPointerException -->
          <reporter-output>
          </reporter-output>
        </test-method> <!-- Compare_PercentAppointmentBooked_Column_ZoneRegionWise_With_DayWise -->
        <test-method signature="Compare_PercentReported_Column_ZoneRegionWise_With_DayWise()[pri:47, instance:SMR.MarketingCampaign_Report_SMR@5b7a5baa]" started-at="2024-09-27T11:05:03 IST" name="Compare_PercentReported_Column_ZoneRegionWise_With_DayWise" finished-at="2024-09-27T11:05:03 IST" duration-ms="2" status="FAIL">
          <exception class="java.lang.NullPointerException">
            <message>
              <![CDATA[Cannot invoke "String.trim()" because "this.day8" is null]]>
            </message>
            <full-stacktrace>
              <![CDATA[java.lang.NullPointerException: Cannot invoke "String.trim()" because "this.day8" is null
at SMR.MarketingCampaign_Report_SMR.Compare_PercentReported_Column_ZoneRegionWise_With_DayWise(MarketingCampaign_Report_SMR.java:1108)
at java.base/jdk.internal.reflect.DirectMethodHandleAccessor.invoke(DirectMethodHandleAccessor.java:103)
at java.base/java.lang.reflect.Method.invoke(Method.java:580)
at org.testng.internal.MethodInvocationHelper.invokeMethod(MethodInvocationHelper.java:133)
at org.testng.internal.TestInvoker.invokeMethod(TestInvoker.java:598)
at org.testng.internal.TestInvoker.invokeTestMethod(TestInvoker.java:173)
at org.testng.internal.MethodRunner.runInSequence(MethodRunner.java:46)
at org.testng.internal.TestInvoker$MethodInvocationAgent.invoke(TestInvoker.java:824)
at org.testng.internal.TestInvoker.invokeTestMethods(TestInvoker.java:146)
at org.testng.internal.TestMethodWorker.invokeTestMethods(TestMethodWorker.java:146)
at org.testng.internal.TestMethodWorker.run(TestMethodWorker.java:128)
at java.base/java.util.ArrayList.forEach(ArrayList.java:1597)
at org.testng.TestRunner.privateRun(TestRunner.java:794)
at org.testng.TestRunner.run(TestRunner.java:596)
at org.testng.SuiteRunner.runTest(SuiteRunner.java:377)
at org.testng.SuiteRunner.runSequentially(SuiteRunner.java:371)
at org.testng.SuiteRunner.privateRun(SuiteRunner.java:332)
at org.testng.SuiteRunner.run(SuiteRunner.java:276)
at org.testng.SuiteRunnerWorker.runSuite(SuiteRunnerWorker.java:53)
at org.testng.SuiteRunnerWorker.run(SuiteRunnerWorker.java:96)
at org.testng.TestNG.runSuitesSequentially(TestNG.java:1212)
at org.testng.TestNG.runSuitesLocally(TestNG.java:1134)
at org.testng.TestNG.runSuites(TestNG.java:1063)
at org.testng.TestNG.run(TestNG.java:1031)
at org.testng.remote.AbstractRemoteTestNG.run(AbstractRemoteTestNG.java:115)
at org.testng.remote.RemoteTestNG.initAndRun(RemoteTestNG.java:293)
at org.testng.remote.RemoteTestNG.main(RemoteTestNG.java:91)
]]>
            </full-stacktrace>
          </exception> <!-- java.lang.NullPointerException -->
          <reporter-output>
          </reporter-output>
        </test-method> <!-- Compare_PercentReported_Column_ZoneRegionWise_With_DayWise -->
        <test-method signature="Compare_ReportedForFreeService_Column_ZoneRegionWise_With_DayWise()[pri:48, instance:SMR.MarketingCampaign_Report_SMR@5b7a5baa]" started-at="2024-09-27T11:05:03 IST" name="Compare_ReportedForFreeService_Column_ZoneRegionWise_With_DayWise" finished-at="2024-09-27T11:05:03 IST" duration-ms="0" status="PASS">
          <reporter-output>
          </reporter-output>
        </test-method> <!-- Compare_ReportedForFreeService_Column_ZoneRegionWise_With_DayWise -->
        <test-method signature="Compare_PercentReportedForFreeService_Column_ZoneRegionWise_With_DayWise()[pri:49, instance:SMR.MarketingCampaign_Report_SMR@5b7a5baa]" started-at="2024-09-27T11:05:03 IST" name="Compare_PercentReportedForFreeService_Column_ZoneRegionWise_With_DayWise" finished-at="2024-09-27T11:05:03 IST" duration-ms="4" status="FAIL">
          <exception class="java.lang.NullPointerException">
            <message>
              <![CDATA[Cannot invoke "String.trim()" because "this.day10" is null]]>
            </message>
            <full-stacktrace>
              <![CDATA[java.lang.NullPointerException: Cannot invoke "String.trim()" because "this.day10" is null
at SMR.MarketingCampaign_Report_SMR.Compare_PercentReportedForFreeService_Column_ZoneRegionWise_With_DayWise(MarketingCampaign_Report_SMR.java:1126)
at java.base/jdk.internal.reflect.DirectMethodHandleAccessor.invoke(DirectMethodHandleAccessor.java:103)
at java.base/java.lang.reflect.Method.invoke(Method.java:580)
at org.testng.internal.MethodInvocationHelper.invokeMethod(MethodInvocationHelper.java:133)
at org.testng.internal.TestInvoker.invokeMethod(TestInvoker.java:598)
at org.testng.internal.TestInvoker.invokeTestMethod(TestInvoker.java:173)
at org.testng.internal.MethodRunner.runInSequence(MethodRunner.java:46)
at org.testng.internal.TestInvoker$MethodInvocationAgent.invoke(TestInvoker.java:824)
at org.testng.internal.TestInvoker.invokeTestMethods(TestInvoker.java:146)
at org.testng.internal.TestMethodWorker.invokeTestMethods(TestMethodWorker.java:146)
at org.testng.internal.TestMethodWorker.run(TestMethodWorker.java:128)
at java.base/java.util.ArrayList.forEach(ArrayList.java:1597)
at org.testng.TestRunner.privateRun(TestRunner.java:794)
at org.testng.TestRunner.run(TestRunner.java:596)
at org.testng.SuiteRunner.runTest(SuiteRunner.java:377)
at org.testng.SuiteRunner.runSequentially(SuiteRunner.java:371)
at org.testng.SuiteRunner.privateRun(SuiteRunner.java:332)
at org.testng.SuiteRunner.run(SuiteRunner.java:276)
at org.testng.SuiteRunnerWorker.runSuite(SuiteRunnerWorker.java:53)
at org.testng.SuiteRunnerWorker.run(SuiteRunnerWorker.java:96)
at org.testng.TestNG.runSuitesSequentially(TestNG.java:1212)
at org.testng.TestNG.runSuitesLocally(TestNG.java:1134)
at org.testng.TestNG.runSuites(TestNG.java:1063)
at org.testng.TestNG.run(TestNG.java:1031)
at org.testng.remote.AbstractRemoteTestNG.run(AbstractRemoteTestNG.java:115)
at org.testng.remote.RemoteTestNG.initAndRun(RemoteTestNG.java:293)
at org.testng.remote.RemoteTestNG.main(RemoteTestNG.java:91)
]]>
            </full-stacktrace>
          </exception> <!-- java.lang.NullPointerException -->
          <reporter-output>
          </reporter-output>
        </test-method> <!-- Compare_PercentReportedForFreeService_Column_ZoneRegionWise_With_DayWise -->
        <test-method signature="Compare_NotAttempted_Column_ZoneRegionWise_With_DayWise()[pri:49, instance:SMR.MarketingCampaign_Report_SMR@5b7a5baa]" started-at="2024-09-27T11:05:03 IST" name="Compare_NotAttempted_Column_ZoneRegionWise_With_DayWise" finished-at="2024-09-27T11:05:03 IST" duration-ms="0" status="PASS">
          <reporter-output>
          </reporter-output>
        </test-method> <!-- Compare_NotAttempted_Column_ZoneRegionWise_With_DayWise -->
        <test-method signature="Compare_NotConnected_Column_ZoneRegionWise_With_DayWise()[pri:50, instance:SMR.MarketingCampaign_Report_SMR@5b7a5baa]" started-at="2024-09-27T11:05:03 IST" name="Compare_NotConnected_Column_ZoneRegionWise_With_DayWise" finished-at="2024-09-27T11:05:03 IST" duration-ms="0" status="PASS">
          <reporter-output>
          </reporter-output>
        </test-method> <!-- Compare_NotConnected_Column_ZoneRegionWise_With_DayWise -->
        <test-method signature="Compare_ReportedForPaidService_Column_ZoneRegionWise_With_DayWise()[pri:50, instance:SMR.MarketingCampaign_Report_SMR@5b7a5baa]" started-at="2024-09-27T11:05:03 IST" name="Compare_ReportedForPaidService_Column_ZoneRegionWise_With_DayWise" finished-at="2024-09-27T11:05:03 IST" duration-ms="2" status="PASS">
          <reporter-output>
          </reporter-output>
        </test-method> <!-- Compare_ReportedForPaidService_Column_ZoneRegionWise_With_DayWise -->
        <test-method signature="Compare_PercentReportedForPaidService_Column_ZoneRegionWise_With_DayWise()[pri:51, instance:SMR.MarketingCampaign_Report_SMR@5b7a5baa]" started-at="2024-09-27T11:05:03 IST" name="Compare_PercentReportedForPaidService_Column_ZoneRegionWise_With_DayWise" finished-at="2024-09-27T11:05:03 IST" duration-ms="5" status="FAIL">
          <exception class="java.lang.NullPointerException">
            <message>
              <![CDATA[Cannot invoke "String.trim()" because "this.day12" is null]]>
            </message>
            <full-stacktrace>
              <![CDATA[java.lang.NullPointerException: Cannot invoke "String.trim()" because "this.day12" is null
at SMR.MarketingCampaign_Report_SMR.Compare_PercentReportedForPaidService_Column_ZoneRegionWise_With_DayWise(MarketingCampaign_Report_SMR.java:1144)
at java.base/jdk.internal.reflect.DirectMethodHandleAccessor.invoke(DirectMethodHandleAccessor.java:103)
at java.base/java.lang.reflect.Method.invoke(Method.java:580)
at org.testng.internal.MethodInvocationHelper.invokeMethod(MethodInvocationHelper.java:133)
at org.testng.internal.TestInvoker.invokeMethod(TestInvoker.java:598)
at org.testng.internal.TestInvoker.invokeTestMethod(TestInvoker.java:173)
at org.testng.internal.MethodRunner.runInSequence(MethodRunner.java:46)
at org.testng.internal.TestInvoker$MethodInvocationAgent.invoke(TestInvoker.java:824)
at org.testng.internal.TestInvoker.invokeTestMethods(TestInvoker.java:146)
at org.testng.internal.TestMethodWorker.invokeTestMethods(TestMethodWorker.java:146)
at org.testng.internal.TestMethodWorker.run(TestMethodWorker.java:128)
at java.base/java.util.ArrayList.forEach(ArrayList.java:1597)
at org.testng.TestRunner.privateRun(TestRunner.java:794)
at org.testng.TestRunner.run(TestRunner.java:596)
at org.testng.SuiteRunner.runTest(SuiteRunner.java:377)
at org.testng.SuiteRunner.runSequentially(SuiteRunner.java:371)
at org.testng.SuiteRunner.privateRun(SuiteRunner.java:332)
at org.testng.SuiteRunner.run(SuiteRunner.java:276)
at org.testng.SuiteRunnerWorker.runSuite(SuiteRunnerWorker.java:53)
at org.testng.SuiteRunnerWorker.run(SuiteRunnerWorker.java:96)
at org.testng.TestNG.runSuitesSequentially(TestNG.java:1212)
at org.testng.TestNG.runSuitesLocally(TestNG.java:1134)
at org.testng.TestNG.runSuites(TestNG.java:1063)
at org.testng.TestNG.run(TestNG.java:1031)
at org.testng.remote.AbstractRemoteTestNG.run(AbstractRemoteTestNG.java:115)
at org.testng.remote.RemoteTestNG.initAndRun(RemoteTestNG.java:293)
at org.testng.remote.RemoteTestNG.main(RemoteTestNG.java:91)
]]>
            </full-stacktrace>
          </exception> <!-- java.lang.NullPointerException -->
          <reporter-output>
          </reporter-output>
        </test-method> <!-- Compare_PercentReportedForPaidService_Column_ZoneRegionWise_With_DayWise -->
        <test-method signature="Compare_LabourRevenue_Column_ZoneRegionWise_With_DayWise()[pri:51, instance:SMR.MarketingCampaign_Report_SMR@5b7a5baa]" started-at="2024-09-27T11:05:03 IST" name="Compare_LabourRevenue_Column_ZoneRegionWise_With_DayWise" finished-at="2024-09-27T11:05:03 IST" duration-ms="0" status="PASS">
          <reporter-output>
          </reporter-output>
        </test-method> <!-- Compare_LabourRevenue_Column_ZoneRegionWise_With_DayWise -->
        <test-method signature="Compare_FreeServicePaidServiceReported_Column_ZoneRegionWise_With_DayWise()[pri:52, instance:SMR.MarketingCampaign_Report_SMR@5b7a5baa]" started-at="2024-09-27T11:05:03 IST" name="Compare_FreeServicePaidServiceReported_Column_ZoneRegionWise_With_DayWise" finished-at="2024-09-27T11:05:03 IST" duration-ms="0" status="PASS">
          <reporter-output>
          </reporter-output>
        </test-method> <!-- Compare_FreeServicePaidServiceReported_Column_ZoneRegionWise_With_DayWise -->
        <test-method signature="Compare_PartsRevenue_Column_ZoneRegionWise_With_DayWise()[pri:52, instance:SMR.MarketingCampaign_Report_SMR@5b7a5baa]" started-at="2024-09-27T11:05:03 IST" name="Compare_PartsRevenue_Column_ZoneRegionWise_With_DayWise" finished-at="2024-09-27T11:05:03 IST" duration-ms="0" status="PASS">
          <reporter-output>
          </reporter-output>
        </test-method> <!-- Compare_PartsRevenue_Column_ZoneRegionWise_With_DayWise -->
        <test-method signature="Compare_PercentFreeServicePaidServiceReported_Column_ZoneRegionWise_With_DayWise()[pri:53, instance:SMR.MarketingCampaign_Report_SMR@5b7a5baa]" started-at="2024-09-27T11:05:03 IST" name="Compare_PercentFreeServicePaidServiceReported_Column_ZoneRegionWise_With_DayWise" finished-at="2024-09-27T11:05:03 IST" duration-ms="0" status="FAIL">
          <exception class="java.lang.NullPointerException">
            <message>
              <![CDATA[Cannot invoke "String.trim()" because "this.day14" is null]]>
            </message>
            <full-stacktrace>
              <![CDATA[java.lang.NullPointerException: Cannot invoke "String.trim()" because "this.day14" is null
at SMR.MarketingCampaign_Report_SMR.Compare_PercentFreeServicePaidServiceReported_Column_ZoneRegionWise_With_DayWise(MarketingCampaign_Report_SMR.java:1164)
at java.base/jdk.internal.reflect.DirectMethodHandleAccessor.invoke(DirectMethodHandleAccessor.java:103)
at java.base/java.lang.reflect.Method.invoke(Method.java:580)
at org.testng.internal.MethodInvocationHelper.invokeMethod(MethodInvocationHelper.java:133)
at org.testng.internal.TestInvoker.invokeMethod(TestInvoker.java:598)
at org.testng.internal.TestInvoker.invokeTestMethod(TestInvoker.java:173)
at org.testng.internal.MethodRunner.runInSequence(MethodRunner.java:46)
at org.testng.internal.TestInvoker$MethodInvocationAgent.invoke(TestInvoker.java:824)
at org.testng.internal.TestInvoker.invokeTestMethods(TestInvoker.java:146)
at org.testng.internal.TestMethodWorker.invokeTestMethods(TestMethodWorker.java:146)
at org.testng.internal.TestMethodWorker.run(TestMethodWorker.java:128)
at java.base/java.util.ArrayList.forEach(ArrayList.java:1597)
at org.testng.TestRunner.privateRun(TestRunner.java:794)
at org.testng.TestRunner.run(TestRunner.java:596)
at org.testng.SuiteRunner.runTest(SuiteRunner.java:377)
at org.testng.SuiteRunner.runSequentially(SuiteRunner.java:371)
at org.testng.SuiteRunner.privateRun(SuiteRunner.java:332)
at org.testng.SuiteRunner.run(SuiteRunner.java:276)
at org.testng.SuiteRunnerWorker.runSuite(SuiteRunnerWorker.java:53)
at org.testng.SuiteRunnerWorker.run(SuiteRunnerWorker.java:96)
at org.testng.TestNG.runSuitesSequentially(TestNG.java:1212)
at org.testng.TestNG.runSuitesLocally(TestNG.java:1134)
at org.testng.TestNG.runSuites(TestNG.java:1063)
at org.testng.TestNG.run(TestNG.java:1031)
at org.testng.remote.AbstractRemoteTestNG.run(AbstractRemoteTestNG.java:115)
at org.testng.remote.RemoteTestNG.initAndRun(RemoteTestNG.java:293)
at org.testng.remote.RemoteTestNG.main(RemoteTestNG.java:91)
]]>
            </full-stacktrace>
          </exception> <!-- java.lang.NullPointerException -->
          <reporter-output>
          </reporter-output>
        </test-method> <!-- Compare_PercentFreeServicePaidServiceReported_Column_ZoneRegionWise_With_DayWise -->
        <test-method signature="Compare_LabourPartsRevenue_Column_ZoneRegionWise_With_DayWise()[pri:53, instance:SMR.MarketingCampaign_Report_SMR@5b7a5baa]" started-at="2024-09-27T11:05:03 IST" name="Compare_LabourPartsRevenue_Column_ZoneRegionWise_With_DayWise" finished-at="2024-09-27T11:05:03 IST" duration-ms="0" status="PASS">
          <reporter-output>
          </reporter-output>
        </test-method> <!-- Compare_LabourPartsRevenue_Column_ZoneRegionWise_With_DayWise -->
        <test-method signature="Compare_Connected_Column_DealerParentWise_With_WorkshopWise()[pri:57, instance:SMR.MarketingCampaign_Report_SMR@5b7a5baa]" started-at="2024-09-27T11:05:03 IST" name="Compare_Connected_Column_DealerParentWise_With_WorkshopWise" finished-at="2024-09-27T11:05:03 IST" duration-ms="0" status="PASS">
          <reporter-output>
          </reporter-output>
        </test-method> <!-- Compare_Connected_Column_DealerParentWise_With_WorkshopWise -->
        <test-method signature="Compare_FollowUp_Column_DealerParentWise_With_WorkshopWise()[pri:56, instance:SMR.MarketingCampaign_Report_SMR@5b7a5baa]" started-at="2024-09-27T11:05:03 IST" name="Compare_FollowUp_Column_DealerParentWise_With_WorkshopWise" finished-at="2024-09-27T11:05:03 IST" duration-ms="0" status="PASS">
          <reporter-output>
          </reporter-output>
        </test-method> <!-- Compare_FollowUp_Column_DealerParentWise_With_WorkshopWise -->
        <test-method signature="Compare_LeadsAttempted_Column_DealerParentWise_With_WorkshopWise()[pri:55, instance:SMR.MarketingCampaign_Report_SMR@5b7a5baa]" started-at="2024-09-27T11:05:03 IST" name="Compare_LeadsAttempted_Column_DealerParentWise_With_WorkshopWise" finished-at="2024-09-27T11:05:03 IST" duration-ms="0" status="PASS">
          <reporter-output>
          </reporter-output>
        </test-method> <!-- Compare_LeadsAttempted_Column_DealerParentWise_With_WorkshopWise -->
        <test-method signature="Compare_TotalCampaignLeads_Column_DealerParentWise_With_WorkshopWise()[pri:54, instance:SMR.MarketingCampaign_Report_SMR@5b7a5baa]" started-at="2024-09-27T11:05:03 IST" name="Compare_TotalCampaignLeads_Column_DealerParentWise_With_WorkshopWise" finished-at="2024-09-27T11:05:03 IST" duration-ms="0" status="PASS">
          <reporter-output>
          </reporter-output>
        </test-method> <!-- Compare_TotalCampaignLeads_Column_DealerParentWise_With_WorkshopWise -->
        <test-method signature="Compare_AppointmentBooked_Column_DealerParentWise_With_WorkshopWise()[pri:58, instance:SMR.MarketingCampaign_Report_SMR@5b7a5baa]" started-at="2024-09-27T11:05:03 IST" name="Compare_AppointmentBooked_Column_DealerParentWise_With_WorkshopWise" finished-at="2024-09-27T11:05:03 IST" duration-ms="0" status="PASS">
          <reporter-output>
          </reporter-output>
        </test-method> <!-- Compare_AppointmentBooked_Column_DealerParentWise_With_WorkshopWise -->
        <test-method signature="Compare_PercentAppointmentBooked_Column_DealerParentWise_With_WorkshopWise()[pri:59, instance:SMR.MarketingCampaign_Report_SMR@5b7a5baa]" started-at="2024-09-27T11:05:03 IST" name="Compare_PercentAppointmentBooked_Column_DealerParentWise_With_WorkshopWise" finished-at="2024-09-27T11:05:03 IST" duration-ms="0" status="FAIL">
          <exception class="java.lang.NullPointerException">
            <message>
              <![CDATA[Cannot invoke "String.trim()" because "this.w6" is null]]>
            </message>
            <full-stacktrace>
              <![CDATA[java.lang.NullPointerException: Cannot invoke "String.trim()" because "this.w6" is null
at SMR.MarketingCampaign_Report_SMR.Compare_PercentAppointmentBooked_Column_DealerParentWise_With_WorkshopWise(MarketingCampaign_Report_SMR.java:1245)
at java.base/jdk.internal.reflect.DirectMethodHandleAccessor.invoke(DirectMethodHandleAccessor.java:103)
at java.base/java.lang.reflect.Method.invoke(Method.java:580)
at org.testng.internal.MethodInvocationHelper.invokeMethod(MethodInvocationHelper.java:133)
at org.testng.internal.TestInvoker.invokeMethod(TestInvoker.java:598)
at org.testng.internal.TestInvoker.invokeTestMethod(TestInvoker.java:173)
at org.testng.internal.MethodRunner.runInSequence(MethodRunner.java:46)
at org.testng.internal.TestInvoker$MethodInvocationAgent.invoke(TestInvoker.java:824)
at org.testng.internal.TestInvoker.invokeTestMethods(TestInvoker.java:146)
at org.testng.internal.TestMethodWorker.invokeTestMethods(TestMethodWorker.java:146)
at org.testng.internal.TestMethodWorker.run(TestMethodWorker.java:128)
at java.base/java.util.ArrayList.forEach(ArrayList.java:1597)
at org.testng.TestRunner.privateRun(TestRunner.java:794)
at org.testng.TestRunner.run(TestRunner.java:596)
at org.testng.SuiteRunner.runTest(SuiteRunner.java:377)
at org.testng.SuiteRunner.runSequentially(SuiteRunner.java:371)
at org.testng.SuiteRunner.privateRun(SuiteRunner.java:332)
at org.testng.SuiteRunner.run(SuiteRunner.java:276)
at org.testng.SuiteRunnerWorker.runSuite(SuiteRunnerWorker.java:53)
at org.testng.SuiteRunnerWorker.run(SuiteRunnerWorker.java:96)
at org.testng.TestNG.runSuitesSequentially(TestNG.java:1212)
at org.testng.TestNG.runSuitesLocally(TestNG.java:1134)
at org.testng.TestNG.runSuites(TestNG.java:1063)
at org.testng.TestNG.run(TestNG.java:1031)
at org.testng.remote.AbstractRemoteTestNG.run(AbstractRemoteTestNG.java:115)
at org.testng.remote.RemoteTestNG.initAndRun(RemoteTestNG.java:293)
at org.testng.remote.RemoteTestNG.main(RemoteTestNG.java:91)
]]>
            </full-stacktrace>
          </exception> <!-- java.lang.NullPointerException -->
          <reporter-output>
          </reporter-output>
        </test-method> <!-- Compare_PercentAppointmentBooked_Column_DealerParentWise_With_WorkshopWise -->
        <test-method signature="Compare_Reported_Column_DealerParentWise_With_WorkshopWise()[pri:60, instance:SMR.MarketingCampaign_Report_SMR@5b7a5baa]" started-at="2024-09-27T11:05:03 IST" name="Compare_Reported_Column_DealerParentWise_With_WorkshopWise" finished-at="2024-09-27T11:05:03 IST" duration-ms="6" status="PASS">
          <reporter-output>
          </reporter-output>
        </test-method> <!-- Compare_Reported_Column_DealerParentWise_With_WorkshopWise -->
        <test-method signature="Compare_PercentReported_Column_DealerParentWise_With_WorkshopWise()[pri:61, instance:SMR.MarketingCampaign_Report_SMR@5b7a5baa]" started-at="2024-09-27T11:05:03 IST" name="Compare_PercentReported_Column_DealerParentWise_With_WorkshopWise" finished-at="2024-09-27T11:05:03 IST" duration-ms="0" status="FAIL">
          <exception class="java.lang.NullPointerException">
            <message>
              <![CDATA[Cannot invoke "String.trim()" because "this.w8" is null]]>
            </message>
            <full-stacktrace>
              <![CDATA[java.lang.NullPointerException: Cannot invoke "String.trim()" because "this.w8" is null
at SMR.MarketingCampaign_Report_SMR.Compare_PercentReported_Column_DealerParentWise_With_WorkshopWise(MarketingCampaign_Report_SMR.java:1264)
at java.base/jdk.internal.reflect.DirectMethodHandleAccessor.invoke(DirectMethodHandleAccessor.java:103)
at java.base/java.lang.reflect.Method.invoke(Method.java:580)
at org.testng.internal.MethodInvocationHelper.invokeMethod(MethodInvocationHelper.java:133)
at org.testng.internal.TestInvoker.invokeMethod(TestInvoker.java:598)
at org.testng.internal.TestInvoker.invokeTestMethod(TestInvoker.java:173)
at org.testng.internal.MethodRunner.runInSequence(MethodRunner.java:46)
at org.testng.internal.TestInvoker$MethodInvocationAgent.invoke(TestInvoker.java:824)
at org.testng.internal.TestInvoker.invokeTestMethods(TestInvoker.java:146)
at org.testng.internal.TestMethodWorker.invokeTestMethods(TestMethodWorker.java:146)
at org.testng.internal.TestMethodWorker.run(TestMethodWorker.java:128)
at java.base/java.util.ArrayList.forEach(ArrayList.java:1597)
at org.testng.TestRunner.privateRun(TestRunner.java:794)
at org.testng.TestRunner.run(TestRunner.java:596)
at org.testng.SuiteRunner.runTest(SuiteRunner.java:377)
at org.testng.SuiteRunner.runSequentially(SuiteRunner.java:371)
at org.testng.SuiteRunner.privateRun(SuiteRunner.java:332)
at org.testng.SuiteRunner.run(SuiteRunner.java:276)
at org.testng.SuiteRunnerWorker.runSuite(SuiteRunnerWorker.java:53)
at org.testng.SuiteRunnerWorker.run(SuiteRunnerWorker.java:96)
at org.testng.TestNG.runSuitesSequentially(TestNG.java:1212)
at org.testng.TestNG.runSuitesLocally(TestNG.java:1134)
at org.testng.TestNG.runSuites(TestNG.java:1063)
at org.testng.TestNG.run(TestNG.java:1031)
at org.testng.remote.AbstractRemoteTestNG.run(AbstractRemoteTestNG.java:115)
at org.testng.remote.RemoteTestNG.initAndRun(RemoteTestNG.java:293)
at org.testng.remote.RemoteTestNG.main(RemoteTestNG.java:91)
]]>
            </full-stacktrace>
          </exception> <!-- java.lang.NullPointerException -->
          <reporter-output>
          </reporter-output>
        </test-method> <!-- Compare_PercentReported_Column_DealerParentWise_With_WorkshopWise -->
        <test-method signature="Compare_ReportedForFreeService_Column_DealerParentWise_With_WorkshopWise()[pri:62, instance:SMR.MarketingCampaign_Report_SMR@5b7a5baa]" started-at="2024-09-27T11:05:03 IST" name="Compare_ReportedForFreeService_Column_DealerParentWise_With_WorkshopWise" finished-at="2024-09-27T11:05:03 IST" duration-ms="0" status="PASS">
          <reporter-output>
          </reporter-output>
        </test-method> <!-- Compare_ReportedForFreeService_Column_DealerParentWise_With_WorkshopWise -->
        <test-method signature="Compare_NotAttempted_Column_DealerParentWise_With_WorkshopWise()[pri:63, instance:SMR.MarketingCampaign_Report_SMR@5b7a5baa]" started-at="2024-09-27T11:05:03 IST" name="Compare_NotAttempted_Column_DealerParentWise_With_WorkshopWise" finished-at="2024-09-27T11:05:03 IST" duration-ms="0" status="PASS">
          <reporter-output>
          </reporter-output>
        </test-method> <!-- Compare_NotAttempted_Column_DealerParentWise_With_WorkshopWise -->
        <test-method signature="Compare_PercentReportedForFreeService_Column_DealerParentWise_With_WorkshopWise()[pri:63, instance:SMR.MarketingCampaign_Report_SMR@5b7a5baa]" started-at="2024-09-27T11:05:03 IST" name="Compare_PercentReportedForFreeService_Column_DealerParentWise_With_WorkshopWise" finished-at="2024-09-27T11:05:03 IST" duration-ms="0" status="FAIL">
          <exception class="java.lang.NullPointerException">
            <message>
              <![CDATA[Cannot invoke "String.trim()" because "this.w10" is null]]>
            </message>
            <full-stacktrace>
              <![CDATA[java.lang.NullPointerException: Cannot invoke "String.trim()" because "this.w10" is null
at SMR.MarketingCampaign_Report_SMR.Compare_PercentReportedForFreeService_Column_DealerParentWise_With_WorkshopWise(MarketingCampaign_Report_SMR.java:1283)
at java.base/jdk.internal.reflect.DirectMethodHandleAccessor.invoke(DirectMethodHandleAccessor.java:103)
at java.base/java.lang.reflect.Method.invoke(Method.java:580)
at org.testng.internal.MethodInvocationHelper.invokeMethod(MethodInvocationHelper.java:133)
at org.testng.internal.TestInvoker.invokeMethod(TestInvoker.java:598)
at org.testng.internal.TestInvoker.invokeTestMethod(TestInvoker.java:173)
at org.testng.internal.MethodRunner.runInSequence(MethodRunner.java:46)
at org.testng.internal.TestInvoker$MethodInvocationAgent.invoke(TestInvoker.java:824)
at org.testng.internal.TestInvoker.invokeTestMethods(TestInvoker.java:146)
at org.testng.internal.TestMethodWorker.invokeTestMethods(TestMethodWorker.java:146)
at org.testng.internal.TestMethodWorker.run(TestMethodWorker.java:128)
at java.base/java.util.ArrayList.forEach(ArrayList.java:1597)
at org.testng.TestRunner.privateRun(TestRunner.java:794)
at org.testng.TestRunner.run(TestRunner.java:596)
at org.testng.SuiteRunner.runTest(SuiteRunner.java:377)
at org.testng.SuiteRunner.runSequentially(SuiteRunner.java:371)
at org.testng.SuiteRunner.privateRun(SuiteRunner.java:332)
at org.testng.SuiteRunner.run(SuiteRunner.java:276)
at org.testng.SuiteRunnerWorker.runSuite(SuiteRunnerWorker.java:53)
at org.testng.SuiteRunnerWorker.run(SuiteRunnerWorker.java:96)
at org.testng.TestNG.runSuitesSequentially(TestNG.java:1212)
at org.testng.TestNG.runSuitesLocally(TestNG.java:1134)
at org.testng.TestNG.runSuites(TestNG.java:1063)
at org.testng.TestNG.run(TestNG.java:1031)
at org.testng.remote.AbstractRemoteTestNG.run(AbstractRemoteTestNG.java:115)
at org.testng.remote.RemoteTestNG.initAndRun(RemoteTestNG.java:293)
at org.testng.remote.RemoteTestNG.main(RemoteTestNG.java:91)
]]>
            </full-stacktrace>
          </exception> <!-- java.lang.NullPointerException -->
          <reporter-output>
          </reporter-output>
        </test-method> <!-- Compare_PercentReportedForFreeService_Column_DealerParentWise_With_WorkshopWise -->
        <test-method signature="Compare_PercentReportedForPaidService_Column_DealerParentWise_With_WorkshopWise()[pri:65, instance:SMR.MarketingCampaign_Report_SMR@5b7a5baa]" started-at="2024-09-27T11:05:03 IST" name="Compare_PercentReportedForPaidService_Column_DealerParentWise_With_WorkshopWise" finished-at="2024-09-27T11:05:03 IST" duration-ms="0" status="FAIL">
          <exception class="java.lang.NullPointerException">
            <message>
              <![CDATA[Cannot invoke "String.trim()" because "this.w12" is null]]>
            </message>
            <full-stacktrace>
              <![CDATA[java.lang.NullPointerException: Cannot invoke "String.trim()" because "this.w12" is null
at SMR.MarketingCampaign_Report_SMR.Compare_PercentReportedForPaidService_Column_DealerParentWise_With_WorkshopWise(MarketingCampaign_Report_SMR.java:1301)
at java.base/jdk.internal.reflect.DirectMethodHandleAccessor.invoke(DirectMethodHandleAccessor.java:103)
at java.base/java.lang.reflect.Method.invoke(Method.java:580)
at org.testng.internal.MethodInvocationHelper.invokeMethod(MethodInvocationHelper.java:133)
at org.testng.internal.TestInvoker.invokeMethod(TestInvoker.java:598)
at org.testng.internal.TestInvoker.invokeTestMethod(TestInvoker.java:173)
at org.testng.internal.MethodRunner.runInSequence(MethodRunner.java:46)
at org.testng.internal.TestInvoker$MethodInvocationAgent.invoke(TestInvoker.java:824)
at org.testng.internal.TestInvoker.invokeTestMethods(TestInvoker.java:146)
at org.testng.internal.TestMethodWorker.invokeTestMethods(TestMethodWorker.java:146)
at org.testng.internal.TestMethodWorker.run(TestMethodWorker.java:128)
at java.base/java.util.ArrayList.forEach(ArrayList.java:1597)
at org.testng.TestRunner.privateRun(TestRunner.java:794)
at org.testng.TestRunner.run(TestRunner.java:596)
at org.testng.SuiteRunner.runTest(SuiteRunner.java:377)
at org.testng.SuiteRunner.runSequentially(SuiteRunner.java:371)
at org.testng.SuiteRunner.privateRun(SuiteRunner.java:332)
at org.testng.SuiteRunner.run(SuiteRunner.java:276)
at org.testng.SuiteRunnerWorker.runSuite(SuiteRunnerWorker.java:53)
at org.testng.SuiteRunnerWorker.run(SuiteRunnerWorker.java:96)
at org.testng.TestNG.runSuitesSequentially(TestNG.java:1212)
at org.testng.TestNG.runSuitesLocally(TestNG.java:1134)
at org.testng.TestNG.runSuites(TestNG.java:1063)
at org.testng.TestNG.run(TestNG.java:1031)
at org.testng.remote.AbstractRemoteTestNG.run(AbstractRemoteTestNG.java:115)
at org.testng.remote.RemoteTestNG.initAndRun(RemoteTestNG.java:293)
at org.testng.remote.RemoteTestNG.main(RemoteTestNG.java:91)
]]>
            </full-stacktrace>
          </exception> <!-- java.lang.NullPointerException -->
          <reporter-output>
          </reporter-output>
        </test-method> <!-- Compare_PercentReportedForPaidService_Column_DealerParentWise_With_WorkshopWise -->
        <test-method signature="Compare_NotConnected_Column_DealerParentWise_With_WorkshopWise()[pri:64, instance:SMR.MarketingCampaign_Report_SMR@5b7a5baa]" started-at="2024-09-27T11:05:03 IST" name="Compare_NotConnected_Column_DealerParentWise_With_WorkshopWise" finished-at="2024-09-27T11:05:03 IST" duration-ms="0" status="PASS">
          <reporter-output>
          </reporter-output>
        </test-method> <!-- Compare_NotConnected_Column_DealerParentWise_With_WorkshopWise -->
        <test-method signature="Compare_LabourRevenue_Column_DealerParentWise_With_WorkshopWise()[pri:65, instance:SMR.MarketingCampaign_Report_SMR@5b7a5baa]" started-at="2024-09-27T11:05:03 IST" name="Compare_LabourRevenue_Column_DealerParentWise_With_WorkshopWise" finished-at="2024-09-27T11:05:03 IST" duration-ms="0" status="PASS">
          <reporter-output>
          </reporter-output>
        </test-method> <!-- Compare_LabourRevenue_Column_DealerParentWise_With_WorkshopWise -->
        <test-method signature="Compare_ReportedForPaidService_Column_DealerParentWise_With_WorkshopWise()[pri:64, instance:SMR.MarketingCampaign_Report_SMR@5b7a5baa]" started-at="2024-09-27T11:05:03 IST" name="Compare_ReportedForPaidService_Column_DealerParentWise_With_WorkshopWise" finished-at="2024-09-27T11:05:03 IST" duration-ms="0" status="PASS">
          <reporter-output>
          </reporter-output>
        </test-method> <!-- Compare_ReportedForPaidService_Column_DealerParentWise_With_WorkshopWise -->
        <test-method signature="Compare_LabourPartsRevenue_Column_DealerParentWise_With_WorkshopWise()[pri:67, instance:SMR.MarketingCampaign_Report_SMR@5b7a5baa]" started-at="2024-09-27T11:05:03 IST" name="Compare_LabourPartsRevenue_Column_DealerParentWise_With_WorkshopWise" finished-at="2024-09-27T11:05:03 IST" duration-ms="0" status="PASS">
          <reporter-output>
          </reporter-output>
        </test-method> <!-- Compare_LabourPartsRevenue_Column_DealerParentWise_With_WorkshopWise -->
        <test-method signature="Compare_PercentFreeServicePaidServiceReported_Column_DealerParentWise_With_WorkshopWise()[pri:67, instance:SMR.MarketingCampaign_Report_SMR@5b7a5baa]" started-at="2024-09-27T11:05:03 IST" name="Compare_PercentFreeServicePaidServiceReported_Column_DealerParentWise_With_WorkshopWise" finished-at="2024-09-27T11:05:03 IST" duration-ms="0" status="FAIL">
          <exception class="java.lang.NullPointerException">
            <message>
              <![CDATA[Cannot invoke "String.trim()" because "this.w14" is null]]>
            </message>
            <full-stacktrace>
              <![CDATA[java.lang.NullPointerException: Cannot invoke "String.trim()" because "this.w14" is null
at SMR.MarketingCampaign_Report_SMR.Compare_PercentFreeServicePaidServiceReported_Column_DealerParentWise_With_WorkshopWise(MarketingCampaign_Report_SMR.java:1320)
at java.base/jdk.internal.reflect.DirectMethodHandleAccessor.invoke(DirectMethodHandleAccessor.java:103)
at java.base/java.lang.reflect.Method.invoke(Method.java:580)
at org.testng.internal.MethodInvocationHelper.invokeMethod(MethodInvocationHelper.java:133)
at org.testng.internal.TestInvoker.invokeMethod(TestInvoker.java:598)
at org.testng.internal.TestInvoker.invokeTestMethod(TestInvoker.java:173)
at org.testng.internal.MethodRunner.runInSequence(MethodRunner.java:46)
at org.testng.internal.TestInvoker$MethodInvocationAgent.invoke(TestInvoker.java:824)
at org.testng.internal.TestInvoker.invokeTestMethods(TestInvoker.java:146)
at org.testng.internal.TestMethodWorker.invokeTestMethods(TestMethodWorker.java:146)
at org.testng.internal.TestMethodWorker.run(TestMethodWorker.java:128)
at java.base/java.util.ArrayList.forEach(ArrayList.java:1597)
at org.testng.TestRunner.privateRun(TestRunner.java:794)
at org.testng.TestRunner.run(TestRunner.java:596)
at org.testng.SuiteRunner.runTest(SuiteRunner.java:377)
at org.testng.SuiteRunner.runSequentially(SuiteRunner.java:371)
at org.testng.SuiteRunner.privateRun(SuiteRunner.java:332)
at org.testng.SuiteRunner.run(SuiteRunner.java:276)
at org.testng.SuiteRunnerWorker.runSuite(SuiteRunnerWorker.java:53)
at org.testng.SuiteRunnerWorker.run(SuiteRunnerWorker.java:96)
at org.testng.TestNG.runSuitesSequentially(TestNG.java:1212)
at org.testng.TestNG.runSuitesLocally(TestNG.java:1134)
at org.testng.TestNG.runSuites(TestNG.java:1063)
at org.testng.TestNG.run(TestNG.java:1031)
at org.testng.remote.AbstractRemoteTestNG.run(AbstractRemoteTestNG.java:115)
at org.testng.remote.RemoteTestNG.initAndRun(RemoteTestNG.java:293)
at org.testng.remote.RemoteTestNG.main(RemoteTestNG.java:91)
]]>
            </full-stacktrace>
          </exception> <!-- java.lang.NullPointerException -->
          <reporter-output>
          </reporter-output>
        </test-method> <!-- Compare_PercentFreeServicePaidServiceReported_Column_DealerParentWise_With_WorkshopWise -->
        <test-method signature="Compare_FreeServicePaidServiceReported_Column_DealerParentWise_With_WorkshopWise()[pri:66, instance:SMR.MarketingCampaign_Report_SMR@5b7a5baa]" started-at="2024-09-27T11:05:03 IST" name="Compare_FreeServicePaidServiceReported_Column_DealerParentWise_With_WorkshopWise" finished-at="2024-09-27T11:05:03 IST" duration-ms="0" status="PASS">
          <reporter-output>
          </reporter-output>
        </test-method> <!-- Compare_FreeServicePaidServiceReported_Column_DealerParentWise_With_WorkshopWise -->
        <test-method signature="Compare_PartsRevenue_Column_DealerParentWise_With_WorkshopWise()[pri:66, instance:SMR.MarketingCampaign_Report_SMR@5b7a5baa]" started-at="2024-09-27T11:05:03 IST" name="Compare_PartsRevenue_Column_DealerParentWise_With_WorkshopWise" finished-at="2024-09-27T11:05:03 IST" duration-ms="0" status="PASS">
          <reporter-output>
          </reporter-output>
        </test-method> <!-- Compare_PartsRevenue_Column_DealerParentWise_With_WorkshopWise -->
        <test-method signature="Compare_LeadsAttempted_Column_DealerParentWise_With_DayWise()[pri:69, instance:SMR.MarketingCampaign_Report_SMR@5b7a5baa]" started-at="2024-09-27T11:05:03 IST" name="Compare_LeadsAttempted_Column_DealerParentWise_With_DayWise" finished-at="2024-09-27T11:05:03 IST" duration-ms="0" status="PASS">
          <reporter-output>
          </reporter-output>
        </test-method> <!-- Compare_LeadsAttempted_Column_DealerParentWise_With_DayWise -->
        <test-method signature="Compare_TotalCampaignLeads_Column_DealerParentWise_With_DayWise()[pri:68, instance:SMR.MarketingCampaign_Report_SMR@5b7a5baa]" started-at="2024-09-27T11:05:03 IST" name="Compare_TotalCampaignLeads_Column_DealerParentWise_With_DayWise" finished-at="2024-09-27T11:05:03 IST" duration-ms="0" status="PASS">
          <reporter-output>
          </reporter-output>
        </test-method> <!-- Compare_TotalCampaignLeads_Column_DealerParentWise_With_DayWise -->
        <test-method signature="Compare_FollowUp_Column_DealerParentWise_With_DayWise()[pri:70, instance:SMR.MarketingCampaign_Report_SMR@5b7a5baa]" started-at="2024-09-27T11:05:03 IST" name="Compare_FollowUp_Column_DealerParentWise_With_DayWise" finished-at="2024-09-27T11:05:03 IST" duration-ms="0" status="PASS">
          <reporter-output>
          </reporter-output>
        </test-method> <!-- Compare_FollowUp_Column_DealerParentWise_With_DayWise -->
        <test-method signature="Compare_Reported_Column_DealerParentWise_With_DayWise()[pri:74, instance:SMR.MarketingCampaign_Report_SMR@5b7a5baa]" started-at="2024-09-27T11:05:03 IST" name="Compare_Reported_Column_DealerParentWise_With_DayWise" finished-at="2024-09-27T11:05:03 IST" duration-ms="0" status="PASS">
          <reporter-output>
          </reporter-output>
        </test-method> <!-- Compare_Reported_Column_DealerParentWise_With_DayWise -->
        <test-method signature="Compare_PercentAppointmentBooked_Column_DealerParentWise_With_DayWise()[pri:73, instance:SMR.MarketingCampaign_Report_SMR@5b7a5baa]" started-at="2024-09-27T11:05:03 IST" name="Compare_PercentAppointmentBooked_Column_DealerParentWise_With_DayWise" finished-at="2024-09-27T11:05:03 IST" duration-ms="0" status="FAIL">
          <exception class="java.lang.NullPointerException">
            <message>
              <![CDATA[Cannot invoke "String.trim()" because "this.day6" is null]]>
            </message>
            <full-stacktrace>
              <![CDATA[java.lang.NullPointerException: Cannot invoke "String.trim()" because "this.day6" is null
at SMR.MarketingCampaign_Report_SMR.Compare_PercentAppointmentBooked_Column_DealerParentWise_With_DayWise(MarketingCampaign_Report_SMR.java:1401)
at java.base/jdk.internal.reflect.DirectMethodHandleAccessor.invoke(DirectMethodHandleAccessor.java:103)
at java.base/java.lang.reflect.Method.invoke(Method.java:580)
at org.testng.internal.MethodInvocationHelper.invokeMethod(MethodInvocationHelper.java:133)
at org.testng.internal.TestInvoker.invokeMethod(TestInvoker.java:598)
at org.testng.internal.TestInvoker.invokeTestMethod(TestInvoker.java:173)
at org.testng.internal.MethodRunner.runInSequence(MethodRunner.java:46)
at org.testng.internal.TestInvoker$MethodInvocationAgent.invoke(TestInvoker.java:824)
at org.testng.internal.TestInvoker.invokeTestMethods(TestInvoker.java:146)
at org.testng.internal.TestMethodWorker.invokeTestMethods(TestMethodWorker.java:146)
at org.testng.internal.TestMethodWorker.run(TestMethodWorker.java:128)
at java.base/java.util.ArrayList.forEach(ArrayList.java:1597)
at org.testng.TestRunner.privateRun(TestRunner.java:794)
at org.testng.TestRunner.run(TestRunner.java:596)
at org.testng.SuiteRunner.runTest(SuiteRunner.java:377)
at org.testng.SuiteRunner.runSequentially(SuiteRunner.java:371)
at org.testng.SuiteRunner.privateRun(SuiteRunner.java:332)
at org.testng.SuiteRunner.run(SuiteRunner.java:276)
at org.testng.SuiteRunnerWorker.runSuite(SuiteRunnerWorker.java:53)
at org.testng.SuiteRunnerWorker.run(SuiteRunnerWorker.java:96)
at org.testng.TestNG.runSuitesSequentially(TestNG.java:1212)
at org.testng.TestNG.runSuitesLocally(TestNG.java:1134)
at org.testng.TestNG.runSuites(TestNG.java:1063)
at org.testng.TestNG.run(TestNG.java:1031)
at org.testng.remote.AbstractRemoteTestNG.run(AbstractRemoteTestNG.java:115)
at org.testng.remote.RemoteTestNG.initAndRun(RemoteTestNG.java:293)
at org.testng.remote.RemoteTestNG.main(RemoteTestNG.java:91)
]]>
            </full-stacktrace>
          </exception> <!-- java.lang.NullPointerException -->
          <reporter-output>
          </reporter-output>
        </test-method> <!-- Compare_PercentAppointmentBooked_Column_DealerParentWise_With_DayWise -->
        <test-method signature="Compare_PercentReported_Column_DealerParentWise_With_DayWise()[pri:75, instance:SMR.MarketingCampaign_Report_SMR@5b7a5baa]" started-at="2024-09-27T11:05:03 IST" name="Compare_PercentReported_Column_DealerParentWise_With_DayWise" finished-at="2024-09-27T11:05:03 IST" duration-ms="16" status="FAIL">
          <exception class="java.lang.NullPointerException">
            <message>
              <![CDATA[Cannot invoke "String.trim()" because "this.day6" is null]]>
            </message>
            <full-stacktrace>
              <![CDATA[java.lang.NullPointerException: Cannot invoke "String.trim()" because "this.day6" is null
at SMR.MarketingCampaign_Report_SMR.Compare_PercentReported_Column_DealerParentWise_With_DayWise(MarketingCampaign_Report_SMR.java:1420)
at java.base/jdk.internal.reflect.DirectMethodHandleAccessor.invoke(DirectMethodHandleAccessor.java:103)
at java.base/java.lang.reflect.Method.invoke(Method.java:580)
at org.testng.internal.MethodInvocationHelper.invokeMethod(MethodInvocationHelper.java:133)
at org.testng.internal.TestInvoker.invokeMethod(TestInvoker.java:598)
at org.testng.internal.TestInvoker.invokeTestMethod(TestInvoker.java:173)
at org.testng.internal.MethodRunner.runInSequence(MethodRunner.java:46)
at org.testng.internal.TestInvoker$MethodInvocationAgent.invoke(TestInvoker.java:824)
at org.testng.internal.TestInvoker.invokeTestMethods(TestInvoker.java:146)
at org.testng.internal.TestMethodWorker.invokeTestMethods(TestMethodWorker.java:146)
at org.testng.internal.TestMethodWorker.run(TestMethodWorker.java:128)
at java.base/java.util.ArrayList.forEach(ArrayList.java:1597)
at org.testng.TestRunner.privateRun(TestRunner.java:794)
at org.testng.TestRunner.run(TestRunner.java:596)
at org.testng.SuiteRunner.runTest(SuiteRunner.java:377)
at org.testng.SuiteRunner.runSequentially(SuiteRunner.java:371)
at org.testng.SuiteRunner.privateRun(SuiteRunner.java:332)
at org.testng.SuiteRunner.run(SuiteRunner.java:276)
at org.testng.SuiteRunnerWorker.runSuite(SuiteRunnerWorker.java:53)
at org.testng.SuiteRunnerWorker.run(SuiteRunnerWorker.java:96)
at org.testng.TestNG.runSuitesSequentially(TestNG.java:1212)
at org.testng.TestNG.runSuitesLocally(TestNG.java:1134)
at org.testng.TestNG.runSuites(TestNG.java:1063)
at org.testng.TestNG.run(TestNG.java:1031)
at org.testng.remote.AbstractRemoteTestNG.run(AbstractRemoteTestNG.java:115)
at org.testng.remote.RemoteTestNG.initAndRun(RemoteTestNG.java:293)
at org.testng.remote.RemoteTestNG.main(RemoteTestNG.java:91)
]]>
            </full-stacktrace>
          </exception> <!-- java.lang.NullPointerException -->
          <reporter-output>
          </reporter-output>
        </test-method> <!-- Compare_PercentReported_Column_DealerParentWise_With_DayWise -->
        <test-method signature="Compare_Connected_Column_DealerParentWise_With_DayWise()[pri:71, instance:SMR.MarketingCampaign_Report_SMR@5b7a5baa]" started-at="2024-09-27T11:05:03 IST" name="Compare_Connected_Column_DealerParentWise_With_DayWise" finished-at="2024-09-27T11:05:03 IST" duration-ms="0" status="PASS">
          <reporter-output>
          </reporter-output>
        </test-method> <!-- Compare_Connected_Column_DealerParentWise_With_DayWise -->
        <test-method signature="Compare_AppointmentBooked_Column_DealerParentWise_With_DayWise()[pri:72, instance:SMR.MarketingCampaign_Report_SMR@5b7a5baa]" started-at="2024-09-27T11:05:03 IST" name="Compare_AppointmentBooked_Column_DealerParentWise_With_DayWise" finished-at="2024-09-27T11:05:03 IST" duration-ms="0" status="PASS">
          <reporter-output>
          </reporter-output>
        </test-method> <!-- Compare_AppointmentBooked_Column_DealerParentWise_With_DayWise -->
        <test-method signature="Compare_ReportedForFreeService_Column_DealerParentWise_With_DayWise()[pri:76, instance:SMR.MarketingCampaign_Report_SMR@5b7a5baa]" started-at="2024-09-27T11:05:03 IST" name="Compare_ReportedForFreeService_Column_DealerParentWise_With_DayWise" finished-at="2024-09-27T11:05:03 IST" duration-ms="0" status="PASS">
          <reporter-output>
          </reporter-output>
        </test-method> <!-- Compare_ReportedForFreeService_Column_DealerParentWise_With_DayWise -->
        <test-method signature="Compare_NotAttempted_Column_DealerParentWise_With_DayWise()[pri:77, instance:SMR.MarketingCampaign_Report_SMR@5b7a5baa]" started-at="2024-09-27T11:05:03 IST" name="Compare_NotAttempted_Column_DealerParentWise_With_DayWise" finished-at="2024-09-27T11:05:03 IST" duration-ms="0" status="PASS">
          <reporter-output>
          </reporter-output>
        </test-method> <!-- Compare_NotAttempted_Column_DealerParentWise_With_DayWise -->
        <test-method signature="Compare_PercentReportedForFreeService_Column_DealerParentWise_With_DayWise()[pri:77, instance:SMR.MarketingCampaign_Report_SMR@5b7a5baa]" started-at="2024-09-27T11:05:03 IST" name="Compare_PercentReportedForFreeService_Column_DealerParentWise_With_DayWise" finished-at="2024-09-27T11:05:03 IST" duration-ms="0" status="FAIL">
          <exception class="java.lang.NullPointerException">
            <message>
              <![CDATA[Cannot invoke "String.trim()" because "this.d10" is null]]>
            </message>
            <full-stacktrace>
              <![CDATA[java.lang.NullPointerException: Cannot invoke "String.trim()" because "this.d10" is null
at SMR.MarketingCampaign_Report_SMR.Compare_PercentReportedForFreeService_Column_DealerParentWise_With_DayWise(MarketingCampaign_Report_SMR.java:1437)
at java.base/jdk.internal.reflect.DirectMethodHandleAccessor.invoke(DirectMethodHandleAccessor.java:103)
at java.base/java.lang.reflect.Method.invoke(Method.java:580)
at org.testng.internal.MethodInvocationHelper.invokeMethod(MethodInvocationHelper.java:133)
at org.testng.internal.TestInvoker.invokeMethod(TestInvoker.java:598)
at org.testng.internal.TestInvoker.invokeTestMethod(TestInvoker.java:173)
at org.testng.internal.MethodRunner.runInSequence(MethodRunner.java:46)
at org.testng.internal.TestInvoker$MethodInvocationAgent.invoke(TestInvoker.java:824)
at org.testng.internal.TestInvoker.invokeTestMethods(TestInvoker.java:146)
at org.testng.internal.TestMethodWorker.invokeTestMethods(TestMethodWorker.java:146)
at org.testng.internal.TestMethodWorker.run(TestMethodWorker.java:128)
at java.base/java.util.ArrayList.forEach(ArrayList.java:1597)
at org.testng.TestRunner.privateRun(TestRunner.java:794)
at org.testng.TestRunner.run(TestRunner.java:596)
at org.testng.SuiteRunner.runTest(SuiteRunner.java:377)
at org.testng.SuiteRunner.runSequentially(SuiteRunner.java:371)
at org.testng.SuiteRunner.privateRun(SuiteRunner.java:332)
at org.testng.SuiteRunner.run(SuiteRunner.java:276)
at org.testng.SuiteRunnerWorker.runSuite(SuiteRunnerWorker.java:53)
at org.testng.SuiteRunnerWorker.run(SuiteRunnerWorker.java:96)
at org.testng.TestNG.runSuitesSequentially(TestNG.java:1212)
at org.testng.TestNG.runSuitesLocally(TestNG.java:1134)
at org.testng.TestNG.runSuites(TestNG.java:1063)
at org.testng.TestNG.run(TestNG.java:1031)
at org.testng.remote.AbstractRemoteTestNG.run(AbstractRemoteTestNG.java:115)
at org.testng.remote.RemoteTestNG.initAndRun(RemoteTestNG.java:293)
at org.testng.remote.RemoteTestNG.main(RemoteTestNG.java:91)
]]>
            </full-stacktrace>
          </exception> <!-- java.lang.NullPointerException -->
          <reporter-output>
          </reporter-output>
        </test-method> <!-- Compare_PercentReportedForFreeService_Column_DealerParentWise_With_DayWise -->
        <test-method signature="Compare_ReportedForPaidService_Column_DealerParentWise_With_DayWise()[pri:78, instance:SMR.MarketingCampaign_Report_SMR@5b7a5baa]" started-at="2024-09-27T11:05:03 IST" name="Compare_ReportedForPaidService_Column_DealerParentWise_With_DayWise" finished-at="2024-09-27T11:05:03 IST" duration-ms="5" status="PASS">
          <reporter-output>
          </reporter-output>
        </test-method> <!-- Compare_ReportedForPaidService_Column_DealerParentWise_With_DayWise -->
        <test-method signature="Compare_NotConnected_Column_DealerParentWise_With_DayWise()[pri:78, instance:SMR.MarketingCampaign_Report_SMR@5b7a5baa]" started-at="2024-09-27T11:05:03 IST" name="Compare_NotConnected_Column_DealerParentWise_With_DayWise" finished-at="2024-09-27T11:05:03 IST" duration-ms="0" status="PASS">
          <reporter-output>
          </reporter-output>
        </test-method> <!-- Compare_NotConnected_Column_DealerParentWise_With_DayWise -->
        <test-method signature="Compare_LabourRevenue_Column_DealerParentWise_With_DayWise()[pri:79, instance:SMR.MarketingCampaign_Report_SMR@5b7a5baa]" started-at="2024-09-27T11:05:03 IST" name="Compare_LabourRevenue_Column_DealerParentWise_With_DayWise" finished-at="2024-09-27T11:05:03 IST" duration-ms="0" status="PASS">
          <reporter-output>
          </reporter-output>
        </test-method> <!-- Compare_LabourRevenue_Column_DealerParentWise_With_DayWise -->
        <test-method signature="Compare_FreeServicePaidServiceReported_Column_DealerParentWise_With_DayWise()[pri:80, instance:SMR.MarketingCampaign_Report_SMR@5b7a5baa]" started-at="2024-09-27T11:05:03 IST" name="Compare_FreeServicePaidServiceReported_Column_DealerParentWise_With_DayWise" finished-at="2024-09-27T11:05:03 IST" duration-ms="0" status="PASS">
          <reporter-output>
          </reporter-output>
        </test-method> <!-- Compare_FreeServicePaidServiceReported_Column_DealerParentWise_With_DayWise -->
        <test-method signature="Compare_PercentReportedForPaidService_Column_DealerParentWise_With_DayWise()[pri:79, instance:SMR.MarketingCampaign_Report_SMR@5b7a5baa]" started-at="2024-09-27T11:05:03 IST" name="Compare_PercentReportedForPaidService_Column_DealerParentWise_With_DayWise" finished-at="2024-09-27T11:05:03 IST" duration-ms="0" status="FAIL">
          <exception class="java.lang.NullPointerException">
            <message>
              <![CDATA[Cannot invoke "String.trim()" because "this.day12" is null]]>
            </message>
            <full-stacktrace>
              <![CDATA[java.lang.NullPointerException: Cannot invoke "String.trim()" because "this.day12" is null
at SMR.MarketingCampaign_Report_SMR.Compare_PercentReportedForPaidService_Column_DealerParentWise_With_DayWise(MarketingCampaign_Report_SMR.java:1457)
at java.base/jdk.internal.reflect.DirectMethodHandleAccessor.invoke(DirectMethodHandleAccessor.java:103)
at java.base/java.lang.reflect.Method.invoke(Method.java:580)
at org.testng.internal.MethodInvocationHelper.invokeMethod(MethodInvocationHelper.java:133)
at org.testng.internal.TestInvoker.invokeMethod(TestInvoker.java:598)
at org.testng.internal.TestInvoker.invokeTestMethod(TestInvoker.java:173)
at org.testng.internal.MethodRunner.runInSequence(MethodRunner.java:46)
at org.testng.internal.TestInvoker$MethodInvocationAgent.invoke(TestInvoker.java:824)
at org.testng.internal.TestInvoker.invokeTestMethods(TestInvoker.java:146)
at org.testng.internal.TestMethodWorker.invokeTestMethods(TestMethodWorker.java:146)
at org.testng.internal.TestMethodWorker.run(TestMethodWorker.java:128)
at java.base/java.util.ArrayList.forEach(ArrayList.java:1597)
at org.testng.TestRunner.privateRun(TestRunner.java:794)
at org.testng.TestRunner.run(TestRunner.java:596)
at org.testng.SuiteRunner.runTest(SuiteRunner.java:377)
at org.testng.SuiteRunner.runSequentially(SuiteRunner.java:371)
at org.testng.SuiteRunner.privateRun(SuiteRunner.java:332)
at org.testng.SuiteRunner.run(SuiteRunner.java:276)
at org.testng.SuiteRunnerWorker.runSuite(SuiteRunnerWorker.java:53)
at org.testng.SuiteRunnerWorker.run(SuiteRunnerWorker.java:96)
at org.testng.TestNG.runSuitesSequentially(TestNG.java:1212)
at org.testng.TestNG.runSuitesLocally(TestNG.java:1134)
at org.testng.TestNG.runSuites(TestNG.java:1063)
at org.testng.TestNG.run(TestNG.java:1031)
at org.testng.remote.AbstractRemoteTestNG.run(AbstractRemoteTestNG.java:115)
at org.testng.remote.RemoteTestNG.initAndRun(RemoteTestNG.java:293)
at org.testng.remote.RemoteTestNG.main(RemoteTestNG.java:91)
]]>
            </full-stacktrace>
          </exception> <!-- java.lang.NullPointerException -->
          <reporter-output>
          </reporter-output>
        </test-method> <!-- Compare_PercentReportedForPaidService_Column_DealerParentWise_With_DayWise -->
        <test-method signature="Compare_PartsRevenue_Column_DealerParentWise_With_DayWise()[pri:80, instance:SMR.MarketingCampaign_Report_SMR@5b7a5baa]" started-at="2024-09-27T11:05:03 IST" name="Compare_PartsRevenue_Column_DealerParentWise_With_DayWise" finished-at="2024-09-27T11:05:03 IST" duration-ms="0" status="PASS">
          <reporter-output>
          </reporter-output>
        </test-method> <!-- Compare_PartsRevenue_Column_DealerParentWise_With_DayWise -->
        <test-method signature="Compare_LabourPartsRevenue_Column_DealerParentWise_With_DayWise()[pri:81, instance:SMR.MarketingCampaign_Report_SMR@5b7a5baa]" started-at="2024-09-27T11:05:03 IST" name="Compare_LabourPartsRevenue_Column_DealerParentWise_With_DayWise" finished-at="2024-09-27T11:05:03 IST" duration-ms="0" status="PASS">
          <reporter-output>
          </reporter-output>
        </test-method> <!-- Compare_LabourPartsRevenue_Column_DealerParentWise_With_DayWise -->
        <test-method signature="Compare_TotalCampaignLeads_Column_WorkshopWise_With_DayWise()[pri:82, instance:SMR.MarketingCampaign_Report_SMR@5b7a5baa]" started-at="2024-09-27T11:05:03 IST" name="Compare_TotalCampaignLeads_Column_WorkshopWise_With_DayWise" finished-at="2024-09-27T11:05:03 IST" duration-ms="0" status="PASS">
          <reporter-output>
          </reporter-output>
        </test-method> <!-- Compare_TotalCampaignLeads_Column_WorkshopWise_With_DayWise -->
        <test-method signature="Compare_Connected_Column_WorkshopWise_With_DayWise()[pri:85, instance:SMR.MarketingCampaign_Report_SMR@5b7a5baa]" started-at="2024-09-27T11:05:03 IST" name="Compare_Connected_Column_WorkshopWise_With_DayWise" finished-at="2024-09-27T11:05:03 IST" duration-ms="0" status="PASS">
          <reporter-output>
          </reporter-output>
        </test-method> <!-- Compare_Connected_Column_WorkshopWise_With_DayWise -->
        <test-method signature="Compare_FollowUp_Column_WorkshopWise_With_DayWise()[pri:84, instance:SMR.MarketingCampaign_Report_SMR@5b7a5baa]" started-at="2024-09-27T11:05:03 IST" name="Compare_FollowUp_Column_WorkshopWise_With_DayWise" finished-at="2024-09-27T11:05:03 IST" duration-ms="0" status="PASS">
          <reporter-output>
          </reporter-output>
        </test-method> <!-- Compare_FollowUp_Column_WorkshopWise_With_DayWise -->
        <test-method signature="Compare_AppointmentBooked_Column_WorkshopWise_With_DayWise()[pri:86, instance:SMR.MarketingCampaign_Report_SMR@5b7a5baa]" started-at="2024-09-27T11:05:03 IST" name="Compare_AppointmentBooked_Column_WorkshopWise_With_DayWise" finished-at="2024-09-27T11:05:03 IST" duration-ms="0" status="PASS">
          <reporter-output>
          </reporter-output>
        </test-method> <!-- Compare_AppointmentBooked_Column_WorkshopWise_With_DayWise -->
        <test-method signature="Compare_LeadsAttempted_Column_WorkshopWise_With_DayWise()[pri:83, instance:SMR.MarketingCampaign_Report_SMR@5b7a5baa]" started-at="2024-09-27T11:05:03 IST" name="Compare_LeadsAttempted_Column_WorkshopWise_With_DayWise" finished-at="2024-09-27T11:05:03 IST" duration-ms="0" status="PASS">
          <reporter-output>
          </reporter-output>
        </test-method> <!-- Compare_LeadsAttempted_Column_WorkshopWise_With_DayWise -->
        <test-method signature="Compare_PercentFreeServicePaidServiceReported_Column_DealerParentWise_With_DayWise()[pri:81, instance:SMR.MarketingCampaign_Report_SMR@5b7a5baa]" started-at="2024-09-27T11:05:03 IST" name="Compare_PercentFreeServicePaidServiceReported_Column_DealerParentWise_With_DayWise" finished-at="2024-09-27T11:05:03 IST" duration-ms="0" status="FAIL">
          <exception class="java.lang.NullPointerException">
            <message>
              <![CDATA[Cannot invoke "String.trim()" because "this.d14" is null]]>
            </message>
            <full-stacktrace>
              <![CDATA[java.lang.NullPointerException: Cannot invoke "String.trim()" because "this.d14" is null
at SMR.MarketingCampaign_Report_SMR.Compare_PercentFreeServicePaidServiceReported_Column_DealerParentWise_With_DayWise(MarketingCampaign_Report_SMR.java:1476)
at java.base/jdk.internal.reflect.DirectMethodHandleAccessor.invoke(DirectMethodHandleAccessor.java:103)
at java.base/java.lang.reflect.Method.invoke(Method.java:580)
at org.testng.internal.MethodInvocationHelper.invokeMethod(MethodInvocationHelper.java:133)
at org.testng.internal.TestInvoker.invokeMethod(TestInvoker.java:598)
at org.testng.internal.TestInvoker.invokeTestMethod(TestInvoker.java:173)
at org.testng.internal.MethodRunner.runInSequence(MethodRunner.java:46)
at org.testng.internal.TestInvoker$MethodInvocationAgent.invoke(TestInvoker.java:824)
at org.testng.internal.TestInvoker.invokeTestMethods(TestInvoker.java:146)
at org.testng.internal.TestMethodWorker.invokeTestMethods(TestMethodWorker.java:146)
at org.testng.internal.TestMethodWorker.run(TestMethodWorker.java:128)
at java.base/java.util.ArrayList.forEach(ArrayList.java:1597)
at org.testng.TestRunner.privateRun(TestRunner.java:794)
at org.testng.TestRunner.run(TestRunner.java:596)
at org.testng.SuiteRunner.runTest(SuiteRunner.java:377)
at org.testng.SuiteRunner.runSequentially(SuiteRunner.java:371)
at org.testng.SuiteRunner.privateRun(SuiteRunner.java:332)
at org.testng.SuiteRunner.run(SuiteRunner.java:276)
at org.testng.SuiteRunnerWorker.runSuite(SuiteRunnerWorker.java:53)
at org.testng.SuiteRunnerWorker.run(SuiteRunnerWorker.java:96)
at org.testng.TestNG.runSuitesSequentially(TestNG.java:1212)
at org.testng.TestNG.runSuitesLocally(TestNG.java:1134)
at org.testng.TestNG.runSuites(TestNG.java:1063)
at org.testng.TestNG.run(TestNG.java:1031)
at org.testng.remote.AbstractRemoteTestNG.run(AbstractRemoteTestNG.java:115)
at org.testng.remote.RemoteTestNG.initAndRun(RemoteTestNG.java:293)
at org.testng.remote.RemoteTestNG.main(RemoteTestNG.java:91)
]]>
            </full-stacktrace>
          </exception> <!-- java.lang.NullPointerException -->
          <reporter-output>
          </reporter-output>
        </test-method> <!-- Compare_PercentFreeServicePaidServiceReported_Column_DealerParentWise_With_DayWise -->
        <test-method signature="Compare_ReportedForFreeService_Column_WorkshopWise_With_DayWise()[pri:90, instance:SMR.MarketingCampaign_Report_SMR@5b7a5baa]" started-at="2024-09-27T11:05:03 IST" name="Compare_ReportedForFreeService_Column_WorkshopWise_With_DayWise" finished-at="2024-09-27T11:05:03 IST" duration-ms="0" status="PASS">
          <reporter-output>
          </reporter-output>
        </test-method> <!-- Compare_ReportedForFreeService_Column_WorkshopWise_With_DayWise -->
        <test-method signature="Compare_PercentAppointmentBooked_Column_WorkshopWise_With_DayWise()[pri:87, instance:SMR.MarketingCampaign_Report_SMR@5b7a5baa]" started-at="2024-09-27T11:05:03 IST" name="Compare_PercentAppointmentBooked_Column_WorkshopWise_With_DayWise" finished-at="2024-09-27T11:05:03 IST" duration-ms="0" status="FAIL">
          <exception class="java.lang.NullPointerException">
            <message>
              <![CDATA[Cannot invoke "String.trim()" because "this.day6" is null]]>
            </message>
            <full-stacktrace>
              <![CDATA[java.lang.NullPointerException: Cannot invoke "String.trim()" because "this.day6" is null
at SMR.MarketingCampaign_Report_SMR.Compare_PercentAppointmentBooked_Column_WorkshopWise_With_DayWise(MarketingCampaign_Report_SMR.java:1558)
at java.base/jdk.internal.reflect.DirectMethodHandleAccessor.invoke(DirectMethodHandleAccessor.java:103)
at java.base/java.lang.reflect.Method.invoke(Method.java:580)
at org.testng.internal.MethodInvocationHelper.invokeMethod(MethodInvocationHelper.java:133)
at org.testng.internal.TestInvoker.invokeMethod(TestInvoker.java:598)
at org.testng.internal.TestInvoker.invokeTestMethod(TestInvoker.java:173)
at org.testng.internal.MethodRunner.runInSequence(MethodRunner.java:46)
at org.testng.internal.TestInvoker$MethodInvocationAgent.invoke(TestInvoker.java:824)
at org.testng.internal.TestInvoker.invokeTestMethods(TestInvoker.java:146)
at org.testng.internal.TestMethodWorker.invokeTestMethods(TestMethodWorker.java:146)
at org.testng.internal.TestMethodWorker.run(TestMethodWorker.java:128)
at java.base/java.util.ArrayList.forEach(ArrayList.java:1597)
at org.testng.TestRunner.privateRun(TestRunner.java:794)
at org.testng.TestRunner.run(TestRunner.java:596)
at org.testng.SuiteRunner.runTest(SuiteRunner.java:377)
at org.testng.SuiteRunner.runSequentially(SuiteRunner.java:371)
at org.testng.SuiteRunner.privateRun(SuiteRunner.java:332)
at org.testng.SuiteRunner.run(SuiteRunner.java:276)
at org.testng.SuiteRunnerWorker.runSuite(SuiteRunnerWorker.java:53)
at org.testng.SuiteRunnerWorker.run(SuiteRunnerWorker.java:96)
at org.testng.TestNG.runSuitesSequentially(TestNG.java:1212)
at org.testng.TestNG.runSuitesLocally(TestNG.java:1134)
at org.testng.TestNG.runSuites(TestNG.java:1063)
at org.testng.TestNG.run(TestNG.java:1031)
at org.testng.remote.AbstractRemoteTestNG.run(AbstractRemoteTestNG.java:115)
at org.testng.remote.RemoteTestNG.initAndRun(RemoteTestNG.java:293)
at org.testng.remote.RemoteTestNG.main(RemoteTestNG.java:91)
]]>
            </full-stacktrace>
          </exception> <!-- java.lang.NullPointerException -->
          <reporter-output>
          </reporter-output>
        </test-method> <!-- Compare_PercentAppointmentBooked_Column_WorkshopWise_With_DayWise -->
        <test-method signature="Compare_PercentReported_Column_WorkshopWise_With_DayWise()[pri:89, instance:SMR.MarketingCampaign_Report_SMR@5b7a5baa]" started-at="2024-09-27T11:05:03 IST" name="Compare_PercentReported_Column_WorkshopWise_With_DayWise" finished-at="2024-09-27T11:05:03 IST" duration-ms="0" status="FAIL">
          <exception class="java.lang.NullPointerException">
            <message>
              <![CDATA[Cannot invoke "String.trim()" because "this.d8" is null]]>
            </message>
            <full-stacktrace>
              <![CDATA[java.lang.NullPointerException: Cannot invoke "String.trim()" because "this.d8" is null
at SMR.MarketingCampaign_Report_SMR.Compare_PercentReported_Column_WorkshopWise_With_DayWise(MarketingCampaign_Report_SMR.java:1575)
at java.base/jdk.internal.reflect.DirectMethodHandleAccessor.invoke(DirectMethodHandleAccessor.java:103)
at java.base/java.lang.reflect.Method.invoke(Method.java:580)
at org.testng.internal.MethodInvocationHelper.invokeMethod(MethodInvocationHelper.java:133)
at org.testng.internal.TestInvoker.invokeMethod(TestInvoker.java:598)
at org.testng.internal.TestInvoker.invokeTestMethod(TestInvoker.java:173)
at org.testng.internal.MethodRunner.runInSequence(MethodRunner.java:46)
at org.testng.internal.TestInvoker$MethodInvocationAgent.invoke(TestInvoker.java:824)
at org.testng.internal.TestInvoker.invokeTestMethods(TestInvoker.java:146)
at org.testng.internal.TestMethodWorker.invokeTestMethods(TestMethodWorker.java:146)
at org.testng.internal.TestMethodWorker.run(TestMethodWorker.java:128)
at java.base/java.util.ArrayList.forEach(ArrayList.java:1597)
at org.testng.TestRunner.privateRun(TestRunner.java:794)
at org.testng.TestRunner.run(TestRunner.java:596)
at org.testng.SuiteRunner.runTest(SuiteRunner.java:377)
at org.testng.SuiteRunner.runSequentially(SuiteRunner.java:371)
at org.testng.SuiteRunner.privateRun(SuiteRunner.java:332)
at org.testng.SuiteRunner.run(SuiteRunner.java:276)
at org.testng.SuiteRunnerWorker.runSuite(SuiteRunnerWorker.java:53)
at org.testng.SuiteRunnerWorker.run(SuiteRunnerWorker.java:96)
at org.testng.TestNG.runSuitesSequentially(TestNG.java:1212)
at org.testng.TestNG.runSuitesLocally(TestNG.java:1134)
at org.testng.TestNG.runSuites(TestNG.java:1063)
at org.testng.TestNG.run(TestNG.java:1031)
at org.testng.remote.AbstractRemoteTestNG.run(AbstractRemoteTestNG.java:115)
at org.testng.remote.RemoteTestNG.initAndRun(RemoteTestNG.java:293)
at org.testng.remote.RemoteTestNG.main(RemoteTestNG.java:91)
]]>
            </full-stacktrace>
          </exception> <!-- java.lang.NullPointerException -->
          <reporter-output>
          </reporter-output>
        </test-method> <!-- Compare_PercentReported_Column_WorkshopWise_With_DayWise -->
        <test-method signature="Compare_PercentReportedForFreeService_Column_WorkshopWise_With_DayWise()[pri:91, instance:SMR.MarketingCampaign_Report_SMR@5b7a5baa]" started-at="2024-09-27T11:05:03 IST" name="Compare_PercentReportedForFreeService_Column_WorkshopWise_With_DayWise" finished-at="2024-09-27T11:05:03 IST" duration-ms="0" status="FAIL">
          <exception class="java.lang.NullPointerException">
            <message>
              <![CDATA[Cannot invoke "String.trim()" because "this.day10" is null]]>
            </message>
            <full-stacktrace>
              <![CDATA[java.lang.NullPointerException: Cannot invoke "String.trim()" because "this.day10" is null
at SMR.MarketingCampaign_Report_SMR.Compare_PercentReportedForFreeService_Column_WorkshopWise_With_DayWise(MarketingCampaign_Report_SMR.java:1592)
at java.base/jdk.internal.reflect.DirectMethodHandleAccessor.invoke(DirectMethodHandleAccessor.java:103)
at java.base/java.lang.reflect.Method.invoke(Method.java:580)
at org.testng.internal.MethodInvocationHelper.invokeMethod(MethodInvocationHelper.java:133)
at org.testng.internal.TestInvoker.invokeMethod(TestInvoker.java:598)
at org.testng.internal.TestInvoker.invokeTestMethod(TestInvoker.java:173)
at org.testng.internal.MethodRunner.runInSequence(MethodRunner.java:46)
at org.testng.internal.TestInvoker$MethodInvocationAgent.invoke(TestInvoker.java:824)
at org.testng.internal.TestInvoker.invokeTestMethods(TestInvoker.java:146)
at org.testng.internal.TestMethodWorker.invokeTestMethods(TestMethodWorker.java:146)
at org.testng.internal.TestMethodWorker.run(TestMethodWorker.java:128)
at java.base/java.util.ArrayList.forEach(ArrayList.java:1597)
at org.testng.TestRunner.privateRun(TestRunner.java:794)
at org.testng.TestRunner.run(TestRunner.java:596)
at org.testng.SuiteRunner.runTest(SuiteRunner.java:377)
at org.testng.SuiteRunner.runSequentially(SuiteRunner.java:371)
at org.testng.SuiteRunner.privateRun(SuiteRunner.java:332)
at org.testng.SuiteRunner.run(SuiteRunner.java:276)
at org.testng.SuiteRunnerWorker.runSuite(SuiteRunnerWorker.java:53)
at org.testng.SuiteRunnerWorker.run(SuiteRunnerWorker.java:96)
at org.testng.TestNG.runSuitesSequentially(TestNG.java:1212)
at org.testng.TestNG.runSuitesLocally(TestNG.java:1134)
at org.testng.TestNG.runSuites(TestNG.java:1063)
at org.testng.TestNG.run(TestNG.java:1031)
at org.testng.remote.AbstractRemoteTestNG.run(AbstractRemoteTestNG.java:115)
at org.testng.remote.RemoteTestNG.initAndRun(RemoteTestNG.java:293)
at org.testng.remote.RemoteTestNG.main(RemoteTestNG.java:91)
]]>
            </full-stacktrace>
          </exception> <!-- java.lang.NullPointerException -->
          <reporter-output>
          </reporter-output>
        </test-method> <!-- Compare_PercentReportedForFreeService_Column_WorkshopWise_With_DayWise -->
        <test-method signature="Compare_NotAttempted_Column_WorkshopWise_With_DayWise()[pri:91, instance:SMR.MarketingCampaign_Report_SMR@5b7a5baa]" started-at="2024-09-27T11:05:03 IST" name="Compare_NotAttempted_Column_WorkshopWise_With_DayWise" finished-at="2024-09-27T11:05:03 IST" duration-ms="0" status="PASS">
          <reporter-output>
          </reporter-output>
        </test-method> <!-- Compare_NotAttempted_Column_WorkshopWise_With_DayWise -->
        <test-method signature="Compare_Reported_Column_WorkshopWise_With_DayWise()[pri:88, instance:SMR.MarketingCampaign_Report_SMR@5b7a5baa]" started-at="2024-09-27T11:05:03 IST" name="Compare_Reported_Column_WorkshopWise_With_DayWise" finished-at="2024-09-27T11:05:03 IST" duration-ms="0" status="PASS">
          <reporter-output>
          </reporter-output>
        </test-method> <!-- Compare_Reported_Column_WorkshopWise_With_DayWise -->
        <test-method signature="Compare_FreeServicePaidServiceReported_Column_WorkshopWise_With_DayWise()[pri:94, instance:SMR.MarketingCampaign_Report_SMR@5b7a5baa]" started-at="2024-09-27T11:05:03 IST" name="Compare_FreeServicePaidServiceReported_Column_WorkshopWise_With_DayWise" finished-at="2024-09-27T11:05:03 IST" duration-ms="0" status="PASS">
          <reporter-output>
          </reporter-output>
        </test-method> <!-- Compare_FreeServicePaidServiceReported_Column_WorkshopWise_With_DayWise -->
        <test-method signature="Compare_NotConnected_Column_WorkshopWise_With_DayWise()[pri:92, instance:SMR.MarketingCampaign_Report_SMR@5b7a5baa]" started-at="2024-09-27T11:05:03 IST" name="Compare_NotConnected_Column_WorkshopWise_With_DayWise" finished-at="2024-09-27T11:05:03 IST" duration-ms="0" status="PASS">
          <reporter-output>
          </reporter-output>
        </test-method> <!-- Compare_NotConnected_Column_WorkshopWise_With_DayWise -->
        <test-method signature="Compare_LabourRevenue_Column_WorkshopWise_With_DayWise()[pri:93, instance:SMR.MarketingCampaign_Report_SMR@5b7a5baa]" started-at="2024-09-27T11:05:03 IST" name="Compare_LabourRevenue_Column_WorkshopWise_With_DayWise" finished-at="2024-09-27T11:05:03 IST" duration-ms="0" status="PASS">
          <reporter-output>
          </reporter-output>
        </test-method> <!-- Compare_LabourRevenue_Column_WorkshopWise_With_DayWise -->
        <test-method signature="Compare_PercentReportedForPaidService_Column_WorkshopWise_With_DayWise()[pri:93, instance:SMR.MarketingCampaign_Report_SMR@5b7a5baa]" started-at="2024-09-27T11:05:03 IST" name="Compare_PercentReportedForPaidService_Column_WorkshopWise_With_DayWise" finished-at="2024-09-27T11:05:03 IST" duration-ms="0" status="FAIL">
          <exception class="java.lang.NullPointerException">
            <message>
              <![CDATA[Cannot invoke "String.trim()" because "this.w12" is null]]>
            </message>
            <full-stacktrace>
              <![CDATA[java.lang.NullPointerException: Cannot invoke "String.trim()" because "this.w12" is null
at SMR.MarketingCampaign_Report_SMR.Compare_PercentReportedForPaidService_Column_WorkshopWise_With_DayWise(MarketingCampaign_Report_SMR.java:1610)
at java.base/jdk.internal.reflect.DirectMethodHandleAccessor.invoke(DirectMethodHandleAccessor.java:103)
at java.base/java.lang.reflect.Method.invoke(Method.java:580)
at org.testng.internal.MethodInvocationHelper.invokeMethod(MethodInvocationHelper.java:133)
at org.testng.internal.TestInvoker.invokeMethod(TestInvoker.java:598)
at org.testng.internal.TestInvoker.invokeTestMethod(TestInvoker.java:173)
at org.testng.internal.MethodRunner.runInSequence(MethodRunner.java:46)
at org.testng.internal.TestInvoker$MethodInvocationAgent.invoke(TestInvoker.java:824)
at org.testng.internal.TestInvoker.invokeTestMethods(TestInvoker.java:146)
at org.testng.internal.TestMethodWorker.invokeTestMethods(TestMethodWorker.java:146)
at org.testng.internal.TestMethodWorker.run(TestMethodWorker.java:128)
at java.base/java.util.ArrayList.forEach(ArrayList.java:1597)
at org.testng.TestRunner.privateRun(TestRunner.java:794)
at org.testng.TestRunner.run(TestRunner.java:596)
at org.testng.SuiteRunner.runTest(SuiteRunner.java:377)
at org.testng.SuiteRunner.runSequentially(SuiteRunner.java:371)
at org.testng.SuiteRunner.privateRun(SuiteRunner.java:332)
at org.testng.SuiteRunner.run(SuiteRunner.java:276)
at org.testng.SuiteRunnerWorker.runSuite(SuiteRunnerWorker.java:53)
at org.testng.SuiteRunnerWorker.run(SuiteRunnerWorker.java:96)
at org.testng.TestNG.runSuitesSequentially(TestNG.java:1212)
at org.testng.TestNG.runSuitesLocally(TestNG.java:1134)
at org.testng.TestNG.runSuites(TestNG.java:1063)
at org.testng.TestNG.run(TestNG.java:1031)
at org.testng.remote.AbstractRemoteTestNG.run(AbstractRemoteTestNG.java:115)
at org.testng.remote.RemoteTestNG.initAndRun(RemoteTestNG.java:293)
at org.testng.remote.RemoteTestNG.main(RemoteTestNG.java:91)
]]>
            </full-stacktrace>
          </exception> <!-- java.lang.NullPointerException -->
          <reporter-output>
          </reporter-output>
        </test-method> <!-- Compare_PercentReportedForPaidService_Column_WorkshopWise_With_DayWise -->
        <test-method signature="Compare_PartsRevenue_Column_WorkshopWise_With_DayWise()[pri:94, instance:SMR.MarketingCampaign_Report_SMR@5b7a5baa]" started-at="2024-09-27T11:05:03 IST" name="Compare_PartsRevenue_Column_WorkshopWise_With_DayWise" finished-at="2024-09-27T11:05:03 IST" duration-ms="0" status="PASS">
          <reporter-output>
          </reporter-output>
        </test-method> <!-- Compare_PartsRevenue_Column_WorkshopWise_With_DayWise -->
        <test-method signature="Compare_ReportedForPaidService_Column_WorkshopWise_With_DayWise()[pri:92, instance:SMR.MarketingCampaign_Report_SMR@5b7a5baa]" started-at="2024-09-27T11:05:03 IST" name="Compare_ReportedForPaidService_Column_WorkshopWise_With_DayWise" finished-at="2024-09-27T11:05:03 IST" duration-ms="0" status="PASS">
          <reporter-output>
          </reporter-output>
        </test-method> <!-- Compare_ReportedForPaidService_Column_WorkshopWise_With_DayWise -->
        <test-method signature="Compare_LabourPartsRevenue_Column_WorkshopWise_With_DayWise()[pri:95, instance:SMR.MarketingCampaign_Report_SMR@5b7a5baa]" started-at="2024-09-27T11:05:03 IST" name="Compare_LabourPartsRevenue_Column_WorkshopWise_With_DayWise" finished-at="2024-09-27T11:05:07 IST" duration-ms="4004" status="PASS">
          <reporter-output>
          </reporter-output>
        </test-method> <!-- Compare_LabourPartsRevenue_Column_WorkshopWise_With_DayWise -->
        <test-method signature="Compare_PercentFreeServicePaidServiceReported_Column_WorkshopWise_With_DayWise()[pri:95, instance:SMR.MarketingCampaign_Report_SMR@5b7a5baa]" started-at="2024-09-27T11:05:07 IST" name="Compare_PercentFreeServicePaidServiceReported_Column_WorkshopWise_With_DayWise" finished-at="2024-09-27T11:05:07 IST" duration-ms="3" status="FAIL">
          <exception class="java.lang.NullPointerException">
            <message>
              <![CDATA[Cannot invoke "String.trim()" because "this.w14" is null]]>
            </message>
            <full-stacktrace>
              <![CDATA[java.lang.NullPointerException: Cannot invoke "String.trim()" because "this.w14" is null
at SMR.MarketingCampaign_Report_SMR.Compare_PercentFreeServicePaidServiceReported_Column_WorkshopWise_With_DayWise(MarketingCampaign_Report_SMR.java:1630)
at java.base/jdk.internal.reflect.DirectMethodHandleAccessor.invoke(DirectMethodHandleAccessor.java:103)
at java.base/java.lang.reflect.Method.invoke(Method.java:580)
at org.testng.internal.MethodInvocationHelper.invokeMethod(MethodInvocationHelper.java:133)
at org.testng.internal.TestInvoker.invokeMethod(TestInvoker.java:598)
at org.testng.internal.TestInvoker.invokeTestMethod(TestInvoker.java:173)
at org.testng.internal.MethodRunner.runInSequence(MethodRunner.java:46)
at org.testng.internal.TestInvoker$MethodInvocationAgent.invoke(TestInvoker.java:824)
at org.testng.internal.TestInvoker.invokeTestMethods(TestInvoker.java:146)
at org.testng.internal.TestMethodWorker.invokeTestMethods(TestMethodWorker.java:146)
at org.testng.internal.TestMethodWorker.run(TestMethodWorker.java:128)
at java.base/java.util.ArrayList.forEach(ArrayList.java:1597)
at org.testng.TestRunner.privateRun(TestRunner.java:794)
at org.testng.TestRunner.run(TestRunner.java:596)
at org.testng.SuiteRunner.runTest(SuiteRunner.java:377)
at org.testng.SuiteRunner.runSequentially(SuiteRunner.java:371)
at org.testng.SuiteRunner.privateRun(SuiteRunner.java:332)
at org.testng.SuiteRunner.run(SuiteRunner.java:276)
at org.testng.SuiteRunnerWorker.runSuite(SuiteRunnerWorker.java:53)
at org.testng.SuiteRunnerWorker.run(SuiteRunnerWorker.java:96)
at org.testng.TestNG.runSuitesSequentially(TestNG.java:1212)
at org.testng.TestNG.runSuitesLocally(TestNG.java:1134)
at org.testng.TestNG.runSuites(TestNG.java:1063)
at org.testng.TestNG.run(TestNG.java:1031)
at org.testng.remote.AbstractRemoteTestNG.run(AbstractRemoteTestNG.java:115)
at org.testng.remote.RemoteTestNG.initAndRun(RemoteTestNG.java:293)
at org.testng.remote.RemoteTestNG.main(RemoteTestNG.java:91)
]]>
            </full-stacktrace>
          </exception> <!-- java.lang.NullPointerException -->
          <reporter-output>
          </reporter-output>
        </test-method> <!-- Compare_PercentFreeServicePaidServiceReported_Column_WorkshopWise_With_DayWise -->
      </class> <!-- SMR.MarketingCampaign_Report_SMR -->
    </test> <!-- Default test -->
  </suite> <!-- Default suite -->
</testng-results>
