<?xml version="1.0" encoding="UTF-8"?>
<!-- Generated by org.testng.reporters.JUnitReportReporter -->
<testsuite hostname="DESKTOP-7SBKKJ1" failures="1" tests="20" name="Dev_Psf_code.All_PSF_Dev_Code" time="883.101" errors="0" timestamp="2024-07-22T10:43:42 IST" skipped="0">
  <testcase classname="Dev_Psf_code.All_PSF_Dev_Code" name="Username" time="1.491"/>
  <system-out/>
  <testcase classname="Dev_Psf_code.All_PSF_Dev_Code" name="Password" time="1.204"/>
  <system-out/>
  <testcase classname="Dev_Psf_code.All_PSF_Dev_Code" name="Login_Button" time="3.275"/>
  <system-out/>
  <testcase classname="Dev_Psf_code.All_PSF_Dev_Code" name="Click_On_Service_PSF" time="10.116"/>
  <system-out/>
  <testcase classname="Dev_Psf_code.All_PSF_Dev_Code" name="Click_On_the_PSF_Follow_List" time="4.293"/>
  <system-out/>
  <testcase classname="Dev_Psf_code.All_PSF_Dev_Code" name="Total_PSF_Due_Numbers_Match" time="2.128"/>
  <system-out/>
  <testcase classname="Dev_Psf_code.All_PSF_Dev_Code" name="Service_Type" time="216.186"/>
  <system-out/>
  <testcase classname="Dev_Psf_code.All_PSF_Dev_Code" name="Workshop_FILLTER" time="86.594"/>
  <system-out/>
  <testcase classname="Dev_Psf_code.All_PSF_Dev_Code" name="CCE_Name_FILTER" time="12.652"/>
  <system-out/>
  <testcase classname="Dev_Psf_code.All_PSF_Dev_Code" name="HeaderPresence" time="2.076"/>
  <system-out/>
  <testcase classname="Dev_Psf_code.All_PSF_Dev_Code" name="HeaderContent" time="2.088"/>
  <system-out/>
  <testcase classname="Dev_Psf_code.All_PSF_Dev_Code" name="Date_Of_Sale_Filter" time="45.308"/>
  <system-out/>
  <testcase classname="Dev_Psf_code.All_PSF_Dev_Code" name="JCBillDateFilter" time="80.275"/>
  <system-out/>
  <testcase classname="Dev_Psf_code.All_PSF_Dev_Code" name="PSFDueDateFilter" time="74.957"/>
  <system-out/>
  <testcase classname="Dev_Psf_code.All_PSF_Dev_Code" name="LastCallDateFilter" time="71.378"/>
  <system-out/>
  <testcase classname="Dev_Psf_code.All_PSF_Dev_Code" name="ServiceAdvisorNameFilter" time="64.068"/>
  <system-out/>
  <testcase classname="Dev_Psf_code.All_PSF_Dev_Code" name="testVehicleTypeFilter_Private" time="93.571"/>
  <system-out/>
  <testcase classname="Dev_Psf_code.All_PSF_Dev_Code" name="testVehicleTypeFilter_Comm" time="39.404"/>
  <system-out/>
  <testcase classname="Dev_Psf_code.All_PSF_Dev_Code" name="ModelNameFilter" time="52.071"/>
  <system-out/>
  <testcase classname="Dev_Psf_code.All_PSF_Dev_Code" name="verifyCurrentDate" time="19.966">
    <failure message="PSF Due Date 16-May-2023 is not equal to the current date 07/22/2024 expected [true] but found [false]" type="java.lang.AssertionError">
      <![CDATA[java.lang.AssertionError: PSF Due Date 16-May-2023 is not equal to the current date 07/22/2024 expected [true] but found [false]
at org.testng.Assert.fail(Assert.java:99)
at org.testng.Assert.failNotEquals(Assert.java:1037)
at org.testng.Assert.assertTrue(Assert.java:45)
at Dev_Psf_code.All_PSF_Dev_Code.verifyCurrentDate(All_PSF_Dev_Code.java:2001)
at java.base/jdk.internal.reflect.DirectMethodHandleAccessor.invoke(DirectMethodHandleAccessor.java:103)
at java.base/java.lang.reflect.Method.invoke(Method.java:580)
at org.testng.internal.MethodInvocationHelper.invokeMethod(MethodInvocationHelper.java:133)
at org.testng.internal.TestInvoker.invokeMethod(TestInvoker.java:598)
at org.testng.internal.TestInvoker.invokeTestMethod(TestInvoker.java:173)
at org.testng.internal.MethodRunner.runInSequence(MethodRunner.java:46)
at org.testng.internal.TestInvoker$MethodInvocationAgent.invoke(TestInvoker.java:824)
at org.testng.internal.TestInvoker.invokeTestMethods(TestInvoker.java:146)
at org.testng.internal.TestMethodWorker.invokeTestMethods(TestMethodWorker.java:146)
at org.testng.internal.TestMethodWorker.run(TestMethodWorker.java:128)
at java.base/java.util.ArrayList.forEach(ArrayList.java:1597)
at org.testng.TestRunner.privateRun(TestRunner.java:794)
at org.testng.TestRunner.run(TestRunner.java:596)
at org.testng.SuiteRunner.runTest(SuiteRunner.java:377)
at org.testng.SuiteRunner.runSequentially(SuiteRunner.java:371)
at org.testng.SuiteRunner.privateRun(SuiteRunner.java:332)
at org.testng.SuiteRunner.run(SuiteRunner.java:276)
at org.testng.SuiteRunnerWorker.runSuite(SuiteRunnerWorker.java:53)
at org.testng.SuiteRunnerWorker.run(SuiteRunnerWorker.java:96)
at org.testng.TestNG.runSuitesSequentially(TestNG.java:1212)
at org.testng.TestNG.runSuitesLocally(TestNG.java:1134)
at org.testng.TestNG.runSuites(TestNG.java:1063)
at org.testng.TestNG.run(TestNG.java:1031)
at org.testng.remote.AbstractRemoteTestNG.run(AbstractRemoteTestNG.java:115)
at org.testng.remote.RemoteTestNG.initAndRun(RemoteTestNG.java:293)
at org.testng.remote.RemoteTestNG.main(RemoteTestNG.java:91)
]]>
    </failure>
  </testcase> <!-- verifyCurrentDate -->
  <system-out/>
</testsuite> <!-- Dev_Psf_code.All_PSF_Dev_Code -->
