<?xml version="1.0" encoding="UTF-8"?>
<!-- Generated by org.testng.reporters.JUnitReportReporter -->
<testsuite hostname="DESKTOP-7SBKKJ1" failures="8" tests="71" name="pSF_REPORTS.Complaint_report" time="347.702" errors="0" timestamp="2024-08-21T10:33:12 IST" skipped="0">
  <testcase classname="pSF_REPORTS.Complaint_report" name="Username" time="2.307"/>
  <system-out/>
  <testcase classname="pSF_REPORTS.Complaint_report" name="Password" time="2.209"/>
  <system-out/>
  <testcase classname="pSF_REPORTS.Complaint_report" name="Login_Button" time="20.190"/>
  <system-out/>
  <testcase classname="pSF_REPORTS.Complaint_report" name="SUBMIT_Button" time="5.160"/>
  <system-out/>
  <testcase classname="pSF_REPORTS.Complaint_report" name="Click_On__PSF_Report" time="10.526"/>
  <system-out/>
  <testcase classname="pSF_REPORTS.Complaint_report" name="Click_On_Complaint_Report" time="5.716"/>
  <system-out/>
  <testcase classname="pSF_REPORTS.Complaint_report" name="Zone_Region_Wise" time="34.888"/>
  <system-out/>
  <testcase classname="pSF_REPORTS.Complaint_report" name="Dealer_Parent_Group_Wise" time="35.890"/>
  <system-out/>
  <testcase classname="pSF_REPORTS.Complaint_report" name="Workshop_Wise" time="39.711"/>
  <system-out/>
  <testcase classname="pSF_REPORTS.Complaint_report" name="Day_Wise" time="95.766"/>
  <system-out/>
  <testcase classname="pSF_REPORTS.Complaint_report" name="Service_Type_Wise" time="34.684"/>
  <system-out/>
  <testcase classname="pSF_REPORTS.Complaint_report" name="Compare_Total_complaint_Of_ZONE_Region_Wise_from__Dealer_Parent_Wise" time="1.014"/>
  <system-out/>
  <testcase classname="pSF_REPORTS.Complaint_report" name="Compare_Total_complaint_Of_ZONE_Region_Wise_from_Worshop_Wise" time="1.013"/>
  <system-out/>
  <testcase classname="pSF_REPORTS.Complaint_report" name="Compare_Total_complaint_Of_ZONE_Region_Wise_from_Day_Wise" time="1.015">
    <failure message="expected [7041] but found [7040]" type="java.lang.AssertionError">
      <![CDATA[java.lang.AssertionError: expected [7041] but found [7040]
at org.testng.Assert.fail(Assert.java:99)
at org.testng.Assert.failNotEquals(Assert.java:1037)
at org.testng.Assert.assertEqualsImpl(Assert.java:140)
at org.testng.Assert.assertEquals(Assert.java:122)
at org.testng.Assert.assertEquals(Assert.java:629)
at org.testng.Assert.assertEquals(Assert.java:639)
at pSF_REPORTS.Complaint_report.Compare_Total_complaint_Of_ZONE_Region_Wise_from_Day_Wise(Complaint_report.java:930)
at java.base/jdk.internal.reflect.DirectMethodHandleAccessor.invoke(DirectMethodHandleAccessor.java:103)
at java.base/java.lang.reflect.Method.invoke(Method.java:580)
at org.testng.internal.MethodInvocationHelper.invokeMethod(MethodInvocationHelper.java:133)
at org.testng.internal.TestInvoker.invokeMethod(TestInvoker.java:598)
at org.testng.internal.TestInvoker.invokeTestMethod(TestInvoker.java:173)
at org.testng.internal.MethodRunner.runInSequence(MethodRunner.java:46)
at org.testng.internal.TestInvoker$MethodInvocationAgent.invoke(TestInvoker.java:824)
at org.testng.internal.TestInvoker.invokeTestMethods(TestInvoker.java:146)
at org.testng.internal.TestMethodWorker.invokeTestMethods(TestMethodWorker.java:146)
at org.testng.internal.TestMethodWorker.run(TestMethodWorker.java:128)
at java.base/java.util.ArrayList.forEach(ArrayList.java:1597)
at org.testng.TestRunner.privateRun(TestRunner.java:794)
at org.testng.TestRunner.run(TestRunner.java:596)
at org.testng.SuiteRunner.runTest(SuiteRunner.java:377)
at org.testng.SuiteRunner.runSequentially(SuiteRunner.java:371)
at org.testng.SuiteRunner.privateRun(SuiteRunner.java:332)
at org.testng.SuiteRunner.run(SuiteRunner.java:276)
at org.testng.SuiteRunnerWorker.runSuite(SuiteRunnerWorker.java:53)
at org.testng.SuiteRunnerWorker.run(SuiteRunnerWorker.java:96)
at org.testng.TestNG.runSuitesSequentially(TestNG.java:1212)
at org.testng.TestNG.runSuitesLocally(TestNG.java:1134)
at org.testng.TestNG.runSuites(TestNG.java:1063)
at org.testng.TestNG.run(TestNG.java:1031)
at org.testng.remote.AbstractRemoteTestNG.run(AbstractRemoteTestNG.java:115)
at org.testng.remote.RemoteTestNG.initAndRun(RemoteTestNG.java:293)
at org.testng.remote.RemoteTestNG.main(RemoteTestNG.java:91)
]]>
    </failure>
  </testcase> <!-- Compare_Total_complaint_Of_ZONE_Region_Wise_from_Day_Wise -->
  <system-out/>
  <testcase classname="pSF_REPORTS.Complaint_report" name="Compare_Total_complaint_Of_ZONE_Region_Wise_from_Service_Type_Wise" time="1.015">
    <failure message="expected [7041] but found [7040]" type="java.lang.AssertionError">
      <![CDATA[java.lang.AssertionError: expected [7041] but found [7040]
at org.testng.Assert.fail(Assert.java:99)
at org.testng.Assert.failNotEquals(Assert.java:1037)
at org.testng.Assert.assertEqualsImpl(Assert.java:140)
at org.testng.Assert.assertEquals(Assert.java:122)
at org.testng.Assert.assertEquals(Assert.java:629)
at org.testng.Assert.assertEquals(Assert.java:639)
at pSF_REPORTS.Complaint_report.Compare_Total_complaint_Of_ZONE_Region_Wise_from_Service_Type_Wise(Complaint_report.java:936)
at java.base/jdk.internal.reflect.DirectMethodHandleAccessor.invoke(DirectMethodHandleAccessor.java:103)
at java.base/java.lang.reflect.Method.invoke(Method.java:580)
at org.testng.internal.MethodInvocationHelper.invokeMethod(MethodInvocationHelper.java:133)
at org.testng.internal.TestInvoker.invokeMethod(TestInvoker.java:598)
at org.testng.internal.TestInvoker.invokeTestMethod(TestInvoker.java:173)
at org.testng.internal.MethodRunner.runInSequence(MethodRunner.java:46)
at org.testng.internal.TestInvoker$MethodInvocationAgent.invoke(TestInvoker.java:824)
at org.testng.internal.TestInvoker.invokeTestMethods(TestInvoker.java:146)
at org.testng.internal.TestMethodWorker.invokeTestMethods(TestMethodWorker.java:146)
at org.testng.internal.TestMethodWorker.run(TestMethodWorker.java:128)
at java.base/java.util.ArrayList.forEach(ArrayList.java:1597)
at org.testng.TestRunner.privateRun(TestRunner.java:794)
at org.testng.TestRunner.run(TestRunner.java:596)
at org.testng.SuiteRunner.runTest(SuiteRunner.java:377)
at org.testng.SuiteRunner.runSequentially(SuiteRunner.java:371)
at org.testng.SuiteRunner.privateRun(SuiteRunner.java:332)
at org.testng.SuiteRunner.run(SuiteRunner.java:276)
at org.testng.SuiteRunnerWorker.runSuite(SuiteRunnerWorker.java:53)
at org.testng.SuiteRunnerWorker.run(SuiteRunnerWorker.java:96)
at org.testng.TestNG.runSuitesSequentially(TestNG.java:1212)
at org.testng.TestNG.runSuitesLocally(TestNG.java:1134)
at org.testng.TestNG.runSuites(TestNG.java:1063)
at org.testng.TestNG.run(TestNG.java:1031)
at org.testng.remote.AbstractRemoteTestNG.run(AbstractRemoteTestNG.java:115)
at org.testng.remote.RemoteTestNG.initAndRun(RemoteTestNG.java:293)
at org.testng.remote.RemoteTestNG.main(RemoteTestNG.java:91)
]]>
    </failure>
  </testcase> <!-- Compare_Total_complaint_Of_ZONE_Region_Wise_from_Service_Type_Wise -->
  <system-out/>
  <testcase classname="pSF_REPORTS.Complaint_report" name="Compare_KARA_Adhoc_complaints_Of_ZONE_Region_Wise_from_Dealer_parent_group_Wise" time="1.013"/>
  <system-out/>
  <testcase classname="pSF_REPORTS.Complaint_report" name="Compare_KARA_Adhoc_complaints_Of_ZONE_Region_Wise_from_workshop__Wise" time="1.004"/>
  <system-out/>
  <testcase classname="pSF_REPORTS.Complaint_report" name="Compare_KARA_Adhoc_complaints_Of_ZONE_Region_Wise_from_Day_Wise" time="1.008"/>
  <system-out/>
  <testcase classname="pSF_REPORTS.Complaint_report" name="Compare_KARA_Adhoc_complaints_Of_ZONE_Region_Wise_from_Service_Type_Wise" time="1.014"/>
  <system-out/>
  <testcase classname="pSF_REPORTS.Complaint_report" name="Compare_KARA_post_Psf_calibration_Of_ZONE_Region_Wise_from_Dealer_parent_Group_Wise" time="1.007"/>
  <system-out/>
  <testcase classname="pSF_REPORTS.Complaint_report" name="Compare_KARA_post_Psf_calibration_Of_ZONE_Region_Wise_from_workshop__Wise" time="1.010"/>
  <system-out/>
  <testcase classname="pSF_REPORTS.Complaint_report" name="Compare_KARA_post_Psf_calibration_Of_ZONE_Region_Wise_from_Day_Wise" time="1.017"/>
  <system-out/>
  <testcase classname="pSF_REPORTS.Complaint_report" name="Compare_KARA_post_Psf_calibration_Of_ZONE_Region_Wise_from_Service_Type_Wise" time="1.014"/>
  <system-out/>
  <testcase classname="pSF_REPORTS.Complaint_report" name="Compare_KARA_Open_Of_ZONE_Region_Wise_from_Dealer_parent_Group_Wise" time="1.006"/>
  <system-out/>
  <testcase classname="pSF_REPORTS.Complaint_report" name="Compare_KARA_Open_Of_ZONE_Region_Wise_from_workshop__Wise" time="1.013"/>
  <system-out/>
  <testcase classname="pSF_REPORTS.Complaint_report" name="Compare_KARA_Open_Of_ZONE_Region_Wise_from_Day_Wise" time="1.006">
    <failure message="expected [140] but found [1427]" type="java.lang.AssertionError">
      <![CDATA[java.lang.AssertionError: expected [140] but found [1427]
at org.testng.Assert.fail(Assert.java:99)
at org.testng.Assert.failNotEquals(Assert.java:1037)
at org.testng.Assert.assertEqualsImpl(Assert.java:140)
at org.testng.Assert.assertEquals(Assert.java:122)
at org.testng.Assert.assertEquals(Assert.java:629)
at org.testng.Assert.assertEquals(Assert.java:639)
at pSF_REPORTS.Complaint_report.Compare_KARA_Open_Of_ZONE_Region_Wise_from_Day_Wise(Complaint_report.java:1005)
at java.base/jdk.internal.reflect.DirectMethodHandleAccessor.invoke(DirectMethodHandleAccessor.java:103)
at java.base/java.lang.reflect.Method.invoke(Method.java:580)
at org.testng.internal.MethodInvocationHelper.invokeMethod(MethodInvocationHelper.java:133)
at org.testng.internal.TestInvoker.invokeMethod(TestInvoker.java:598)
at org.testng.internal.TestInvoker.invokeTestMethod(TestInvoker.java:173)
at org.testng.internal.MethodRunner.runInSequence(MethodRunner.java:46)
at org.testng.internal.TestInvoker$MethodInvocationAgent.invoke(TestInvoker.java:824)
at org.testng.internal.TestInvoker.invokeTestMethods(TestInvoker.java:146)
at org.testng.internal.TestMethodWorker.invokeTestMethods(TestMethodWorker.java:146)
at org.testng.internal.TestMethodWorker.run(TestMethodWorker.java:128)
at java.base/java.util.ArrayList.forEach(ArrayList.java:1597)
at org.testng.TestRunner.privateRun(TestRunner.java:794)
at org.testng.TestRunner.run(TestRunner.java:596)
at org.testng.SuiteRunner.runTest(SuiteRunner.java:377)
at org.testng.SuiteRunner.runSequentially(SuiteRunner.java:371)
at org.testng.SuiteRunner.privateRun(SuiteRunner.java:332)
at org.testng.SuiteRunner.run(SuiteRunner.java:276)
at org.testng.SuiteRunnerWorker.runSuite(SuiteRunnerWorker.java:53)
at org.testng.SuiteRunnerWorker.run(SuiteRunnerWorker.java:96)
at org.testng.TestNG.runSuitesSequentially(TestNG.java:1212)
at org.testng.TestNG.runSuitesLocally(TestNG.java:1134)
at org.testng.TestNG.runSuites(TestNG.java:1063)
at org.testng.TestNG.run(TestNG.java:1031)
at org.testng.remote.AbstractRemoteTestNG.run(AbstractRemoteTestNG.java:115)
at org.testng.remote.RemoteTestNG.initAndRun(RemoteTestNG.java:293)
at org.testng.remote.RemoteTestNG.main(RemoteTestNG.java:91)
]]>
    </failure>
  </testcase> <!-- Compare_KARA_Open_Of_ZONE_Region_Wise_from_Day_Wise -->
  <system-out/>
  <testcase classname="pSF_REPORTS.Complaint_report" name="Compare_KARA_Open_Of_ZONE_Region_Wise_from_Service_Type_Wise" time="1.014"/>
  <system-out/>
  <testcase classname="pSF_REPORTS.Complaint_report" name="Compare_KARA_In_progress_Of_ZONE_Region_Wise_from_Dealer_parent_Group_Wise" time="1.005"/>
  <system-out/>
  <testcase classname="pSF_REPORTS.Complaint_report" name="Compare_KARA_In_progress_Of_ZONE_Region_Wise_from_workshop__Wise" time="1.005"/>
  <system-out/>
  <testcase classname="pSF_REPORTS.Complaint_report" name="Compare_KARA_In_progress_Of_ZONE_Region_Wise_from_Day_Wise" time="1.018">
    <failure message="expected [41] but found [59]" type="java.lang.AssertionError">
      <![CDATA[java.lang.AssertionError: expected [41] but found [59]
at org.testng.Assert.fail(Assert.java:99)
at org.testng.Assert.failNotEquals(Assert.java:1037)
at org.testng.Assert.assertEqualsImpl(Assert.java:140)
at org.testng.Assert.assertEquals(Assert.java:122)
at org.testng.Assert.assertEquals(Assert.java:629)
at org.testng.Assert.assertEquals(Assert.java:639)
at pSF_REPORTS.Complaint_report.Compare_KARA_In_progress_Of_ZONE_Region_Wise_from_Day_Wise(Complaint_report.java:1031)
at java.base/jdk.internal.reflect.DirectMethodHandleAccessor.invoke(DirectMethodHandleAccessor.java:103)
at java.base/java.lang.reflect.Method.invoke(Method.java:580)
at org.testng.internal.MethodInvocationHelper.invokeMethod(MethodInvocationHelper.java:133)
at org.testng.internal.TestInvoker.invokeMethod(TestInvoker.java:598)
at org.testng.internal.TestInvoker.invokeTestMethod(TestInvoker.java:173)
at org.testng.internal.MethodRunner.runInSequence(MethodRunner.java:46)
at org.testng.internal.TestInvoker$MethodInvocationAgent.invoke(TestInvoker.java:824)
at org.testng.internal.TestInvoker.invokeTestMethods(TestInvoker.java:146)
at org.testng.internal.TestMethodWorker.invokeTestMethods(TestMethodWorker.java:146)
at org.testng.internal.TestMethodWorker.run(TestMethodWorker.java:128)
at java.base/java.util.ArrayList.forEach(ArrayList.java:1597)
at org.testng.TestRunner.privateRun(TestRunner.java:794)
at org.testng.TestRunner.run(TestRunner.java:596)
at org.testng.SuiteRunner.runTest(SuiteRunner.java:377)
at org.testng.SuiteRunner.runSequentially(SuiteRunner.java:371)
at org.testng.SuiteRunner.privateRun(SuiteRunner.java:332)
at org.testng.SuiteRunner.run(SuiteRunner.java:276)
at org.testng.SuiteRunnerWorker.runSuite(SuiteRunnerWorker.java:53)
at org.testng.SuiteRunnerWorker.run(SuiteRunnerWorker.java:96)
at org.testng.TestNG.runSuitesSequentially(TestNG.java:1212)
at org.testng.TestNG.runSuitesLocally(TestNG.java:1134)
at org.testng.TestNG.runSuites(TestNG.java:1063)
at org.testng.TestNG.run(TestNG.java:1031)
at org.testng.remote.AbstractRemoteTestNG.run(AbstractRemoteTestNG.java:115)
at org.testng.remote.RemoteTestNG.initAndRun(RemoteTestNG.java:293)
at org.testng.remote.RemoteTestNG.main(RemoteTestNG.java:91)
]]>
    </failure>
  </testcase> <!-- Compare_KARA_In_progress_Of_ZONE_Region_Wise_from_Day_Wise -->
  <system-out/>
  <testcase classname="pSF_REPORTS.Complaint_report" name="Compare_KARA_In_progress_Of_ZONE_Region_Wise_from_Service_Type_Wise" time="1.022"/>
  <system-out/>
  <testcase classname="pSF_REPORTS.Complaint_report" name="Compare_KARA_resolved_Of_ZONE_Region_Wise_from_Dealer_parent_Group_Wise" time="1.008"/>
  <system-out/>
  <testcase classname="pSF_REPORTS.Complaint_report" name="Compare_KARA_resolved_Of_ZONE_Region_Wise_from_workshop__Wise" time="1.010"/>
  <system-out/>
  <testcase classname="pSF_REPORTS.Complaint_report" name="Compare_KARA_resolved_Of_ZONE_Region_Wise_from_Day_Wise" time="1.012">
    <failure message="expected [26] but found [171]" type="java.lang.AssertionError">
      <![CDATA[java.lang.AssertionError: expected [26] but found [171]
at org.testng.Assert.fail(Assert.java:99)
at org.testng.Assert.failNotEquals(Assert.java:1037)
at org.testng.Assert.assertEqualsImpl(Assert.java:140)
at org.testng.Assert.assertEquals(Assert.java:122)
at org.testng.Assert.assertEquals(Assert.java:629)
at org.testng.Assert.assertEquals(Assert.java:639)
at pSF_REPORTS.Complaint_report.Compare_KARA_resolved_Of_ZONE_Region_Wise_from_Day_Wise(Complaint_report.java:1056)
at java.base/jdk.internal.reflect.DirectMethodHandleAccessor.invoke(DirectMethodHandleAccessor.java:103)
at java.base/java.lang.reflect.Method.invoke(Method.java:580)
at org.testng.internal.MethodInvocationHelper.invokeMethod(MethodInvocationHelper.java:133)
at org.testng.internal.TestInvoker.invokeMethod(TestInvoker.java:598)
at org.testng.internal.TestInvoker.invokeTestMethod(TestInvoker.java:173)
at org.testng.internal.MethodRunner.runInSequence(MethodRunner.java:46)
at org.testng.internal.TestInvoker$MethodInvocationAgent.invoke(TestInvoker.java:824)
at org.testng.internal.TestInvoker.invokeTestMethods(TestInvoker.java:146)
at org.testng.internal.TestMethodWorker.invokeTestMethods(TestMethodWorker.java:146)
at org.testng.internal.TestMethodWorker.run(TestMethodWorker.java:128)
at java.base/java.util.ArrayList.forEach(ArrayList.java:1597)
at org.testng.TestRunner.privateRun(TestRunner.java:794)
at org.testng.TestRunner.run(TestRunner.java:596)
at org.testng.SuiteRunner.runTest(SuiteRunner.java:377)
at org.testng.SuiteRunner.runSequentially(SuiteRunner.java:371)
at org.testng.SuiteRunner.privateRun(SuiteRunner.java:332)
at org.testng.SuiteRunner.run(SuiteRunner.java:276)
at org.testng.SuiteRunnerWorker.runSuite(SuiteRunnerWorker.java:53)
at org.testng.SuiteRunnerWorker.run(SuiteRunnerWorker.java:96)
at org.testng.TestNG.runSuitesSequentially(TestNG.java:1212)
at org.testng.TestNG.runSuitesLocally(TestNG.java:1134)
at org.testng.TestNG.runSuites(TestNG.java:1063)
at org.testng.TestNG.run(TestNG.java:1031)
at org.testng.remote.AbstractRemoteTestNG.run(AbstractRemoteTestNG.java:115)
at org.testng.remote.RemoteTestNG.initAndRun(RemoteTestNG.java:293)
at org.testng.remote.RemoteTestNG.main(RemoteTestNG.java:91)
]]>
    </failure>
  </testcase> <!-- Compare_KARA_resolved_Of_ZONE_Region_Wise_from_Day_Wise -->
  <system-out/>
  <testcase classname="pSF_REPORTS.Complaint_report" name="Compare_KARA_resolved_Of_ZONE_Region_Wise_from_Service_Type_Wise" time="1.011"/>
  <system-out/>
  <testcase classname="pSF_REPORTS.Complaint_report" name="Compare_KARA_Closed_Of_ZONE_Region_Wise_from_Dealer_parent_Group_Wise" time="1.008"/>
  <system-out/>
  <testcase classname="pSF_REPORTS.Complaint_report" name="Compare_KARA_Closed_Of_ZONE_Region_Wise_from_workshop__Wise" time="1.016"/>
  <system-out/>
  <testcase classname="pSF_REPORTS.Complaint_report" name="Compare_KARA_Closed_Of_ZONE_Region_Wise_from_Day_Wise" time="1.006">
    <failure message="expected [49] but found [343]" type="java.lang.AssertionError">
      <![CDATA[java.lang.AssertionError: expected [49] but found [343]
at org.testng.Assert.fail(Assert.java:99)
at org.testng.Assert.failNotEquals(Assert.java:1037)
at org.testng.Assert.assertEqualsImpl(Assert.java:140)
at org.testng.Assert.assertEquals(Assert.java:122)
at org.testng.Assert.assertEquals(Assert.java:629)
at org.testng.Assert.assertEquals(Assert.java:639)
at pSF_REPORTS.Complaint_report.Compare_KARA_Closed_Of_ZONE_Region_Wise_from_Day_Wise(Complaint_report.java:1081)
at java.base/jdk.internal.reflect.DirectMethodHandleAccessor.invoke(DirectMethodHandleAccessor.java:103)
at java.base/java.lang.reflect.Method.invoke(Method.java:580)
at org.testng.internal.MethodInvocationHelper.invokeMethod(MethodInvocationHelper.java:133)
at org.testng.internal.TestInvoker.invokeMethod(TestInvoker.java:598)
at org.testng.internal.TestInvoker.invokeTestMethod(TestInvoker.java:173)
at org.testng.internal.MethodRunner.runInSequence(MethodRunner.java:46)
at org.testng.internal.TestInvoker$MethodInvocationAgent.invoke(TestInvoker.java:824)
at org.testng.internal.TestInvoker.invokeTestMethods(TestInvoker.java:146)
at org.testng.internal.TestMethodWorker.invokeTestMethods(TestMethodWorker.java:146)
at org.testng.internal.TestMethodWorker.run(TestMethodWorker.java:128)
at java.base/java.util.ArrayList.forEach(ArrayList.java:1597)
at org.testng.TestRunner.privateRun(TestRunner.java:794)
at org.testng.TestRunner.run(TestRunner.java:596)
at org.testng.SuiteRunner.runTest(SuiteRunner.java:377)
at org.testng.SuiteRunner.runSequentially(SuiteRunner.java:371)
at org.testng.SuiteRunner.privateRun(SuiteRunner.java:332)
at org.testng.SuiteRunner.run(SuiteRunner.java:276)
at org.testng.SuiteRunnerWorker.runSuite(SuiteRunnerWorker.java:53)
at org.testng.SuiteRunnerWorker.run(SuiteRunnerWorker.java:96)
at org.testng.TestNG.runSuitesSequentially(TestNG.java:1212)
at org.testng.TestNG.runSuitesLocally(TestNG.java:1134)
at org.testng.TestNG.runSuites(TestNG.java:1063)
at org.testng.TestNG.run(TestNG.java:1031)
at org.testng.remote.AbstractRemoteTestNG.run(AbstractRemoteTestNG.java:115)
at org.testng.remote.RemoteTestNG.initAndRun(RemoteTestNG.java:293)
at org.testng.remote.RemoteTestNG.main(RemoteTestNG.java:91)
]]>
    </failure>
  </testcase> <!-- Compare_KARA_Closed_Of_ZONE_Region_Wise_from_Day_Wise -->
  <system-out/>
  <testcase classname="pSF_REPORTS.Complaint_report" name="Compare_KARA_Closed_Of_ZONE_Region_Wise_from_Service_Type_Wise" time="1.006"/>
  <system-out/>
  <testcase classname="pSF_REPORTS.Complaint_report" name="Compare_CCE_OPEN_2_Of_ZONE_Region_Wise_from_Dealer_parent_Group_Wise" time="1.015"/>
  <system-out/>
  <testcase classname="pSF_REPORTS.Complaint_report" name="Compare_CCE_OPEN_2_Of_ZONE_Region_Wise_from_workshop__Wise" time="1.019"/>
  <system-out/>
  <testcase classname="pSF_REPORTS.Complaint_report" name="Compare_CCE_OPEN_2_Of_ZONE_Region_Wise_from_Day_Wise" time="1.018">
    <failure message="expected [140] but found [139]" type="java.lang.AssertionError">
      <![CDATA[java.lang.AssertionError: expected [140] but found [139]
at org.testng.Assert.fail(Assert.java:99)
at org.testng.Assert.failNotEquals(Assert.java:1037)
at org.testng.Assert.assertEqualsImpl(Assert.java:140)
at org.testng.Assert.assertEquals(Assert.java:122)
at org.testng.Assert.assertEquals(Assert.java:629)
at org.testng.Assert.assertEquals(Assert.java:639)
at pSF_REPORTS.Complaint_report.Compare_CCE_OPEN_2_Of_ZONE_Region_Wise_from_Day_Wise(Complaint_report.java:1106)
at java.base/jdk.internal.reflect.DirectMethodHandleAccessor.invoke(DirectMethodHandleAccessor.java:103)
at java.base/java.lang.reflect.Method.invoke(Method.java:580)
at org.testng.internal.MethodInvocationHelper.invokeMethod(MethodInvocationHelper.java:133)
at org.testng.internal.TestInvoker.invokeMethod(TestInvoker.java:598)
at org.testng.internal.TestInvoker.invokeTestMethod(TestInvoker.java:173)
at org.testng.internal.MethodRunner.runInSequence(MethodRunner.java:46)
at org.testng.internal.TestInvoker$MethodInvocationAgent.invoke(TestInvoker.java:824)
at org.testng.internal.TestInvoker.invokeTestMethods(TestInvoker.java:146)
at org.testng.internal.TestMethodWorker.invokeTestMethods(TestMethodWorker.java:146)
at org.testng.internal.TestMethodWorker.run(TestMethodWorker.java:128)
at java.base/java.util.ArrayList.forEach(ArrayList.java:1597)
at org.testng.TestRunner.privateRun(TestRunner.java:794)
at org.testng.TestRunner.run(TestRunner.java:596)
at org.testng.SuiteRunner.runTest(SuiteRunner.java:377)
at org.testng.SuiteRunner.runSequentially(SuiteRunner.java:371)
at org.testng.SuiteRunner.privateRun(SuiteRunner.java:332)
at org.testng.SuiteRunner.run(SuiteRunner.java:276)
at org.testng.SuiteRunnerWorker.runSuite(SuiteRunnerWorker.java:53)
at org.testng.SuiteRunnerWorker.run(SuiteRunnerWorker.java:96)
at org.testng.TestNG.runSuitesSequentially(TestNG.java:1212)
at org.testng.TestNG.runSuitesLocally(TestNG.java:1134)
at org.testng.TestNG.runSuites(TestNG.java:1063)
at org.testng.TestNG.run(TestNG.java:1031)
at org.testng.remote.AbstractRemoteTestNG.run(AbstractRemoteTestNG.java:115)
at org.testng.remote.RemoteTestNG.initAndRun(RemoteTestNG.java:293)
at org.testng.remote.RemoteTestNG.main(RemoteTestNG.java:91)
]]>
    </failure>
  </testcase> <!-- Compare_CCE_OPEN_2_Of_ZONE_Region_Wise_from_Day_Wise -->
  <system-out/>
  <testcase classname="pSF_REPORTS.Complaint_report" name="Compare_CCE_OPEN_2_Of_ZONE_Region_Wise_from_Service_Type_Wise" time="1.019">
    <failure message="expected [140] but found [139]" type="java.lang.AssertionError">
      <![CDATA[java.lang.AssertionError: expected [140] but found [139]
at org.testng.Assert.fail(Assert.java:99)
at org.testng.Assert.failNotEquals(Assert.java:1037)
at org.testng.Assert.assertEqualsImpl(Assert.java:140)
at org.testng.Assert.assertEquals(Assert.java:122)
at org.testng.Assert.assertEquals(Assert.java:629)
at org.testng.Assert.assertEquals(Assert.java:639)
at pSF_REPORTS.Complaint_report.Compare_CCE_OPEN_2_Of_ZONE_Region_Wise_from_Service_Type_Wise(Complaint_report.java:1112)
at java.base/jdk.internal.reflect.DirectMethodHandleAccessor.invoke(DirectMethodHandleAccessor.java:103)
at java.base/java.lang.reflect.Method.invoke(Method.java:580)
at org.testng.internal.MethodInvocationHelper.invokeMethod(MethodInvocationHelper.java:133)
at org.testng.internal.TestInvoker.invokeMethod(TestInvoker.java:598)
at org.testng.internal.TestInvoker.invokeTestMethod(TestInvoker.java:173)
at org.testng.internal.MethodRunner.runInSequence(MethodRunner.java:46)
at org.testng.internal.TestInvoker$MethodInvocationAgent.invoke(TestInvoker.java:824)
at org.testng.internal.TestInvoker.invokeTestMethods(TestInvoker.java:146)
at org.testng.internal.TestMethodWorker.invokeTestMethods(TestMethodWorker.java:146)
at org.testng.internal.TestMethodWorker.run(TestMethodWorker.java:128)
at java.base/java.util.ArrayList.forEach(ArrayList.java:1597)
at org.testng.TestRunner.privateRun(TestRunner.java:794)
at org.testng.TestRunner.run(TestRunner.java:596)
at org.testng.SuiteRunner.runTest(SuiteRunner.java:377)
at org.testng.SuiteRunner.runSequentially(SuiteRunner.java:371)
at org.testng.SuiteRunner.privateRun(SuiteRunner.java:332)
at org.testng.SuiteRunner.run(SuiteRunner.java:276)
at org.testng.SuiteRunnerWorker.runSuite(SuiteRunnerWorker.java:53)
at org.testng.SuiteRunnerWorker.run(SuiteRunnerWorker.java:96)
at org.testng.TestNG.runSuitesSequentially(TestNG.java:1212)
at org.testng.TestNG.runSuitesLocally(TestNG.java:1134)
at org.testng.TestNG.runSuites(TestNG.java:1063)
at org.testng.TestNG.run(TestNG.java:1031)
at org.testng.remote.AbstractRemoteTestNG.run(AbstractRemoteTestNG.java:115)
at org.testng.remote.RemoteTestNG.initAndRun(RemoteTestNG.java:293)
at org.testng.remote.RemoteTestNG.main(RemoteTestNG.java:91)
]]>
    </failure>
  </testcase> <!-- Compare_CCE_OPEN_2_Of_ZONE_Region_Wise_from_Service_Type_Wise -->
  <system-out/>
  <testcase classname="pSF_REPORTS.Complaint_report" name="Compare_CCE_In_progress_2_done_Of_ZONE_Region_Wise_from_Dealer_parent_Group_Wise" time="1.007"/>
  <system-out/>
  <testcase classname="pSF_REPORTS.Complaint_report" name="Compare_CCE_In_progress_2_done_Of_ZONE_Region_Wise_from_workshop__Wise" time="1.006"/>
  <system-out/>
  <testcase classname="pSF_REPORTS.Complaint_report" name="Compare_CCE_In_progress_2_done_Of_ZONE_Region_Wise_from_Day_Wise" time="1.008"/>
  <system-out/>
  <testcase classname="pSF_REPORTS.Complaint_report" name="Compare_CCE_In_progress_2_done_Of_ZONE_Region_Wise_from_Service_Type_Wise" time="1.009"/>
  <system-out/>
  <testcase classname="pSF_REPORTS.Complaint_report" name="Compare_CCE_Resloved_2_Of_ZONE_Region_Wise_from_Dealer_parent_Group_Wise" time="1.009"/>
  <system-out/>
  <testcase classname="pSF_REPORTS.Complaint_report" name="Compare_CCE_Resloved_2_Of_ZONE_Region_Wise_from_workshop__Wise" time="1.013"/>
  <system-out/>
  <testcase classname="pSF_REPORTS.Complaint_report" name="Compare_CCE_Resloved_2_Of_ZONE_Region_Wise_from_Day_Wise" time="1.006"/>
  <system-out/>
  <testcase classname="pSF_REPORTS.Complaint_report" name="Compare_CCE_Resloved_2_Of_ZONE_Region_Wise_from_Service_Type_Wise" time="1.013"/>
  <system-out/>
  <testcase classname="pSF_REPORTS.Complaint_report" name="Compare_CCE_Closed_2_Of_ZONE_Region_Wise_from_Dealer_parent_Group_Wise" time="1.018"/>
  <system-out/>
  <testcase classname="pSF_REPORTS.Complaint_report" name="Compare_CCE_Closed_2_Of_ZONE_Region_Wise_from_workshop__Wise" time="1.006"/>
  <system-out/>
  <testcase classname="pSF_REPORTS.Complaint_report" name="Compare_CCE_Closed_2_Of_ZONE_Region_Wise_from_Day_Wise" time="1.009"/>
  <system-out/>
  <testcase classname="pSF_REPORTS.Complaint_report" name="Compare_CCE_Closed_2_Of_ZONE_Region_Wise_from_Service_Type_Wise" time="1.012"/>
  <system-out/>
  <testcase classname="pSF_REPORTS.Complaint_report" name="Compare_AMIE_OPEN_3_Of_ZONE_Region_Wise_from_Dealer_parent_Group_Wise" time="1.004"/>
  <system-out/>
  <testcase classname="pSF_REPORTS.Complaint_report" name="Compare_AMIE_OPEN_3_Of_ZONE_Region_Wise_from_workshop__Wise" time="1.007"/>
  <system-out/>
  <testcase classname="pSF_REPORTS.Complaint_report" name="Compare_AMIE_OPEN_3_Of_ZONE_Region_Wise_from_Day_Wise" time="1.006"/>
  <system-out/>
  <testcase classname="pSF_REPORTS.Complaint_report" name="Compare_AMIE_OPEN_3_Of_ZONE_Region_Wise_from_Service_Type_Wise" time="1.016"/>
  <system-out/>
  <testcase classname="pSF_REPORTS.Complaint_report" name="Compare_AMIE_In_progress_3_Of_ZONE_Region_Wise_from_Dealer_parent_Group_Wise" time="1.005"/>
  <system-out/>
  <testcase classname="pSF_REPORTS.Complaint_report" name="Compare_AMIE_In_progress_3_Of_ZONE_Region_Wise_from_workshop__Wise" time="1.012"/>
  <system-out/>
  <testcase classname="pSF_REPORTS.Complaint_report" name="Compare_AMIE_In_progress_3_Of_ZONE_Region_Wise_from_Day_Wise" time="1.009"/>
  <system-out/>
  <testcase classname="pSF_REPORTS.Complaint_report" name="Compare_AMIE_In_progress_3_Of_ZONE_Region_Wise_from_Service_Type_Wise" time="1.012"/>
  <system-out/>
  <testcase classname="pSF_REPORTS.Complaint_report" name="Compare_AMIE_Resolved_3_Of_ZONE_Region_Wise_from_Dealer_parent_Group_Wise" time="1.010"/>
  <system-out/>
  <testcase classname="pSF_REPORTS.Complaint_report" name="Compare_AMIE_Resolved_3_Of_ZONE_Region_Wise_from_workshop__Wise" time="1.008"/>
  <system-out/>
  <testcase classname="pSF_REPORTS.Complaint_report" name="Compare_AMIE_Resolved_3_Of_ZONE_Region_Wise_from_Day_Wise" time="1.015"/>
  <system-out/>
  <testcase classname="pSF_REPORTS.Complaint_report" name="Compare_AMIE_Resolved_3_Of_ZONE_Region_Wise_from_Service_Type_Wise" time="1.011"/>
  <system-out/>
  <testcase classname="pSF_REPORTS.Complaint_report" name="Compare_AMIE_Closed_3_Of_ZONE_Region_Wise_from_Dealer_parent_Group_Wise" time="1.015"/>
  <system-out/>
  <testcase classname="pSF_REPORTS.Complaint_report" name="Compare_AMIE_Closed_3_Of_ZONE_Region_Wise_from_workshop__Wise" time="1.006"/>
  <system-out/>
  <testcase classname="pSF_REPORTS.Complaint_report" name="Compare_AMIE_Closed_3_Of_ZONE_Region_Wise_from_Day_Wise" time="1.010"/>
  <system-out/>
  <testcase classname="pSF_REPORTS.Complaint_report" name="Compare_AMIE_Closed_3_Of_ZONE_Region_Wise_from_Service_Type_Wise" time="1.012"/>
  <system-out/>
</testsuite> <!-- pSF_REPORTS.Complaint_report -->
