<?xml version="1.0" encoding="UTF-8"?>
<!-- Generated by org.testng.reporters.JUnitReportReporter -->
<testsuite hostname="DESKTOP-7SBKKJ1" failures="14" tests="111" name="SMR.SmartEyeOverAllPerformance" time="219.707" errors="0" timestamp="2024-08-30T15:48:23 IST" skipped="0">
  <testcase classname="SMR.SmartEyeOverAllPerformance" name="Username" time="2.161"/>
  <system-out/>
  <testcase classname="SMR.SmartEyeOverAllPerformance" name="Password" time="2.161"/>
  <system-out/>
  <testcase classname="SMR.SmartEyeOverAllPerformance" name="Login_Button" time="20.097"/>
  <system-out/>
  <testcase classname="SMR.SmartEyeOverAllPerformance" name="SUBMIT_Button" time="5.140"/>
  <system-out/>
  <testcase classname="SMR.SmartEyeOverAllPerformance" name="Click_On_Report" time="7.053"/>
  <system-out/>
  <testcase classname="SMR.SmartEyeOverAllPerformance" name="Click_On_SmartEyeOverAllPerformance_REPORT" time="7.178"/>
  <system-out/>
  <testcase classname="SMR.SmartEyeOverAllPerformance" name="Zone_And_Region_Wise_Tab" time="38.401"/>
  <system-out/>
  <testcase classname="SMR.SmartEyeOverAllPerformance" name="Dealer_Parent_Group_Wise_Tab" time="34.799"/>
  <system-out/>
  <testcase classname="SMR.SmartEyeOverAllPerformance" name="Workshop_Wise_Tab" time="34.791"/>
  <system-out/>
  <testcase classname="SMR.SmartEyeOverAllPerformance" name="Day_Wise_Tab" time="32.908"/>
  <system-out/>
  <testcase classname="SMR.SmartEyeOverAllPerformance" name="Service_Type_Wise_Tab" time="34.863"/>
  <system-out/>
  <testcase classname="SMR.SmartEyeOverAllPerformance" name="Compare_TotalJCOpen_A_Column_ZoneRegionWise_With_DealerParentWise" time="0.007"/>
  <system-out/>
  <testcase classname="SMR.SmartEyeOverAllPerformance" name="Compare_JCOpenUsingSmartEye_B_Column_ZoneRegionWise_With_DealerParentWise" time="0.000"/>
  <system-out/>
  <testcase classname="SMR.SmartEyeOverAllPerformance" name="Compare_VehicleConvertedInBodyShop_OwnWorkshop_C_Column_ZoneRegionWise_With_DealerParentWise" time="0.000"/>
  <system-out/>
  <testcase classname="SMR.SmartEyeOverAllPerformance" name="Compare_VehicleConvertedInBodyShop_RegionParent_D_Column_ZoneRegionWise_With_DealerParentWise" time="0.008"/>
  <system-out/>
  <testcase classname="SMR.SmartEyeOverAllPerformance" name="Compare_VehicleConvertedInBodyShop_E_Column_ZoneRegionWise_With_DealerParentWise" time="0.000"/>
  <system-out/>
  <testcase classname="SMR.SmartEyeOverAllPerformance" name="Compare_Percent_JCOpen_UsingSmartEye_Column_ZoneRegionWise_With_DealerParentWise" time="0.000">
    <failure message="expected [13.77%] but found [13.77 %]" type="java.lang.AssertionError">
      <![CDATA[java.lang.AssertionError: expected [13.77%] but found [13.77 %]
at org.testng.Assert.fail(Assert.java:99)
at org.testng.Assert.failNotEquals(Assert.java:1037)
at org.testng.Assert.assertEqualsImpl(Assert.java:140)
at org.testng.Assert.assertEquals(Assert.java:122)
at org.testng.Assert.assertEquals(Assert.java:629)
at org.testng.Assert.assertEquals(Assert.java:639)
at SMR.SmartEyeOverAllPerformance.Compare_Percent_JCOpen_UsingSmartEye_Column_ZoneRegionWise_With_DealerParentWise(SmartEyeOverAllPerformance.java:523)
at java.base/jdk.internal.reflect.DirectMethodHandleAccessor.invoke(DirectMethodHandleAccessor.java:103)
at java.base/java.lang.reflect.Method.invoke(Method.java:580)
at org.testng.internal.MethodInvocationHelper.invokeMethod(MethodInvocationHelper.java:133)
at org.testng.internal.TestInvoker.invokeMethod(TestInvoker.java:598)
at org.testng.internal.TestInvoker.invokeTestMethod(TestInvoker.java:173)
at org.testng.internal.MethodRunner.runInSequence(MethodRunner.java:46)
at org.testng.internal.TestInvoker$MethodInvocationAgent.invoke(TestInvoker.java:824)
at org.testng.internal.TestInvoker.invokeTestMethods(TestInvoker.java:146)
at org.testng.internal.TestMethodWorker.invokeTestMethods(TestMethodWorker.java:146)
at org.testng.internal.TestMethodWorker.run(TestMethodWorker.java:128)
at java.base/java.util.ArrayList.forEach(ArrayList.java:1597)
at org.testng.TestRunner.privateRun(TestRunner.java:794)
at org.testng.TestRunner.run(TestRunner.java:596)
at org.testng.SuiteRunner.runTest(SuiteRunner.java:377)
at org.testng.SuiteRunner.runSequentially(SuiteRunner.java:371)
at org.testng.SuiteRunner.privateRun(SuiteRunner.java:332)
at org.testng.SuiteRunner.run(SuiteRunner.java:276)
at org.testng.SuiteRunnerWorker.runSuite(SuiteRunnerWorker.java:53)
at org.testng.SuiteRunnerWorker.run(SuiteRunnerWorker.java:96)
at org.testng.TestNG.runSuitesSequentially(TestNG.java:1212)
at org.testng.TestNG.runSuitesLocally(TestNG.java:1134)
at org.testng.TestNG.runSuites(TestNG.java:1063)
at org.testng.TestNG.run(TestNG.java:1031)
at org.testng.remote.AbstractRemoteTestNG.run(AbstractRemoteTestNG.java:115)
at org.testng.remote.RemoteTestNG.initAndRun(RemoteTestNG.java:293)
at org.testng.remote.RemoteTestNG.main(RemoteTestNG.java:91)
]]>
    </failure>
  </testcase> <!-- Compare_Percent_JCOpen_UsingSmartEye_Column_ZoneRegionWise_With_DealerParentWise -->
  <system-out/>
  <testcase classname="SMR.SmartEyeOverAllPerformance" name="Compare_PercentConverted_Vs_Total_JCOpen_Column_ZoneRegionWise_With_DealerParentWise" time="0.003"/>
  <system-out/>
  <testcase classname="SMR.SmartEyeOverAllPerformance" name="Compare_Percent_Converted_Vs_OpenedUsing_SmartEye_Column_ZoneRegionWise_With_DealerParentWise" time="0.004"/>
  <system-out/>
  <testcase classname="SMR.SmartEyeOverAllPerformance" name="Compare_Revenue_Earned_Column_ZoneRegionWise_With_DealerParentWise" time="0.005">
    <failure message="expected [6236399
4062986] but found [6236384
4062966]" type="java.lang.AssertionError">
      <![CDATA[java.lang.AssertionError: expected [6236399
4062986] but found [6236384
4062966]
at org.testng.Assert.fail(Assert.java:99)
at org.testng.Assert.failNotEquals(Assert.java:1037)
at org.testng.Assert.assertEqualsImpl(Assert.java:140)
at org.testng.Assert.assertEquals(Assert.java:122)
at org.testng.Assert.assertEquals(Assert.java:629)
at org.testng.Assert.assertEquals(Assert.java:639)
at SMR.SmartEyeOverAllPerformance.Compare_Revenue_Earned_Column_ZoneRegionWise_With_DealerParentWise(SmartEyeOverAllPerformance.java:541)
at java.base/jdk.internal.reflect.DirectMethodHandleAccessor.invoke(DirectMethodHandleAccessor.java:103)
at java.base/java.lang.reflect.Method.invoke(Method.java:580)
at org.testng.internal.MethodInvocationHelper.invokeMethod(MethodInvocationHelper.java:133)
at org.testng.internal.TestInvoker.invokeMethod(TestInvoker.java:598)
at org.testng.internal.TestInvoker.invokeTestMethod(TestInvoker.java:173)
at org.testng.internal.MethodRunner.runInSequence(MethodRunner.java:46)
at org.testng.internal.TestInvoker$MethodInvocationAgent.invoke(TestInvoker.java:824)
at org.testng.internal.TestInvoker.invokeTestMethods(TestInvoker.java:146)
at org.testng.internal.TestMethodWorker.invokeTestMethods(TestMethodWorker.java:146)
at org.testng.internal.TestMethodWorker.run(TestMethodWorker.java:128)
at java.base/java.util.ArrayList.forEach(ArrayList.java:1597)
at org.testng.TestRunner.privateRun(TestRunner.java:794)
at org.testng.TestRunner.run(TestRunner.java:596)
at org.testng.SuiteRunner.runTest(SuiteRunner.java:377)
at org.testng.SuiteRunner.runSequentially(SuiteRunner.java:371)
at org.testng.SuiteRunner.privateRun(SuiteRunner.java:332)
at org.testng.SuiteRunner.run(SuiteRunner.java:276)
at org.testng.SuiteRunnerWorker.runSuite(SuiteRunnerWorker.java:53)
at org.testng.SuiteRunnerWorker.run(SuiteRunnerWorker.java:96)
at org.testng.TestNG.runSuitesSequentially(TestNG.java:1212)
at org.testng.TestNG.runSuitesLocally(TestNG.java:1134)
at org.testng.TestNG.runSuites(TestNG.java:1063)
at org.testng.TestNG.run(TestNG.java:1031)
at org.testng.remote.AbstractRemoteTestNG.run(AbstractRemoteTestNG.java:115)
at org.testng.remote.RemoteTestNG.initAndRun(RemoteTestNG.java:293)
at org.testng.remote.RemoteTestNG.main(RemoteTestNG.java:91)
]]>
    </failure>
  </testcase> <!-- Compare_Revenue_Earned_Column_ZoneRegionWise_With_DealerParentWise -->
  <system-out/>
  <testcase classname="SMR.SmartEyeOverAllPerformance" name="Compare_Converted_At_OtherDealer_F_Column_ZoneRegionWise_With_DealerParentWise" time="0.006"/>
  <system-out/>
  <testcase classname="SMR.SmartEyeOverAllPerformance" name="Compare_TotalJCOpen_A_Column_ZoneRegionWise_With_WorkshopWise" time="0.000"/>
  <system-out/>
  <testcase classname="SMR.SmartEyeOverAllPerformance" name="Compare_JCOpenUsing_SmartEye_B_Column_ZoneRegionWise_With_WorkshopWise" time="0.004"/>
  <system-out/>
  <testcase classname="SMR.SmartEyeOverAllPerformance" name="Compare_VehicleConvertedInBodyShop_OwnWorkshop_C_Column_ZoneRegionWise_With_WorkshopWise" time="0.002"/>
  <system-out/>
  <testcase classname="SMR.SmartEyeOverAllPerformance" name="Compare_VehicleConvertedInBodyShop_RegionParent_D_Column_ZoneRegionWise_With_WorkshopWise" time="0.004"/>
  <system-out/>
  <testcase classname="SMR.SmartEyeOverAllPerformance" name="Compare_VehicleConvertedInBodyShop_E_Column_ZoneRegionWise_With_WorkshopWise" time="0.000"/>
  <system-out/>
  <testcase classname="SMR.SmartEyeOverAllPerformance" name="Compare_Percent_JCOpen_UsingSmartEye_Column_ZoneRegionWise_With_WorkshopWise" time="0.000">
    <failure message="expected [13.77%] but found [13.77 %]" type="java.lang.AssertionError">
      <![CDATA[java.lang.AssertionError: expected [13.77%] but found [13.77 %]
at org.testng.Assert.fail(Assert.java:99)
at org.testng.Assert.failNotEquals(Assert.java:1037)
at org.testng.Assert.assertEqualsImpl(Assert.java:140)
at org.testng.Assert.assertEquals(Assert.java:122)
at org.testng.Assert.assertEquals(Assert.java:629)
at org.testng.Assert.assertEquals(Assert.java:639)
at SMR.SmartEyeOverAllPerformance.Compare_Percent_JCOpen_UsingSmartEye_Column_ZoneRegionWise_With_WorkshopWise(SmartEyeOverAllPerformance.java:583)
at java.base/jdk.internal.reflect.DirectMethodHandleAccessor.invoke(DirectMethodHandleAccessor.java:103)
at java.base/java.lang.reflect.Method.invoke(Method.java:580)
at org.testng.internal.MethodInvocationHelper.invokeMethod(MethodInvocationHelper.java:133)
at org.testng.internal.TestInvoker.invokeMethod(TestInvoker.java:598)
at org.testng.internal.TestInvoker.invokeTestMethod(TestInvoker.java:173)
at org.testng.internal.MethodRunner.runInSequence(MethodRunner.java:46)
at org.testng.internal.TestInvoker$MethodInvocationAgent.invoke(TestInvoker.java:824)
at org.testng.internal.TestInvoker.invokeTestMethods(TestInvoker.java:146)
at org.testng.internal.TestMethodWorker.invokeTestMethods(TestMethodWorker.java:146)
at org.testng.internal.TestMethodWorker.run(TestMethodWorker.java:128)
at java.base/java.util.ArrayList.forEach(ArrayList.java:1597)
at org.testng.TestRunner.privateRun(TestRunner.java:794)
at org.testng.TestRunner.run(TestRunner.java:596)
at org.testng.SuiteRunner.runTest(SuiteRunner.java:377)
at org.testng.SuiteRunner.runSequentially(SuiteRunner.java:371)
at org.testng.SuiteRunner.privateRun(SuiteRunner.java:332)
at org.testng.SuiteRunner.run(SuiteRunner.java:276)
at org.testng.SuiteRunnerWorker.runSuite(SuiteRunnerWorker.java:53)
at org.testng.SuiteRunnerWorker.run(SuiteRunnerWorker.java:96)
at org.testng.TestNG.runSuitesSequentially(TestNG.java:1212)
at org.testng.TestNG.runSuitesLocally(TestNG.java:1134)
at org.testng.TestNG.runSuites(TestNG.java:1063)
at org.testng.TestNG.run(TestNG.java:1031)
at org.testng.remote.AbstractRemoteTestNG.run(AbstractRemoteTestNG.java:115)
at org.testng.remote.RemoteTestNG.initAndRun(RemoteTestNG.java:293)
at org.testng.remote.RemoteTestNG.main(RemoteTestNG.java:91)
]]>
    </failure>
  </testcase> <!-- Compare_Percent_JCOpen_UsingSmartEye_Column_ZoneRegionWise_With_WorkshopWise -->
  <system-out/>
  <testcase classname="SMR.SmartEyeOverAllPerformance" name="Compare_Percent_Converted_Vs_TotalJCOpen_Column_ZoneRegionWise_With_WorkshopWise" time="0.000"/>
  <system-out/>
  <testcase classname="SMR.SmartEyeOverAllPerformance" name="Compare_Percent_Converted_Vs_OpenedUsing_SmartEye_Column_ZoneRegionWise_With_WorkshopWise" time="0.000"/>
  <system-out/>
  <testcase classname="SMR.SmartEyeOverAllPerformance" name="Compare_Revenue_Earned_Column_ZoneRegionWise_With_WorkshopWise" time="0.003">
    <failure message="expected [6236399
4062986] but found [6236365
4062936]" type="java.lang.AssertionError">
      <![CDATA[java.lang.AssertionError: expected [6236399
4062986] but found [6236365
4062936]
at org.testng.Assert.fail(Assert.java:99)
at org.testng.Assert.failNotEquals(Assert.java:1037)
at org.testng.Assert.assertEqualsImpl(Assert.java:140)
at org.testng.Assert.assertEquals(Assert.java:122)
at org.testng.Assert.assertEquals(Assert.java:629)
at org.testng.Assert.assertEquals(Assert.java:639)
at SMR.SmartEyeOverAllPerformance.Compare_Revenue_Earned_Column_ZoneRegionWise_With_WorkshopWise(SmartEyeOverAllPerformance.java:601)
at java.base/jdk.internal.reflect.DirectMethodHandleAccessor.invoke(DirectMethodHandleAccessor.java:103)
at java.base/java.lang.reflect.Method.invoke(Method.java:580)
at org.testng.internal.MethodInvocationHelper.invokeMethod(MethodInvocationHelper.java:133)
at org.testng.internal.TestInvoker.invokeMethod(TestInvoker.java:598)
at org.testng.internal.TestInvoker.invokeTestMethod(TestInvoker.java:173)
at org.testng.internal.MethodRunner.runInSequence(MethodRunner.java:46)
at org.testng.internal.TestInvoker$MethodInvocationAgent.invoke(TestInvoker.java:824)
at org.testng.internal.TestInvoker.invokeTestMethods(TestInvoker.java:146)
at org.testng.internal.TestMethodWorker.invokeTestMethods(TestMethodWorker.java:146)
at org.testng.internal.TestMethodWorker.run(TestMethodWorker.java:128)
at java.base/java.util.ArrayList.forEach(ArrayList.java:1597)
at org.testng.TestRunner.privateRun(TestRunner.java:794)
at org.testng.TestRunner.run(TestRunner.java:596)
at org.testng.SuiteRunner.runTest(SuiteRunner.java:377)
at org.testng.SuiteRunner.runSequentially(SuiteRunner.java:371)
at org.testng.SuiteRunner.privateRun(SuiteRunner.java:332)
at org.testng.SuiteRunner.run(SuiteRunner.java:276)
at org.testng.SuiteRunnerWorker.runSuite(SuiteRunnerWorker.java:53)
at org.testng.SuiteRunnerWorker.run(SuiteRunnerWorker.java:96)
at org.testng.TestNG.runSuitesSequentially(TestNG.java:1212)
at org.testng.TestNG.runSuitesLocally(TestNG.java:1134)
at org.testng.TestNG.runSuites(TestNG.java:1063)
at org.testng.TestNG.run(TestNG.java:1031)
at org.testng.remote.AbstractRemoteTestNG.run(AbstractRemoteTestNG.java:115)
at org.testng.remote.RemoteTestNG.initAndRun(RemoteTestNG.java:293)
at org.testng.remote.RemoteTestNG.main(RemoteTestNG.java:91)
]]>
    </failure>
  </testcase> <!-- Compare_Revenue_Earned_Column_ZoneRegionWise_With_WorkshopWise -->
  <system-out/>
  <testcase classname="SMR.SmartEyeOverAllPerformance" name="Compare_ConvertedAt_OtherDealer_F_Column_ZoneRegionWise_With_WorkshopWise" time="0.000"/>
  <system-out/>
  <testcase classname="SMR.SmartEyeOverAllPerformance" name="Compare_TotalJCOpen_A_Column_ZoneRegionWise_With_DayWise" time="0.000"/>
  <system-out/>
  <testcase classname="SMR.SmartEyeOverAllPerformance" name="Compare_JCOpenUsing_SmartEye_B_Column_ZoneRegionWise_With_DayWise" time="0.000"/>
  <system-out/>
  <testcase classname="SMR.SmartEyeOverAllPerformance" name="Compare_VehicleConvertedInBodyShop_OwnWorkshop_C_Column_ZoneRegionWise_With_DayWise" time="0.000"/>
  <system-out/>
  <testcase classname="SMR.SmartEyeOverAllPerformance" name="Compare_VehicleConvertedInBodyShop_RegionParent_D_Column_ZoneRegionWise_With_DayWise" time="0.000"/>
  <system-out/>
  <testcase classname="SMR.SmartEyeOverAllPerformance" name="Compare_VehicleConvertedInBodyShop_E_Column_ZoneRegionWise_With_DayWise" time="0.000"/>
  <system-out/>
  <testcase classname="SMR.SmartEyeOverAllPerformance" name="Compare_Percent_JCOpen_UsingSmartEye_Column_ZoneRegionWise_With_DayWise" time="0.000">
    <failure message="expected [13.77%] but found [13.77 %]" type="java.lang.AssertionError">
      <![CDATA[java.lang.AssertionError: expected [13.77%] but found [13.77 %]
at org.testng.Assert.fail(Assert.java:99)
at org.testng.Assert.failNotEquals(Assert.java:1037)
at org.testng.Assert.assertEqualsImpl(Assert.java:140)
at org.testng.Assert.assertEquals(Assert.java:122)
at org.testng.Assert.assertEquals(Assert.java:629)
at org.testng.Assert.assertEquals(Assert.java:639)
at SMR.SmartEyeOverAllPerformance.Compare_Percent_JCOpen_UsingSmartEye_Column_ZoneRegionWise_With_DayWise(SmartEyeOverAllPerformance.java:643)
at java.base/jdk.internal.reflect.DirectMethodHandleAccessor.invoke(DirectMethodHandleAccessor.java:103)
at java.base/java.lang.reflect.Method.invoke(Method.java:580)
at org.testng.internal.MethodInvocationHelper.invokeMethod(MethodInvocationHelper.java:133)
at org.testng.internal.TestInvoker.invokeMethod(TestInvoker.java:598)
at org.testng.internal.TestInvoker.invokeTestMethod(TestInvoker.java:173)
at org.testng.internal.MethodRunner.runInSequence(MethodRunner.java:46)
at org.testng.internal.TestInvoker$MethodInvocationAgent.invoke(TestInvoker.java:824)
at org.testng.internal.TestInvoker.invokeTestMethods(TestInvoker.java:146)
at org.testng.internal.TestMethodWorker.invokeTestMethods(TestMethodWorker.java:146)
at org.testng.internal.TestMethodWorker.run(TestMethodWorker.java:128)
at java.base/java.util.ArrayList.forEach(ArrayList.java:1597)
at org.testng.TestRunner.privateRun(TestRunner.java:794)
at org.testng.TestRunner.run(TestRunner.java:596)
at org.testng.SuiteRunner.runTest(SuiteRunner.java:377)
at org.testng.SuiteRunner.runSequentially(SuiteRunner.java:371)
at org.testng.SuiteRunner.privateRun(SuiteRunner.java:332)
at org.testng.SuiteRunner.run(SuiteRunner.java:276)
at org.testng.SuiteRunnerWorker.runSuite(SuiteRunnerWorker.java:53)
at org.testng.SuiteRunnerWorker.run(SuiteRunnerWorker.java:96)
at org.testng.TestNG.runSuitesSequentially(TestNG.java:1212)
at org.testng.TestNG.runSuitesLocally(TestNG.java:1134)
at org.testng.TestNG.runSuites(TestNG.java:1063)
at org.testng.TestNG.run(TestNG.java:1031)
at org.testng.remote.AbstractRemoteTestNG.run(AbstractRemoteTestNG.java:115)
at org.testng.remote.RemoteTestNG.initAndRun(RemoteTestNG.java:293)
at org.testng.remote.RemoteTestNG.main(RemoteTestNG.java:91)
]]>
    </failure>
  </testcase> <!-- Compare_Percent_JCOpen_UsingSmartEye_Column_ZoneRegionWise_With_DayWise -->
  <system-out/>
  <testcase classname="SMR.SmartEyeOverAllPerformance" name="Compare_Percent_Converted_Vs_TotalJCOpen_Column_ZoneRegionWise_With_DayWise" time="0.004"/>
  <system-out/>
  <testcase classname="SMR.SmartEyeOverAllPerformance" name="Compare_Percent_Converted_Vs_OpenedUsing_SmartEye_Column_ZoneRegionWise_With_DayWise" time="0.000"/>
  <system-out/>
  <testcase classname="SMR.SmartEyeOverAllPerformance" name="Compare_Revenue_Earned_Column_ZoneRegionWise_With_DayWise" time="0.000">
    <failure message="expected [6236399
4062986] but found [6236384
4062972]" type="java.lang.AssertionError">
      <![CDATA[java.lang.AssertionError: expected [6236399
4062986] but found [6236384
4062972]
at org.testng.Assert.fail(Assert.java:99)
at org.testng.Assert.failNotEquals(Assert.java:1037)
at org.testng.Assert.assertEqualsImpl(Assert.java:140)
at org.testng.Assert.assertEquals(Assert.java:122)
at org.testng.Assert.assertEquals(Assert.java:629)
at org.testng.Assert.assertEquals(Assert.java:639)
at SMR.SmartEyeOverAllPerformance.Compare_Revenue_Earned_Column_ZoneRegionWise_With_DayWise(SmartEyeOverAllPerformance.java:661)
at java.base/jdk.internal.reflect.DirectMethodHandleAccessor.invoke(DirectMethodHandleAccessor.java:103)
at java.base/java.lang.reflect.Method.invoke(Method.java:580)
at org.testng.internal.MethodInvocationHelper.invokeMethod(MethodInvocationHelper.java:133)
at org.testng.internal.TestInvoker.invokeMethod(TestInvoker.java:598)
at org.testng.internal.TestInvoker.invokeTestMethod(TestInvoker.java:173)
at org.testng.internal.MethodRunner.runInSequence(MethodRunner.java:46)
at org.testng.internal.TestInvoker$MethodInvocationAgent.invoke(TestInvoker.java:824)
at org.testng.internal.TestInvoker.invokeTestMethods(TestInvoker.java:146)
at org.testng.internal.TestMethodWorker.invokeTestMethods(TestMethodWorker.java:146)
at org.testng.internal.TestMethodWorker.run(TestMethodWorker.java:128)
at java.base/java.util.ArrayList.forEach(ArrayList.java:1597)
at org.testng.TestRunner.privateRun(TestRunner.java:794)
at org.testng.TestRunner.run(TestRunner.java:596)
at org.testng.SuiteRunner.runTest(SuiteRunner.java:377)
at org.testng.SuiteRunner.runSequentially(SuiteRunner.java:371)
at org.testng.SuiteRunner.privateRun(SuiteRunner.java:332)
at org.testng.SuiteRunner.run(SuiteRunner.java:276)
at org.testng.SuiteRunnerWorker.runSuite(SuiteRunnerWorker.java:53)
at org.testng.SuiteRunnerWorker.run(SuiteRunnerWorker.java:96)
at org.testng.TestNG.runSuitesSequentially(TestNG.java:1212)
at org.testng.TestNG.runSuitesLocally(TestNG.java:1134)
at org.testng.TestNG.runSuites(TestNG.java:1063)
at org.testng.TestNG.run(TestNG.java:1031)
at org.testng.remote.AbstractRemoteTestNG.run(AbstractRemoteTestNG.java:115)
at org.testng.remote.RemoteTestNG.initAndRun(RemoteTestNG.java:293)
at org.testng.remote.RemoteTestNG.main(RemoteTestNG.java:91)
]]>
    </failure>
  </testcase> <!-- Compare_Revenue_Earned_Column_ZoneRegionWise_With_DayWise -->
  <system-out/>
  <testcase classname="SMR.SmartEyeOverAllPerformance" name="Compare_ConvertedAt_OtherDealer_F_Column_ZoneRegionWise_With_DayWise" time="0.000"/>
  <system-out/>
  <testcase classname="SMR.SmartEyeOverAllPerformance" name="Compare_TotalJCOpen_A_Column_ZoneRegionWise_With_ServiceTypeWise" time="0.002"/>
  <system-out/>
  <testcase classname="SMR.SmartEyeOverAllPerformance" name="Compare_JCOpenUsing_SmartEye_B_Column_ZoneRegionWise_With_ServiceTypeWise" time="0.003"/>
  <system-out/>
  <testcase classname="SMR.SmartEyeOverAllPerformance" name="Compare_VehicleConvertedInBodyShop_OwnWorkshop_C_Column_ZoneRegionWise_With_ServiceTypeWise" time="0.000"/>
  <system-out/>
  <testcase classname="SMR.SmartEyeOverAllPerformance" name="Compare_VehicleConvertedInBodyShop_RegionParent_D_Column_ZoneRegionWise_With_ServiceTypeWise" time="0.000"/>
  <system-out/>
  <testcase classname="SMR.SmartEyeOverAllPerformance" name="Compare_VehicleConvertedInBodyShop_E_Column_ZoneRegionWise_With_ServiceTypeWise" time="0.000"/>
  <system-out/>
  <testcase classname="SMR.SmartEyeOverAllPerformance" name="Compare_Percent_JCOpen_UsingSmartEye_Column_ZoneRegionWise_With_ServiceTypeWise" time="0.000">
    <failure message="expected [13.77%] but found [13.77 %]" type="java.lang.AssertionError">
      <![CDATA[java.lang.AssertionError: expected [13.77%] but found [13.77 %]
at org.testng.Assert.fail(Assert.java:99)
at org.testng.Assert.failNotEquals(Assert.java:1037)
at org.testng.Assert.assertEqualsImpl(Assert.java:140)
at org.testng.Assert.assertEquals(Assert.java:122)
at org.testng.Assert.assertEquals(Assert.java:629)
at org.testng.Assert.assertEquals(Assert.java:639)
at SMR.SmartEyeOverAllPerformance.Compare_Percent_JCOpen_UsingSmartEye_Column_ZoneRegionWise_With_ServiceTypeWise(SmartEyeOverAllPerformance.java:704)
at java.base/jdk.internal.reflect.DirectMethodHandleAccessor.invoke(DirectMethodHandleAccessor.java:103)
at java.base/java.lang.reflect.Method.invoke(Method.java:580)
at org.testng.internal.MethodInvocationHelper.invokeMethod(MethodInvocationHelper.java:133)
at org.testng.internal.TestInvoker.invokeMethod(TestInvoker.java:598)
at org.testng.internal.TestInvoker.invokeTestMethod(TestInvoker.java:173)
at org.testng.internal.MethodRunner.runInSequence(MethodRunner.java:46)
at org.testng.internal.TestInvoker$MethodInvocationAgent.invoke(TestInvoker.java:824)
at org.testng.internal.TestInvoker.invokeTestMethods(TestInvoker.java:146)
at org.testng.internal.TestMethodWorker.invokeTestMethods(TestMethodWorker.java:146)
at org.testng.internal.TestMethodWorker.run(TestMethodWorker.java:128)
at java.base/java.util.ArrayList.forEach(ArrayList.java:1597)
at org.testng.TestRunner.privateRun(TestRunner.java:794)
at org.testng.TestRunner.run(TestRunner.java:596)
at org.testng.SuiteRunner.runTest(SuiteRunner.java:377)
at org.testng.SuiteRunner.runSequentially(SuiteRunner.java:371)
at org.testng.SuiteRunner.privateRun(SuiteRunner.java:332)
at org.testng.SuiteRunner.run(SuiteRunner.java:276)
at org.testng.SuiteRunnerWorker.runSuite(SuiteRunnerWorker.java:53)
at org.testng.SuiteRunnerWorker.run(SuiteRunnerWorker.java:96)
at org.testng.TestNG.runSuitesSequentially(TestNG.java:1212)
at org.testng.TestNG.runSuitesLocally(TestNG.java:1134)
at org.testng.TestNG.runSuites(TestNG.java:1063)
at org.testng.TestNG.run(TestNG.java:1031)
at org.testng.remote.AbstractRemoteTestNG.run(AbstractRemoteTestNG.java:115)
at org.testng.remote.RemoteTestNG.initAndRun(RemoteTestNG.java:293)
at org.testng.remote.RemoteTestNG.main(RemoteTestNG.java:91)
]]>
    </failure>
  </testcase> <!-- Compare_Percent_JCOpen_UsingSmartEye_Column_ZoneRegionWise_With_ServiceTypeWise -->
  <system-out/>
  <testcase classname="SMR.SmartEyeOverAllPerformance" name="Compare_Percent_Converted_Vs_TotalJCOpen_Column_ZoneRegionWise_With_ServiceTypeWise" time="0.000"/>
  <system-out/>
  <testcase classname="SMR.SmartEyeOverAllPerformance" name="Compare_Percent_Converted_Vs_OpenedUsing_SmartEye_Column_ZoneRegionWise_With_ServiceTypeWise" time="0.012"/>
  <system-out/>
  <testcase classname="SMR.SmartEyeOverAllPerformance" name="Compare_Revenue_Earned_Column_ZoneRegionWise_With_ServiceTypeWise" time="0.002">
    <failure message="expected [6236399
4062986] but found [6236397
4062986]" type="java.lang.AssertionError">
      <![CDATA[java.lang.AssertionError: expected [6236399
4062986] but found [6236397
4062986]
at org.testng.Assert.fail(Assert.java:99)
at org.testng.Assert.failNotEquals(Assert.java:1037)
at org.testng.Assert.assertEqualsImpl(Assert.java:140)
at org.testng.Assert.assertEquals(Assert.java:122)
at org.testng.Assert.assertEquals(Assert.java:629)
at org.testng.Assert.assertEquals(Assert.java:639)
at SMR.SmartEyeOverAllPerformance.Compare_Revenue_Earned_Column_ZoneRegionWise_With_ServiceTypeWise(SmartEyeOverAllPerformance.java:722)
at java.base/jdk.internal.reflect.DirectMethodHandleAccessor.invoke(DirectMethodHandleAccessor.java:103)
at java.base/java.lang.reflect.Method.invoke(Method.java:580)
at org.testng.internal.MethodInvocationHelper.invokeMethod(MethodInvocationHelper.java:133)
at org.testng.internal.TestInvoker.invokeMethod(TestInvoker.java:598)
at org.testng.internal.TestInvoker.invokeTestMethod(TestInvoker.java:173)
at org.testng.internal.MethodRunner.runInSequence(MethodRunner.java:46)
at org.testng.internal.TestInvoker$MethodInvocationAgent.invoke(TestInvoker.java:824)
at org.testng.internal.TestInvoker.invokeTestMethods(TestInvoker.java:146)
at org.testng.internal.TestMethodWorker.invokeTestMethods(TestMethodWorker.java:146)
at org.testng.internal.TestMethodWorker.run(TestMethodWorker.java:128)
at java.base/java.util.ArrayList.forEach(ArrayList.java:1597)
at org.testng.TestRunner.privateRun(TestRunner.java:794)
at org.testng.TestRunner.run(TestRunner.java:596)
at org.testng.SuiteRunner.runTest(SuiteRunner.java:377)
at org.testng.SuiteRunner.runSequentially(SuiteRunner.java:371)
at org.testng.SuiteRunner.privateRun(SuiteRunner.java:332)
at org.testng.SuiteRunner.run(SuiteRunner.java:276)
at org.testng.SuiteRunnerWorker.runSuite(SuiteRunnerWorker.java:53)
at org.testng.SuiteRunnerWorker.run(SuiteRunnerWorker.java:96)
at org.testng.TestNG.runSuitesSequentially(TestNG.java:1212)
at org.testng.TestNG.runSuitesLocally(TestNG.java:1134)
at org.testng.TestNG.runSuites(TestNG.java:1063)
at org.testng.TestNG.run(TestNG.java:1031)
at org.testng.remote.AbstractRemoteTestNG.run(AbstractRemoteTestNG.java:115)
at org.testng.remote.RemoteTestNG.initAndRun(RemoteTestNG.java:293)
at org.testng.remote.RemoteTestNG.main(RemoteTestNG.java:91)
]]>
    </failure>
  </testcase> <!-- Compare_Revenue_Earned_Column_ZoneRegionWise_With_ServiceTypeWise -->
  <system-out/>
  <testcase classname="SMR.SmartEyeOverAllPerformance" name="Compare_ConvertedAt_OtherDealer_F_Column_ZoneRegionWise_With_ServiceTypeWise" time="0.005"/>
  <system-out/>
  <testcase classname="SMR.SmartEyeOverAllPerformance" name="Compare_TotalJCOpen_A_Column_DealerParentWise_With_WorkshopWise" time="0.000"/>
  <system-out/>
  <testcase classname="SMR.SmartEyeOverAllPerformance" name="Compare_JCOpenUsing_SmartEye_B_Column_DealerParentWise_With_WorkshopWise" time="0.000"/>
  <system-out/>
  <testcase classname="SMR.SmartEyeOverAllPerformance" name="Compare_VehicleConvertedInBodyShop_OwnWorkshop_C_Column_DealerParentWise_With_WorkshopWise" time="0.008"/>
  <system-out/>
  <testcase classname="SMR.SmartEyeOverAllPerformance" name="Compare_VehicleConvertedInBodyShop_RegionParent_D_Column_DealerParentWise_With_WorkshopWise" time="0.000"/>
  <system-out/>
  <testcase classname="SMR.SmartEyeOverAllPerformance" name="Compare_VehicleConvertedInBodyShop_E_Column_DealerParentWise_With_WorkshopWise" time="0.001"/>
  <system-out/>
  <testcase classname="SMR.SmartEyeOverAllPerformance" name="Compare_Percent_JCOpen_UsingSmartEye_Column_DealerParentWise_With_WorkshopWise" time="0.000"/>
  <system-out/>
  <testcase classname="SMR.SmartEyeOverAllPerformance" name="Compare_Percent_Converted_Vs_TotalJCOpen_Column_DealerParentWise_With_WorkshopWise" time="0.000"/>
  <system-out/>
  <testcase classname="SMR.SmartEyeOverAllPerformance" name="Compare_Percent_Converted_Vs_OpenedUsing_SmartEye_Column_DealerParentWise_With_WorkshopWise" time="0.000"/>
  <system-out/>
  <testcase classname="SMR.SmartEyeOverAllPerformance" name="Compare_Revenue_Earned_Column_DealerParentWise_With_WorkshopWise" time="0.000">
    <failure message="expected [6236384
4062966] but found [6236365
4062936]" type="java.lang.AssertionError">
      <![CDATA[java.lang.AssertionError: expected [6236384
4062966] but found [6236365
4062936]
at org.testng.Assert.fail(Assert.java:99)
at org.testng.Assert.failNotEquals(Assert.java:1037)
at org.testng.Assert.assertEqualsImpl(Assert.java:140)
at org.testng.Assert.assertEquals(Assert.java:122)
at org.testng.Assert.assertEquals(Assert.java:629)
at org.testng.Assert.assertEquals(Assert.java:639)
at SMR.SmartEyeOverAllPerformance.Compare_Revenue_Earned_Column_DealerParentWise_With_WorkshopWise(SmartEyeOverAllPerformance.java:782)
at java.base/jdk.internal.reflect.DirectMethodHandleAccessor.invoke(DirectMethodHandleAccessor.java:103)
at java.base/java.lang.reflect.Method.invoke(Method.java:580)
at org.testng.internal.MethodInvocationHelper.invokeMethod(MethodInvocationHelper.java:133)
at org.testng.internal.TestInvoker.invokeMethod(TestInvoker.java:598)
at org.testng.internal.TestInvoker.invokeTestMethod(TestInvoker.java:173)
at org.testng.internal.MethodRunner.runInSequence(MethodRunner.java:46)
at org.testng.internal.TestInvoker$MethodInvocationAgent.invoke(TestInvoker.java:824)
at org.testng.internal.TestInvoker.invokeTestMethods(TestInvoker.java:146)
at org.testng.internal.TestMethodWorker.invokeTestMethods(TestMethodWorker.java:146)
at org.testng.internal.TestMethodWorker.run(TestMethodWorker.java:128)
at java.base/java.util.ArrayList.forEach(ArrayList.java:1597)
at org.testng.TestRunner.privateRun(TestRunner.java:794)
at org.testng.TestRunner.run(TestRunner.java:596)
at org.testng.SuiteRunner.runTest(SuiteRunner.java:377)
at org.testng.SuiteRunner.runSequentially(SuiteRunner.java:371)
at org.testng.SuiteRunner.privateRun(SuiteRunner.java:332)
at org.testng.SuiteRunner.run(SuiteRunner.java:276)
at org.testng.SuiteRunnerWorker.runSuite(SuiteRunnerWorker.java:53)
at org.testng.SuiteRunnerWorker.run(SuiteRunnerWorker.java:96)
at org.testng.TestNG.runSuitesSequentially(TestNG.java:1212)
at org.testng.TestNG.runSuitesLocally(TestNG.java:1134)
at org.testng.TestNG.runSuites(TestNG.java:1063)
at org.testng.TestNG.run(TestNG.java:1031)
at org.testng.remote.AbstractRemoteTestNG.run(AbstractRemoteTestNG.java:115)
at org.testng.remote.RemoteTestNG.initAndRun(RemoteTestNG.java:293)
at org.testng.remote.RemoteTestNG.main(RemoteTestNG.java:91)
]]>
    </failure>
  </testcase> <!-- Compare_Revenue_Earned_Column_DealerParentWise_With_WorkshopWise -->
  <system-out/>
  <testcase classname="SMR.SmartEyeOverAllPerformance" name="Compare_ConvertedAt_OtherDealer_F_Column_DealerParentWise_With_WorkshopWise" time="0.000"/>
  <system-out/>
  <testcase classname="SMR.SmartEyeOverAllPerformance" name="Compare_TotalJCOpen_A_Column_DealerParentWise_With_DayWise" time="0.007"/>
  <system-out/>
  <testcase classname="SMR.SmartEyeOverAllPerformance" name="Compare_JCOpenUsing_SmartEye_B_Column_DealerParentWise_With_DayWise" time="0.003"/>
  <system-out/>
  <testcase classname="SMR.SmartEyeOverAllPerformance" name="Compare_VehicleConvertedInBodyShop_OwnWorkshop_C_Column_DealerParentWise_With_DayWise" time="0.000"/>
  <system-out/>
  <testcase classname="SMR.SmartEyeOverAllPerformance" name="Compare_VehicleConvertedInBodyShop_RegionParent_D_Column_DealerParentWise_With_DayWise" time="0.007"/>
  <system-out/>
  <testcase classname="SMR.SmartEyeOverAllPerformance" name="Compare_VehicleConvertedInBodyShop_E_Column_DealerParentWise_With_DayWise" time="0.003"/>
  <system-out/>
  <testcase classname="SMR.SmartEyeOverAllPerformance" name="Compare_Percent_JCOpen_UsingSmartEye_Column_DealerParentWise_With_DayWise" time="0.000"/>
  <system-out/>
  <testcase classname="SMR.SmartEyeOverAllPerformance" name="Compare_Percent_Converted_Vs_TotalJCOpen_Column_DealerParentWise_With_DayWise" time="0.003"/>
  <system-out/>
  <testcase classname="SMR.SmartEyeOverAllPerformance" name="Compare_Percent_Converted_Vs_OpenedUsing_SmartEye_Column_DealerParentWise_With_DayWise" time="0.002"/>
  <system-out/>
  <testcase classname="SMR.SmartEyeOverAllPerformance" name="Compare_Revenue_Earned_Column_DealerParentWise_With_DayWise" time="0.002">
    <failure message="expected [6236384
4062966] but found [6236384
4062972]" type="java.lang.AssertionError">
      <![CDATA[java.lang.AssertionError: expected [6236384
4062966] but found [6236384
4062972]
at org.testng.Assert.fail(Assert.java:99)
at org.testng.Assert.failNotEquals(Assert.java:1037)
at org.testng.Assert.assertEqualsImpl(Assert.java:140)
at org.testng.Assert.assertEquals(Assert.java:122)
at org.testng.Assert.assertEquals(Assert.java:629)
at org.testng.Assert.assertEquals(Assert.java:639)
at SMR.SmartEyeOverAllPerformance.Compare_Revenue_Earned_Column_DealerParentWise_With_DayWise(SmartEyeOverAllPerformance.java:842)
at java.base/jdk.internal.reflect.DirectMethodHandleAccessor.invoke(DirectMethodHandleAccessor.java:103)
at java.base/java.lang.reflect.Method.invoke(Method.java:580)
at org.testng.internal.MethodInvocationHelper.invokeMethod(MethodInvocationHelper.java:133)
at org.testng.internal.TestInvoker.invokeMethod(TestInvoker.java:598)
at org.testng.internal.TestInvoker.invokeTestMethod(TestInvoker.java:173)
at org.testng.internal.MethodRunner.runInSequence(MethodRunner.java:46)
at org.testng.internal.TestInvoker$MethodInvocationAgent.invoke(TestInvoker.java:824)
at org.testng.internal.TestInvoker.invokeTestMethods(TestInvoker.java:146)
at org.testng.internal.TestMethodWorker.invokeTestMethods(TestMethodWorker.java:146)
at org.testng.internal.TestMethodWorker.run(TestMethodWorker.java:128)
at java.base/java.util.ArrayList.forEach(ArrayList.java:1597)
at org.testng.TestRunner.privateRun(TestRunner.java:794)
at org.testng.TestRunner.run(TestRunner.java:596)
at org.testng.SuiteRunner.runTest(SuiteRunner.java:377)
at org.testng.SuiteRunner.runSequentially(SuiteRunner.java:371)
at org.testng.SuiteRunner.privateRun(SuiteRunner.java:332)
at org.testng.SuiteRunner.run(SuiteRunner.java:276)
at org.testng.SuiteRunnerWorker.runSuite(SuiteRunnerWorker.java:53)
at org.testng.SuiteRunnerWorker.run(SuiteRunnerWorker.java:96)
at org.testng.TestNG.runSuitesSequentially(TestNG.java:1212)
at org.testng.TestNG.runSuitesLocally(TestNG.java:1134)
at org.testng.TestNG.runSuites(TestNG.java:1063)
at org.testng.TestNG.run(TestNG.java:1031)
at org.testng.remote.AbstractRemoteTestNG.run(AbstractRemoteTestNG.java:115)
at org.testng.remote.RemoteTestNG.initAndRun(RemoteTestNG.java:293)
at org.testng.remote.RemoteTestNG.main(RemoteTestNG.java:91)
]]>
    </failure>
  </testcase> <!-- Compare_Revenue_Earned_Column_DealerParentWise_With_DayWise -->
  <system-out/>
  <testcase classname="SMR.SmartEyeOverAllPerformance" name="Compare_ConvertedAt_OtherDealer_F_Column_DealerParentWise_With_DayWise" time="0.000"/>
  <system-out/>
  <testcase classname="SMR.SmartEyeOverAllPerformance" name="Compare_TotalJCOpen_A_Column_DealerParentWise_With_ServiceTypeWise" time="0.000"/>
  <system-out/>
  <testcase classname="SMR.SmartEyeOverAllPerformance" name="Compare_JCOpenUsing_SmartEye_B_Column_DealerParentWise_With_ServiceTypeWise" time="0.000"/>
  <system-out/>
  <testcase classname="SMR.SmartEyeOverAllPerformance" name="Compare_VehicleConvertedInBodyShop_OwnWorkshop_C_Column_DealerParentWise_With_ServiceTypeWise" time="0.000"/>
  <system-out/>
  <testcase classname="SMR.SmartEyeOverAllPerformance" name="Compare_VehicleConvertedInBodyShop_RegionParent_D_Column_DealerParentWise_With_ServiceTypeWise" time="0.002"/>
  <system-out/>
  <testcase classname="SMR.SmartEyeOverAllPerformance" name="Compare_VehicleConvertedInBodyShop_E_Column_DealerParentWise_With_ServiceTypeWise" time="0.000"/>
  <system-out/>
  <testcase classname="SMR.SmartEyeOverAllPerformance" name="Compare_Percent_JCOpen_UsingSmartEye_Column_DealerParentWise_With_ServiceTypeWise" time="0.000"/>
  <system-out/>
  <testcase classname="SMR.SmartEyeOverAllPerformance" name="Compare_Percent_Converted_Vs_TotalJCOpen_Column_DealerParentWise_With_ServiceTypeWise" time="0.002"/>
  <system-out/>
  <testcase classname="SMR.SmartEyeOverAllPerformance" name="Compare_Percent_Converted_Vs_OpenedUsing_SmartEye_Column_DealerParentWise_With_ServiceTypeWise" time="0.000"/>
  <system-out/>
  <testcase classname="SMR.SmartEyeOverAllPerformance" name="Compare_Revenue_Earned_Column_DealerParentWise_With_ServiceTypeWise" time="0.000">
    <failure message="expected [6236384
4062966] but found [6236397
4062986]" type="java.lang.AssertionError">
      <![CDATA[java.lang.AssertionError: expected [6236384
4062966] but found [6236397
4062986]
at org.testng.Assert.fail(Assert.java:99)
at org.testng.Assert.failNotEquals(Assert.java:1037)
at org.testng.Assert.assertEqualsImpl(Assert.java:140)
at org.testng.Assert.assertEquals(Assert.java:122)
at org.testng.Assert.assertEquals(Assert.java:629)
at org.testng.Assert.assertEquals(Assert.java:639)
at SMR.SmartEyeOverAllPerformance.Compare_Revenue_Earned_Column_DealerParentWise_With_ServiceTypeWise(SmartEyeOverAllPerformance.java:902)
at java.base/jdk.internal.reflect.DirectMethodHandleAccessor.invoke(DirectMethodHandleAccessor.java:103)
at java.base/java.lang.reflect.Method.invoke(Method.java:580)
at org.testng.internal.MethodInvocationHelper.invokeMethod(MethodInvocationHelper.java:133)
at org.testng.internal.TestInvoker.invokeMethod(TestInvoker.java:598)
at org.testng.internal.TestInvoker.invokeTestMethod(TestInvoker.java:173)
at org.testng.internal.MethodRunner.runInSequence(MethodRunner.java:46)
at org.testng.internal.TestInvoker$MethodInvocationAgent.invoke(TestInvoker.java:824)
at org.testng.internal.TestInvoker.invokeTestMethods(TestInvoker.java:146)
at org.testng.internal.TestMethodWorker.invokeTestMethods(TestMethodWorker.java:146)
at org.testng.internal.TestMethodWorker.run(TestMethodWorker.java:128)
at java.base/java.util.ArrayList.forEach(ArrayList.java:1597)
at org.testng.TestRunner.privateRun(TestRunner.java:794)
at org.testng.TestRunner.run(TestRunner.java:596)
at org.testng.SuiteRunner.runTest(SuiteRunner.java:377)
at org.testng.SuiteRunner.runSequentially(SuiteRunner.java:371)
at org.testng.SuiteRunner.privateRun(SuiteRunner.java:332)
at org.testng.SuiteRunner.run(SuiteRunner.java:276)
at org.testng.SuiteRunnerWorker.runSuite(SuiteRunnerWorker.java:53)
at org.testng.SuiteRunnerWorker.run(SuiteRunnerWorker.java:96)
at org.testng.TestNG.runSuitesSequentially(TestNG.java:1212)
at org.testng.TestNG.runSuitesLocally(TestNG.java:1134)
at org.testng.TestNG.runSuites(TestNG.java:1063)
at org.testng.TestNG.run(TestNG.java:1031)
at org.testng.remote.AbstractRemoteTestNG.run(AbstractRemoteTestNG.java:115)
at org.testng.remote.RemoteTestNG.initAndRun(RemoteTestNG.java:293)
at org.testng.remote.RemoteTestNG.main(RemoteTestNG.java:91)
]]>
    </failure>
  </testcase> <!-- Compare_Revenue_Earned_Column_DealerParentWise_With_ServiceTypeWise -->
  <system-out/>
  <testcase classname="SMR.SmartEyeOverAllPerformance" name="Compare_ConvertedAt_OtherDealer_F_Column_DealerParentWise_With_ServiceTypeWise" time="0.000"/>
  <system-out/>
  <testcase classname="SMR.SmartEyeOverAllPerformance" name="Compare_TotalJCOpen_A_Column_WorkshopWise_With_DayWise" time="0.007"/>
  <system-out/>
  <testcase classname="SMR.SmartEyeOverAllPerformance" name="Compare_JCOpenUsing_SmartEye_B_Column_WorkshopWise_With_DayWise" time="0.000"/>
  <system-out/>
  <testcase classname="SMR.SmartEyeOverAllPerformance" name="Compare_VehicleConvertedInBodyShop_OwnWorkshop_C_Column_WorkshopWise_With_DayWise" time="0.018"/>
  <system-out/>
  <testcase classname="SMR.SmartEyeOverAllPerformance" name="Compare_VehicleConvertedInBodyShop_RegionParent_D_Column_WorkshopWise_With_DayWise" time="0.000"/>
  <system-out/>
  <testcase classname="SMR.SmartEyeOverAllPerformance" name="Compare_VehicleConvertedInBodyShop_E_Column_WorkshopWise_With_DayWise" time="0.000"/>
  <system-out/>
  <testcase classname="SMR.SmartEyeOverAllPerformance" name="Compare_Percent_JCOpen_UsingSmartEye_Column_WorkshopWise_With_DayWise" time="0.000"/>
  <system-out/>
  <testcase classname="SMR.SmartEyeOverAllPerformance" name="Compare_Percent_Converted_Vs_TotalJCOpen_Column_WorkshopWise_With_DayWise" time="0.000"/>
  <system-out/>
  <testcase classname="SMR.SmartEyeOverAllPerformance" name="Compare_Percent_Converted_Vs_OpenedUsing_SmartEye_Column_WorkshopWise_With_DayWise" time="0.002"/>
  <system-out/>
  <testcase classname="SMR.SmartEyeOverAllPerformance" name="Compare_Revenue_Earned_Column_WorkshopWise_With_DayWise" time="0.000">
    <failure message="expected [6236365
4062936] but found [6236384
4062972]" type="java.lang.AssertionError">
      <![CDATA[java.lang.AssertionError: expected [6236365
4062936] but found [6236384
4062972]
at org.testng.Assert.fail(Assert.java:99)
at org.testng.Assert.failNotEquals(Assert.java:1037)
at org.testng.Assert.assertEqualsImpl(Assert.java:140)
at org.testng.Assert.assertEquals(Assert.java:122)
at org.testng.Assert.assertEquals(Assert.java:629)
at org.testng.Assert.assertEquals(Assert.java:639)
at SMR.SmartEyeOverAllPerformance.Compare_Revenue_Earned_Column_WorkshopWise_With_DayWise(SmartEyeOverAllPerformance.java:963)
at java.base/jdk.internal.reflect.DirectMethodHandleAccessor.invoke(DirectMethodHandleAccessor.java:103)
at java.base/java.lang.reflect.Method.invoke(Method.java:580)
at org.testng.internal.MethodInvocationHelper.invokeMethod(MethodInvocationHelper.java:133)
at org.testng.internal.TestInvoker.invokeMethod(TestInvoker.java:598)
at org.testng.internal.TestInvoker.invokeTestMethod(TestInvoker.java:173)
at org.testng.internal.MethodRunner.runInSequence(MethodRunner.java:46)
at org.testng.internal.TestInvoker$MethodInvocationAgent.invoke(TestInvoker.java:824)
at org.testng.internal.TestInvoker.invokeTestMethods(TestInvoker.java:146)
at org.testng.internal.TestMethodWorker.invokeTestMethods(TestMethodWorker.java:146)
at org.testng.internal.TestMethodWorker.run(TestMethodWorker.java:128)
at java.base/java.util.ArrayList.forEach(ArrayList.java:1597)
at org.testng.TestRunner.privateRun(TestRunner.java:794)
at org.testng.TestRunner.run(TestRunner.java:596)
at org.testng.SuiteRunner.runTest(SuiteRunner.java:377)
at org.testng.SuiteRunner.runSequentially(SuiteRunner.java:371)
at org.testng.SuiteRunner.privateRun(SuiteRunner.java:332)
at org.testng.SuiteRunner.run(SuiteRunner.java:276)
at org.testng.SuiteRunnerWorker.runSuite(SuiteRunnerWorker.java:53)
at org.testng.SuiteRunnerWorker.run(SuiteRunnerWorker.java:96)
at org.testng.TestNG.runSuitesSequentially(TestNG.java:1212)
at org.testng.TestNG.runSuitesLocally(TestNG.java:1134)
at org.testng.TestNG.runSuites(TestNG.java:1063)
at org.testng.TestNG.run(TestNG.java:1031)
at org.testng.remote.AbstractRemoteTestNG.run(AbstractRemoteTestNG.java:115)
at org.testng.remote.RemoteTestNG.initAndRun(RemoteTestNG.java:293)
at org.testng.remote.RemoteTestNG.main(RemoteTestNG.java:91)
]]>
    </failure>
  </testcase> <!-- Compare_Revenue_Earned_Column_WorkshopWise_With_DayWise -->
  <system-out/>
  <testcase classname="SMR.SmartEyeOverAllPerformance" name="Compare_ConvertedAt_OtherDealer_F_Column_WorkshopWise_With_DayWise" time="0.000"/>
  <system-out/>
  <testcase classname="SMR.SmartEyeOverAllPerformance" name="Compare_TotalJCOpen_A_Column_WorkshopWise_With_ServiceTypeWise" time="0.001"/>
  <system-out/>
  <testcase classname="SMR.SmartEyeOverAllPerformance" name="Compare_JCOpenUsing_SmartEye_B_Column_WorkshopWise_With_ServiceTypeWise" time="0.003"/>
  <system-out/>
  <testcase classname="SMR.SmartEyeOverAllPerformance" name="Compare_VehicleConvertedInBodyShop_OwnWorkshop_C_Column_WorkshopWise_With_ServiceTypeWise" time="0.000"/>
  <system-out/>
  <testcase classname="SMR.SmartEyeOverAllPerformance" name="Compare_VehicleConvertedInBodyShop_RegionParent_D_Column_WorkshopWise_With_ServiceTypeWise" time="0.000"/>
  <system-out/>
  <testcase classname="SMR.SmartEyeOverAllPerformance" name="Compare_VehicleConvertedInBodyShop_E_Column_WorkshopWise_With_ServiceTypeWise" time="0.000"/>
  <system-out/>
  <testcase classname="SMR.SmartEyeOverAllPerformance" name="Compare_Percent_JCOpen_UsingSmartEye_Column_WorkshopWise_With_ServiceTypeWise" time="0.000"/>
  <system-out/>
  <testcase classname="SMR.SmartEyeOverAllPerformance" name="Compare_Percent_Converted_Vs_TotalJCOpen_Column_WorkshopWise_With_ServiceTypeWise" time="0.000"/>
  <system-out/>
  <testcase classname="SMR.SmartEyeOverAllPerformance" name="Compare_Percent_Converted_Vs_OpenedUsing_SmartEye_Column_WorkshopWise_With_ServiceTypeWise" time="0.000"/>
  <system-out/>
  <testcase classname="SMR.SmartEyeOverAllPerformance" name="Compare_Revenue_Earned_Column_WorkshopWise_With_ServiceTypeWise" time="0.000">
    <failure message="expected [6236365
4062936] but found [6236397
4062986]" type="java.lang.AssertionError">
      <![CDATA[java.lang.AssertionError: expected [6236365
4062936] but found [6236397
4062986]
at org.testng.Assert.fail(Assert.java:99)
at org.testng.Assert.failNotEquals(Assert.java:1037)
at org.testng.Assert.assertEqualsImpl(Assert.java:140)
at org.testng.Assert.assertEquals(Assert.java:122)
at org.testng.Assert.assertEquals(Assert.java:629)
at org.testng.Assert.assertEquals(Assert.java:639)
at SMR.SmartEyeOverAllPerformance.Compare_Revenue_Earned_Column_WorkshopWise_With_ServiceTypeWise(SmartEyeOverAllPerformance.java:1023)
at java.base/jdk.internal.reflect.DirectMethodHandleAccessor.invoke(DirectMethodHandleAccessor.java:103)
at java.base/java.lang.reflect.Method.invoke(Method.java:580)
at org.testng.internal.MethodInvocationHelper.invokeMethod(MethodInvocationHelper.java:133)
at org.testng.internal.TestInvoker.invokeMethod(TestInvoker.java:598)
at org.testng.internal.TestInvoker.invokeTestMethod(TestInvoker.java:173)
at org.testng.internal.MethodRunner.runInSequence(MethodRunner.java:46)
at org.testng.internal.TestInvoker$MethodInvocationAgent.invoke(TestInvoker.java:824)
at org.testng.internal.TestInvoker.invokeTestMethods(TestInvoker.java:146)
at org.testng.internal.TestMethodWorker.invokeTestMethods(TestMethodWorker.java:146)
at org.testng.internal.TestMethodWorker.run(TestMethodWorker.java:128)
at java.base/java.util.ArrayList.forEach(ArrayList.java:1597)
at org.testng.TestRunner.privateRun(TestRunner.java:794)
at org.testng.TestRunner.run(TestRunner.java:596)
at org.testng.SuiteRunner.runTest(SuiteRunner.java:377)
at org.testng.SuiteRunner.runSequentially(SuiteRunner.java:371)
at org.testng.SuiteRunner.privateRun(SuiteRunner.java:332)
at org.testng.SuiteRunner.run(SuiteRunner.java:276)
at org.testng.SuiteRunnerWorker.runSuite(SuiteRunnerWorker.java:53)
at org.testng.SuiteRunnerWorker.run(SuiteRunnerWorker.java:96)
at org.testng.TestNG.runSuitesSequentially(TestNG.java:1212)
at org.testng.TestNG.runSuitesLocally(TestNG.java:1134)
at org.testng.TestNG.runSuites(TestNG.java:1063)
at org.testng.TestNG.run(TestNG.java:1031)
at org.testng.remote.AbstractRemoteTestNG.run(AbstractRemoteTestNG.java:115)
at org.testng.remote.RemoteTestNG.initAndRun(RemoteTestNG.java:293)
at org.testng.remote.RemoteTestNG.main(RemoteTestNG.java:91)
]]>
    </failure>
  </testcase> <!-- Compare_Revenue_Earned_Column_WorkshopWise_With_ServiceTypeWise -->
  <system-out/>
  <testcase classname="SMR.SmartEyeOverAllPerformance" name="Compare_ConvertedAt_OtherDealer_F_Column_WorkshopWise_With_ServiceTypeWise" time="0.000"/>
  <system-out/>
  <testcase classname="SMR.SmartEyeOverAllPerformance" name="Compare_TotalJCOpen_A_Column_DayWise_With_ServiceTypeWise" time="0.000"/>
  <system-out/>
  <testcase classname="SMR.SmartEyeOverAllPerformance" name="Compare_JCOpenUsing_SmartEye_B_Column_DayWise_With_ServiceTypeWise" time="0.000"/>
  <system-out/>
  <testcase classname="SMR.SmartEyeOverAllPerformance" name="Compare_VehicleConvertedInBodyShop_OwnWorkshop_C_Column_DayWise_With_ServiceTypeWise" time="0.000"/>
  <system-out/>
  <testcase classname="SMR.SmartEyeOverAllPerformance" name="Compare_VehicleConvertedInBodyShop_RegionParent_D_Column_DayWise_With_ServiceTypeWise" time="0.000"/>
  <system-out/>
  <testcase classname="SMR.SmartEyeOverAllPerformance" name="Compare_VehicleConvertedInBodyShop_E_Column_DayWise_With_ServiceTypeWise" time="0.000"/>
  <system-out/>
  <testcase classname="SMR.SmartEyeOverAllPerformance" name="Compare_Percent_JCOpen_UsingSmartEye_Column_DayWise_With_ServiceTypeWise" time="0.000"/>
  <system-out/>
  <testcase classname="SMR.SmartEyeOverAllPerformance" name="Compare_Percent_Converted_Vs_TotalJCOpen_Column_DayWise_With_ServiceTypeWise" time="0.000"/>
  <system-out/>
  <testcase classname="SMR.SmartEyeOverAllPerformance" name="Compare_Percent_Converted_Vs_OpenedUsing_SmartEye_Column_DayWise_With_ServiceTypeWise" time="0.000"/>
  <system-out/>
  <testcase classname="SMR.SmartEyeOverAllPerformance" name="Compare_Revenue_Earned_Column_DayWise_With_ServiceTypeWise" time="0.010">
    <failure message="expected [6236384
4062972] but found [6236397
4062986]" type="java.lang.AssertionError">
      <![CDATA[java.lang.AssertionError: expected [6236384
4062972] but found [6236397
4062986]
at org.testng.Assert.fail(Assert.java:99)
at org.testng.Assert.failNotEquals(Assert.java:1037)
at org.testng.Assert.assertEqualsImpl(Assert.java:140)
at org.testng.Assert.assertEquals(Assert.java:122)
at org.testng.Assert.assertEquals(Assert.java:629)
at org.testng.Assert.assertEquals(Assert.java:639)
at SMR.SmartEyeOverAllPerformance.Compare_Revenue_Earned_Column_DayWise_With_ServiceTypeWise(SmartEyeOverAllPerformance.java:1083)
at java.base/jdk.internal.reflect.DirectMethodHandleAccessor.invoke(DirectMethodHandleAccessor.java:103)
at java.base/java.lang.reflect.Method.invoke(Method.java:580)
at org.testng.internal.MethodInvocationHelper.invokeMethod(MethodInvocationHelper.java:133)
at org.testng.internal.TestInvoker.invokeMethod(TestInvoker.java:598)
at org.testng.internal.TestInvoker.invokeTestMethod(TestInvoker.java:173)
at org.testng.internal.MethodRunner.runInSequence(MethodRunner.java:46)
at org.testng.internal.TestInvoker$MethodInvocationAgent.invoke(TestInvoker.java:824)
at org.testng.internal.TestInvoker.invokeTestMethods(TestInvoker.java:146)
at org.testng.internal.TestMethodWorker.invokeTestMethods(TestMethodWorker.java:146)
at org.testng.internal.TestMethodWorker.run(TestMethodWorker.java:128)
at java.base/java.util.ArrayList.forEach(ArrayList.java:1597)
at org.testng.TestRunner.privateRun(TestRunner.java:794)
at org.testng.TestRunner.run(TestRunner.java:596)
at org.testng.SuiteRunner.runTest(SuiteRunner.java:377)
at org.testng.SuiteRunner.runSequentially(SuiteRunner.java:371)
at org.testng.SuiteRunner.privateRun(SuiteRunner.java:332)
at org.testng.SuiteRunner.run(SuiteRunner.java:276)
at org.testng.SuiteRunnerWorker.runSuite(SuiteRunnerWorker.java:53)
at org.testng.SuiteRunnerWorker.run(SuiteRunnerWorker.java:96)
at org.testng.TestNG.runSuitesSequentially(TestNG.java:1212)
at org.testng.TestNG.runSuitesLocally(TestNG.java:1134)
at org.testng.TestNG.runSuites(TestNG.java:1063)
at org.testng.TestNG.run(TestNG.java:1031)
at org.testng.remote.AbstractRemoteTestNG.run(AbstractRemoteTestNG.java:115)
at org.testng.remote.RemoteTestNG.initAndRun(RemoteTestNG.java:293)
at org.testng.remote.RemoteTestNG.main(RemoteTestNG.java:91)
]]>
    </failure>
  </testcase> <!-- Compare_Revenue_Earned_Column_DayWise_With_ServiceTypeWise -->
  <system-out/>
  <testcase classname="SMR.SmartEyeOverAllPerformance" name="Compare_ConvertedAt_OtherDealer_F_Column_DayWise_With_ServiceTypeWise" time="0.000"/>
  <system-out/>
</testsuite> <!-- SMR.SmartEyeOverAllPerformance -->
