<?xml version="1.0" encoding="UTF-8"?>
<!-- Generated by org.testng.reporters.JUnitReportReporter -->
<testsuite hostname="DESKTOP-7SBKKJ1" failures="7" tests="67" name="alll_folder_PSF.PSFFollowUpList_Filters_And_Tabs" time="1623.013" errors="0" timestamp="2024-07-24T10:51:47 IST" skipped="0">
  <testcase classname="alll_folder_PSF.PSFFollowUpList_Filters_And_Tabs" name="Username" time="1.576"/>
  <system-out/>
  <testcase classname="alll_folder_PSF.PSFFollowUpList_Filters_And_Tabs" name="Password" time="1.235"/>
  <system-out/>
  <testcase classname="alll_folder_PSF.PSFFollowUpList_Filters_And_Tabs" name="Login_Button" time="3.126"/>
  <system-out/>
  <testcase classname="alll_folder_PSF.PSFFollowUpList_Filters_And_Tabs" name="Click_On_Service_PSF" time="9.050"/>
  <system-out/>
  <testcase classname="alll_folder_PSF.PSFFollowUpList_Filters_And_Tabs" name="Click_On_the_PSF_Follow_List" time="4.335"/>
  <system-out/>
  <testcase classname="alll_folder_PSF.PSFFollowUpList_Filters_And_Tabs" name="Total_PSF_Due_Numbers_Match" time="2.172"/>
  <system-out/>
  <testcase classname="alll_folder_PSF.PSFFollowUpList_Filters_And_Tabs" name="Service_Type" time="477.870"/>
  <system-out/>
  <testcase classname="alll_folder_PSF.PSFFollowUpList_Filters_And_Tabs" name="Workshop_FILLTER" time="105.164"/>
  <system-out/>
  <testcase classname="alll_folder_PSF.PSFFollowUpList_Filters_And_Tabs" name="CCE_Name_FILTER" time="70.666"/>
  <system-out/>
  <testcase classname="alll_folder_PSF.PSFFollowUpList_Filters_And_Tabs" name="HeaderPresence" time="2.124"/>
  <system-out/>
  <testcase classname="alll_folder_PSF.PSFFollowUpList_Filters_And_Tabs" name="HeaderContent" time="2.039"/>
  <system-out/>
  <testcase classname="alll_folder_PSF.PSFFollowUpList_Filters_And_Tabs" name="Date_Of_Sale_Filter" time="53.123"/>
  <system-out/>
  <testcase classname="alll_folder_PSF.PSFFollowUpList_Filters_And_Tabs" name="JCBillDateFilter" time="79.287"/>
  <system-out/>
  <testcase classname="alll_folder_PSF.PSFFollowUpList_Filters_And_Tabs" name="PSFDueDateFilter" time="75.102"/>
  <system-out/>
  <testcase classname="alll_folder_PSF.PSFFollowUpList_Filters_And_Tabs" name="LastCallDateFilter" time="70.264"/>
  <system-out/>
  <testcase classname="alll_folder_PSF.PSFFollowUpList_Filters_And_Tabs" name="FollowUp_Date_Filter" time="83.345">
    <failure message="No &#039;Follow Up Date&#039; data is found in the customer list." type="java.lang.AssertionError">
      <![CDATA[java.lang.AssertionError: No 'Follow Up Date' data is found in the customer list.
at org.testng.Assert.fail(Assert.java:99)
at alll_folder_PSF.PSFFollowUpList_Filters_And_Tabs.FollowUp_Date_Filter(PSFFollowUpList_Filters_And_Tabs.java:1708)
at java.base/jdk.internal.reflect.DirectMethodHandleAccessor.invoke(DirectMethodHandleAccessor.java:103)
at java.base/java.lang.reflect.Method.invoke(Method.java:580)
at org.testng.internal.MethodInvocationHelper.invokeMethod(MethodInvocationHelper.java:133)
at org.testng.internal.TestInvoker.invokeMethod(TestInvoker.java:598)
at org.testng.internal.TestInvoker.invokeTestMethod(TestInvoker.java:173)
at org.testng.internal.MethodRunner.runInSequence(MethodRunner.java:46)
at org.testng.internal.TestInvoker$MethodInvocationAgent.invoke(TestInvoker.java:824)
at org.testng.internal.TestInvoker.invokeTestMethods(TestInvoker.java:146)
at org.testng.internal.TestMethodWorker.invokeTestMethods(TestMethodWorker.java:146)
at org.testng.internal.TestMethodWorker.run(TestMethodWorker.java:128)
at java.base/java.util.ArrayList.forEach(ArrayList.java:1597)
at org.testng.TestRunner.privateRun(TestRunner.java:794)
at org.testng.TestRunner.run(TestRunner.java:596)
at org.testng.SuiteRunner.runTest(SuiteRunner.java:377)
at org.testng.SuiteRunner.runSequentially(SuiteRunner.java:371)
at org.testng.SuiteRunner.privateRun(SuiteRunner.java:332)
at org.testng.SuiteRunner.run(SuiteRunner.java:276)
at org.testng.SuiteRunnerWorker.runSuite(SuiteRunnerWorker.java:53)
at org.testng.SuiteRunnerWorker.run(SuiteRunnerWorker.java:96)
at org.testng.TestNG.runSuitesSequentially(TestNG.java:1212)
at org.testng.TestNG.runSuitesLocally(TestNG.java:1134)
at org.testng.TestNG.runSuites(TestNG.java:1063)
at org.testng.TestNG.run(TestNG.java:1031)
at org.testng.remote.AbstractRemoteTestNG.run(AbstractRemoteTestNG.java:115)
at org.testng.remote.RemoteTestNG.initAndRun(RemoteTestNG.java:293)
at org.testng.remote.RemoteTestNG.main(RemoteTestNG.java:91)
]]>
    </failure>
  </testcase> <!-- FollowUp_Date_Filter -->
  <system-out/>
  <testcase classname="alll_folder_PSF.PSFFollowUpList_Filters_And_Tabs" name="ServiceAdvisorNameFilter" time="52.906"/>
  <system-out/>
  <testcase classname="alll_folder_PSF.PSFFollowUpList_Filters_And_Tabs" name="testVehicleTypeFilter_Private" time="99.941"/>
  <system-out/>
  <testcase classname="alll_folder_PSF.PSFFollowUpList_Filters_And_Tabs" name="testVehicleTypeFilter_Comm" time="34.854"/>
  <system-out/>
  <testcase classname="alll_folder_PSF.PSFFollowUpList_Filters_And_Tabs" name="ModelNameFilter" time="51.570"/>
  <system-out/>
  <testcase classname="alll_folder_PSF.PSFFollowUpList_Filters_And_Tabs" name="verifyCurrentDate" time="30.124">
    <failure message="No data available for current date: 07/24/2024" type="java.lang.AssertionError">
      <![CDATA[java.lang.AssertionError: No data available for current date: 07/24/2024
at org.testng.Assert.fail(Assert.java:99)
at alll_folder_PSF.PSFFollowUpList_Filters_And_Tabs.verifyCurrentDate(PSFFollowUpList_Filters_And_Tabs.java:2277)
at java.base/jdk.internal.reflect.DirectMethodHandleAccessor.invoke(DirectMethodHandleAccessor.java:103)
at java.base/java.lang.reflect.Method.invoke(Method.java:580)
at org.testng.internal.MethodInvocationHelper.invokeMethod(MethodInvocationHelper.java:133)
at org.testng.internal.TestInvoker.invokeMethod(TestInvoker.java:598)
at org.testng.internal.TestInvoker.invokeTestMethod(TestInvoker.java:173)
at org.testng.internal.MethodRunner.runInSequence(MethodRunner.java:46)
at org.testng.internal.TestInvoker$MethodInvocationAgent.invoke(TestInvoker.java:824)
at org.testng.internal.TestInvoker.invokeTestMethods(TestInvoker.java:146)
at org.testng.internal.TestMethodWorker.invokeTestMethods(TestMethodWorker.java:146)
at org.testng.internal.TestMethodWorker.run(TestMethodWorker.java:128)
at java.base/java.util.ArrayList.forEach(ArrayList.java:1597)
at org.testng.TestRunner.privateRun(TestRunner.java:794)
at org.testng.TestRunner.run(TestRunner.java:596)
at org.testng.SuiteRunner.runTest(SuiteRunner.java:377)
at org.testng.SuiteRunner.runSequentially(SuiteRunner.java:371)
at org.testng.SuiteRunner.privateRun(SuiteRunner.java:332)
at org.testng.SuiteRunner.run(SuiteRunner.java:276)
at org.testng.SuiteRunnerWorker.runSuite(SuiteRunnerWorker.java:53)
at org.testng.SuiteRunnerWorker.run(SuiteRunnerWorker.java:96)
at org.testng.TestNG.runSuitesSequentially(TestNG.java:1212)
at org.testng.TestNG.runSuitesLocally(TestNG.java:1134)
at org.testng.TestNG.runSuites(TestNG.java:1063)
at org.testng.TestNG.run(TestNG.java:1031)
at org.testng.remote.AbstractRemoteTestNG.run(AbstractRemoteTestNG.java:115)
at org.testng.remote.RemoteTestNG.initAndRun(RemoteTestNG.java:293)
at org.testng.remote.RemoteTestNG.main(RemoteTestNG.java:91)
]]>
    </failure>
  </testcase> <!-- verifyCurrentDate -->
  <system-out/>
  <testcase classname="alll_folder_PSF.PSFFollowUpList_Filters_And_Tabs" name="ClickOn_TotalPSFDue_Numbers_Match" time="6.162"/>
  <system-out/>
  <testcase classname="alll_folder_PSF.PSFFollowUpList_Filters_And_Tabs" name="Verify_TotalPSFDue_Buttons_Sum_Match" time="3.478"/>
  <system-out/>
  <testcase classname="alll_folder_PSF.PSFFollowUpList_Filters_And_Tabs" name="Verify_TotalPSFTab_TodayDuebutton_Pagination" time="5.215"/>
  <system-out/>
  <testcase classname="alll_folder_PSF.PSFFollowUpList_Filters_And_Tabs" name="Verify_TotalPSFTab_NonResponsive_Pagination" time="7.290"/>
  <system-out/>
  <testcase classname="alll_folder_PSF.PSFFollowUpList_Filters_And_Tabs" name="Verify_TotalPSFTab_PendingPSFFollpwUpButton_Pagination" time="7.264"/>
  <system-out/>
  <testcase classname="alll_folder_PSF.PSFFollowUpList_Filters_And_Tabs" name="Verify_TotalPSFTab_FollpwUpPSFButton_Pagination" time="7.270"/>
  <system-out/>
  <testcase classname="alll_folder_PSF.PSFFollowUpList_Filters_And_Tabs" name="Click_On_TodayPSFDue_Button" time="5.130"/>
  <system-out/>
  <testcase classname="alll_folder_PSF.PSFFollowUpList_Filters_And_Tabs" name="Total_PSFDue_TodayPSFDue_Button_Matching_With_Tab" time="6.505">
    <failure message="No data found in Today Due PSF tab." type="java.lang.AssertionError">
      <![CDATA[java.lang.AssertionError: No data found in Today Due PSF tab.
at org.testng.Assert.fail(Assert.java:99)
at alll_folder_PSF.PSFFollowUpList_Filters_And_Tabs.Total_PSFDue_TodayPSFDue_Button_Matching_With_Tab(PSFFollowUpList_Filters_And_Tabs.java:2722)
at java.base/jdk.internal.reflect.DirectMethodHandleAccessor.invoke(DirectMethodHandleAccessor.java:103)
at java.base/java.lang.reflect.Method.invoke(Method.java:580)
at org.testng.internal.MethodInvocationHelper.invokeMethod(MethodInvocationHelper.java:133)
at org.testng.internal.TestInvoker.invokeMethod(TestInvoker.java:598)
at org.testng.internal.TestInvoker.invokeTestMethod(TestInvoker.java:173)
at org.testng.internal.MethodRunner.runInSequence(MethodRunner.java:46)
at org.testng.internal.TestInvoker$MethodInvocationAgent.invoke(TestInvoker.java:824)
at org.testng.internal.TestInvoker.invokeTestMethods(TestInvoker.java:146)
at org.testng.internal.TestMethodWorker.invokeTestMethods(TestMethodWorker.java:146)
at org.testng.internal.TestMethodWorker.run(TestMethodWorker.java:128)
at java.base/java.util.ArrayList.forEach(ArrayList.java:1597)
at org.testng.TestRunner.privateRun(TestRunner.java:794)
at org.testng.TestRunner.run(TestRunner.java:596)
at org.testng.SuiteRunner.runTest(SuiteRunner.java:377)
at org.testng.SuiteRunner.runSequentially(SuiteRunner.java:371)
at org.testng.SuiteRunner.privateRun(SuiteRunner.java:332)
at org.testng.SuiteRunner.run(SuiteRunner.java:276)
at org.testng.SuiteRunnerWorker.runSuite(SuiteRunnerWorker.java:53)
at org.testng.SuiteRunnerWorker.run(SuiteRunnerWorker.java:96)
at org.testng.TestNG.runSuitesSequentially(TestNG.java:1212)
at org.testng.TestNG.runSuitesLocally(TestNG.java:1134)
at org.testng.TestNG.runSuites(TestNG.java:1063)
at org.testng.TestNG.run(TestNG.java:1031)
at org.testng.remote.AbstractRemoteTestNG.run(AbstractRemoteTestNG.java:115)
at org.testng.remote.RemoteTestNG.initAndRun(RemoteTestNG.java:293)
at org.testng.remote.RemoteTestNG.main(RemoteTestNG.java:91)
]]>
    </failure>
  </testcase> <!-- Total_PSFDue_TodayPSFDue_Button_Matching_With_Tab -->
  <system-out/>
  <testcase classname="alll_folder_PSF.PSFFollowUpList_Filters_And_Tabs" name="Click_On_PendingPSFFollowUp_Button" time="8.712"/>
  <system-out/>
  <testcase classname="alll_folder_PSF.PSFFollowUpList_Filters_And_Tabs" name="Total_PSFDue_PendingPSFFollowUp_Button_Matching_With_Tab" time="11.504"/>
  <system-out/>
  <testcase classname="alll_folder_PSF.PSFFollowUpList_Filters_And_Tabs" name="Click_On_FollowUp_Button" time="8.551"/>
  <system-out/>
  <testcase classname="alll_folder_PSF.PSFFollowUpList_Filters_And_Tabs" name="Total_PSFDue_FollowUp_Button_Matching_With_Tab" time="9.497">
    <failure message="No data found in FollowUp tab." type="java.lang.AssertionError">
      <![CDATA[java.lang.AssertionError: No data found in FollowUp tab.
at org.testng.Assert.fail(Assert.java:99)
at alll_folder_PSF.PSFFollowUpList_Filters_And_Tabs.Total_PSFDue_FollowUp_Button_Matching_With_Tab(PSFFollowUpList_Filters_And_Tabs.java:2894)
at java.base/jdk.internal.reflect.DirectMethodHandleAccessor.invoke(DirectMethodHandleAccessor.java:103)
at java.base/java.lang.reflect.Method.invoke(Method.java:580)
at org.testng.internal.MethodInvocationHelper.invokeMethod(MethodInvocationHelper.java:133)
at org.testng.internal.TestInvoker.invokeMethod(TestInvoker.java:598)
at org.testng.internal.TestInvoker.invokeTestMethod(TestInvoker.java:173)
at org.testng.internal.MethodRunner.runInSequence(MethodRunner.java:46)
at org.testng.internal.TestInvoker$MethodInvocationAgent.invoke(TestInvoker.java:824)
at org.testng.internal.TestInvoker.invokeTestMethods(TestInvoker.java:146)
at org.testng.internal.TestMethodWorker.invokeTestMethods(TestMethodWorker.java:146)
at org.testng.internal.TestMethodWorker.run(TestMethodWorker.java:128)
at java.base/java.util.ArrayList.forEach(ArrayList.java:1597)
at org.testng.TestRunner.privateRun(TestRunner.java:794)
at org.testng.TestRunner.run(TestRunner.java:596)
at org.testng.SuiteRunner.runTest(SuiteRunner.java:377)
at org.testng.SuiteRunner.runSequentially(SuiteRunner.java:371)
at org.testng.SuiteRunner.privateRun(SuiteRunner.java:332)
at org.testng.SuiteRunner.run(SuiteRunner.java:276)
at org.testng.SuiteRunnerWorker.runSuite(SuiteRunnerWorker.java:53)
at org.testng.SuiteRunnerWorker.run(SuiteRunnerWorker.java:96)
at org.testng.TestNG.runSuitesSequentially(TestNG.java:1212)
at org.testng.TestNG.runSuitesLocally(TestNG.java:1134)
at org.testng.TestNG.runSuites(TestNG.java:1063)
at org.testng.TestNG.run(TestNG.java:1031)
at org.testng.remote.AbstractRemoteTestNG.run(AbstractRemoteTestNG.java:115)
at org.testng.remote.RemoteTestNG.initAndRun(RemoteTestNG.java:293)
at org.testng.remote.RemoteTestNG.main(RemoteTestNG.java:91)
]]>
    </failure>
  </testcase> <!-- Total_PSFDue_FollowUp_Button_Matching_With_Tab -->
  <system-out/>
  <testcase classname="alll_folder_PSF.PSFFollowUpList_Filters_And_Tabs" name="Click_On_NonResponsive_Button" time="12.703"/>
  <system-out/>
  <testcase classname="alll_folder_PSF.PSFFollowUpList_Filters_And_Tabs" name="Total_PSFDue_NonResponsive_Button_Matching_With_Tab" time="13.635"/>
  <system-out/>
  <testcase classname="alll_folder_PSF.PSFFollowUpList_Filters_And_Tabs" name="ClickOnTodayDueTab" time="9.444"/>
  <system-out/>
  <testcase classname="alll_folder_PSF.PSFFollowUpList_Filters_And_Tabs" name="TodayPSFDue_Numbers_Match" time="2.074">
    <failure message="No data available for Today&#039;s Due PSF tab." type="java.lang.AssertionError">
      <![CDATA[java.lang.AssertionError: No data available for Today's Due PSF tab.
at org.testng.Assert.fail(Assert.java:99)
at alll_folder_PSF.PSFFollowUpList_Filters_And_Tabs.TodayPSFDue_Numbers_Match(PSFFollowUpList_Filters_And_Tabs.java:3043)
at java.base/jdk.internal.reflect.DirectMethodHandleAccessor.invoke(DirectMethodHandleAccessor.java:103)
at java.base/java.lang.reflect.Method.invoke(Method.java:580)
at org.testng.internal.MethodInvocationHelper.invokeMethod(MethodInvocationHelper.java:133)
at org.testng.internal.TestInvoker.invokeMethod(TestInvoker.java:598)
at org.testng.internal.TestInvoker.invokeTestMethod(TestInvoker.java:173)
at org.testng.internal.MethodRunner.runInSequence(MethodRunner.java:46)
at org.testng.internal.TestInvoker$MethodInvocationAgent.invoke(TestInvoker.java:824)
at org.testng.internal.TestInvoker.invokeTestMethods(TestInvoker.java:146)
at org.testng.internal.TestMethodWorker.invokeTestMethods(TestMethodWorker.java:146)
at org.testng.internal.TestMethodWorker.run(TestMethodWorker.java:128)
at java.base/java.util.ArrayList.forEach(ArrayList.java:1597)
at org.testng.TestRunner.privateRun(TestRunner.java:794)
at org.testng.TestRunner.run(TestRunner.java:596)
at org.testng.SuiteRunner.runTest(SuiteRunner.java:377)
at org.testng.SuiteRunner.runSequentially(SuiteRunner.java:371)
at org.testng.SuiteRunner.privateRun(SuiteRunner.java:332)
at org.testng.SuiteRunner.run(SuiteRunner.java:276)
at org.testng.SuiteRunnerWorker.runSuite(SuiteRunnerWorker.java:53)
at org.testng.SuiteRunnerWorker.run(SuiteRunnerWorker.java:96)
at org.testng.TestNG.runSuitesSequentially(TestNG.java:1212)
at org.testng.TestNG.runSuitesLocally(TestNG.java:1134)
at org.testng.TestNG.runSuites(TestNG.java:1063)
at org.testng.TestNG.run(TestNG.java:1031)
at org.testng.remote.AbstractRemoteTestNG.run(AbstractRemoteTestNG.java:115)
at org.testng.remote.RemoteTestNG.initAndRun(RemoteTestNG.java:293)
at org.testng.remote.RemoteTestNG.main(RemoteTestNG.java:91)
]]>
    </failure>
  </testcase> <!-- TodayPSFDue_Numbers_Match -->
  <system-out/>
  <testcase classname="alll_folder_PSF.PSFFollowUpList_Filters_And_Tabs" name="ClickOnPendingPSFFollowUp" time="6.552"/>
  <system-out/>
  <testcase classname="alll_folder_PSF.PSFFollowUpList_Filters_And_Tabs" name="PendingPSFFollowUp_Numbers_Match" time="2.101"/>
  <system-out/>
  <testcase classname="alll_folder_PSF.PSFFollowUpList_Filters_And_Tabs" name="VerifyPendingPSFAndFollowUpSum" time="2.153"/>
  <system-out/>
  <testcase classname="alll_folder_PSF.PSFFollowUpList_Filters_And_Tabs" name="Verify_PendingPSFFollowUpTab_PendingPSFButton_Pagination" time="7.271"/>
  <system-out/>
  <testcase classname="alll_folder_PSF.PSFFollowUpList_Filters_And_Tabs" name="Verify_PendingPSFFollowUpTab_PendingFollowUpButton_Pagination" time="7.244"/>
  <system-out/>
  <testcase classname="alll_folder_PSF.PSFFollowUpList_Filters_And_Tabs" name="Verify_PendingPSFFollowUpTab_CallNotConnectedButton_Pagination" time="7.239"/>
  <system-out/>
  <testcase classname="alll_folder_PSF.PSFFollowUpList_Filters_And_Tabs" name="Verify_PendingPSFFollowUpTab_CallConnectedButton_Pagination" time="7.241"/>
  <system-out/>
  <testcase classname="alll_folder_PSF.PSFFollowUpList_Filters_And_Tabs" name="ClickOnFollowUpPSF" time="6.414"/>
  <system-out/>
  <testcase classname="alll_folder_PSF.PSFFollowUpList_Filters_And_Tabs" name="FollowUpPSF_Numbers_Match" time="2.056">
    <failure message="No data available for Follow Up PSF tab." type="java.lang.AssertionError">
      <![CDATA[java.lang.AssertionError: No data available for Follow Up PSF tab.
at org.testng.Assert.fail(Assert.java:99)
at alll_folder_PSF.PSFFollowUpList_Filters_And_Tabs.FollowUpPSF_Numbers_Match(PSFFollowUpList_Filters_And_Tabs.java:3367)
at java.base/jdk.internal.reflect.DirectMethodHandleAccessor.invoke(DirectMethodHandleAccessor.java:103)
at java.base/java.lang.reflect.Method.invoke(Method.java:580)
at org.testng.internal.MethodInvocationHelper.invokeMethod(MethodInvocationHelper.java:133)
at org.testng.internal.TestInvoker.invokeMethod(TestInvoker.java:598)
at org.testng.internal.TestInvoker.invokeTestMethod(TestInvoker.java:173)
at org.testng.internal.MethodRunner.runInSequence(MethodRunner.java:46)
at org.testng.internal.TestInvoker$MethodInvocationAgent.invoke(TestInvoker.java:824)
at org.testng.internal.TestInvoker.invokeTestMethods(TestInvoker.java:146)
at org.testng.internal.TestMethodWorker.invokeTestMethods(TestMethodWorker.java:146)
at org.testng.internal.TestMethodWorker.run(TestMethodWorker.java:128)
at java.base/java.util.ArrayList.forEach(ArrayList.java:1597)
at org.testng.TestRunner.privateRun(TestRunner.java:794)
at org.testng.TestRunner.run(TestRunner.java:596)
at org.testng.SuiteRunner.runTest(SuiteRunner.java:377)
at org.testng.SuiteRunner.runSequentially(SuiteRunner.java:371)
at org.testng.SuiteRunner.privateRun(SuiteRunner.java:332)
at org.testng.SuiteRunner.run(SuiteRunner.java:276)
at org.testng.SuiteRunnerWorker.runSuite(SuiteRunnerWorker.java:53)
at org.testng.SuiteRunnerWorker.run(SuiteRunnerWorker.java:96)
at org.testng.TestNG.runSuitesSequentially(TestNG.java:1212)
at org.testng.TestNG.runSuitesLocally(TestNG.java:1134)
at org.testng.TestNG.runSuites(TestNG.java:1063)
at org.testng.TestNG.run(TestNG.java:1031)
at org.testng.remote.AbstractRemoteTestNG.run(AbstractRemoteTestNG.java:115)
at org.testng.remote.RemoteTestNG.initAndRun(RemoteTestNG.java:293)
at org.testng.remote.RemoteTestNG.main(RemoteTestNG.java:91)
]]>
    </failure>
  </testcase> <!-- FollowUpPSF_Numbers_Match -->
  <system-out/>
  <testcase classname="alll_folder_PSF.PSFFollowUpList_Filters_And_Tabs" name="VerifyFollowUpButtonsSum" time="2.053">
    <failure message="No data available for Follow Up PSF tab." type="java.lang.AssertionError">
      <![CDATA[java.lang.AssertionError: No data available for Follow Up PSF tab.
at org.testng.Assert.fail(Assert.java:99)
at alll_folder_PSF.PSFFollowUpList_Filters_And_Tabs.VerifyFollowUpButtonsSum(PSFFollowUpList_Filters_And_Tabs.java:3406)
at java.base/jdk.internal.reflect.DirectMethodHandleAccessor.invoke(DirectMethodHandleAccessor.java:103)
at java.base/java.lang.reflect.Method.invoke(Method.java:580)
at org.testng.internal.MethodInvocationHelper.invokeMethod(MethodInvocationHelper.java:133)
at org.testng.internal.TestInvoker.invokeMethod(TestInvoker.java:598)
at org.testng.internal.TestInvoker.invokeTestMethod(TestInvoker.java:173)
at org.testng.internal.MethodRunner.runInSequence(MethodRunner.java:46)
at org.testng.internal.TestInvoker$MethodInvocationAgent.invoke(TestInvoker.java:824)
at org.testng.internal.TestInvoker.invokeTestMethods(TestInvoker.java:146)
at org.testng.internal.TestMethodWorker.invokeTestMethods(TestMethodWorker.java:146)
at org.testng.internal.TestMethodWorker.run(TestMethodWorker.java:128)
at java.base/java.util.ArrayList.forEach(ArrayList.java:1597)
at org.testng.TestRunner.privateRun(TestRunner.java:794)
at org.testng.TestRunner.run(TestRunner.java:596)
at org.testng.SuiteRunner.runTest(SuiteRunner.java:377)
at org.testng.SuiteRunner.runSequentially(SuiteRunner.java:371)
at org.testng.SuiteRunner.privateRun(SuiteRunner.java:332)
at org.testng.SuiteRunner.run(SuiteRunner.java:276)
at org.testng.SuiteRunnerWorker.runSuite(SuiteRunnerWorker.java:53)
at org.testng.SuiteRunnerWorker.run(SuiteRunnerWorker.java:96)
at org.testng.TestNG.runSuitesSequentially(TestNG.java:1212)
at org.testng.TestNG.runSuitesLocally(TestNG.java:1134)
at org.testng.TestNG.runSuites(TestNG.java:1063)
at org.testng.TestNG.run(TestNG.java:1031)
at org.testng.remote.AbstractRemoteTestNG.run(AbstractRemoteTestNG.java:115)
at org.testng.remote.RemoteTestNG.initAndRun(RemoteTestNG.java:293)
at org.testng.remote.RemoteTestNG.main(RemoteTestNG.java:91)
]]>
    </failure>
  </testcase> <!-- VerifyFollowUpButtonsSum -->
  <system-out/>
  <testcase classname="alll_folder_PSF.PSFFollowUpList_Filters_And_Tabs" name="Verify_FollowUpTab_TodayFollowUpButton_Pagination" time="7.238"/>
  <system-out/>
  <testcase classname="alll_folder_PSF.PSFFollowUpList_Filters_And_Tabs" name="Verify_FollowUpTab_FutureFollowUpButton_Pagination" time="7.197"/>
  <system-out/>
  <testcase classname="alll_folder_PSF.PSFFollowUpList_Filters_And_Tabs" name="Verify_FollowUpTab_CallNotConnectedButton_Pagination" time="7.192"/>
  <system-out/>
  <testcase classname="alll_folder_PSF.PSFFollowUpList_Filters_And_Tabs" name="Verify_FollowUpTab_CallConnectedButton_Pagination" time="7.237"/>
  <system-out/>
  <testcase classname="alll_folder_PSF.PSFFollowUpList_Filters_And_Tabs" name="ClickOnPSFDone_Tab" time="6.318"/>
  <system-out/>
  <testcase classname="alll_folder_PSF.PSFFollowUpList_Filters_And_Tabs" name="PSFDone_Numbers_Match" time="3.090"/>
  <system-out/>
  <testcase classname="alll_folder_PSF.PSFFollowUpList_Filters_And_Tabs" name="VerifyPSFDone_Left_Buttons_Sum_Match" time="2.172"/>
  <system-out/>
  <testcase classname="alll_folder_PSF.PSFFollowUpList_Filters_And_Tabs" name="PSFDone_Right_Buttons_Sum_Match" time="2.189"/>
  <system-out/>
  <testcase classname="alll_folder_PSF.PSFFollowUpList_Filters_And_Tabs" name="Verify_PSFDoneTab_TodayFollowUpButton_Pagination" time="9.246"/>
  <system-out/>
  <testcase classname="alll_folder_PSF.PSFFollowUpList_Filters_And_Tabs" name="Verify_PSFDoneTab_FutureFollowUpButton_Pagination" time="9.208"/>
  <system-out/>
  <testcase classname="alll_folder_PSF.PSFFollowUpList_Filters_And_Tabs" name="Verify_PSFDoneTab_PendingCalibrationButton_Pagination" time="9.316"/>
  <system-out/>
  <testcase classname="alll_folder_PSF.PSFFollowUpList_Filters_And_Tabs" name="Verify_PSFDoneTab_BotAndWeblinkButton_Pagination" time="9.232"/>
  <system-out/>
  <testcase classname="alll_folder_PSF.PSFFollowUpList_Filters_And_Tabs" name="Verify_PSFDoneTab_CCEIdentifiedButton_Pagination" time="8.279"/>
  <system-out/>
  <testcase classname="alll_folder_PSF.PSFFollowUpList_Filters_And_Tabs" name="ClickOnNonResponsive_Tab" time="7.117"/>
  <system-out/>
  <testcase classname="alll_folder_PSF.PSFFollowUpList_Filters_And_Tabs" name="NonResponsive_Numbers_Match" time="3.134"/>
  <system-out/>
  <testcase classname="alll_folder_PSF.PSFFollowUpList_Filters_And_Tabs" name="Verify_NonResponsive_Buttons_Sum_Match" time="4.202"/>
  <system-out/>
  <testcase classname="alll_folder_PSF.PSFFollowUpList_Filters_And_Tabs" name="Verify_NonResponsivePSFTab_WrongNumberButton_Pagination" time="9.219"/>
  <system-out/>
  <testcase classname="alll_folder_PSF.PSFFollowUpList_Filters_And_Tabs" name="Verify_NonResponsivePSFTab_NotInterestedLeadsButton_Pagination" time="9.287"/>
  <system-out/>
  <testcase classname="alll_folder_PSF.PSFFollowUpList_Filters_And_Tabs" name="Verify_NonResponsivePSFTab_NonResponsiveButton_Pagination" time="9.290"/>
  <system-out/>
  <testcase classname="alll_folder_PSF.PSFFollowUpList_Filters_And_Tabs" name="Verify_NonResponsivePSFTab_InvalidNumberButton_Pagination" time="8.219"/>
  <system-out/>
</testsuite> <!-- alll_folder_PSF.PSFFollowUpList_Filters_And_Tabs -->
